[0.097s] Invoking command in '/home/yuqingchi/Code/ws_moveit/build/moveit_common': CMAKE_PREFIX_PATH=${CMAKE_PREFIX_PATH}:/home/yuqingchi/Code/ws_moveit/install/moveit_configs_utils:/opt/ros/jazzy DEBUGINFOD_URLS=https://debuginfod.ubuntu.com /usr/bin/cmake --build /home/yuqingchi/Code/ws_moveit/build/moveit_common -- -j16 -l16
[0.274s] Invoked command in '/home/yuqingchi/Code/ws_moveit/build/moveit_common' returned '0': CMAKE_PREFIX_PATH=${CMAKE_PREFIX_PATH}:/home/yuqingchi/Code/ws_moveit/install/moveit_configs_utils:/opt/ros/jazzy DEBUGINFOD_URLS=https://debuginfod.ubuntu.com /usr/bin/cmake --build /home/yuqingchi/Code/ws_moveit/build/moveit_common -- -j16 -l16
[0.274s] Invoking command in '/home/yuqingchi/Code/ws_moveit/build/moveit_common': CMAKE_PREFIX_PATH=${CMAKE_PREFIX_PATH}:/home/yuqingchi/Code/ws_moveit/install/moveit_configs_utils:/opt/ros/jazzy DEBUGINFOD_URLS=https://debuginfod.ubuntu.com /usr/bin/cmake --install /home/yuqingchi/Code/ws_moveit/build/moveit_common
[0.286s] -- Install configuration: ""
[0.286s] -- Up-to-date: /home/yuqingchi/Code/ws_moveit/install/moveit_common/share/ament_index/resource_index/package_run_dependencies/moveit_common
[0.286s] -- Up-to-date: /home/yuqingchi/Code/ws_moveit/install/moveit_common/share/ament_index/resource_index/parent_prefix_path/moveit_common
[0.286s] -- Up-to-date: /home/yuqingchi/Code/ws_moveit/install/moveit_common/share/moveit_common/environment/ament_prefix_path.sh
[0.286s] -- Up-to-date: /home/yuqingchi/Code/ws_moveit/install/moveit_common/share/moveit_common/environment/ament_prefix_path.dsv
[0.286s] -- Up-to-date: /home/yuqingchi/Code/ws_moveit/install/moveit_common/share/moveit_common/environment/path.sh
[0.286s] -- Up-to-date: /home/yuqingchi/Code/ws_moveit/install/moveit_common/share/moveit_common/environment/path.dsv
[0.286s] -- Up-to-date: /home/yuqingchi/Code/ws_moveit/install/moveit_common/share/moveit_common/local_setup.bash
[0.286s] -- Up-to-date: /home/yuqingchi/Code/ws_moveit/install/moveit_common/share/moveit_common/local_setup.sh
[0.286s] -- Up-to-date: /home/yuqingchi/Code/ws_moveit/install/moveit_common/share/moveit_common/local_setup.zsh
[0.286s] -- Up-to-date: /home/yuqingchi/Code/ws_moveit/install/moveit_common/share/moveit_common/local_setup.dsv
[0.286s] -- Installing: /home/yuqingchi/Code/ws_moveit/install/moveit_common/share/moveit_common/package.dsv
[0.286s] -- Up-to-date: /home/yuqingchi/Code/ws_moveit/install/moveit_common/share/ament_index/resource_index/packages/moveit_common
[0.287s] -- Up-to-date: /home/yuqingchi/Code/ws_moveit/install/moveit_common/share/moveit_common/cmake/moveit_common-extras.cmake
[0.287s] -- Up-to-date: /home/yuqingchi/Code/ws_moveit/install/moveit_common/share/moveit_common/cmake/moveit_commonConfig.cmake
[0.287s] -- Up-to-date: /home/yuqingchi/Code/ws_moveit/install/moveit_common/share/moveit_common/cmake/moveit_commonConfig-version.cmake
[0.287s] -- Up-to-date: /home/yuqingchi/Code/ws_moveit/install/moveit_common/share/moveit_common/package.xml
[0.287s] -- Up-to-date: /home/yuqingchi/Code/ws_moveit/install/moveit_common/share/moveit_common/cmake
[0.287s] -- Up-to-date: /home/yuqingchi/Code/ws_moveit/install/moveit_common/share/moveit_common/cmake/moveit_package.cmake
[0.317s] Invoked command in '/home/yuqingchi/Code/ws_moveit/build/moveit_common' returned '0': CMAKE_PREFIX_PATH=${CMAKE_PREFIX_PATH}:/home/yuqingchi/Code/ws_moveit/install/moveit_configs_utils:/opt/ros/jazzy DEBUGINFOD_URLS=https://debuginfod.ubuntu.com /usr/bin/cmake --install /home/yuqingchi/Code/ws_moveit/build/moveit_common
