[0.036s] Invoking command in '/home/yuqingchi/Code/ws_moveit/build/moveit_ros_control_interface': AMENT_PREFIX_PATH=/home/yuqingchi/Code/ws_moveit/install/moveit_simple_controller_manager:/home/yuqingchi/Code/ws_moveit/install/moveit_core:/home/yuqingchi/Code/ws_moveit/install/moveit_resources_panda_moveit_config:/home/yuqingchi/Code/ws_moveit/install/moveit_resources_pr2_description:/home/yuqingchi/Code/ws_moveit/install/moveit_resources_panda_description:/home/yuqingchi/Code/ws_moveit/install/moveit_msgs:/home/yuqingchi/Code/ws_moveit/install/moveit_common:${AMENT_PREFIX_PATH} CMAKE_PREFIX_PATH=/home/yuqingchi/Code/ws_moveit/install/moveit_simple_controller_manager:/home/yuqingchi/Code/ws_moveit/install/moveit_core:/home/yuqingchi/Code/ws_moveit/install/moveit_resources_panda_moveit_config:/home/yuqingchi/Code/ws_moveit/install/moveit_resources_pr2_description:/home/yuqingchi/Code/ws_moveit/install/moveit_resources_panda_description:/home/yuqingchi/Code/ws_moveit/install/moveit_msgs:/home/yuqingchi/Code/ws_moveit/install/moveit_common:/opt/ros/jazzy/opt/gz_math_vendor:/opt/ros/jazzy/opt/gz_utils_vendor:/opt/ros/jazzy/opt/gz_cmake_vendor:/opt/ros/jazzy DEBUGINFOD_URLS=https://debuginfod.ubuntu.com LD_LIBRARY_PATH=/home/yuqingchi/Code/ws_moveit/install/moveit_simple_controller_manager/lib:/home/yuqingchi/Code/ws_moveit/install/moveit_core/lib:/home/yuqingchi/Code/ws_moveit/install/moveit_msgs/lib:${LD_LIBRARY_PATH} PATH=/home/yuqingchi/Code/ws_moveit/install/moveit_core/bin:${PATH} PYTHONPATH=/home/yuqingchi/Code/ws_moveit/install/moveit_msgs/lib/python3.12/site-packages:${PYTHONPATH} /usr/bin/cmake /home/yuqingchi/Code/ws_moveit/src/moveit2/moveit_plugins/moveit_ros_control_interface -DCMAKE_INSTALL_PREFIX=/home/yuqingchi/Code/ws_moveit/install/moveit_ros_control_interface
[0.163s] -- The CXX compiler identification is GNU 13.3.0
[0.199s] -- Detecting CXX compiler ABI info
[0.391s] -- Detecting CXX compiler ABI info - done
[0.411s] -- Check for working CXX compiler: /usr/bin/c++ - skipped
[0.412s] -- Detecting CXX compile features
[0.413s] -- Detecting CXX compile features - done
[0.418s] -- Found ament_cmake: 2.5.4 (/opt/ros/jazzy/share/ament_cmake/cmake)
[0.669s] -- Found Python3: /usr/bin/python3 (found version "3.12.3") found components: Interpreter 
[0.857s] -- Found rclcpp_action: 28.1.11 (/opt/ros/jazzy/share/rclcpp_action/cmake)
[0.931s] -- Found rosidl_generator_c: 4.6.6 (/opt/ros/jazzy/share/rosidl_generator_c/cmake)
[0.953s] -- Found rosidl_generator_cpp: 4.6.6 (/opt/ros/jazzy/share/rosidl_generator_cpp/cmake)
[0.979s] -- Using all available rosidl_typesupport_c: rosidl_typesupport_fastrtps_c;rosidl_typesupport_introspection_c
[1.006s] -- Using all available rosidl_typesupport_cpp: rosidl_typesupport_fastrtps_cpp;rosidl_typesupport_introspection_cpp
[1.123s] -- Found rmw_implementation_cmake: 7.3.2 (/opt/ros/jazzy/share/rmw_implementation_cmake/cmake)
[1.126s] -- Found rmw_fastrtps_cpp: 8.4.3 (/opt/ros/jazzy/share/rmw_fastrtps_cpp/cmake)
[1.255s] -- Found OpenSSL: /usr/lib/x86_64-linux-gnu/libcrypto.so (found version "3.0.13")  
[1.294s] -- Found FastRTPS: /opt/ros/jazzy/include (Required is at least version "2.13") 
[1.341s] -- Using RMW implementation 'rmw_fastrtps_cpp' as default
[1.493s] -- Found controller_manager_msgs: 4.35.0 (/opt/ros/jazzy/share/controller_manager_msgs/cmake)
[1.565s] -- Found moveit_core: 2.14.1 (/home/yuqingchi/Code/ws_moveit/install/moveit_core/share/moveit_core/cmake)
[1.801s] -- Found Boost: /usr/lib/x86_64-linux-gnu/cmake/Boost-1.83.0/BoostConfig.cmake (found version "1.83.0") found components: chrono date_time filesystem iostreams program_options regex serialization system thread 
[1.914s] -- Found parameter_traits: 0.5.0 (/opt/ros/jazzy/share/parameter_traits/cmake)
[1.936s] -- Found rclcpp_lifecycle: 28.1.11 (/opt/ros/jazzy/share/rclcpp_lifecycle/cmake)
[1.967s] -- Found Boost: /usr/lib/x86_64-linux-gnu/cmake/Boost-1.83.0/BoostConfig.cmake (found version "1.83.0") found components: filesystem 
[2.108s] -- Found Eigen3: TRUE (found version "3.4.0") 
[2.108s] -- Ensuring Eigen3 include directory is part of orocos-kdl CMake target
[2.434s] -- Found moveit_simple_controller_manager: 2.14.1 (/home/yuqingchi/Code/ws_moveit/install/moveit_simple_controller_manager/share/moveit_simple_controller_manager/cmake)
[2.438s] -- Found Boost: /usr/lib/x86_64-linux-gnu/cmake/Boost-1.83.0/BoostConfig.cmake (found version "1.83.0") found components: thread 
[2.499s] -- Found moveit_common: 2.14.1 (/home/yuqingchi/Code/ws_moveit/install/moveit_common/share/moveit_common/cmake)
[2.640s] [0mmoveit_ros_control_interface: You did not request a specific build type: Choosing 'Release' for maximum performance[0m
[2.647s] -- Found Boost: /usr/lib/x86_64-linux-gnu/cmake/Boost-1.83.0/BoostConfig.cmake (found version "1.83.0") found components: system thread 
[2.684s] -- Found ament_cmake_gtest: 2.5.4 (/opt/ros/jazzy/share/ament_cmake_gtest/cmake)
[2.687s] -- Found gtest sources under '/opt/ros/jazzy/src/gtest_vendor': C++ tests using 'Google Test' will be built
[2.754s] -- The C compiler identification is GNU 13.3.0
[2.775s] -- Detecting C compiler ABI info
[2.967s] -- Detecting C compiler ABI info - done
[2.986s] -- Check for working C compiler: /usr/bin/cc - skipped
[2.986s] -- Detecting C compile features
[2.987s] -- Detecting C compile features - done
[2.992s] -- Found Threads: TRUE  
[3.001s] -- Configuring done (3.0s)
[3.136s] -- Generating done (0.1s)
[3.162s] -- Build files have been written to: /home/yuqingchi/Code/ws_moveit/build/moveit_ros_control_interface
[3.185s] Invoked command in '/home/yuqingchi/Code/ws_moveit/build/moveit_ros_control_interface' returned '0': AMENT_PREFIX_PATH=/home/yuqingchi/Code/ws_moveit/install/moveit_simple_controller_manager:/home/yuqingchi/Code/ws_moveit/install/moveit_core:/home/yuqingchi/Code/ws_moveit/install/moveit_resources_panda_moveit_config:/home/yuqingchi/Code/ws_moveit/install/moveit_resources_pr2_description:/home/yuqingchi/Code/ws_moveit/install/moveit_resources_panda_description:/home/yuqingchi/Code/ws_moveit/install/moveit_msgs:/home/yuqingchi/Code/ws_moveit/install/moveit_common:${AMENT_PREFIX_PATH} CMAKE_PREFIX_PATH=/home/yuqingchi/Code/ws_moveit/install/moveit_simple_controller_manager:/home/yuqingchi/Code/ws_moveit/install/moveit_core:/home/yuqingchi/Code/ws_moveit/install/moveit_resources_panda_moveit_config:/home/yuqingchi/Code/ws_moveit/install/moveit_resources_pr2_description:/home/yuqingchi/Code/ws_moveit/install/moveit_resources_panda_description:/home/yuqingchi/Code/ws_moveit/install/moveit_msgs:/home/yuqingchi/Code/ws_moveit/install/moveit_common:/opt/ros/jazzy/opt/gz_math_vendor:/opt/ros/jazzy/opt/gz_utils_vendor:/opt/ros/jazzy/opt/gz_cmake_vendor:/opt/ros/jazzy DEBUGINFOD_URLS=https://debuginfod.ubuntu.com LD_LIBRARY_PATH=/home/yuqingchi/Code/ws_moveit/install/moveit_simple_controller_manager/lib:/home/yuqingchi/Code/ws_moveit/install/moveit_core/lib:/home/yuqingchi/Code/ws_moveit/install/moveit_msgs/lib:${LD_LIBRARY_PATH} PATH=/home/yuqingchi/Code/ws_moveit/install/moveit_core/bin:${PATH} PYTHONPATH=/home/yuqingchi/Code/ws_moveit/install/moveit_msgs/lib/python3.12/site-packages:${PYTHONPATH} /usr/bin/cmake /home/yuqingchi/Code/ws_moveit/src/moveit2/moveit_plugins/moveit_ros_control_interface -DCMAKE_INSTALL_PREFIX=/home/yuqingchi/Code/ws_moveit/install/moveit_ros_control_interface
[3.188s] Invoking command in '/home/yuqingchi/Code/ws_moveit/build/moveit_ros_control_interface': AMENT_PREFIX_PATH=/home/yuqingchi/Code/ws_moveit/install/moveit_simple_controller_manager:/home/yuqingchi/Code/ws_moveit/install/moveit_core:/home/yuqingchi/Code/ws_moveit/install/moveit_resources_panda_moveit_config:/home/yuqingchi/Code/ws_moveit/install/moveit_resources_pr2_description:/home/yuqingchi/Code/ws_moveit/install/moveit_resources_panda_description:/home/yuqingchi/Code/ws_moveit/install/moveit_msgs:/home/yuqingchi/Code/ws_moveit/install/moveit_common:${AMENT_PREFIX_PATH} CMAKE_PREFIX_PATH=/home/yuqingchi/Code/ws_moveit/install/moveit_simple_controller_manager:/home/yuqingchi/Code/ws_moveit/install/moveit_core:/home/yuqingchi/Code/ws_moveit/install/moveit_resources_panda_moveit_config:/home/yuqingchi/Code/ws_moveit/install/moveit_resources_pr2_description:/home/yuqingchi/Code/ws_moveit/install/moveit_resources_panda_description:/home/yuqingchi/Code/ws_moveit/install/moveit_msgs:/home/yuqingchi/Code/ws_moveit/install/moveit_common:/opt/ros/jazzy/opt/gz_math_vendor:/opt/ros/jazzy/opt/gz_utils_vendor:/opt/ros/jazzy/opt/gz_cmake_vendor:/opt/ros/jazzy DEBUGINFOD_URLS=https://debuginfod.ubuntu.com LD_LIBRARY_PATH=/home/yuqingchi/Code/ws_moveit/install/moveit_simple_controller_manager/lib:/home/yuqingchi/Code/ws_moveit/install/moveit_core/lib:/home/yuqingchi/Code/ws_moveit/install/moveit_msgs/lib:${LD_LIBRARY_PATH} PATH=/home/yuqingchi/Code/ws_moveit/install/moveit_core/bin:${PATH} PYTHONPATH=/home/yuqingchi/Code/ws_moveit/install/moveit_msgs/lib/python3.12/site-packages:${PYTHONPATH} /usr/bin/cmake --build /home/yuqingchi/Code/ws_moveit/build/moveit_ros_control_interface -- -j16 -l16
[3.292s] [ 25%] [32mBuilding CXX object gtest/CMakeFiles/gtest_main.dir/src/gtest_main.cc.o[0m
[3.292s] [ 25%] [32mBuilding CXX object CMakeFiles/moveit_ros_control_interface_plugin.dir/src/controller_manager_plugin.cpp.o[0m
[3.292s] [ 25%] [32mBuilding CXX object gtest/CMakeFiles/gtest.dir/src/gtest-all.cc.o[0m
[3.293s] [ 25%] [32mBuilding CXX object CMakeFiles/moveit_ros_control_interface_trajectory_plugin.dir/src/joint_trajectory_controller_plugin.cpp.o[0m
[3.295s] [ 31%] [32mBuilding CXX object CMakeFiles/moveit_ros_control_interface_gripper_plugin.dir/src/gripper_command_controller_plugin.cpp.o[0m
[3.296s] [ 37%] [32mBuilding CXX object CMakeFiles/moveit_ros_control_interface_parallel_gripper_plugin.dir/src/parallel_gripper_command_controller_plugin.cpp.o[0m
[3.297s] [ 43%] [32mBuilding CXX object CMakeFiles/moveit_ros_control_interface_empty_plugin.dir/src/empty_controller_plugin.cpp.o[0m
[4.164s] [ 50%] [32m[1mLinking CXX static library libgtest_main.a[0m
[4.296s] [ 50%] Built target gtest_main
[7.084s] [ 56%] [32m[1mLinking CXX shared library libmoveit_ros_control_interface_empty_plugin.so[0m
[7.520s] [ 56%] Built target moveit_ros_control_interface_empty_plugin
[9.337s] [ 62%] [32m[1mLinking CXX shared library libmoveit_ros_control_interface_trajectory_plugin.so[0m
[9.415s] [ 68%] [32m[1mLinking CXX shared library libmoveit_ros_control_interface_gripper_plugin.so[0m
[9.539s] [ 75%] [32m[1mLinking CXX shared library libmoveit_ros_control_interface_parallel_gripper_plugin.so[0m
[9.670s] [ 75%] Built target moveit_ros_control_interface_trajectory_plugin
[9.735s] [ 75%] Built target moveit_ros_control_interface_gripper_plugin
[9.876s] [ 75%] Built target moveit_ros_control_interface_parallel_gripper_plugin
[11.473s] [ 81%] [32m[1mLinking CXX static library libgtest.a[0m
[11.587s] [ 81%] Built target gtest
[18.055s] [ 87%] [32m[1mLinking CXX shared library libmoveit_ros_control_interface_plugin.so[0m
[18.378s] [ 87%] Built target moveit_ros_control_interface_plugin
[18.415s] [ 93%] [32mBuilding CXX object test/CMakeFiles/test_controller_manager_plugin.dir/test_controller_manager_plugin.cpp.o[0m
[30.940s] [100%] [32m[1mLinking CXX executable test_controller_manager_plugin[0m
[31.317s] [100%] Built target test_controller_manager_plugin
[31.339s] Invoked command in '/home/yuqingchi/Code/ws_moveit/build/moveit_ros_control_interface' returned '0': AMENT_PREFIX_PATH=/home/yuqingchi/Code/ws_moveit/install/moveit_simple_controller_manager:/home/yuqingchi/Code/ws_moveit/install/moveit_core:/home/yuqingchi/Code/ws_moveit/install/moveit_resources_panda_moveit_config:/home/yuqingchi/Code/ws_moveit/install/moveit_resources_pr2_description:/home/yuqingchi/Code/ws_moveit/install/moveit_resources_panda_description:/home/yuqingchi/Code/ws_moveit/install/moveit_msgs:/home/yuqingchi/Code/ws_moveit/install/moveit_common:${AMENT_PREFIX_PATH} CMAKE_PREFIX_PATH=/home/yuqingchi/Code/ws_moveit/install/moveit_simple_controller_manager:/home/yuqingchi/Code/ws_moveit/install/moveit_core:/home/yuqingchi/Code/ws_moveit/install/moveit_resources_panda_moveit_config:/home/yuqingchi/Code/ws_moveit/install/moveit_resources_pr2_description:/home/yuqingchi/Code/ws_moveit/install/moveit_resources_panda_description:/home/yuqingchi/Code/ws_moveit/install/moveit_msgs:/home/yuqingchi/Code/ws_moveit/install/moveit_common:/opt/ros/jazzy/opt/gz_math_vendor:/opt/ros/jazzy/opt/gz_utils_vendor:/opt/ros/jazzy/opt/gz_cmake_vendor:/opt/ros/jazzy DEBUGINFOD_URLS=https://debuginfod.ubuntu.com LD_LIBRARY_PATH=/home/yuqingchi/Code/ws_moveit/install/moveit_simple_controller_manager/lib:/home/yuqingchi/Code/ws_moveit/install/moveit_core/lib:/home/yuqingchi/Code/ws_moveit/install/moveit_msgs/lib:${LD_LIBRARY_PATH} PATH=/home/yuqingchi/Code/ws_moveit/install/moveit_core/bin:${PATH} PYTHONPATH=/home/yuqingchi/Code/ws_moveit/install/moveit_msgs/lib/python3.12/site-packages:${PYTHONPATH} /usr/bin/cmake --build /home/yuqingchi/Code/ws_moveit/build/moveit_ros_control_interface -- -j16 -l16
[31.341s] Invoking command in '/home/yuqingchi/Code/ws_moveit/build/moveit_ros_control_interface': AMENT_PREFIX_PATH=/home/yuqingchi/Code/ws_moveit/install/moveit_simple_controller_manager:/home/yuqingchi/Code/ws_moveit/install/moveit_core:/home/yuqingchi/Code/ws_moveit/install/moveit_resources_panda_moveit_config:/home/yuqingchi/Code/ws_moveit/install/moveit_resources_pr2_description:/home/yuqingchi/Code/ws_moveit/install/moveit_resources_panda_description:/home/yuqingchi/Code/ws_moveit/install/moveit_msgs:/home/yuqingchi/Code/ws_moveit/install/moveit_common:${AMENT_PREFIX_PATH} CMAKE_PREFIX_PATH=/home/yuqingchi/Code/ws_moveit/install/moveit_simple_controller_manager:/home/yuqingchi/Code/ws_moveit/install/moveit_core:/home/yuqingchi/Code/ws_moveit/install/moveit_resources_panda_moveit_config:/home/yuqingchi/Code/ws_moveit/install/moveit_resources_pr2_description:/home/yuqingchi/Code/ws_moveit/install/moveit_resources_panda_description:/home/yuqingchi/Code/ws_moveit/install/moveit_msgs:/home/yuqingchi/Code/ws_moveit/install/moveit_common:/opt/ros/jazzy/opt/gz_math_vendor:/opt/ros/jazzy/opt/gz_utils_vendor:/opt/ros/jazzy/opt/gz_cmake_vendor:/opt/ros/jazzy DEBUGINFOD_URLS=https://debuginfod.ubuntu.com LD_LIBRARY_PATH=/home/yuqingchi/Code/ws_moveit/install/moveit_simple_controller_manager/lib:/home/yuqingchi/Code/ws_moveit/install/moveit_core/lib:/home/yuqingchi/Code/ws_moveit/install/moveit_msgs/lib:${LD_LIBRARY_PATH} PATH=/home/yuqingchi/Code/ws_moveit/install/moveit_core/bin:${PATH} PYTHONPATH=/home/yuqingchi/Code/ws_moveit/install/moveit_msgs/lib/python3.12/site-packages:${PYTHONPATH} /usr/bin/cmake --install /home/yuqingchi/Code/ws_moveit/build/moveit_ros_control_interface
[31.357s] -- Install configuration: "Release"
[31.358s] -- Installing: /home/yuqingchi/Code/ws_moveit/install/moveit_ros_control_interface/lib/libmoveit_ros_control_interface_plugin.so.2.14.1
[31.360s] -- Set non-toolchain portion of runtime path of "/home/yuqingchi/Code/ws_moveit/install/moveit_ros_control_interface/lib/libmoveit_ros_control_interface_plugin.so.2.14.1" to ""
[31.360s] -- Installing: /home/yuqingchi/Code/ws_moveit/install/moveit_ros_control_interface/lib/libmoveit_ros_control_interface_plugin.so
[31.360s] -- Installing: /home/yuqingchi/Code/ws_moveit/install/moveit_ros_control_interface/lib/libmoveit_ros_control_interface_trajectory_plugin.so.2.14.1
[31.361s] -- Set non-toolchain portion of runtime path of "/home/yuqingchi/Code/ws_moveit/install/moveit_ros_control_interface/lib/libmoveit_ros_control_interface_trajectory_plugin.so.2.14.1" to ""
[31.361s] -- Installing: /home/yuqingchi/Code/ws_moveit/install/moveit_ros_control_interface/lib/libmoveit_ros_control_interface_trajectory_plugin.so
[31.361s] -- Installing: /home/yuqingchi/Code/ws_moveit/install/moveit_ros_control_interface/lib/libmoveit_ros_control_interface_gripper_plugin.so.2.14.1
[31.362s] -- Set non-toolchain portion of runtime path of "/home/yuqingchi/Code/ws_moveit/install/moveit_ros_control_interface/lib/libmoveit_ros_control_interface_gripper_plugin.so.2.14.1" to ""
[31.362s] -- Installing: /home/yuqingchi/Code/ws_moveit/install/moveit_ros_control_interface/lib/libmoveit_ros_control_interface_gripper_plugin.so
[31.362s] -- Installing: /home/yuqingchi/Code/ws_moveit/install/moveit_ros_control_interface/lib/libmoveit_ros_control_interface_parallel_gripper_plugin.so.2.14.1
[31.363s] -- Set non-toolchain portion of runtime path of "/home/yuqingchi/Code/ws_moveit/install/moveit_ros_control_interface/lib/libmoveit_ros_control_interface_parallel_gripper_plugin.so.2.14.1" to ""
[31.363s] -- Installing: /home/yuqingchi/Code/ws_moveit/install/moveit_ros_control_interface/lib/libmoveit_ros_control_interface_parallel_gripper_plugin.so
[31.363s] -- Installing: /home/yuqingchi/Code/ws_moveit/install/moveit_ros_control_interface/lib/libmoveit_ros_control_interface_empty_plugin.so.2.14.1
[31.364s] -- Set non-toolchain portion of runtime path of "/home/yuqingchi/Code/ws_moveit/install/moveit_ros_control_interface/lib/libmoveit_ros_control_interface_empty_plugin.so.2.14.1" to ""
[31.364s] -- Installing: /home/yuqingchi/Code/ws_moveit/install/moveit_ros_control_interface/lib/libmoveit_ros_control_interface_empty_plugin.so
[31.364s] -- Installing: /home/yuqingchi/Code/ws_moveit/install/moveit_ros_control_interface/include/moveit_ros_control_interface
[31.364s] -- Installing: /home/yuqingchi/Code/ws_moveit/install/moveit_ros_control_interface/include/moveit_ros_control_interface/moveit_ros_control_interface
[31.364s] -- Installing: /home/yuqingchi/Code/ws_moveit/install/moveit_ros_control_interface/include/moveit_ros_control_interface/moveit_ros_control_interface/ControllerHandle.hpp
[31.364s] -- Installing: /home/yuqingchi/Code/ws_moveit/install/moveit_ros_control_interface/include/moveit_ros_control_interface/moveit_ros_control_interface/ControllerHandle.h
[31.365s] -- Installing: /home/yuqingchi/Code/ws_moveit/install/moveit_ros_control_interface/share/moveit_ros_control_interface/moveit_core_plugins.xml
[31.365s] -- Installing: /home/yuqingchi/Code/ws_moveit/install/moveit_ros_control_interface/share/moveit_ros_control_interface/moveit_ros_control_interface_plugins.xml
[31.365s] -- Installing: /home/yuqingchi/Code/ws_moveit/install/moveit_ros_control_interface/share/moveit_ros_control_interface/environment/library_path.sh
[31.365s] -- Installing: /home/yuqingchi/Code/ws_moveit/install/moveit_ros_control_interface/share/moveit_ros_control_interface/environment/library_path.dsv
[31.366s] -- Installing: /home/yuqingchi/Code/ws_moveit/install/moveit_ros_control_interface/share/ament_index/resource_index/package_run_dependencies/moveit_ros_control_interface
[31.366s] -- Installing: /home/yuqingchi/Code/ws_moveit/install/moveit_ros_control_interface/share/ament_index/resource_index/parent_prefix_path/moveit_ros_control_interface
[31.366s] -- Installing: /home/yuqingchi/Code/ws_moveit/install/moveit_ros_control_interface/share/moveit_ros_control_interface/environment/ament_prefix_path.sh
[31.366s] -- Installing: /home/yuqingchi/Code/ws_moveit/install/moveit_ros_control_interface/share/moveit_ros_control_interface/environment/ament_prefix_path.dsv
[31.367s] -- Installing: /home/yuqingchi/Code/ws_moveit/install/moveit_ros_control_interface/share/moveit_ros_control_interface/environment/path.sh
[31.367s] -- Installing: /home/yuqingchi/Code/ws_moveit/install/moveit_ros_control_interface/share/moveit_ros_control_interface/environment/path.dsv
[31.367s] -- Installing: /home/yuqingchi/Code/ws_moveit/install/moveit_ros_control_interface/share/moveit_ros_control_interface/local_setup.bash
[31.367s] -- Installing: /home/yuqingchi/Code/ws_moveit/install/moveit_ros_control_interface/share/moveit_ros_control_interface/local_setup.sh
[31.367s] -- Installing: /home/yuqingchi/Code/ws_moveit/install/moveit_ros_control_interface/share/moveit_ros_control_interface/local_setup.zsh
[31.368s] -- Installing: /home/yuqingchi/Code/ws_moveit/install/moveit_ros_control_interface/share/moveit_ros_control_interface/local_setup.dsv
[31.368s] -- Installing: /home/yuqingchi/Code/ws_moveit/install/moveit_ros_control_interface/share/moveit_ros_control_interface/package.dsv
[31.368s] -- Installing: /home/yuqingchi/Code/ws_moveit/install/moveit_ros_control_interface/share/ament_index/resource_index/packages/moveit_ros_control_interface
[31.368s] -- Installing: /home/yuqingchi/Code/ws_moveit/install/moveit_ros_control_interface/share/ament_index/resource_index/moveit_core__pluginlib__plugin/moveit_ros_control_interface
[31.368s] -- Installing: /home/yuqingchi/Code/ws_moveit/install/moveit_ros_control_interface/share/ament_index/resource_index/moveit_ros_control_interface__pluginlib__plugin/moveit_ros_control_interface
[31.369s] -- Installing: /home/yuqingchi/Code/ws_moveit/install/moveit_ros_control_interface/share/moveit_ros_control_interface/cmake/moveit_ros_control_interfaceTargetsExport.cmake
[31.369s] -- Installing: /home/yuqingchi/Code/ws_moveit/install/moveit_ros_control_interface/share/moveit_ros_control_interface/cmake/moveit_ros_control_interfaceTargetsExport-release.cmake
[31.369s] -- Installing: /home/yuqingchi/Code/ws_moveit/install/moveit_ros_control_interface/share/moveit_ros_control_interface/cmake/ConfigExtras.cmake
[31.369s] -- Installing: /home/yuqingchi/Code/ws_moveit/install/moveit_ros_control_interface/share/moveit_ros_control_interface/cmake/ament_cmake_export_targets-extras.cmake
[31.369s] -- Installing: /home/yuqingchi/Code/ws_moveit/install/moveit_ros_control_interface/share/moveit_ros_control_interface/cmake/ament_cmake_export_dependencies-extras.cmake
[31.369s] -- Installing: /home/yuqingchi/Code/ws_moveit/install/moveit_ros_control_interface/share/moveit_ros_control_interface/cmake/moveit_ros_control_interfaceConfig.cmake
[31.370s] -- Installing: /home/yuqingchi/Code/ws_moveit/install/moveit_ros_control_interface/share/moveit_ros_control_interface/cmake/moveit_ros_control_interfaceConfig-version.cmake
[31.370s] -- Installing: /home/yuqingchi/Code/ws_moveit/install/moveit_ros_control_interface/share/moveit_ros_control_interface/package.xml
[31.374s] Invoked command in '/home/yuqingchi/Code/ws_moveit/build/moveit_ros_control_interface' returned '0': AMENT_PREFIX_PATH=/home/yuqingchi/Code/ws_moveit/install/moveit_simple_controller_manager:/home/yuqingchi/Code/ws_moveit/install/moveit_core:/home/yuqingchi/Code/ws_moveit/install/moveit_resources_panda_moveit_config:/home/yuqingchi/Code/ws_moveit/install/moveit_resources_pr2_description:/home/yuqingchi/Code/ws_moveit/install/moveit_resources_panda_description:/home/yuqingchi/Code/ws_moveit/install/moveit_msgs:/home/yuqingchi/Code/ws_moveit/install/moveit_common:${AMENT_PREFIX_PATH} CMAKE_PREFIX_PATH=/home/yuqingchi/Code/ws_moveit/install/moveit_simple_controller_manager:/home/yuqingchi/Code/ws_moveit/install/moveit_core:/home/yuqingchi/Code/ws_moveit/install/moveit_resources_panda_moveit_config:/home/yuqingchi/Code/ws_moveit/install/moveit_resources_pr2_description:/home/yuqingchi/Code/ws_moveit/install/moveit_resources_panda_description:/home/yuqingchi/Code/ws_moveit/install/moveit_msgs:/home/yuqingchi/Code/ws_moveit/install/moveit_common:/opt/ros/jazzy/opt/gz_math_vendor:/opt/ros/jazzy/opt/gz_utils_vendor:/opt/ros/jazzy/opt/gz_cmake_vendor:/opt/ros/jazzy DEBUGINFOD_URLS=https://debuginfod.ubuntu.com LD_LIBRARY_PATH=/home/yuqingchi/Code/ws_moveit/install/moveit_simple_controller_manager/lib:/home/yuqingchi/Code/ws_moveit/install/moveit_core/lib:/home/yuqingchi/Code/ws_moveit/install/moveit_msgs/lib:${LD_LIBRARY_PATH} PATH=/home/yuqingchi/Code/ws_moveit/install/moveit_core/bin:${PATH} PYTHONPATH=/home/yuqingchi/Code/ws_moveit/install/moveit_msgs/lib/python3.12/site-packages:${PYTHONPATH} /usr/bin/cmake --install /home/yuqingchi/Code/ws_moveit/build/moveit_ros_control_interface
