[0.013s] Invoking command in '/home/yuqingchi/Code/ws_moveit/build/kortex_driver': AMENT_PREFIX_PATH=/home/yuqingchi/Code/ws_moveit/install/kortex_api:${AMENT_PREFIX_PATH} CMAKE_PREFIX_PATH=/home/yuqingchi/Code/ws_moveit/install/kortex_api:/opt/ros/jazzy/opt/gz_math_vendor:/opt/ros/jazzy/opt/gz_utils_vendor:/opt/ros/jazzy/opt/gz_cmake_vendor:/opt/ros/jazzy DEBUGINFOD_URLS=https://debuginfod.ubuntu.com /usr/bin/cmake /home/yuqingchi/Code/ws_moveit/src/ros2_kortex/kortex_driver -DCMAKE_INSTALL_PREFIX=/home/yuqingchi/Code/ws_moveit/install/kortex_driver
[0.033s] [33mCMake Warning (dev) at /usr/share/cmake-3.28/Modules/FetchContent.cmake:1331 (message):
[0.033s]   The DOWNLOAD_EXTRACT_TIMESTAMP option was not given and policy CMP0135 is
[0.034s]   not set.  The policy's OLD behavior will be used.  When using a URL
[0.034s]   download, the timestamps of extracted files should preferably be that of
[0.034s]   the time of extraction, otherwise code that depends on the extracted
[0.034s]   contents might not be rebuilt if the URL changes.  The OLD behavior
[0.034s]   preserves the timestamps from the archive instead, but this is usually not
[0.034s]   what you want.  Update your project to the NEW behavior or specify the
[0.034s]   DOWNLOAD_EXTRACT_TIMESTAMP option with a value of true to avoid this
[0.034s]   robustness issue.
[0.034s] Call Stack (most recent call first):
[0.034s]   CMakeLists.txt:3 (FetchContent_Declare)
[0.034s] This warning is for project developers.  Use -Wno-dev to suppress it.
[0.034s] [0m
[9.728s] -- The C compiler identification is GNU 13.3.0
[9.833s] -- The CXX compiler identification is GNU 13.3.0
[9.861s] -- Detecting C compiler ABI info
[10.043s] -- Detecting C compiler ABI info - done
[10.067s] -- Check for working C compiler: /usr/bin/cc - skipped
[10.067s] -- Detecting C compile features
[10.068s] -- Detecting C compile features - done
[10.088s] -- Detecting CXX compiler ABI info
[10.295s] -- Detecting CXX compiler ABI info - done
[10.324s] -- Check for working CXX compiler: /usr/bin/c++ - skipped
[10.324s] -- Detecting CXX compile features
[10.326s] -- Detecting CXX compile features - done
[10.333s] -- Found ament_cmake: 2.5.4 (/opt/ros/jazzy/share/ament_cmake/cmake)
[10.616s] -- Found Python3: /usr/bin/python3 (found version "3.12.3") found components: Interpreter 
[10.791s] -- Found hardware_interface: 4.35.0 (/opt/ros/jazzy/share/hardware_interface/cmake)
[10.864s] -- Found rosidl_generator_c: 4.6.6 (/opt/ros/jazzy/share/rosidl_generator_c/cmake)
[10.884s] -- Found rosidl_generator_cpp: 4.6.6 (/opt/ros/jazzy/share/rosidl_generator_cpp/cmake)
[10.908s] -- Using all available rosidl_typesupport_c: rosidl_typesupport_fastrtps_c;rosidl_typesupport_introspection_c
[10.935s] -- Using all available rosidl_typesupport_cpp: rosidl_typesupport_fastrtps_cpp;rosidl_typesupport_introspection_cpp
[11.134s] -- Found TinyXML2 via Config file: /usr/lib/x86_64-linux-gnu/cmake/tinyxml2
[11.154s] -- Found rmw_implementation_cmake: 7.3.2 (/opt/ros/jazzy/share/rmw_implementation_cmake/cmake)
[11.156s] -- Found rmw_fastrtps_cpp: 8.4.3 (/opt/ros/jazzy/share/rmw_fastrtps_cpp/cmake)
[11.167s] -- Found TinyXML2 via Config file: /usr/lib/x86_64-linux-gnu/cmake/tinyxml2
[11.266s] -- Found OpenSSL: /usr/lib/x86_64-linux-gnu/libcrypto.so (found version "3.0.13")  
[11.273s] -- Found TinyXML2 via Config file: /usr/lib/x86_64-linux-gnu/cmake/tinyxml2
[11.305s] -- Found FastRTPS: /opt/ros/jazzy/include (Required is at least version "2.13") 
[11.310s] -- Found TinyXML2 via Config file: /usr/lib/x86_64-linux-gnu/cmake/tinyxml2
[11.327s] -- Found TinyXML2 via Config file: /usr/lib/x86_64-linux-gnu/cmake/tinyxml2
[11.350s] -- Using RMW implementation 'rmw_fastrtps_cpp' as default
[11.779s] -- Found kortex_api: 0.2.3 (/home/yuqingchi/Code/ws_moveit/install/kortex_api/share/kortex_api/cmake)
[11.928s] -- Configuring done (11.9s)
[11.967s] -- Generating done (0.0s)
[11.974s] -- Build files have been written to: /home/yuqingchi/Code/ws_moveit/build/kortex_driver
[11.998s] Invoked command in '/home/yuqingchi/Code/ws_moveit/build/kortex_driver' returned '0': AMENT_PREFIX_PATH=/home/yuqingchi/Code/ws_moveit/install/kortex_api:${AMENT_PREFIX_PATH} CMAKE_PREFIX_PATH=/home/yuqingchi/Code/ws_moveit/install/kortex_api:/opt/ros/jazzy/opt/gz_math_vendor:/opt/ros/jazzy/opt/gz_utils_vendor:/opt/ros/jazzy/opt/gz_cmake_vendor:/opt/ros/jazzy DEBUGINFOD_URLS=https://debuginfod.ubuntu.com /usr/bin/cmake /home/yuqingchi/Code/ws_moveit/src/ros2_kortex/kortex_driver -DCMAKE_INSTALL_PREFIX=/home/yuqingchi/Code/ws_moveit/install/kortex_driver
[12.002s] Invoking command in '/home/yuqingchi/Code/ws_moveit/build/kortex_driver': AMENT_PREFIX_PATH=/home/yuqingchi/Code/ws_moveit/install/kortex_api:${AMENT_PREFIX_PATH} CMAKE_PREFIX_PATH=/home/yuqingchi/Code/ws_moveit/install/kortex_api:/opt/ros/jazzy/opt/gz_math_vendor:/opt/ros/jazzy/opt/gz_utils_vendor:/opt/ros/jazzy/opt/gz_cmake_vendor:/opt/ros/jazzy DEBUGINFOD_URLS=https://debuginfod.ubuntu.com /usr/bin/cmake --build /home/yuqingchi/Code/ws_moveit/build/kortex_driver -- -j16 -l16
[12.108s] [ 66%] [32mBuilding CXX object CMakeFiles/kortex_driver.dir/src/kortex_math_util.cpp.o[0m
[12.109s] [ 66%] [32mBuilding CXX object CMakeFiles/kortex_driver.dir/src/hardware_interface.cpp.o[0m
[15.431s] [01m[K/home/yuqingchi/Code/ws_moveit/src/ros2_kortex/kortex_driver/src/hardware_interface.cpp:[m[K In member function ‘[01m[Kvirtual CallbackReturn kortex_driver::KortexMultiInterfaceHardware::[01;32m[Kon_init[m[K(const hardware_interface::HardwareInfo&)[m[K’:
[15.431s] [01m[K/home/yuqingchi/Code/ws_moveit/src/ros2_kortex/kortex_driver/src/hardware_interface.cpp:90:51:[m[K [01;35m[Kwarning: [m[K‘[01m[Kvirtual rclcpp_lifecycle::node_interfaces::LifecycleNodeInterface::CallbackReturn hardware_interface::SystemInterface::[01;32m[Kon_init[m[K(const hardware_interface::HardwareInfo&)[m[K’ is deprecated: Use on_init(const HardwareComponentInterfaceParams & params) instead. [[01;35m[K]8;;https://gcc.gnu.org/onlinedocs/gcc/Warning-Options.html#index-Wdeprecated-declarations-Wdeprecated-declarations]8;;[m[K]
[15.431s]    90 |   if ([01;35m[Khardware_interface::SystemInterface::on_init(info)[m[K != CallbackReturn::SUCCESS)
[15.431s]       |       [01;35m[K~~~~~~~~~~~~~~~~~~~~~~~~~~~~~~~~~~~~~~~~~~~~^~~~~~[m[K
[15.431s] In file included from [01m[K/home/yuqingchi/Code/ws_moveit/src/ros2_kortex/kortex_driver/include/kortex_driver/hardware_interface.hpp:41[m[K,
[15.432s]                  from [01m[K/home/yuqingchi/Code/ws_moveit/src/ros2_kortex/kortex_driver/src/hardware_interface.cpp:33[m[K:
[15.432s] [01m[K/opt/ros/jazzy/include/hardware_interface/hardware_interface/system_interface.hpp:243:26:[m[K [01;36m[Knote: [m[Kdeclared here
[15.432s]   243 |   virtual CallbackReturn [01;36m[Kon_init[m[K(const HardwareInfo & hardware_info)
[15.432s]       |                          [01;36m[K^~~~~~~[m[K
[18.379s] [100%] [32m[1mLinking CXX shared library libkortex_driver.so[0m
[18.962s] [100%] Built target kortex_driver
[18.987s] Invoked command in '/home/yuqingchi/Code/ws_moveit/build/kortex_driver' returned '0': AMENT_PREFIX_PATH=/home/yuqingchi/Code/ws_moveit/install/kortex_api:${AMENT_PREFIX_PATH} CMAKE_PREFIX_PATH=/home/yuqingchi/Code/ws_moveit/install/kortex_api:/opt/ros/jazzy/opt/gz_math_vendor:/opt/ros/jazzy/opt/gz_utils_vendor:/opt/ros/jazzy/opt/gz_cmake_vendor:/opt/ros/jazzy DEBUGINFOD_URLS=https://debuginfod.ubuntu.com /usr/bin/cmake --build /home/yuqingchi/Code/ws_moveit/build/kortex_driver -- -j16 -l16
[18.990s] Invoking command in '/home/yuqingchi/Code/ws_moveit/build/kortex_driver': AMENT_PREFIX_PATH=/home/yuqingchi/Code/ws_moveit/install/kortex_api:${AMENT_PREFIX_PATH} CMAKE_PREFIX_PATH=/home/yuqingchi/Code/ws_moveit/install/kortex_api:/opt/ros/jazzy/opt/gz_math_vendor:/opt/ros/jazzy/opt/gz_utils_vendor:/opt/ros/jazzy/opt/gz_cmake_vendor:/opt/ros/jazzy DEBUGINFOD_URLS=https://debuginfod.ubuntu.com /usr/bin/cmake --install /home/yuqingchi/Code/ws_moveit/build/kortex_driver
[19.007s] -- Install configuration: ""
[19.008s] -- Installing: /home/yuqingchi/Code/ws_moveit/install/kortex_driver/share/kortex_driver/hardware_interface_plugin.xml
[19.008s] -- Installing: /home/yuqingchi/Code/ws_moveit/install/kortex_driver/lib/libkortex_driver.so
[19.023s] -- Set non-toolchain portion of runtime path of "/home/yuqingchi/Code/ws_moveit/install/kortex_driver/lib/libkortex_driver.so" to ""
[19.023s] -- Installing: /home/yuqingchi/Code/ws_moveit/install/kortex_driver/include
[19.023s] -- Installing: /home/yuqingchi/Code/ws_moveit/install/kortex_driver/include/kortex_driver
[19.023s] -- Installing: /home/yuqingchi/Code/ws_moveit/install/kortex_driver/include/kortex_driver/kortex_math_util.hpp
[19.023s] -- Installing: /home/yuqingchi/Code/ws_moveit/install/kortex_driver/include/kortex_driver/hardware_interface.hpp
[19.023s] -- Installing: /home/yuqingchi/Code/ws_moveit/install/kortex_driver/include/kortex_driver/visibility_control.h
[19.024s] -- Installing: /home/yuqingchi/Code/ws_moveit/install/kortex_driver/share/kortex_driver/environment/library_path.sh
[19.024s] -- Installing: /home/yuqingchi/Code/ws_moveit/install/kortex_driver/share/kortex_driver/environment/library_path.dsv
[19.024s] -- Installing: /home/yuqingchi/Code/ws_moveit/install/kortex_driver/share/ament_index/resource_index/package_run_dependencies/kortex_driver
[19.025s] -- Installing: /home/yuqingchi/Code/ws_moveit/install/kortex_driver/share/ament_index/resource_index/parent_prefix_path/kortex_driver
[19.025s] -- Installing: /home/yuqingchi/Code/ws_moveit/install/kortex_driver/share/kortex_driver/environment/ament_prefix_path.sh
[19.025s] -- Installing: /home/yuqingchi/Code/ws_moveit/install/kortex_driver/share/kortex_driver/environment/ament_prefix_path.dsv
[19.025s] -- Installing: /home/yuqingchi/Code/ws_moveit/install/kortex_driver/share/kortex_driver/environment/path.sh
[19.025s] -- Installing: /home/yuqingchi/Code/ws_moveit/install/kortex_driver/share/kortex_driver/environment/path.dsv
[19.025s] -- Installing: /home/yuqingchi/Code/ws_moveit/install/kortex_driver/share/kortex_driver/local_setup.bash
[19.025s] -- Installing: /home/yuqingchi/Code/ws_moveit/install/kortex_driver/share/kortex_driver/local_setup.sh
[19.025s] -- Installing: /home/yuqingchi/Code/ws_moveit/install/kortex_driver/share/kortex_driver/local_setup.zsh
[19.025s] -- Installing: /home/yuqingchi/Code/ws_moveit/install/kortex_driver/share/kortex_driver/local_setup.dsv
[19.025s] -- Installing: /home/yuqingchi/Code/ws_moveit/install/kortex_driver/share/kortex_driver/package.dsv
[19.025s] -- Installing: /home/yuqingchi/Code/ws_moveit/install/kortex_driver/share/ament_index/resource_index/packages/kortex_driver
[19.026s] -- Installing: /home/yuqingchi/Code/ws_moveit/install/kortex_driver/share/ament_index/resource_index/hardware_interface__pluginlib__plugin/kortex_driver
[19.026s] -- Installing: /home/yuqingchi/Code/ws_moveit/install/kortex_driver/share/kortex_driver/cmake/ament_cmake_export_include_directories-extras.cmake
[19.026s] -- Installing: /home/yuqingchi/Code/ws_moveit/install/kortex_driver/share/kortex_driver/cmake/ament_cmake_export_libraries-extras.cmake
[19.026s] -- Installing: /home/yuqingchi/Code/ws_moveit/install/kortex_driver/share/kortex_driver/cmake/ament_cmake_export_dependencies-extras.cmake
[19.026s] -- Installing: /home/yuqingchi/Code/ws_moveit/install/kortex_driver/share/kortex_driver/cmake/kortex_driverConfig.cmake
[19.026s] -- Installing: /home/yuqingchi/Code/ws_moveit/install/kortex_driver/share/kortex_driver/cmake/kortex_driverConfig-version.cmake
[19.026s] -- Installing: /home/yuqingchi/Code/ws_moveit/install/kortex_driver/share/kortex_driver/package.xml
[19.030s] Invoked command in '/home/yuqingchi/Code/ws_moveit/build/kortex_driver' returned '0': AMENT_PREFIX_PATH=/home/yuqingchi/Code/ws_moveit/install/kortex_api:${AMENT_PREFIX_PATH} CMAKE_PREFIX_PATH=/home/yuqingchi/Code/ws_moveit/install/kortex_api:/opt/ros/jazzy/opt/gz_math_vendor:/opt/ros/jazzy/opt/gz_utils_vendor:/opt/ros/jazzy/opt/gz_cmake_vendor:/opt/ros/jazzy DEBUGINFOD_URLS=https://debuginfod.ubuntu.com /usr/bin/cmake --install /home/yuqingchi/Code/ws_moveit/build/kortex_driver
