[0.019s] Invoking command in '/home/yuqingchi/Code/ws_moveit/build/kortex_bringup': AMENT_PREFIX_PATH=/home/yuqingchi/Code/ws_moveit/install/kortex_driver:/home/yuqingchi/Code/ws_moveit/install/kortex_description:/home/yuqingchi/Code/ws_moveit/install/robotiq_description:/home/yuqingchi/Code/ws_moveit/install/kortex_api:${AMENT_PREFIX_PATH} CMAKE_PREFIX_PATH=/home/yuqingchi/Code/ws_moveit/install/kortex_driver:/home/yuqingchi/Code/ws_moveit/install/kortex_description:/home/yuqingchi/Code/ws_moveit/install/robotiq_description:/home/yuqingchi/Code/ws_moveit/install/kortex_api:/opt/ros/jazzy/opt/gz_math_vendor:/opt/ros/jazzy/opt/gz_utils_vendor:/opt/ros/jazzy/opt/gz_cmake_vendor:/opt/ros/jazzy DEBUGINFOD_URLS=https://debuginfod.ubuntu.com LD_LIBRARY_PATH=/home/yuqingchi/Code/ws_moveit/install/kortex_driver/lib:${LD_LIBRARY_PATH} /usr/bin/cmake /home/yuqingchi/Code/ws_moveit/src/ros2_kortex/kortex_bringup -DCMAKE_INSTALL_PREFIX=/home/yuqingchi/Code/ws_moveit/install/kortex_bringup
[0.110s] -- The C compiler identification is GNU 13.3.0
[0.195s] -- The CXX compiler identification is GNU 13.3.0
[0.223s] -- Detecting C compiler ABI info
[0.408s] -- Detecting C compiler ABI info - done
[0.429s] -- Check for working C compiler: /usr/bin/cc - skipped
[0.429s] -- Detecting C compile features
[0.430s] -- Detecting C compile features - done
[0.448s] -- Detecting CXX compiler ABI info
[0.613s] -- Detecting CXX compiler ABI info - done
[0.640s] -- Check for working CXX compiler: /usr/bin/c++ - skipped
[0.641s] -- Detecting CXX compile features
[0.642s] -- Detecting CXX compile features - done
[0.650s] -- Found ament_cmake: 2.5.4 (/opt/ros/jazzy/share/ament_cmake/cmake)
[0.901s] -- Found Python3: /usr/bin/python3 (found version "3.12.3") found components: Interpreter 
[1.237s] -- Configuring done (1.2s)
[1.242s] -- Generating done (0.0s)
[1.244s] -- Build files have been written to: /home/yuqingchi/Code/ws_moveit/build/kortex_bringup
[1.254s] Invoked command in '/home/yuqingchi/Code/ws_moveit/build/kortex_bringup' returned '0': AMENT_PREFIX_PATH=/home/yuqingchi/Code/ws_moveit/install/kortex_driver:/home/yuqingchi/Code/ws_moveit/install/kortex_description:/home/yuqingchi/Code/ws_moveit/install/robotiq_description:/home/yuqingchi/Code/ws_moveit/install/kortex_api:${AMENT_PREFIX_PATH} CMAKE_PREFIX_PATH=/home/yuqingchi/Code/ws_moveit/install/kortex_driver:/home/yuqingchi/Code/ws_moveit/install/kortex_description:/home/yuqingchi/Code/ws_moveit/install/robotiq_description:/home/yuqingchi/Code/ws_moveit/install/kortex_api:/opt/ros/jazzy/opt/gz_math_vendor:/opt/ros/jazzy/opt/gz_utils_vendor:/opt/ros/jazzy/opt/gz_cmake_vendor:/opt/ros/jazzy DEBUGINFOD_URLS=https://debuginfod.ubuntu.com LD_LIBRARY_PATH=/home/yuqingchi/Code/ws_moveit/install/kortex_driver/lib:${LD_LIBRARY_PATH} /usr/bin/cmake /home/yuqingchi/Code/ws_moveit/src/ros2_kortex/kortex_bringup -DCMAKE_INSTALL_PREFIX=/home/yuqingchi/Code/ws_moveit/install/kortex_bringup
[1.256s] Invoking command in '/home/yuqingchi/Code/ws_moveit/build/kortex_bringup': AMENT_PREFIX_PATH=/home/yuqingchi/Code/ws_moveit/install/kortex_driver:/home/yuqingchi/Code/ws_moveit/install/kortex_description:/home/yuqingchi/Code/ws_moveit/install/robotiq_description:/home/yuqingchi/Code/ws_moveit/install/kortex_api:${AMENT_PREFIX_PATH} CMAKE_PREFIX_PATH=/home/yuqingchi/Code/ws_moveit/install/kortex_driver:/home/yuqingchi/Code/ws_moveit/install/kortex_description:/home/yuqingchi/Code/ws_moveit/install/robotiq_description:/home/yuqingchi/Code/ws_moveit/install/kortex_api:/opt/ros/jazzy/opt/gz_math_vendor:/opt/ros/jazzy/opt/gz_utils_vendor:/opt/ros/jazzy/opt/gz_cmake_vendor:/opt/ros/jazzy DEBUGINFOD_URLS=https://debuginfod.ubuntu.com LD_LIBRARY_PATH=/home/yuqingchi/Code/ws_moveit/install/kortex_driver/lib:${LD_LIBRARY_PATH} /usr/bin/cmake --build /home/yuqingchi/Code/ws_moveit/build/kortex_bringup -- -j16 -l16
[1.316s] Invoked command in '/home/yuqingchi/Code/ws_moveit/build/kortex_bringup' returned '0': AMENT_PREFIX_PATH=/home/yuqingchi/Code/ws_moveit/install/kortex_driver:/home/yuqingchi/Code/ws_moveit/install/kortex_description:/home/yuqingchi/Code/ws_moveit/install/robotiq_description:/home/yuqingchi/Code/ws_moveit/install/kortex_api:${AMENT_PREFIX_PATH} CMAKE_PREFIX_PATH=/home/yuqingchi/Code/ws_moveit/install/kortex_driver:/home/yuqingchi/Code/ws_moveit/install/kortex_description:/home/yuqingchi/Code/ws_moveit/install/robotiq_description:/home/yuqingchi/Code/ws_moveit/install/kortex_api:/opt/ros/jazzy/opt/gz_math_vendor:/opt/ros/jazzy/opt/gz_utils_vendor:/opt/ros/jazzy/opt/gz_cmake_vendor:/opt/ros/jazzy DEBUGINFOD_URLS=https://debuginfod.ubuntu.com LD_LIBRARY_PATH=/home/yuqingchi/Code/ws_moveit/install/kortex_driver/lib:${LD_LIBRARY_PATH} /usr/bin/cmake --build /home/yuqingchi/Code/ws_moveit/build/kortex_bringup -- -j16 -l16
[1.317s] Invoking command in '/home/yuqingchi/Code/ws_moveit/build/kortex_bringup': AMENT_PREFIX_PATH=/home/yuqingchi/Code/ws_moveit/install/kortex_driver:/home/yuqingchi/Code/ws_moveit/install/kortex_description:/home/yuqingchi/Code/ws_moveit/install/robotiq_description:/home/yuqingchi/Code/ws_moveit/install/kortex_api:${AMENT_PREFIX_PATH} CMAKE_PREFIX_PATH=/home/yuqingchi/Code/ws_moveit/install/kortex_driver:/home/yuqingchi/Code/ws_moveit/install/kortex_description:/home/yuqingchi/Code/ws_moveit/install/robotiq_description:/home/yuqingchi/Code/ws_moveit/install/kortex_api:/opt/ros/jazzy/opt/gz_math_vendor:/opt/ros/jazzy/opt/gz_utils_vendor:/opt/ros/jazzy/opt/gz_cmake_vendor:/opt/ros/jazzy DEBUGINFOD_URLS=https://debuginfod.ubuntu.com LD_LIBRARY_PATH=/home/yuqingchi/Code/ws_moveit/install/kortex_driver/lib:${LD_LIBRARY_PATH} /usr/bin/cmake --install /home/yuqingchi/Code/ws_moveit/build/kortex_bringup
[1.328s] -- Install configuration: ""
[1.328s] -- Installing: /home/yuqingchi/Code/ws_moveit/install/kortex_bringup/lib/kortex_bringup/test_huge_joint_space_jump.py
[1.328s] -- Installing: /home/yuqingchi/Code/ws_moveit/install/kortex_bringup/share/kortex_bringup/config
[1.328s] -- Installing: /home/yuqingchi/Code/ws_moveit/install/kortex_bringup/share/kortex_bringup/config/test_huge_joint_space_jump_config.yaml
[1.329s] -- Installing: /home/yuqingchi/Code/ws_moveit/install/kortex_bringup/share/kortex_bringup/config/servo.yaml
[1.329s] -- Installing: /home/yuqingchi/Code/ws_moveit/install/kortex_bringup/share/kortex_bringup/config/test_trajectory_goal_publishers_config.yaml
[1.329s] -- Installing: /home/yuqingchi/Code/ws_moveit/install/kortex_bringup/share/kortex_bringup/launch
[1.329s] -- Installing: /home/yuqingchi/Code/ws_moveit/install/kortex_bringup/share/kortex_bringup/launch/gen3.launch.py
[1.329s] -- Installing: /home/yuqingchi/Code/ws_moveit/install/kortex_bringup/share/kortex_bringup/launch/test_joint_trajectory_controller.launch.py
[1.329s] -- Installing: /home/yuqingchi/Code/ws_moveit/install/kortex_bringup/share/kortex_bringup/launch/gen3_lite.launch.py
[1.329s] -- Installing: /home/yuqingchi/Code/ws_moveit/install/kortex_bringup/share/kortex_bringup/launch/kortex_control.launch.py
[1.329s] -- Installing: /home/yuqingchi/Code/ws_moveit/install/kortex_bringup/share/kortex_bringup/launch/kortex_sim_control.launch.py
[1.330s] -- Installing: /home/yuqingchi/Code/ws_moveit/install/kortex_bringup/share/kortex_bringup/launch/test_huge_joint_space_jump.launch.py
[1.330s] -- Installing: /home/yuqingchi/Code/ws_moveit/install/kortex_bringup/share/ament_index/resource_index/package_run_dependencies/kortex_bringup
[1.330s] -- Installing: /home/yuqingchi/Code/ws_moveit/install/kortex_bringup/share/ament_index/resource_index/parent_prefix_path/kortex_bringup
[1.330s] -- Installing: /home/yuqingchi/Code/ws_moveit/install/kortex_bringup/share/kortex_bringup/environment/ament_prefix_path.sh
[1.330s] -- Installing: /home/yuqingchi/Code/ws_moveit/install/kortex_bringup/share/kortex_bringup/environment/ament_prefix_path.dsv
[1.330s] -- Installing: /home/yuqingchi/Code/ws_moveit/install/kortex_bringup/share/kortex_bringup/environment/path.sh
[1.330s] -- Installing: /home/yuqingchi/Code/ws_moveit/install/kortex_bringup/share/kortex_bringup/environment/path.dsv
[1.331s] -- Installing: /home/yuqingchi/Code/ws_moveit/install/kortex_bringup/share/kortex_bringup/local_setup.bash
[1.331s] -- Installing: /home/yuqingchi/Code/ws_moveit/install/kortex_bringup/share/kortex_bringup/local_setup.sh
[1.331s] -- Installing: /home/yuqingchi/Code/ws_moveit/install/kortex_bringup/share/kortex_bringup/local_setup.zsh
[1.331s] -- Installing: /home/yuqingchi/Code/ws_moveit/install/kortex_bringup/share/kortex_bringup/local_setup.dsv
[1.331s] -- Installing: /home/yuqingchi/Code/ws_moveit/install/kortex_bringup/share/kortex_bringup/package.dsv
[1.331s] -- Installing: /home/yuqingchi/Code/ws_moveit/install/kortex_bringup/share/ament_index/resource_index/packages/kortex_bringup
[1.331s] -- Installing: /home/yuqingchi/Code/ws_moveit/install/kortex_bringup/share/kortex_bringup/cmake/kortex_bringupConfig.cmake
[1.332s] -- Installing: /home/yuqingchi/Code/ws_moveit/install/kortex_bringup/share/kortex_bringup/cmake/kortex_bringupConfig-version.cmake
[1.332s] -- Installing: /home/yuqingchi/Code/ws_moveit/install/kortex_bringup/share/kortex_bringup/package.xml
[1.334s] Invoked command in '/home/yuqingchi/Code/ws_moveit/build/kortex_bringup' returned '0': AMENT_PREFIX_PATH=/home/yuqingchi/Code/ws_moveit/install/kortex_driver:/home/yuqingchi/Code/ws_moveit/install/kortex_description:/home/yuqingchi/Code/ws_moveit/install/robotiq_description:/home/yuqingchi/Code/ws_moveit/install/kortex_api:${AMENT_PREFIX_PATH} CMAKE_PREFIX_PATH=/home/yuqingchi/Code/ws_moveit/install/kortex_driver:/home/yuqingchi/Code/ws_moveit/install/kortex_description:/home/yuqingchi/Code/ws_moveit/install/robotiq_description:/home/yuqingchi/Code/ws_moveit/install/kortex_api:/opt/ros/jazzy/opt/gz_math_vendor:/opt/ros/jazzy/opt/gz_utils_vendor:/opt/ros/jazzy/opt/gz_cmake_vendor:/opt/ros/jazzy DEBUGINFOD_URLS=https://debuginfod.ubuntu.com LD_LIBRARY_PATH=/home/yuqingchi/Code/ws_moveit/install/kortex_driver/lib:${LD_LIBRARY_PATH} /usr/bin/cmake --install /home/yuqingchi/Code/ws_moveit/build/kortex_bringup
