[0.011s] Invoking command in '/home/yuqingchi/Code/ws_moveit/build/moveit_resources_prbt_support': CMAKE_PREFIX_PATH=${CMAKE_PREFIX_PATH}:/opt/ros/jazzy DEBUGINFOD_URLS=https://debuginfod.ubuntu.com /usr/bin/cmake /home/yuqingchi/Code/ws_moveit/src/moveit2/moveit_planners/test_configs/prbt_support -DCMAKE_INSTALL_PREFIX=/home/yuqingchi/Code/ws_moveit/install/moveit_resources_prbt_support
[0.109s] -- The C compiler identification is GNU 13.3.0
[0.207s] -- The CXX compiler identification is GNU 13.3.0
[0.241s] -- Detecting C compiler ABI info
[0.393s] -- Detecting C compiler ABI info - done
[0.412s] -- Check for working C compiler: /usr/bin/cc - skipped
[0.413s] -- Detecting C compile features
[0.413s] -- Detecting C compile features - done
[0.430s] -- Detecting CXX compiler ABI info
[0.602s] -- Detecting CXX compiler ABI info - done
[0.618s] -- Check for working CXX compiler: /usr/bin/c++ - skipped
[0.618s] -- Detecting CXX compile features
[0.619s] -- Detecting CXX compile features - done
[0.623s] -- Found ament_cmake: 2.5.4 (/opt/ros/jazzy/share/ament_cmake/cmake)
[0.861s] -- Found Python3: /usr/bin/python3 (found version "3.12.3") found components: Interpreter 
[1.138s] -- Configuring done (1.1s)
[1.144s] -- Generating done (0.0s)
[1.147s] -- Build files have been written to: /home/yuqingchi/Code/ws_moveit/build/moveit_resources_prbt_support
[1.158s] Invoked command in '/home/yuqingchi/Code/ws_moveit/build/moveit_resources_prbt_support' returned '0': CMAKE_PREFIX_PATH=${CMAKE_PREFIX_PATH}:/opt/ros/jazzy DEBUGINFOD_URLS=https://debuginfod.ubuntu.com /usr/bin/cmake /home/yuqingchi/Code/ws_moveit/src/moveit2/moveit_planners/test_configs/prbt_support -DCMAKE_INSTALL_PREFIX=/home/yuqingchi/Code/ws_moveit/install/moveit_resources_prbt_support
[1.160s] Invoking command in '/home/yuqingchi/Code/ws_moveit/build/moveit_resources_prbt_support': CMAKE_PREFIX_PATH=${CMAKE_PREFIX_PATH}:/opt/ros/jazzy DEBUGINFOD_URLS=https://debuginfod.ubuntu.com /usr/bin/cmake --build /home/yuqingchi/Code/ws_moveit/build/moveit_resources_prbt_support -- -j16 -l16
[1.232s] Invoked command in '/home/yuqingchi/Code/ws_moveit/build/moveit_resources_prbt_support' returned '0': CMAKE_PREFIX_PATH=${CMAKE_PREFIX_PATH}:/opt/ros/jazzy DEBUGINFOD_URLS=https://debuginfod.ubuntu.com /usr/bin/cmake --build /home/yuqingchi/Code/ws_moveit/build/moveit_resources_prbt_support -- -j16 -l16
[1.234s] Invoking command in '/home/yuqingchi/Code/ws_moveit/build/moveit_resources_prbt_support': CMAKE_PREFIX_PATH=${CMAKE_PREFIX_PATH}:/opt/ros/jazzy DEBUGINFOD_URLS=https://debuginfod.ubuntu.com /usr/bin/cmake --install /home/yuqingchi/Code/ws_moveit/build/moveit_resources_prbt_support
[1.247s] -- Install configuration: ""
[1.247s] -- Installing: /home/yuqingchi/Code/ws_moveit/install/moveit_resources_prbt_support/share/ament_index/resource_index/package_run_dependencies/moveit_resources_prbt_support
[1.248s] -- Installing: /home/yuqingchi/Code/ws_moveit/install/moveit_resources_prbt_support/share/ament_index/resource_index/parent_prefix_path/moveit_resources_prbt_support
[1.248s] -- Installing: /home/yuqingchi/Code/ws_moveit/install/moveit_resources_prbt_support/share/moveit_resources_prbt_support/environment/ament_prefix_path.sh
[1.248s] -- Installing: /home/yuqingchi/Code/ws_moveit/install/moveit_resources_prbt_support/share/moveit_resources_prbt_support/environment/ament_prefix_path.dsv
[1.248s] -- Installing: /home/yuqingchi/Code/ws_moveit/install/moveit_resources_prbt_support/share/moveit_resources_prbt_support/environment/path.sh
[1.248s] -- Installing: /home/yuqingchi/Code/ws_moveit/install/moveit_resources_prbt_support/share/moveit_resources_prbt_support/environment/path.dsv
[1.248s] -- Installing: /home/yuqingchi/Code/ws_moveit/install/moveit_resources_prbt_support/share/moveit_resources_prbt_support/local_setup.bash
[1.249s] -- Installing: /home/yuqingchi/Code/ws_moveit/install/moveit_resources_prbt_support/share/moveit_resources_prbt_support/local_setup.sh
[1.249s] -- Installing: /home/yuqingchi/Code/ws_moveit/install/moveit_resources_prbt_support/share/moveit_resources_prbt_support/local_setup.zsh
[1.249s] -- Installing: /home/yuqingchi/Code/ws_moveit/install/moveit_resources_prbt_support/share/moveit_resources_prbt_support/local_setup.dsv
[1.249s] -- Installing: /home/yuqingchi/Code/ws_moveit/install/moveit_resources_prbt_support/share/moveit_resources_prbt_support/package.dsv
[1.250s] -- Installing: /home/yuqingchi/Code/ws_moveit/install/moveit_resources_prbt_support/share/ament_index/resource_index/packages/moveit_resources_prbt_support
[1.250s] -- Installing: /home/yuqingchi/Code/ws_moveit/install/moveit_resources_prbt_support/share/moveit_resources_prbt_support/cmake/moveit_resources_prbt_supportConfig.cmake
[1.250s] -- Installing: /home/yuqingchi/Code/ws_moveit/install/moveit_resources_prbt_support/share/moveit_resources_prbt_support/cmake/moveit_resources_prbt_supportConfig-version.cmake
[1.250s] -- Installing: /home/yuqingchi/Code/ws_moveit/install/moveit_resources_prbt_support/share/moveit_resources_prbt_support/package.xml
[1.250s] -- Installing: /home/yuqingchi/Code/ws_moveit/install/moveit_resources_prbt_support/share/moveit_resources_prbt_support/urdf
[1.250s] -- Installing: /home/yuqingchi/Code/ws_moveit/install/moveit_resources_prbt_support/share/moveit_resources_prbt_support/urdf/prbt.ros2_control.xacro
[1.250s] -- Installing: /home/yuqingchi/Code/ws_moveit/install/moveit_resources_prbt_support/share/moveit_resources_prbt_support/urdf/simple_gripper_brackets.urdf.xacro
[1.251s] -- Installing: /home/yuqingchi/Code/ws_moveit/install/moveit_resources_prbt_support/share/moveit_resources_prbt_support/urdf/prbt.xacro
[1.251s] -- Installing: /home/yuqingchi/Code/ws_moveit/install/moveit_resources_prbt_support/share/moveit_resources_prbt_support/urdf/prbt_macro.xacro
[1.251s] -- Installing: /home/yuqingchi/Code/ws_moveit/install/moveit_resources_prbt_support/share/moveit_resources_prbt_support/meshes
[1.251s] -- Installing: /home/yuqingchi/Code/ws_moveit/install/moveit_resources_prbt_support/share/moveit_resources_prbt_support/meshes/link_2.dae
[1.252s] -- Installing: /home/yuqingchi/Code/ws_moveit/install/moveit_resources_prbt_support/share/moveit_resources_prbt_support/meshes/link_3.stl
[1.253s] -- Installing: /home/yuqingchi/Code/ws_moveit/install/moveit_resources_prbt_support/share/moveit_resources_prbt_support/meshes/foot.dae
[1.254s] -- Installing: /home/yuqingchi/Code/ws_moveit/install/moveit_resources_prbt_support/share/moveit_resources_prbt_support/meshes/link_1.stl
[1.254s] -- Installing: /home/yuqingchi/Code/ws_moveit/install/moveit_resources_prbt_support/share/moveit_resources_prbt_support/meshes/link_2.stl
[1.254s] -- Installing: /home/yuqingchi/Code/ws_moveit/install/moveit_resources_prbt_support/share/moveit_resources_prbt_support/meshes/link_1.dae
[1.255s] -- Installing: /home/yuqingchi/Code/ws_moveit/install/moveit_resources_prbt_support/share/moveit_resources_prbt_support/meshes/link_5.dae
[1.256s] -- Installing: /home/yuqingchi/Code/ws_moveit/install/moveit_resources_prbt_support/share/moveit_resources_prbt_support/meshes/link_5.stl
[1.256s] -- Installing: /home/yuqingchi/Code/ws_moveit/install/moveit_resources_prbt_support/share/moveit_resources_prbt_support/meshes/flange.dae
[1.256s] -- Installing: /home/yuqingchi/Code/ws_moveit/install/moveit_resources_prbt_support/share/moveit_resources_prbt_support/meshes/link_4.dae
[1.258s] -- Installing: /home/yuqingchi/Code/ws_moveit/install/moveit_resources_prbt_support/share/moveit_resources_prbt_support/meshes/foot.stl
[1.258s] -- Installing: /home/yuqingchi/Code/ws_moveit/install/moveit_resources_prbt_support/share/moveit_resources_prbt_support/meshes/flange.stl
[1.258s] -- Installing: /home/yuqingchi/Code/ws_moveit/install/moveit_resources_prbt_support/share/moveit_resources_prbt_support/meshes/link_3.dae
[1.259s] -- Installing: /home/yuqingchi/Code/ws_moveit/install/moveit_resources_prbt_support/share/moveit_resources_prbt_support/meshes/link_4.stl
[1.259s] -- Installing: /home/yuqingchi/Code/ws_moveit/install/moveit_resources_prbt_support/share/moveit_resources_prbt_support/config
[1.259s] -- Installing: /home/yuqingchi/Code/ws_moveit/install/moveit_resources_prbt_support/share/moveit_resources_prbt_support/config/manipulator_controller.yaml
[1.259s] -- Installing: /home/yuqingchi/Code/ws_moveit/install/moveit_resources_prbt_support/share/moveit_resources_prbt_support/config/prbt_0_1.dcf
[1.259s] -- Installing: /home/yuqingchi/Code/ws_moveit/install/moveit_resources_prbt_support/share/moveit_resources_prbt_support/config/manipulator_driver.yaml
[1.262s] Invoked command in '/home/yuqingchi/Code/ws_moveit/build/moveit_resources_prbt_support' returned '0': CMAKE_PREFIX_PATH=${CMAKE_PREFIX_PATH}:/opt/ros/jazzy DEBUGINFOD_URLS=https://debuginfod.ubuntu.com /usr/bin/cmake --install /home/yuqingchi/Code/ws_moveit/build/moveit_resources_prbt_support
