[0.007s] Invoking command in '/home/yuqingchi/Code/ws_moveit/build/robotiq_description': CMAKE_PREFIX_PATH=${CMAKE_PREFIX_PATH}:/opt/ros/jazzy DEBUGINFOD_URLS=https://debuginfod.ubuntu.com /usr/bin/cmake /home/yuqingchi/Code/ws_moveit/src/ros2_robotiq_gripper/robotiq_description -DCMAKE_INSTALL_PREFIX=/home/yuqingchi/Code/ws_moveit/install/robotiq_description
[0.102s] -- The C compiler identification is GNU 13.3.0
[0.198s] -- The CXX compiler identification is GNU 13.3.0
[0.224s] -- Detecting C compiler ABI info
[0.367s] -- Detecting C compiler ABI info - done
[0.386s] -- Check for working C compiler: /usr/bin/cc - skipped
[0.386s] -- Detecting C compile features
[0.387s] -- Detecting C compile features - done
[0.401s] -- Detecting CXX compiler ABI info
[0.562s] -- Detecting CXX compiler ABI info - done
[0.582s] -- Check for working CXX compiler: /usr/bin/c++ - skipped
[0.583s] -- Detecting CXX compile features
[0.584s] -- Detecting CXX compile features - done
[0.587s] -- Found ament_cmake: 2.5.4 (/opt/ros/jazzy/share/ament_cmake/cmake)
[0.827s] -- Found Python3: /usr/bin/python3 (found version "3.12.3") found components: Interpreter 
[1.120s] -- Configuring done (1.1s)
[1.125s] -- Generating done (0.0s)
[1.128s] -- Build files have been written to: /home/yuqingchi/Code/ws_moveit/build/robotiq_description
[1.139s] Invoked command in '/home/yuqingchi/Code/ws_moveit/build/robotiq_description' returned '0': CMAKE_PREFIX_PATH=${CMAKE_PREFIX_PATH}:/opt/ros/jazzy DEBUGINFOD_URLS=https://debuginfod.ubuntu.com /usr/bin/cmake /home/yuqingchi/Code/ws_moveit/src/ros2_robotiq_gripper/robotiq_description -DCMAKE_INSTALL_PREFIX=/home/yuqingchi/Code/ws_moveit/install/robotiq_description
[1.141s] Invoking command in '/home/yuqingchi/Code/ws_moveit/build/robotiq_description': CMAKE_PREFIX_PATH=${CMAKE_PREFIX_PATH}:/opt/ros/jazzy DEBUGINFOD_URLS=https://debuginfod.ubuntu.com /usr/bin/cmake --build /home/yuqingchi/Code/ws_moveit/build/robotiq_description -- -j16 -l16
[1.214s] Invoked command in '/home/yuqingchi/Code/ws_moveit/build/robotiq_description' returned '0': CMAKE_PREFIX_PATH=${CMAKE_PREFIX_PATH}:/opt/ros/jazzy DEBUGINFOD_URLS=https://debuginfod.ubuntu.com /usr/bin/cmake --build /home/yuqingchi/Code/ws_moveit/build/robotiq_description -- -j16 -l16
[1.216s] Invoking command in '/home/yuqingchi/Code/ws_moveit/build/robotiq_description': CMAKE_PREFIX_PATH=${CMAKE_PREFIX_PATH}:/opt/ros/jazzy DEBUGINFOD_URLS=https://debuginfod.ubuntu.com /usr/bin/cmake --install /home/yuqingchi/Code/ws_moveit/build/robotiq_description
[1.231s] -- Install configuration: ""
[1.231s] -- Installing: /home/yuqingchi/Code/ws_moveit/install/robotiq_description/share/robotiq_description/config
[1.231s] -- Installing: /home/yuqingchi/Code/ws_moveit/install/robotiq_description/share/robotiq_description/config/robotiq_controllers.yaml
[1.231s] -- Installing: /home/yuqingchi/Code/ws_moveit/install/robotiq_description/share/robotiq_description/launch
[1.231s] -- Installing: /home/yuqingchi/Code/ws_moveit/install/robotiq_description/share/robotiq_description/launch/robotiq_control.launch.py
[1.232s] -- Installing: /home/yuqingchi/Code/ws_moveit/install/robotiq_description/share/robotiq_description/launch/view_gripper.launch.py
[1.232s] -- Installing: /home/yuqingchi/Code/ws_moveit/install/robotiq_description/share/robotiq_description/meshes
[1.232s] -- Installing: /home/yuqingchi/Code/ws_moveit/install/robotiq_description/share/robotiq_description/meshes/visual
[1.232s] -- Installing: /home/yuqingchi/Code/ws_moveit/install/robotiq_description/share/robotiq_description/meshes/visual/2f_140
[1.232s] -- Installing: /home/yuqingchi/Code/ws_moveit/install/robotiq_description/share/robotiq_description/meshes/visual/2f_140/robotiq_2f_140_inner_finger.stl
[1.232s] -- Installing: /home/yuqingchi/Code/ws_moveit/install/robotiq_description/share/robotiq_description/meshes/visual/2f_140/robotiq_2f_140_outer_knuckle.stl
[1.232s] -- Installing: /home/yuqingchi/Code/ws_moveit/install/robotiq_description/share/robotiq_description/meshes/visual/2f_140/robotiq_2f_140_base_link.stl
[1.234s] -- Installing: /home/yuqingchi/Code/ws_moveit/install/robotiq_description/share/robotiq_description/meshes/visual/2f_140/robotiq_2f_140_outer_finger.stl
[1.234s] -- Installing: /home/yuqingchi/Code/ws_moveit/install/robotiq_description/share/robotiq_description/meshes/visual/2f_140/robotiq_2f_140_coupling.stl
[1.234s] -- Installing: /home/yuqingchi/Code/ws_moveit/install/robotiq_description/share/robotiq_description/meshes/visual/2f_140/robotiq_2f_140_inner_knuckle.stl
[1.234s] -- Installing: /home/yuqingchi/Code/ws_moveit/install/robotiq_description/share/robotiq_description/meshes/visual/2f_85
[1.234s] -- Installing: /home/yuqingchi/Code/ws_moveit/install/robotiq_description/share/robotiq_description/meshes/visual/2f_85/right_finger.dae
[1.235s] -- Installing: /home/yuqingchi/Code/ws_moveit/install/robotiq_description/share/robotiq_description/meshes/visual/2f_85/right_finger_tip.dae
[1.235s] -- Installing: /home/yuqingchi/Code/ws_moveit/install/robotiq_description/share/robotiq_description/meshes/visual/2f_85/left_finger_tip.dae
[1.235s] -- Installing: /home/yuqingchi/Code/ws_moveit/install/robotiq_description/share/robotiq_description/meshes/visual/2f_85/left_knuckle.dae
[1.235s] -- Installing: /home/yuqingchi/Code/ws_moveit/install/robotiq_description/share/robotiq_description/meshes/visual/2f_85/right_inner_knuckle.dae
[1.236s] -- Installing: /home/yuqingchi/Code/ws_moveit/install/robotiq_description/share/robotiq_description/meshes/visual/2f_85/ur_to_robotiq_adapter.dae
[1.236s] -- Installing: /home/yuqingchi/Code/ws_moveit/install/robotiq_description/share/robotiq_description/meshes/visual/2f_85/right_knuckle.dae
[1.236s] -- Installing: /home/yuqingchi/Code/ws_moveit/install/robotiq_description/share/robotiq_description/meshes/visual/2f_85/left_inner_knuckle.dae
[1.236s] -- Installing: /home/yuqingchi/Code/ws_moveit/install/robotiq_description/share/robotiq_description/meshes/visual/2f_85/left_finger.dae
[1.237s] -- Installing: /home/yuqingchi/Code/ws_moveit/install/robotiq_description/share/robotiq_description/meshes/visual/2f_85/robotiq_base.dae
[1.239s] -- Installing: /home/yuqingchi/Code/ws_moveit/install/robotiq_description/share/robotiq_description/meshes/collision
[1.239s] -- Installing: /home/yuqingchi/Code/ws_moveit/install/robotiq_description/share/robotiq_description/meshes/collision/2f_140
[1.239s] -- Installing: /home/yuqingchi/Code/ws_moveit/install/robotiq_description/share/robotiq_description/meshes/collision/2f_140/robotiq_2f_140_inner_finger.stl
[1.239s] -- Installing: /home/yuqingchi/Code/ws_moveit/install/robotiq_description/share/robotiq_description/meshes/collision/2f_140/robotiq_2f_140_outer_knuckle.stl
[1.240s] -- Installing: /home/yuqingchi/Code/ws_moveit/install/robotiq_description/share/robotiq_description/meshes/collision/2f_140/robotiq_2f_140_base_link.stl
[1.240s] -- Installing: /home/yuqingchi/Code/ws_moveit/install/robotiq_description/share/robotiq_description/meshes/collision/2f_140/robotiq_2f_140_outer_finger.stl
[1.240s] -- Installing: /home/yuqingchi/Code/ws_moveit/install/robotiq_description/share/robotiq_description/meshes/collision/2f_140/robotiq_2f_140_coupling.stl
[1.240s] -- Installing: /home/yuqingchi/Code/ws_moveit/install/robotiq_description/share/robotiq_description/meshes/collision/2f_140/robotiq_2f_140_inner_knuckle.stl
[1.240s] -- Installing: /home/yuqingchi/Code/ws_moveit/install/robotiq_description/share/robotiq_description/meshes/collision/2f_85
[1.240s] -- Installing: /home/yuqingchi/Code/ws_moveit/install/robotiq_description/share/robotiq_description/meshes/collision/2f_85/left_finger.stl
[1.240s] -- Installing: /home/yuqingchi/Code/ws_moveit/install/robotiq_description/share/robotiq_description/meshes/collision/2f_85/right_inner_knuckle.stl
[1.240s] -- Installing: /home/yuqingchi/Code/ws_moveit/install/robotiq_description/share/robotiq_description/meshes/collision/2f_85/ur_to_robotiq_adapter.stl
[1.241s] -- Installing: /home/yuqingchi/Code/ws_moveit/install/robotiq_description/share/robotiq_description/meshes/collision/2f_85/right_finger.stl
[1.241s] -- Installing: /home/yuqingchi/Code/ws_moveit/install/robotiq_description/share/robotiq_description/meshes/collision/2f_85/right_finger_tip.stl
[1.241s] -- Installing: /home/yuqingchi/Code/ws_moveit/install/robotiq_description/share/robotiq_description/meshes/collision/2f_85/robotiq_base.stl
[1.241s] -- Installing: /home/yuqingchi/Code/ws_moveit/install/robotiq_description/share/robotiq_description/meshes/collision/2f_85/left_knuckle.stl
[1.241s] -- Installing: /home/yuqingchi/Code/ws_moveit/install/robotiq_description/share/robotiq_description/meshes/collision/2f_85/right_knuckle.stl
[1.241s] -- Installing: /home/yuqingchi/Code/ws_moveit/install/robotiq_description/share/robotiq_description/meshes/collision/2f_85/left_finger_tip.stl
[1.241s] -- Installing: /home/yuqingchi/Code/ws_moveit/install/robotiq_description/share/robotiq_description/meshes/collision/2f_85/left_inner_knuckle.stl
[1.241s] -- Installing: /home/yuqingchi/Code/ws_moveit/install/robotiq_description/share/robotiq_description/rviz
[1.241s] -- Installing: /home/yuqingchi/Code/ws_moveit/install/robotiq_description/share/robotiq_description/rviz/view_urdf.rviz
[1.242s] -- Installing: /home/yuqingchi/Code/ws_moveit/install/robotiq_description/share/robotiq_description/urdf
[1.242s] -- Installing: /home/yuqingchi/Code/ws_moveit/install/robotiq_description/share/robotiq_description/urdf/robotiq_2f_85_gripper.urdf.xacro
[1.242s] -- Installing: /home/yuqingchi/Code/ws_moveit/install/robotiq_description/share/robotiq_description/urdf/ur_to_robotiq_adapter.urdf.xacro
[1.242s] -- Installing: /home/yuqingchi/Code/ws_moveit/install/robotiq_description/share/robotiq_description/urdf/robotiq_2f_140_macro.urdf.xacro
[1.242s] -- Installing: /home/yuqingchi/Code/ws_moveit/install/robotiq_description/share/robotiq_description/urdf/2f_85.ros2_control.xacro
[1.242s] -- Installing: /home/yuqingchi/Code/ws_moveit/install/robotiq_description/share/robotiq_description/urdf/robotiq_2f_85_macro.urdf.xacro
[1.242s] -- Installing: /home/yuqingchi/Code/ws_moveit/install/robotiq_description/share/robotiq_description/urdf/2f_140.ros2_control.xacro
[1.242s] -- Installing: /home/yuqingchi/Code/ws_moveit/install/robotiq_description/share/robotiq_description/urdf/robotiq_2f_140.xacro
[1.242s] -- Installing: /home/yuqingchi/Code/ws_moveit/install/robotiq_description/share/robotiq_description/urdf/robotiq_2f_140_gripper.urdf.xacro
[1.243s] -- Installing: /home/yuqingchi/Code/ws_moveit/install/robotiq_description/share/ament_index/resource_index/package_run_dependencies/robotiq_description
[1.243s] -- Installing: /home/yuqingchi/Code/ws_moveit/install/robotiq_description/share/ament_index/resource_index/parent_prefix_path/robotiq_description
[1.243s] -- Installing: /home/yuqingchi/Code/ws_moveit/install/robotiq_description/share/robotiq_description/environment/ament_prefix_path.sh
[1.243s] -- Installing: /home/yuqingchi/Code/ws_moveit/install/robotiq_description/share/robotiq_description/environment/ament_prefix_path.dsv
[1.243s] -- Installing: /home/yuqingchi/Code/ws_moveit/install/robotiq_description/share/robotiq_description/environment/path.sh
[1.243s] -- Installing: /home/yuqingchi/Code/ws_moveit/install/robotiq_description/share/robotiq_description/environment/path.dsv
[1.243s] -- Installing: /home/yuqingchi/Code/ws_moveit/install/robotiq_description/share/robotiq_description/local_setup.bash
[1.243s] -- Installing: /home/yuqingchi/Code/ws_moveit/install/robotiq_description/share/robotiq_description/local_setup.sh
[1.244s] -- Installing: /home/yuqingchi/Code/ws_moveit/install/robotiq_description/share/robotiq_description/local_setup.zsh
[1.244s] -- Installing: /home/yuqingchi/Code/ws_moveit/install/robotiq_description/share/robotiq_description/local_setup.dsv
[1.244s] -- Installing: /home/yuqingchi/Code/ws_moveit/install/robotiq_description/share/robotiq_description/package.dsv
[1.244s] -- Installing: /home/yuqingchi/Code/ws_moveit/install/robotiq_description/share/ament_index/resource_index/packages/robotiq_description
[1.244s] -- Installing: /home/yuqingchi/Code/ws_moveit/install/robotiq_description/share/robotiq_description/cmake/robotiq_descriptionConfig.cmake
[1.244s] -- Installing: /home/yuqingchi/Code/ws_moveit/install/robotiq_description/share/robotiq_description/cmake/robotiq_descriptionConfig-version.cmake
[1.244s] -- Installing: /home/yuqingchi/Code/ws_moveit/install/robotiq_description/share/robotiq_description/package.xml
[1.248s] Invoked command in '/home/yuqingchi/Code/ws_moveit/build/robotiq_description' returned '0': CMAKE_PREFIX_PATH=${CMAKE_PREFIX_PATH}:/opt/ros/jazzy DEBUGINFOD_URLS=https://debuginfod.ubuntu.com /usr/bin/cmake --install /home/yuqingchi/Code/ws_moveit/build/robotiq_description
