[0.041s] Invoking command in '/home/yuqingchi/Code/ws_moveit/build/moveit_kinematics': AMENT_PREFIX_PATH=/home/yuqingchi/Code/ws_moveit/install/moveit_ros_planning:/home/yuqingchi/Code/ws_moveit/install/moveit_ros_occupancy_map_monitor:/home/yuqingchi/Code/ws_moveit/install/moveit_core:/home/yuqingchi/Code/ws_moveit/install/moveit_resources_panda_moveit_config:/home/yuqingchi/Code/ws_moveit/install/moveit_resources_fanuc_moveit_config:/home/yuqingchi/Code/ws_moveit/install/moveit_resources_pr2_description:/home/yuqingchi/Code/ws_moveit/install/moveit_resources_panda_description:/home/yuqingchi/Code/ws_moveit/install/moveit_resources_fanuc_description:/home/yuqingchi/Code/ws_moveit/install/moveit_msgs:/home/yuqingchi/Code/ws_moveit/install/moveit_configs_utils:/home/yuqingchi/Code/ws_moveit/install/moveit_common:${AMENT_PREFIX_PATH} CMAKE_PREFIX_PATH=/home/yuqingchi/Code/ws_moveit/install/moveit_ros_planning:/home/yuqingchi/Code/ws_moveit/install/moveit_ros_occupancy_map_monitor:/home/yuqingchi/Code/ws_moveit/install/moveit_core:/home/yuqingchi/Code/ws_moveit/install/moveit_resources_panda_moveit_config:/home/yuqingchi/Code/ws_moveit/install/moveit_resources_fanuc_moveit_config:/home/yuqingchi/Code/ws_moveit/install/moveit_resources_pr2_description:/home/yuqingchi/Code/ws_moveit/install/moveit_resources_panda_description:/home/yuqingchi/Code/ws_moveit/install/moveit_resources_fanuc_description:/home/yuqingchi/Code/ws_moveit/install/moveit_msgs:/home/yuqingchi/Code/ws_moveit/install/moveit_common:/opt/ros/jazzy/opt/gz_sim_vendor:/opt/ros/jazzy/opt/gz_sensors_vendor:/opt/ros/jazzy/opt/gz_physics_vendor:/opt/ros/jazzy/opt/sdformat_vendor:/opt/ros/jazzy/opt/gz_gui_vendor:/opt/ros/jazzy/opt/gz_transport_vendor:/opt/ros/jazzy/opt/gz_rendering_vendor:/opt/ros/jazzy/opt/gz_plugin_vendor:/opt/ros/jazzy/opt/gz_fuel_tools_vendor:/opt/ros/jazzy/opt/gz_msgs_vendor:/opt/ros/jazzy/opt/gz_common_vendor:/opt/ros/jazzy/opt/gz_math_vendor:/opt/ros/jazzy/opt/gz_utils_vendor:/opt/ros/jazzy/opt/gz_tools_vendor:/opt/ros/jazzy/opt/gz_ogre_next_vendor:/opt/ros/jazzy/opt/gz_dartsim_vendor:/opt/ros/jazzy/opt/gz_cmake_vendor:/opt/ros/jazzy DEBUGINFOD_URLS=https://debuginfod.ubuntu.com LD_LIBRARY_PATH=/home/yuqingchi/Code/ws_moveit/install/moveit_ros_planning/lib:/home/yuqingchi/Code/ws_moveit/install/moveit_ros_occupancy_map_monitor/lib:/home/yuqingchi/Code/ws_moveit/install/moveit_core/lib:/home/yuqingchi/Code/ws_moveit/install/moveit_msgs/lib:${LD_LIBRARY_PATH} PATH=/home/yuqingchi/Code/ws_moveit/install/moveit_core/bin:${PATH} PYTHONPATH=/home/yuqingchi/Code/ws_moveit/install/moveit_msgs/lib/python3.12/site-packages:/home/yuqingchi/Code/ws_moveit/install/moveit_configs_utils/lib/python3.12/site-packages:${PYTHONPATH} /usr/bin/cmake --build /home/yuqingchi/Code/ws_moveit/build/moveit_kinematics -- -j16 -l16
[0.113s] [  8%] Built target srv_kinematics_parameters
[0.113s] [ 17%] Built target kdl_kinematics_parameters
[0.117s] [ 26%] Built target gtest
[0.123s] [ 34%] Built target cached_ik_kinematics_parameters
[0.127s] [ 43%] Built target gtest_main
[0.131s] [ 52%] Built target benchmark_ik
[0.143s] [ 65%] Built target moveit_kdl_kinematics_plugin
[0.145s] [ 73%] Built target moveit_srv_kinematics_plugin
[0.147s] [ 82%] Built target moveit_cached_ik_kinematics_base
[0.169s] [ 91%] Built target moveit_cached_ik_kinematics_plugin
[0.170s] [100%] Built target test_kinematics_plugin
[0.178s] Invoked command in '/home/yuqingchi/Code/ws_moveit/build/moveit_kinematics' returned '0': AMENT_PREFIX_PATH=/home/yuqingchi/Code/ws_moveit/install/moveit_ros_planning:/home/yuqingchi/Code/ws_moveit/install/moveit_ros_occupancy_map_monitor:/home/yuqingchi/Code/ws_moveit/install/moveit_core:/home/yuqingchi/Code/ws_moveit/install/moveit_resources_panda_moveit_config:/home/yuqingchi/Code/ws_moveit/install/moveit_resources_fanuc_moveit_config:/home/yuqingchi/Code/ws_moveit/install/moveit_resources_pr2_description:/home/yuqingchi/Code/ws_moveit/install/moveit_resources_panda_description:/home/yuqingchi/Code/ws_moveit/install/moveit_resources_fanuc_description:/home/yuqingchi/Code/ws_moveit/install/moveit_msgs:/home/yuqingchi/Code/ws_moveit/install/moveit_configs_utils:/home/yuqingchi/Code/ws_moveit/install/moveit_common:${AMENT_PREFIX_PATH} CMAKE_PREFIX_PATH=/home/yuqingchi/Code/ws_moveit/install/moveit_ros_planning:/home/yuqingchi/Code/ws_moveit/install/moveit_ros_occupancy_map_monitor:/home/yuqingchi/Code/ws_moveit/install/moveit_core:/home/yuqingchi/Code/ws_moveit/install/moveit_resources_panda_moveit_config:/home/yuqingchi/Code/ws_moveit/install/moveit_resources_fanuc_moveit_config:/home/yuqingchi/Code/ws_moveit/install/moveit_resources_pr2_description:/home/yuqingchi/Code/ws_moveit/install/moveit_resources_panda_description:/home/yuqingchi/Code/ws_moveit/install/moveit_resources_fanuc_description:/home/yuqingchi/Code/ws_moveit/install/moveit_msgs:/home/yuqingchi/Code/ws_moveit/install/moveit_common:/opt/ros/jazzy/opt/gz_sim_vendor:/opt/ros/jazzy/opt/gz_sensors_vendor:/opt/ros/jazzy/opt/gz_physics_vendor:/opt/ros/jazzy/opt/sdformat_vendor:/opt/ros/jazzy/opt/gz_gui_vendor:/opt/ros/jazzy/opt/gz_transport_vendor:/opt/ros/jazzy/opt/gz_rendering_vendor:/opt/ros/jazzy/opt/gz_plugin_vendor:/opt/ros/jazzy/opt/gz_fuel_tools_vendor:/opt/ros/jazzy/opt/gz_msgs_vendor:/opt/ros/jazzy/opt/gz_common_vendor:/opt/ros/jazzy/opt/gz_math_vendor:/opt/ros/jazzy/opt/gz_utils_vendor:/opt/ros/jazzy/opt/gz_tools_vendor:/opt/ros/jazzy/opt/gz_ogre_next_vendor:/opt/ros/jazzy/opt/gz_dartsim_vendor:/opt/ros/jazzy/opt/gz_cmake_vendor:/opt/ros/jazzy DEBUGINFOD_URLS=https://debuginfod.ubuntu.com LD_LIBRARY_PATH=/home/yuqingchi/Code/ws_moveit/install/moveit_ros_planning/lib:/home/yuqingchi/Code/ws_moveit/install/moveit_ros_occupancy_map_monitor/lib:/home/yuqingchi/Code/ws_moveit/install/moveit_core/lib:/home/yuqingchi/Code/ws_moveit/install/moveit_msgs/lib:${LD_LIBRARY_PATH} PATH=/home/yuqingchi/Code/ws_moveit/install/moveit_core/bin:${PATH} PYTHONPATH=/home/yuqingchi/Code/ws_moveit/install/moveit_msgs/lib/python3.12/site-packages:/home/yuqingchi/Code/ws_moveit/install/moveit_configs_utils/lib/python3.12/site-packages:${PYTHONPATH} /usr/bin/cmake --build /home/yuqingchi/Code/ws_moveit/build/moveit_kinematics -- -j16 -l16
[0.179s] Invoking command in '/home/yuqingchi/Code/ws_moveit/build/moveit_kinematics': AMENT_PREFIX_PATH=/home/yuqingchi/Code/ws_moveit/install/moveit_ros_planning:/home/yuqingchi/Code/ws_moveit/install/moveit_ros_occupancy_map_monitor:/home/yuqingchi/Code/ws_moveit/install/moveit_core:/home/yuqingchi/Code/ws_moveit/install/moveit_resources_panda_moveit_config:/home/yuqingchi/Code/ws_moveit/install/moveit_resources_fanuc_moveit_config:/home/yuqingchi/Code/ws_moveit/install/moveit_resources_pr2_description:/home/yuqingchi/Code/ws_moveit/install/moveit_resources_panda_description:/home/yuqingchi/Code/ws_moveit/install/moveit_resources_fanuc_description:/home/yuqingchi/Code/ws_moveit/install/moveit_msgs:/home/yuqingchi/Code/ws_moveit/install/moveit_configs_utils:/home/yuqingchi/Code/ws_moveit/install/moveit_common:${AMENT_PREFIX_PATH} CMAKE_PREFIX_PATH=/home/yuqingchi/Code/ws_moveit/install/moveit_ros_planning:/home/yuqingchi/Code/ws_moveit/install/moveit_ros_occupancy_map_monitor:/home/yuqingchi/Code/ws_moveit/install/moveit_core:/home/yuqingchi/Code/ws_moveit/install/moveit_resources_panda_moveit_config:/home/yuqingchi/Code/ws_moveit/install/moveit_resources_fanuc_moveit_config:/home/yuqingchi/Code/ws_moveit/install/moveit_resources_pr2_description:/home/yuqingchi/Code/ws_moveit/install/moveit_resources_panda_description:/home/yuqingchi/Code/ws_moveit/install/moveit_resources_fanuc_description:/home/yuqingchi/Code/ws_moveit/install/moveit_msgs:/home/yuqingchi/Code/ws_moveit/install/moveit_common:/opt/ros/jazzy/opt/gz_sim_vendor:/opt/ros/jazzy/opt/gz_sensors_vendor:/opt/ros/jazzy/opt/gz_physics_vendor:/opt/ros/jazzy/opt/sdformat_vendor:/opt/ros/jazzy/opt/gz_gui_vendor:/opt/ros/jazzy/opt/gz_transport_vendor:/opt/ros/jazzy/opt/gz_rendering_vendor:/opt/ros/jazzy/opt/gz_plugin_vendor:/opt/ros/jazzy/opt/gz_fuel_tools_vendor:/opt/ros/jazzy/opt/gz_msgs_vendor:/opt/ros/jazzy/opt/gz_common_vendor:/opt/ros/jazzy/opt/gz_math_vendor:/opt/ros/jazzy/opt/gz_utils_vendor:/opt/ros/jazzy/opt/gz_tools_vendor:/opt/ros/jazzy/opt/gz_ogre_next_vendor:/opt/ros/jazzy/opt/gz_dartsim_vendor:/opt/ros/jazzy/opt/gz_cmake_vendor:/opt/ros/jazzy DEBUGINFOD_URLS=https://debuginfod.ubuntu.com LD_LIBRARY_PATH=/home/yuqingchi/Code/ws_moveit/install/moveit_ros_planning/lib:/home/yuqingchi/Code/ws_moveit/install/moveit_ros_occupancy_map_monitor/lib:/home/yuqingchi/Code/ws_moveit/install/moveit_core/lib:/home/yuqingchi/Code/ws_moveit/install/moveit_msgs/lib:${LD_LIBRARY_PATH} PATH=/home/yuqingchi/Code/ws_moveit/install/moveit_core/bin:${PATH} PYTHONPATH=/home/yuqingchi/Code/ws_moveit/install/moveit_msgs/lib/python3.12/site-packages:/home/yuqingchi/Code/ws_moveit/install/moveit_configs_utils/lib/python3.12/site-packages:${PYTHONPATH} /usr/bin/cmake --install /home/yuqingchi/Code/ws_moveit/build/moveit_kinematics
[0.185s] -- Install configuration: "Release"
[0.185s] -- Up-to-date: /home/yuqingchi/Code/ws_moveit/install/moveit_kinematics/share/moveit_kinematics/kdl_kinematics_plugin_description.xml
[0.185s] -- Up-to-date: /home/yuqingchi/Code/ws_moveit/install/moveit_kinematics/share/moveit_kinematics/srv_kinematics_plugin_description.xml
[0.186s] -- Up-to-date: /home/yuqingchi/Code/ws_moveit/install/moveit_kinematics/share/moveit_kinematics/cached_ik_kinematics_plugin_description.xml
[0.186s] -- Up-to-date: /home/yuqingchi/Code/ws_moveit/install/moveit_kinematics/include/moveit_kinematics
[0.186s] -- Up-to-date: /home/yuqingchi/Code/ws_moveit/install/moveit_kinematics/include/moveit_kinematics/cached_ik_kinematics_parameters.hpp
[0.186s] -- Up-to-date: /home/yuqingchi/Code/ws_moveit/install/moveit_kinematics/include/moveit_kinematics
[0.186s] -- Up-to-date: /home/yuqingchi/Code/ws_moveit/install/moveit_kinematics/include/moveit_kinematics/moveit
[0.186s] -- Up-to-date: /home/yuqingchi/Code/ws_moveit/install/moveit_kinematics/include/moveit_kinematics/moveit/cached_ik_kinematics_plugin
[0.186s] -- Up-to-date: /home/yuqingchi/Code/ws_moveit/install/moveit_kinematics/include/moveit_kinematics/moveit/cached_ik_kinematics_plugin/cached_ik_kinematics_parameters.yaml
[0.186s] -- Up-to-date: /home/yuqingchi/Code/ws_moveit/install/moveit_kinematics/include/moveit_kinematics/moveit/cached_ik_kinematics_plugin/cached_ik_kinematics_plugin-inl.h
[0.186s] -- Up-to-date: /home/yuqingchi/Code/ws_moveit/install/moveit_kinematics/include/moveit_kinematics/moveit/cached_ik_kinematics_plugin/cached_ik_kinematics_plugin.hpp
[0.186s] -- Up-to-date: /home/yuqingchi/Code/ws_moveit/install/moveit_kinematics/include/moveit_kinematics/moveit/cached_ik_kinematics_plugin/detail
[0.186s] -- Up-to-date: /home/yuqingchi/Code/ws_moveit/install/moveit_kinematics/include/moveit_kinematics/moveit/cached_ik_kinematics_plugin/detail/GreedyKCenters.hpp
[0.186s] -- Up-to-date: /home/yuqingchi/Code/ws_moveit/install/moveit_kinematics/include/moveit_kinematics/moveit/cached_ik_kinematics_plugin/detail/NearestNeighborsGNAT.hpp
[0.186s] -- Up-to-date: /home/yuqingchi/Code/ws_moveit/install/moveit_kinematics/include/moveit_kinematics/moveit/cached_ik_kinematics_plugin/detail/NearestNeighborsGNAT.h
[0.186s] -- Up-to-date: /home/yuqingchi/Code/ws_moveit/install/moveit_kinematics/include/moveit_kinematics/moveit/cached_ik_kinematics_plugin/detail/NearestNeighbors.hpp
[0.186s] -- Up-to-date: /home/yuqingchi/Code/ws_moveit/install/moveit_kinematics/include/moveit_kinematics/moveit/cached_ik_kinematics_plugin/detail/GreedyKCenters.h
[0.186s] -- Up-to-date: /home/yuqingchi/Code/ws_moveit/install/moveit_kinematics/include/moveit_kinematics/moveit/cached_ik_kinematics_plugin/detail/NearestNeighbors.h
[0.186s] -- Up-to-date: /home/yuqingchi/Code/ws_moveit/install/moveit_kinematics/include/moveit_kinematics/moveit/cached_ik_kinematics_plugin/cached_ik_kinematics_plugin-inl.hpp
[0.186s] -- Up-to-date: /home/yuqingchi/Code/ws_moveit/install/moveit_kinematics/include/moveit_kinematics/moveit/cached_ik_kinematics_plugin/cached_ik_kinematics_plugin.h
[0.186s] -- Up-to-date: /home/yuqingchi/Code/ws_moveit/install/moveit_kinematics/share/moveit_kinematics/launch
[0.186s] -- Up-to-date: /home/yuqingchi/Code/ws_moveit/install/moveit_kinematics/share/moveit_kinematics/launch/measure_ik_call_cost.launch
[0.186s] -- Up-to-date: /home/yuqingchi/Code/ws_moveit/install/moveit_kinematics/lib/moveit_kinematics/auto_create_ikfast_moveit_plugin.sh
[0.186s] -- Up-to-date: /home/yuqingchi/Code/ws_moveit/install/moveit_kinematics/lib/moveit_kinematics/create_ikfast_moveit_plugin.py
[0.186s] -- Up-to-date: /home/yuqingchi/Code/ws_moveit/install/moveit_kinematics/lib/moveit_kinematics/round_collada_numbers.py
[0.187s] -- Up-to-date: /home/yuqingchi/Code/ws_moveit/install/moveit_kinematics/share/moveit_kinematics/ikfast_kinematics_plugin/templates
[0.187s] -- Up-to-date: /home/yuqingchi/Code/ws_moveit/install/moveit_kinematics/share/moveit_kinematics/ikfast_kinematics_plugin/templates/ikfast_kinematics_parameters.yaml
[0.187s] -- Up-to-date: /home/yuqingchi/Code/ws_moveit/install/moveit_kinematics/share/moveit_kinematics/ikfast_kinematics_plugin/templates/CMakeLists.txt
[0.187s] -- Up-to-date: /home/yuqingchi/Code/ws_moveit/install/moveit_kinematics/share/moveit_kinematics/ikfast_kinematics_plugin/templates/ikfast61_moveit_plugin_template.cpp
[0.187s] -- Up-to-date: /home/yuqingchi/Code/ws_moveit/install/moveit_kinematics/share/moveit_kinematics/ikfast_kinematics_plugin/templates/ikfast.h
[0.187s] -- Up-to-date: /home/yuqingchi/Code/ws_moveit/install/moveit_kinematics/include/moveit_kinematics
[0.187s] -- Up-to-date: /home/yuqingchi/Code/ws_moveit/install/moveit_kinematics/include/moveit_kinematics/kdl_kinematics_parameters.hpp
[0.187s] -- Up-to-date: /home/yuqingchi/Code/ws_moveit/install/moveit_kinematics/include/moveit_kinematics
[0.187s] -- Up-to-date: /home/yuqingchi/Code/ws_moveit/install/moveit_kinematics/include/moveit_kinematics/moveit
[0.187s] -- Up-to-date: /home/yuqingchi/Code/ws_moveit/install/moveit_kinematics/include/moveit_kinematics/moveit/kdl_kinematics_plugin
[0.187s] -- Up-to-date: /home/yuqingchi/Code/ws_moveit/install/moveit_kinematics/include/moveit_kinematics/moveit/kdl_kinematics_plugin/kdl_kinematics_plugin.h
[0.187s] -- Up-to-date: /home/yuqingchi/Code/ws_moveit/install/moveit_kinematics/include/moveit_kinematics/moveit/kdl_kinematics_plugin/joint_mimic.h
[0.187s] -- Up-to-date: /home/yuqingchi/Code/ws_moveit/install/moveit_kinematics/include/moveit_kinematics/moveit/kdl_kinematics_plugin/chainiksolver_vel_mimic_svd.h
[0.187s] -- Up-to-date: /home/yuqingchi/Code/ws_moveit/install/moveit_kinematics/include/moveit_kinematics/moveit/kdl_kinematics_plugin/kdl_kinematics_plugin.hpp
[0.187s] -- Up-to-date: /home/yuqingchi/Code/ws_moveit/install/moveit_kinematics/include/moveit_kinematics/moveit/kdl_kinematics_plugin/joint_mimic.hpp
[0.187s] -- Up-to-date: /home/yuqingchi/Code/ws_moveit/install/moveit_kinematics/include/moveit_kinematics/moveit/kdl_kinematics_plugin/chainiksolver_vel_mimic_svd.hpp
[0.187s] -- Up-to-date: /home/yuqingchi/Code/ws_moveit/install/moveit_kinematics/include/moveit_kinematics
[0.187s] -- Up-to-date: /home/yuqingchi/Code/ws_moveit/install/moveit_kinematics/include/moveit_kinematics/srv_kinematics_parameters.hpp
[0.188s] -- Up-to-date: /home/yuqingchi/Code/ws_moveit/install/moveit_kinematics/include/moveit_kinematics
[0.188s] -- Up-to-date: /home/yuqingchi/Code/ws_moveit/install/moveit_kinematics/include/moveit_kinematics/moveit
[0.188s] -- Up-to-date: /home/yuqingchi/Code/ws_moveit/install/moveit_kinematics/include/moveit_kinematics/moveit/srv_kinematics_plugin
[0.188s] -- Up-to-date: /home/yuqingchi/Code/ws_moveit/install/moveit_kinematics/include/moveit_kinematics/moveit/srv_kinematics_plugin/srv_kinematics_plugin.hpp
[0.188s] -- Up-to-date: /home/yuqingchi/Code/ws_moveit/install/moveit_kinematics/include/moveit_kinematics/moveit/srv_kinematics_plugin/srv_kinematics_plugin.h
[0.188s] -- Up-to-date: /home/yuqingchi/Code/ws_moveit/install/moveit_kinematics/share/moveit_kinematics/config
[0.188s] -- Up-to-date: /home/yuqingchi/Code/ws_moveit/install/moveit_kinematics/share/moveit_kinematics/config/panda-kdl-test.yaml
[0.188s] -- Up-to-date: /home/yuqingchi/Code/ws_moveit/install/moveit_kinematics/share/moveit_kinematics/config/panda-kdl-singular-test.yaml
[0.188s] -- Up-to-date: /home/yuqingchi/Code/ws_moveit/install/moveit_kinematics/share/moveit_kinematics/config/fanuc-kdl-singular-test.yaml
[0.188s] -- Up-to-date: /home/yuqingchi/Code/ws_moveit/install/moveit_kinematics/share/moveit_kinematics/config/fanuc-kdl-test.yaml
[0.188s] -- Up-to-date: /home/yuqingchi/Code/ws_moveit/install/moveit_kinematics/share/moveit_kinematics/launch
[0.188s] -- Up-to-date: /home/yuqingchi/Code/ws_moveit/install/moveit_kinematics/share/moveit_kinematics/launch/panda-kdl-singular.test.py
[0.188s] -- Up-to-date: /home/yuqingchi/Code/ws_moveit/install/moveit_kinematics/share/moveit_kinematics/launch/panda-kdl.test.py
[0.188s] -- Up-to-date: /home/yuqingchi/Code/ws_moveit/install/moveit_kinematics/share/moveit_kinematics/launch/fanuc-kdl.test.py
[0.188s] -- Up-to-date: /home/yuqingchi/Code/ws_moveit/install/moveit_kinematics/share/moveit_kinematics/launch/fanuc-kdl-singular.test.py
[0.188s] -- Up-to-date: /home/yuqingchi/Code/ws_moveit/install/moveit_kinematics/lib/moveit_kinematics/benchmark_ik
[0.189s] -- Up-to-date: /home/yuqingchi/Code/ws_moveit/install/moveit_kinematics/lib/moveit_kinematics/test_kinematics_plugin
[0.189s] -- Up-to-date: /home/yuqingchi/Code/ws_moveit/install/moveit_kinematics/lib/libmoveit_cached_ik_kinematics_base.so.2.14.1
[0.189s] -- Up-to-date: /home/yuqingchi/Code/ws_moveit/install/moveit_kinematics/lib/libmoveit_cached_ik_kinematics_base.so
[0.189s] -- Up-to-date: /home/yuqingchi/Code/ws_moveit/install/moveit_kinematics/lib/libmoveit_cached_ik_kinematics_plugin.so.2.14.1
[0.189s] -- Up-to-date: /home/yuqingchi/Code/ws_moveit/install/moveit_kinematics/lib/libmoveit_cached_ik_kinematics_plugin.so
[0.189s] -- Up-to-date: /home/yuqingchi/Code/ws_moveit/install/moveit_kinematics/lib/libmoveit_kdl_kinematics_plugin.so
[0.189s] -- Up-to-date: /home/yuqingchi/Code/ws_moveit/install/moveit_kinematics/lib/libmoveit_srv_kinematics_plugin.so.2.14.1
[0.189s] -- Up-to-date: /home/yuqingchi/Code/ws_moveit/install/moveit_kinematics/lib/libmoveit_srv_kinematics_plugin.so
[0.189s] -- Up-to-date: /home/yuqingchi/Code/ws_moveit/install/moveit_kinematics/share/moveit_kinematics/environment/library_path.sh
[0.189s] -- Up-to-date: /home/yuqingchi/Code/ws_moveit/install/moveit_kinematics/share/moveit_kinematics/environment/library_path.dsv
[0.189s] -- Up-to-date: /home/yuqingchi/Code/ws_moveit/install/moveit_kinematics/share/ament_index/resource_index/package_run_dependencies/moveit_kinematics
[0.189s] -- Up-to-date: /home/yuqingchi/Code/ws_moveit/install/moveit_kinematics/share/ament_index/resource_index/parent_prefix_path/moveit_kinematics
[0.189s] -- Up-to-date: /home/yuqingchi/Code/ws_moveit/install/moveit_kinematics/share/moveit_kinematics/environment/ament_prefix_path.sh
[0.189s] -- Up-to-date: /home/yuqingchi/Code/ws_moveit/install/moveit_kinematics/share/moveit_kinematics/environment/ament_prefix_path.dsv
[0.189s] -- Up-to-date: /home/yuqingchi/Code/ws_moveit/install/moveit_kinematics/share/moveit_kinematics/environment/path.sh
[0.189s] -- Up-to-date: /home/yuqingchi/Code/ws_moveit/install/moveit_kinematics/share/moveit_kinematics/environment/path.dsv
[0.189s] -- Up-to-date: /home/yuqingchi/Code/ws_moveit/install/moveit_kinematics/share/moveit_kinematics/local_setup.bash
[0.189s] -- Up-to-date: /home/yuqingchi/Code/ws_moveit/install/moveit_kinematics/share/moveit_kinematics/local_setup.sh
[0.189s] -- Up-to-date: /home/yuqingchi/Code/ws_moveit/install/moveit_kinematics/share/moveit_kinematics/local_setup.zsh
[0.189s] -- Up-to-date: /home/yuqingchi/Code/ws_moveit/install/moveit_kinematics/share/moveit_kinematics/local_setup.dsv
[0.189s] -- Installing: /home/yuqingchi/Code/ws_moveit/install/moveit_kinematics/share/moveit_kinematics/package.dsv
[0.189s] -- Up-to-date: /home/yuqingchi/Code/ws_moveit/install/moveit_kinematics/share/ament_index/resource_index/packages/moveit_kinematics
[0.189s] -- Up-to-date: /home/yuqingchi/Code/ws_moveit/install/moveit_kinematics/share/ament_index/resource_index/moveit_core__pluginlib__plugin/moveit_kinematics
[0.189s] -- Up-to-date: /home/yuqingchi/Code/ws_moveit/install/moveit_kinematics/share/moveit_kinematics/cmake/moveit_kinematicsTargetsExport.cmake
[0.189s] -- Up-to-date: /home/yuqingchi/Code/ws_moveit/install/moveit_kinematics/share/moveit_kinematics/cmake/moveit_kinematicsTargetsExport-release.cmake
[0.189s] -- Up-to-date: /home/yuqingchi/Code/ws_moveit/install/moveit_kinematics/share/moveit_kinematics/cmake/ConfigExtras.cmake
[0.189s] -- Up-to-date: /home/yuqingchi/Code/ws_moveit/install/moveit_kinematics/share/moveit_kinematics/cmake/ament_cmake_export_targets-extras.cmake
[0.189s] -- Up-to-date: /home/yuqingchi/Code/ws_moveit/install/moveit_kinematics/share/moveit_kinematics/cmake/ament_cmake_export_dependencies-extras.cmake
[0.189s] -- Up-to-date: /home/yuqingchi/Code/ws_moveit/install/moveit_kinematics/share/moveit_kinematics/cmake/moveit_kinematicsConfig.cmake
[0.189s] -- Up-to-date: /home/yuqingchi/Code/ws_moveit/install/moveit_kinematics/share/moveit_kinematics/cmake/moveit_kinematicsConfig-version.cmake
[0.189s] -- Up-to-date: /home/yuqingchi/Code/ws_moveit/install/moveit_kinematics/share/moveit_kinematics/package.xml
[0.192s] Invoked command in '/home/yuqingchi/Code/ws_moveit/build/moveit_kinematics' returned '0': AMENT_PREFIX_PATH=/home/yuqingchi/Code/ws_moveit/install/moveit_ros_planning:/home/yuqingchi/Code/ws_moveit/install/moveit_ros_occupancy_map_monitor:/home/yuqingchi/Code/ws_moveit/install/moveit_core:/home/yuqingchi/Code/ws_moveit/install/moveit_resources_panda_moveit_config:/home/yuqingchi/Code/ws_moveit/install/moveit_resources_fanuc_moveit_config:/home/yuqingchi/Code/ws_moveit/install/moveit_resources_pr2_description:/home/yuqingchi/Code/ws_moveit/install/moveit_resources_panda_description:/home/yuqingchi/Code/ws_moveit/install/moveit_resources_fanuc_description:/home/yuqingchi/Code/ws_moveit/install/moveit_msgs:/home/yuqingchi/Code/ws_moveit/install/moveit_configs_utils:/home/yuqingchi/Code/ws_moveit/install/moveit_common:${AMENT_PREFIX_PATH} CMAKE_PREFIX_PATH=/home/yuqingchi/Code/ws_moveit/install/moveit_ros_planning:/home/yuqingchi/Code/ws_moveit/install/moveit_ros_occupancy_map_monitor:/home/yuqingchi/Code/ws_moveit/install/moveit_core:/home/yuqingchi/Code/ws_moveit/install/moveit_resources_panda_moveit_config:/home/yuqingchi/Code/ws_moveit/install/moveit_resources_fanuc_moveit_config:/home/yuqingchi/Code/ws_moveit/install/moveit_resources_pr2_description:/home/yuqingchi/Code/ws_moveit/install/moveit_resources_panda_description:/home/yuqingchi/Code/ws_moveit/install/moveit_resources_fanuc_description:/home/yuqingchi/Code/ws_moveit/install/moveit_msgs:/home/yuqingchi/Code/ws_moveit/install/moveit_common:/opt/ros/jazzy/opt/gz_sim_vendor:/opt/ros/jazzy/opt/gz_sensors_vendor:/opt/ros/jazzy/opt/gz_physics_vendor:/opt/ros/jazzy/opt/sdformat_vendor:/opt/ros/jazzy/opt/gz_gui_vendor:/opt/ros/jazzy/opt/gz_transport_vendor:/opt/ros/jazzy/opt/gz_rendering_vendor:/opt/ros/jazzy/opt/gz_plugin_vendor:/opt/ros/jazzy/opt/gz_fuel_tools_vendor:/opt/ros/jazzy/opt/gz_msgs_vendor:/opt/ros/jazzy/opt/gz_common_vendor:/opt/ros/jazzy/opt/gz_math_vendor:/opt/ros/jazzy/opt/gz_utils_vendor:/opt/ros/jazzy/opt/gz_tools_vendor:/opt/ros/jazzy/opt/gz_ogre_next_vendor:/opt/ros/jazzy/opt/gz_dartsim_vendor:/opt/ros/jazzy/opt/gz_cmake_vendor:/opt/ros/jazzy DEBUGINFOD_URLS=https://debuginfod.ubuntu.com LD_LIBRARY_PATH=/home/yuqingchi/Code/ws_moveit/install/moveit_ros_planning/lib:/home/yuqingchi/Code/ws_moveit/install/moveit_ros_occupancy_map_monitor/lib:/home/yuqingchi/Code/ws_moveit/install/moveit_core/lib:/home/yuqingchi/Code/ws_moveit/install/moveit_msgs/lib:${LD_LIBRARY_PATH} PATH=/home/yuqingchi/Code/ws_moveit/install/moveit_core/bin:${PATH} PYTHONPATH=/home/yuqingchi/Code/ws_moveit/install/moveit_msgs/lib/python3.12/site-packages:/home/yuqingchi/Code/ws_moveit/install/moveit_configs_utils/lib/python3.12/site-packages:${PYTHONPATH} /usr/bin/cmake --install /home/yuqingchi/Code/ws_moveit/build/moveit_kinematics
