[0.118s] Invoking command in '/home/yuqingchi/Code/ws_moveit/build/moveit_task_constructor_visualization': AMENT_PREFIX_PATH=/home/yuqingchi/Code/ws_moveit/install/moveit_task_constructor_core:/home/yuqingchi/Code/ws_moveit/install/moveit_planners:/home/yuqingchi/Code/ws_moveit/install/pilz_industrial_motion_planner:/home/yuqingchi/Code/ws_moveit/install/moveit_ros_visualization:/home/yuqingchi/Code/ws_moveit/install/moveit_resources_prbt_pg70_support:/home/yuqingchi/Code/ws_moveit/install/moveit_ros_planning_interface:/home/yuqingchi/Code/ws_moveit/install/moveit_resources_prbt_moveit_config:/home/yuqingchi/Code/ws_moveit/install/moveit_ros_move_group:/home/yuqingchi/Code/ws_moveit/install/moveit_ros_warehouse:/home/yuqingchi/Code/ws_moveit/install/moveit_ros_robot_interaction:/home/yuqingchi/Code/ws_moveit/install/moveit_planners_ompl:/home/yuqingchi/Code/ws_moveit/install/moveit_kinematics:/home/yuqingchi/Code/ws_moveit/install/moveit_ros_planning:/home/yuqingchi/Code/ws_moveit/install/moveit_planners_chomp:/home/yuqingchi/Code/ws_moveit/install/pilz_industrial_motion_planner_testutils:/home/yuqingchi/Code/ws_moveit/install/moveit_simple_controller_manager:/home/yuqingchi/Code/ws_moveit/install/moveit_ros_occupancy_map_monitor:/home/yuqingchi/Code/ws_moveit/install/moveit_resources_prbt_ikfast_manipulator_plugin:/home/yuqingchi/Code/ws_moveit/install/moveit_planners_stomp:/home/yuqingchi/Code/ws_moveit/install/chomp_motion_planner:/home/yuqingchi/Code/ws_moveit/install/moveit_core:/home/yuqingchi/Code/ws_moveit/install/rviz_marker_tools:/home/yuqingchi/Code/ws_moveit/install/moveit_task_constructor_msgs:/home/yuqingchi/Code/ws_moveit/install/moveit_resources_panda_moveit_config:/home/yuqingchi/Code/ws_moveit/install/moveit_resources_fanuc_moveit_config:/home/yuqingchi/Code/ws_moveit/install/moveit_resources_prbt_support:/home/yuqingchi/Code/ws_moveit/install/moveit_resources_pr2_description:/home/yuqingchi/Code/ws_moveit/install/moveit_resources_panda_description:/home/yuqingchi/Code/ws_moveit/install/moveit_resources_fanuc_description:/home/yuqingchi/Code/ws_moveit/install/moveit_msgs:/home/yuqingchi/Code/ws_moveit/install/moveit_configs_utils:/home/yuqingchi/Code/ws_moveit/install/moveit_common:${AMENT_PREFIX_PATH} CMAKE_MODULE_PATH=/home/yuqingchi/Code/ws_moveit/install/moveit_task_constructor_core/share/moveit_task_constructor_core/cmake CMAKE_PREFIX_PATH=/home/yuqingchi/Code/ws_moveit/install/moveit_task_constructor_core:/home/yuqingchi/Code/ws_moveit/install/moveit_planners:/home/yuqingchi/Code/ws_moveit/install/pilz_industrial_motion_planner:/home/yuqingchi/Code/ws_moveit/install/moveit_ros_visualization:/home/yuqingchi/Code/ws_moveit/install/moveit_resources_prbt_pg70_support:/home/yuqingchi/Code/ws_moveit/install/moveit_ros_planning_interface:/home/yuqingchi/Code/ws_moveit/install/moveit_resources_prbt_moveit_config:/home/yuqingchi/Code/ws_moveit/install/moveit_ros_move_group:/home/yuqingchi/Code/ws_moveit/install/moveit_ros_warehouse:/home/yuqingchi/Code/ws_moveit/install/moveit_ros_robot_interaction:/home/yuqingchi/Code/ws_moveit/install/moveit_planners_ompl:/home/yuqingchi/Code/ws_moveit/install/moveit_kinematics:/home/yuqingchi/Code/ws_moveit/install/moveit_ros_planning:/home/yuqingchi/Code/ws_moveit/install/moveit_planners_chomp:/home/yuqingchi/Code/ws_moveit/install/pilz_industrial_motion_planner_testutils:/home/yuqingchi/Code/ws_moveit/install/moveit_simple_controller_manager:/home/yuqingchi/Code/ws_moveit/install/moveit_ros_occupancy_map_monitor:/home/yuqingchi/Code/ws_moveit/install/moveit_resources_prbt_ikfast_manipulator_plugin:/home/yuqingchi/Code/ws_moveit/install/moveit_planners_stomp:/home/yuqingchi/Code/ws_moveit/install/chomp_motion_planner:/home/yuqingchi/Code/ws_moveit/install/moveit_core:/home/yuqingchi/Code/ws_moveit/install/rviz_marker_tools:/home/yuqingchi/Code/ws_moveit/install/moveit_task_constructor_msgs:/home/yuqingchi/Code/ws_moveit/install/moveit_resources_panda_moveit_config:/home/yuqingchi/Code/ws_moveit/install/moveit_resources_fanuc_moveit_config:/home/yuqingchi/Code/ws_moveit/install/moveit_resources_prbt_support:/home/yuqingchi/Code/ws_moveit/install/moveit_resources_pr2_description:/home/yuqingchi/Code/ws_moveit/install/moveit_resources_panda_description:/home/yuqingchi/Code/ws_moveit/install/moveit_resources_fanuc_description:/home/yuqingchi/Code/ws_moveit/install/moveit_msgs:/home/yuqingchi/Code/ws_moveit/install/moveit_common:/opt/ros/jazzy/opt/gz_math_vendor:/opt/ros/jazzy/opt/gz_utils_vendor:/opt/ros/jazzy/opt/gz_cmake_vendor:/opt/ros/jazzy DEBUGINFOD_URLS=https://debuginfod.ubuntu.com LD_LIBRARY_PATH=/home/yuqingchi/Code/ws_moveit/install/moveit_task_constructor_core/lib:/home/yuqingchi/Code/ws_moveit/install/pilz_industrial_motion_planner/lib:/home/yuqingchi/Code/ws_moveit/install/moveit_ros_visualization/lib:/home/yuqingchi/Code/ws_moveit/install/moveit_ros_planning_interface/lib:/home/yuqingchi/Code/ws_moveit/install/moveit_ros_move_group/lib:/home/yuqingchi/Code/ws_moveit/install/moveit_ros_warehouse/lib:/home/yuqingchi/Code/ws_moveit/install/moveit_ros_robot_interaction/lib:/home/yuqingchi/Code/ws_moveit/install/moveit_planners_ompl/lib:/home/yuqingchi/Code/ws_moveit/install/moveit_kinematics/lib:/home/yuqingchi/Code/ws_moveit/install/moveit_ros_planning/lib:/home/yuqingchi/Code/ws_moveit/install/moveit_planners_chomp/lib:/home/yuqingchi/Code/ws_moveit/install/pilz_industrial_motion_planner_testutils/lib:/home/yuqingchi/Code/ws_moveit/install/moveit_simple_controller_manager/lib:/home/yuqingchi/Code/ws_moveit/install/moveit_ros_occupancy_map_monitor/lib:/home/yuqingchi/Code/ws_moveit/install/moveit_resources_prbt_ikfast_manipulator_plugin/lib:/home/yuqingchi/Code/ws_moveit/install/moveit_planners_stomp/lib:/home/yuqingchi/Code/ws_moveit/install/chomp_motion_planner/lib:/home/yuqingchi/Code/ws_moveit/install/moveit_core/lib:/home/yuqingchi/Code/ws_moveit/install/rviz_marker_tools/lib:/home/yuqingchi/Code/ws_moveit/install/moveit_task_constructor_msgs/lib:/home/yuqingchi/Code/ws_moveit/install/moveit_msgs/lib:${LD_LIBRARY_PATH} PATH=/home/yuqingchi/Code/ws_moveit/install/moveit_core/bin:${PATH} PYTHONPATH=/home/yuqingchi/Code/ws_moveit/install/moveit_task_constructor_core/lib/python3.12/site-packages:/home/yuqingchi/Code/ws_moveit/install/moveit_task_constructor_msgs/lib/python3.12/site-packages:/home/yuqingchi/Code/ws_moveit/install/moveit_msgs/lib/python3.12/site-packages:/home/yuqingchi/Code/ws_moveit/install/moveit_configs_utils/lib/python3.12/site-packages:${PYTHONPATH} /usr/bin/cmake /home/yuqingchi/Code/ws_moveit/src/moveit_task_constructor/visualization -DCMAKE_INSTALL_PREFIX=/home/yuqingchi/Code/ws_moveit/install/moveit_task_constructor_visualization
[0.222s] -- The C compiler identification is GNU 13.3.0
[0.318s] -- The CXX compiler identification is GNU 13.3.0
[0.351s] -- Detecting C compiler ABI info
[0.511s] -- Detecting C compiler ABI info - done
[0.529s] -- Check for working C compiler: /usr/bin/cc - skipped
[0.529s] -- Detecting C compile features
[0.530s] -- Detecting C compile features - done
[0.548s] -- Detecting CXX compiler ABI info
[0.725s] -- Detecting CXX compiler ABI info - done
[0.741s] -- Check for working CXX compiler: /usr/bin/c++ - skipped
[0.742s] -- Detecting CXX compile features
[0.742s] -- Detecting CXX compile features - done
[0.749s] -- Found ament_cmake: 2.5.4 (/opt/ros/jazzy/share/ament_cmake/cmake)
[1.024s] -- Found Python3: /usr/bin/python3 (found version "3.12.3") found components: Interpreter 
[1.260s] -- Found Boost: /usr/lib/x86_64-linux-gnu/cmake/Boost-1.83.0/BoostConfig.cmake (found version "1.83.0")  
[1.264s] -- Found moveit_common: 2.14.1 (/home/yuqingchi/Code/ws_moveit/install/moveit_common/share/moveit_common/cmake)
[1.411s] [0mmoveit_task_constructor_visualization: You did not request a specific build type: Choosing 'Release' for maximum performance[0m
[1.414s] -- Found moveit_core: 2.14.1 (/home/yuqingchi/Code/ws_moveit/install/moveit_core/share/moveit_core/cmake)
[1.708s] -- Found Boost: /usr/lib/x86_64-linux-gnu/cmake/Boost-1.83.0/BoostConfig.cmake (found version "1.83.0") found components: chrono date_time filesystem iostreams program_options regex serialization system thread 
[1.868s] -- Found parameter_traits: 0.5.0 (/opt/ros/jazzy/share/parameter_traits/cmake)
[1.936s] -- Found rosidl_generator_c: 4.6.6 (/opt/ros/jazzy/share/rosidl_generator_c/cmake)
[1.955s] -- Found rosidl_generator_cpp: 4.6.6 (/opt/ros/jazzy/share/rosidl_generator_cpp/cmake)
[1.977s] -- Using all available rosidl_typesupport_c: rosidl_typesupport_fastrtps_c;rosidl_typesupport_introspection_c
[2.002s] -- Using all available rosidl_typesupport_cpp: rosidl_typesupport_fastrtps_cpp;rosidl_typesupport_introspection_cpp
[2.102s] -- Found rmw_implementation_cmake: 7.3.2 (/opt/ros/jazzy/share/rmw_implementation_cmake/cmake)
[2.107s] -- Found rmw_fastrtps_cpp: 8.4.3 (/opt/ros/jazzy/share/rmw_fastrtps_cpp/cmake)
[2.240s] -- Found OpenSSL: /usr/lib/x86_64-linux-gnu/libcrypto.so (found version "3.0.13")  
[2.274s] -- Found FastRTPS: /opt/ros/jazzy/include (Required is at least version "2.13") 
[2.316s] -- Using RMW implementation 'rmw_fastrtps_cpp' as default
[2.483s] -- Found rclcpp_lifecycle: 28.1.11 (/opt/ros/jazzy/share/rclcpp_lifecycle/cmake)
[2.537s] -- Found Boost: /usr/lib/x86_64-linux-gnu/cmake/Boost-1.83.0/BoostConfig.cmake (found version "1.83.0") found components: filesystem 
[2.722s] -- Found Eigen3: TRUE (found version "3.4.0") 
[2.722s] -- Ensuring Eigen3 include directory is part of orocos-kdl CMake target
[3.147s] -- Found moveit_ros_visualization: 2.14.1 (/home/yuqingchi/Code/ws_moveit/install/moveit_ros_visualization/share/moveit_ros_visualization/cmake)
[3.152s] -- Found Boost: /usr/lib/x86_64-linux-gnu/cmake/Boost-1.83.0/BoostConfig.cmake (found version "1.83.0") found components: thread date_time system filesystem 
[3.172s] -- Found Boost: /usr/lib/x86_64-linux-gnu/cmake/Boost-1.83.0/BoostConfig.cmake (found version "1.83.0") found components: system filesystem date_time program_options thread chrono 
[3.233s] -- Found Boost: /usr/lib/x86_64-linux-gnu/cmake/Boost-1.83.0/BoostConfig.cmake (found version "1.83.0") found components: date_time filesystem program_options system thread 
[3.252s] -- Found Boost: /usr/lib/x86_64-linux-gnu/cmake/Boost-1.83.0/BoostConfig.cmake (found version "1.83.0") found components: thread system filesystem regex date_time program_options 
[3.285s] -- Found Boost: /usr/lib/x86_64-linux-gnu/cmake/Boost-1.83.0/BoostConfig.cmake (found version "1.83.0") found components: system filesystem date_time program_options thread 
[3.382s] -- Setting OGRE_DIR to: '/opt/ros/jazzy/share/rviz_ogre_vendor/cmake/../../../opt/rviz_ogre_vendor/lib/OGRE/cmake'
[3.383s] -- Found OGRE
[3.383s] --   static     : OFF
[3.383s] --   components : MeshLodGenerator;Overlay;Paging;Property;RTShaderSystem;Terrain;Volume
[3.383s] --   plugins    : Plugin_BSPSceneManager;Plugin_OctreeSceneManager;Plugin_PCZSceneManager;Plugin_ParticleFX;RenderSystem_GL;RenderSystem_GL3Plus;Codec_STBI
[3.383s] --   media      : /opt/ros/jazzy/opt/rviz_ogre_vendor/share/OGRE/Media
[3.384s] -- OGRE_LIBRARIES: OgreMeshLodGenerator;OgreOverlay;OgrePaging;OgreProperty;OgreRTShaderSystem;OgreTerrain;OgreVolume;OgreMain
[3.384s] -- OGRE_LIBRARY_DIRS: /opt/ros/jazzy/opt/rviz_ogre_vendor/lib
[3.384s] -- OGRE_PLUGINS: Plugin_BSPSceneManager;Plugin_OctreeSceneManager;Plugin_PCZSceneManager;Plugin_ParticleFX;RenderSystem_GL;RenderSystem_GL3Plus;Codec_STBI
[3.384s] -- OGRE_PLUGIN_DIR: /opt/ros/jazzy/opt/rviz_ogre_vendor/lib/OGRE
[3.384s] -- rviz_ogre_vendor::OgreOverlay for IMPORTED_LOCATION_RELEASE: /opt/ros/jazzy/opt/rviz_ogre_vendor/lib/libOgreOverlay.so
[3.384s] -- rviz_ogre_vendor::OgreOverlay for IMPORTED_LOCATION_DEBUG: /opt/ros/jazzy/opt/rviz_ogre_vendor/lib/libOgreOverlay.so
[3.384s] -- rviz_ogre_vendor::OgreMain for IMPORTED_LOCATION_RELEASE: /opt/ros/jazzy/opt/rviz_ogre_vendor/lib/libOgreMain.so
[3.384s] -- rviz_ogre_vendor::OgreMain for IMPORTED_LOCATION_DEBUG: /opt/ros/jazzy/opt/rviz_ogre_vendor/lib/libOgreMain.so
[3.421s] -- Found ZLIB: /usr/lib/x86_64-linux-gnu/libz.so (found version "1.3")  
[3.434s] -- Found OpenGL: /usr/lib/x86_64-linux-gnu/libOpenGL.so   
[3.664s] -- Found X11: /usr/include   
[3.664s] -- Looking for XOpenDisplay in /usr/lib/x86_64-linux-gnu/libX11.so;/usr/lib/x86_64-linux-gnu/libXext.so
[3.869s] -- Looking for XOpenDisplay in /usr/lib/x86_64-linux-gnu/libX11.so;/usr/lib/x86_64-linux-gnu/libXext.so - found
[3.869s] -- Looking for gethostbyname
[4.064s] -- Looking for gethostbyname - found
[4.064s] -- Looking for connect
[4.256s] -- Looking for connect - found
[4.256s] -- Looking for remove
[4.455s] -- Looking for remove - found
[4.455s] -- Looking for shmat
[4.650s] -- Looking for shmat - found
[4.650s] -- Looking for IceConnectionNumber in ICE
[4.849s] -- Looking for IceConnectionNumber in ICE - found
[4.928s] -- Setting yaml-cpp_DIR to: '/opt/ros/jazzy/share/yaml_cpp_vendor/cmake/../../../opt/yaml_cpp_vendor/share/cmake/yaml-cpp'
[5.122s] -- Found moveit_task_constructor_core: 0.1.3 (/home/yuqingchi/Code/ws_moveit/install/moveit_task_constructor_core/share/moveit_task_constructor_core/cmake)
[5.224s] -- Found PkgConfig: /usr/bin/pkg-config (found version "1.8.1") 
[5.225s] -- Checking for module 'yaml-0.1'
[5.258s] --   Found yaml-0.1, version 0.2.5
[5.340s] -- Found ament_cmake_gtest: 2.5.4 (/opt/ros/jazzy/share/ament_cmake_gtest/cmake)
[5.347s] -- Found ament_cmake_gmock: 2.5.4 (/opt/ros/jazzy/share/ament_cmake_gmock/cmake)
[5.353s] -- Found launch_testing_ament_cmake: 3.4.6 (/opt/ros/jazzy/share/launch_testing_ament_cmake/cmake)
[5.359s] -- Found python_cmake_module: 0.11.1 (/opt/ros/jazzy/share/python_cmake_module/cmake)
[5.607s] -- Found PythonExtra: /usr/bin/python3  
[5.615s] -- Found gtest sources under '/opt/ros/jazzy/src/gtest_vendor': C++ tests using 'Google Test' will be built
[5.625s] -- Found Threads: TRUE  
[5.633s] -- Found gmock sources under '/opt/ros/jazzy/src/gmock_vendor': C++ tests using 'Google Mock' will be built
[5.651s] -- Configuring done (5.5s)
[5.977s] -- Generating done (0.2s)
[6.007s] -- Build files have been written to: /home/yuqingchi/Code/ws_moveit/build/moveit_task_constructor_visualization
[6.046s] Invoked command in '/home/yuqingchi/Code/ws_moveit/build/moveit_task_constructor_visualization' returned '0': AMENT_PREFIX_PATH=/home/yuqingchi/Code/ws_moveit/install/moveit_task_constructor_core:/home/yuqingchi/Code/ws_moveit/install/moveit_planners:/home/yuqingchi/Code/ws_moveit/install/pilz_industrial_motion_planner:/home/yuqingchi/Code/ws_moveit/install/moveit_ros_visualization:/home/yuqingchi/Code/ws_moveit/install/moveit_resources_prbt_pg70_support:/home/yuqingchi/Code/ws_moveit/install/moveit_ros_planning_interface:/home/yuqingchi/Code/ws_moveit/install/moveit_resources_prbt_moveit_config:/home/yuqingchi/Code/ws_moveit/install/moveit_ros_move_group:/home/yuqingchi/Code/ws_moveit/install/moveit_ros_warehouse:/home/yuqingchi/Code/ws_moveit/install/moveit_ros_robot_interaction:/home/yuqingchi/Code/ws_moveit/install/moveit_planners_ompl:/home/yuqingchi/Code/ws_moveit/install/moveit_kinematics:/home/yuqingchi/Code/ws_moveit/install/moveit_ros_planning:/home/yuqingchi/Code/ws_moveit/install/moveit_planners_chomp:/home/yuqingchi/Code/ws_moveit/install/pilz_industrial_motion_planner_testutils:/home/yuqingchi/Code/ws_moveit/install/moveit_simple_controller_manager:/home/yuqingchi/Code/ws_moveit/install/moveit_ros_occupancy_map_monitor:/home/yuqingchi/Code/ws_moveit/install/moveit_resources_prbt_ikfast_manipulator_plugin:/home/yuqingchi/Code/ws_moveit/install/moveit_planners_stomp:/home/yuqingchi/Code/ws_moveit/install/chomp_motion_planner:/home/yuqingchi/Code/ws_moveit/install/moveit_core:/home/yuqingchi/Code/ws_moveit/install/rviz_marker_tools:/home/yuqingchi/Code/ws_moveit/install/moveit_task_constructor_msgs:/home/yuqingchi/Code/ws_moveit/install/moveit_resources_panda_moveit_config:/home/yuqingchi/Code/ws_moveit/install/moveit_resources_fanuc_moveit_config:/home/yuqingchi/Code/ws_moveit/install/moveit_resources_prbt_support:/home/yuqingchi/Code/ws_moveit/install/moveit_resources_pr2_description:/home/yuqingchi/Code/ws_moveit/install/moveit_resources_panda_description:/home/yuqingchi/Code/ws_moveit/install/moveit_resources_fanuc_description:/home/yuqingchi/Code/ws_moveit/install/moveit_msgs:/home/yuqingchi/Code/ws_moveit/install/moveit_configs_utils:/home/yuqingchi/Code/ws_moveit/install/moveit_common:${AMENT_PREFIX_PATH} CMAKE_MODULE_PATH=/home/yuqingchi/Code/ws_moveit/install/moveit_task_constructor_core/share/moveit_task_constructor_core/cmake CMAKE_PREFIX_PATH=/home/yuqingchi/Code/ws_moveit/install/moveit_task_constructor_core:/home/yuqingchi/Code/ws_moveit/install/moveit_planners:/home/yuqingchi/Code/ws_moveit/install/pilz_industrial_motion_planner:/home/yuqingchi/Code/ws_moveit/install/moveit_ros_visualization:/home/yuqingchi/Code/ws_moveit/install/moveit_resources_prbt_pg70_support:/home/yuqingchi/Code/ws_moveit/install/moveit_ros_planning_interface:/home/yuqingchi/Code/ws_moveit/install/moveit_resources_prbt_moveit_config:/home/yuqingchi/Code/ws_moveit/install/moveit_ros_move_group:/home/yuqingchi/Code/ws_moveit/install/moveit_ros_warehouse:/home/yuqingchi/Code/ws_moveit/install/moveit_ros_robot_interaction:/home/yuqingchi/Code/ws_moveit/install/moveit_planners_ompl:/home/yuqingchi/Code/ws_moveit/install/moveit_kinematics:/home/yuqingchi/Code/ws_moveit/install/moveit_ros_planning:/home/yuqingchi/Code/ws_moveit/install/moveit_planners_chomp:/home/yuqingchi/Code/ws_moveit/install/pilz_industrial_motion_planner_testutils:/home/yuqingchi/Code/ws_moveit/install/moveit_simple_controller_manager:/home/yuqingchi/Code/ws_moveit/install/moveit_ros_occupancy_map_monitor:/home/yuqingchi/Code/ws_moveit/install/moveit_resources_prbt_ikfast_manipulator_plugin:/home/yuqingchi/Code/ws_moveit/install/moveit_planners_stomp:/home/yuqingchi/Code/ws_moveit/install/chomp_motion_planner:/home/yuqingchi/Code/ws_moveit/install/moveit_core:/home/yuqingchi/Code/ws_moveit/install/rviz_marker_tools:/home/yuqingchi/Code/ws_moveit/install/moveit_task_constructor_msgs:/home/yuqingchi/Code/ws_moveit/install/moveit_resources_panda_moveit_config:/home/yuqingchi/Code/ws_moveit/install/moveit_resources_fanuc_moveit_config:/home/yuqingchi/Code/ws_moveit/install/moveit_resources_prbt_support:/home/yuqingchi/Code/ws_moveit/install/moveit_resources_pr2_description:/home/yuqingchi/Code/ws_moveit/install/moveit_resources_panda_description:/home/yuqingchi/Code/ws_moveit/install/moveit_resources_fanuc_description:/home/yuqingchi/Code/ws_moveit/install/moveit_msgs:/home/yuqingchi/Code/ws_moveit/install/moveit_common:/opt/ros/jazzy/opt/gz_math_vendor:/opt/ros/jazzy/opt/gz_utils_vendor:/opt/ros/jazzy/opt/gz_cmake_vendor:/opt/ros/jazzy DEBUGINFOD_URLS=https://debuginfod.ubuntu.com LD_LIBRARY_PATH=/home/yuqingchi/Code/ws_moveit/install/moveit_task_constructor_core/lib:/home/yuqingchi/Code/ws_moveit/install/pilz_industrial_motion_planner/lib:/home/yuqingchi/Code/ws_moveit/install/moveit_ros_visualization/lib:/home/yuqingchi/Code/ws_moveit/install/moveit_ros_planning_interface/lib:/home/yuqingchi/Code/ws_moveit/install/moveit_ros_move_group/lib:/home/yuqingchi/Code/ws_moveit/install/moveit_ros_warehouse/lib:/home/yuqingchi/Code/ws_moveit/install/moveit_ros_robot_interaction/lib:/home/yuqingchi/Code/ws_moveit/install/moveit_planners_ompl/lib:/home/yuqingchi/Code/ws_moveit/install/moveit_kinematics/lib:/home/yuqingchi/Code/ws_moveit/install/moveit_ros_planning/lib:/home/yuqingchi/Code/ws_moveit/install/moveit_planners_chomp/lib:/home/yuqingchi/Code/ws_moveit/install/pilz_industrial_motion_planner_testutils/lib:/home/yuqingchi/Code/ws_moveit/install/moveit_simple_controller_manager/lib:/home/yuqingchi/Code/ws_moveit/install/moveit_ros_occupancy_map_monitor/lib:/home/yuqingchi/Code/ws_moveit/install/moveit_resources_prbt_ikfast_manipulator_plugin/lib:/home/yuqingchi/Code/ws_moveit/install/moveit_planners_stomp/lib:/home/yuqingchi/Code/ws_moveit/install/chomp_motion_planner/lib:/home/yuqingchi/Code/ws_moveit/install/moveit_core/lib:/home/yuqingchi/Code/ws_moveit/install/rviz_marker_tools/lib:/home/yuqingchi/Code/ws_moveit/install/moveit_task_constructor_msgs/lib:/home/yuqingchi/Code/ws_moveit/install/moveit_msgs/lib:${LD_LIBRARY_PATH} PATH=/home/yuqingchi/Code/ws_moveit/install/moveit_core/bin:${PATH} PYTHONPATH=/home/yuqingchi/Code/ws_moveit/install/moveit_task_constructor_core/lib/python3.12/site-packages:/home/yuqingchi/Code/ws_moveit/install/moveit_task_constructor_msgs/lib/python3.12/site-packages:/home/yuqingchi/Code/ws_moveit/install/moveit_msgs/lib/python3.12/site-packages:/home/yuqingchi/Code/ws_moveit/install/moveit_configs_utils/lib/python3.12/site-packages:${PYTHONPATH} /usr/bin/cmake /home/yuqingchi/Code/ws_moveit/src/moveit_task_constructor/visualization -DCMAKE_INSTALL_PREFIX=/home/yuqingchi/Code/ws_moveit/install/moveit_task_constructor_visualization
[6.046s] Invoking command in '/home/yuqingchi/Code/ws_moveit/build/moveit_task_constructor_visualization': AMENT_PREFIX_PATH=/home/yuqingchi/Code/ws_moveit/install/moveit_task_constructor_core:/home/yuqingchi/Code/ws_moveit/install/moveit_planners:/home/yuqingchi/Code/ws_moveit/install/pilz_industrial_motion_planner:/home/yuqingchi/Code/ws_moveit/install/moveit_ros_visualization:/home/yuqingchi/Code/ws_moveit/install/moveit_resources_prbt_pg70_support:/home/yuqingchi/Code/ws_moveit/install/moveit_ros_planning_interface:/home/yuqingchi/Code/ws_moveit/install/moveit_resources_prbt_moveit_config:/home/yuqingchi/Code/ws_moveit/install/moveit_ros_move_group:/home/yuqingchi/Code/ws_moveit/install/moveit_ros_warehouse:/home/yuqingchi/Code/ws_moveit/install/moveit_ros_robot_interaction:/home/yuqingchi/Code/ws_moveit/install/moveit_planners_ompl:/home/yuqingchi/Code/ws_moveit/install/moveit_kinematics:/home/yuqingchi/Code/ws_moveit/install/moveit_ros_planning:/home/yuqingchi/Code/ws_moveit/install/moveit_planners_chomp:/home/yuqingchi/Code/ws_moveit/install/pilz_industrial_motion_planner_testutils:/home/yuqingchi/Code/ws_moveit/install/moveit_simple_controller_manager:/home/yuqingchi/Code/ws_moveit/install/moveit_ros_occupancy_map_monitor:/home/yuqingchi/Code/ws_moveit/install/moveit_resources_prbt_ikfast_manipulator_plugin:/home/yuqingchi/Code/ws_moveit/install/moveit_planners_stomp:/home/yuqingchi/Code/ws_moveit/install/chomp_motion_planner:/home/yuqingchi/Code/ws_moveit/install/moveit_core:/home/yuqingchi/Code/ws_moveit/install/rviz_marker_tools:/home/yuqingchi/Code/ws_moveit/install/moveit_task_constructor_msgs:/home/yuqingchi/Code/ws_moveit/install/moveit_resources_panda_moveit_config:/home/yuqingchi/Code/ws_moveit/install/moveit_resources_fanuc_moveit_config:/home/yuqingchi/Code/ws_moveit/install/moveit_resources_prbt_support:/home/yuqingchi/Code/ws_moveit/install/moveit_resources_pr2_description:/home/yuqingchi/Code/ws_moveit/install/moveit_resources_panda_description:/home/yuqingchi/Code/ws_moveit/install/moveit_resources_fanuc_description:/home/yuqingchi/Code/ws_moveit/install/moveit_msgs:/home/yuqingchi/Code/ws_moveit/install/moveit_configs_utils:/home/yuqingchi/Code/ws_moveit/install/moveit_common:${AMENT_PREFIX_PATH} CMAKE_MODULE_PATH=/home/yuqingchi/Code/ws_moveit/install/moveit_task_constructor_core/share/moveit_task_constructor_core/cmake CMAKE_PREFIX_PATH=/home/yuqingchi/Code/ws_moveit/install/moveit_task_constructor_core:/home/yuqingchi/Code/ws_moveit/install/moveit_planners:/home/yuqingchi/Code/ws_moveit/install/pilz_industrial_motion_planner:/home/yuqingchi/Code/ws_moveit/install/moveit_ros_visualization:/home/yuqingchi/Code/ws_moveit/install/moveit_resources_prbt_pg70_support:/home/yuqingchi/Code/ws_moveit/install/moveit_ros_planning_interface:/home/yuqingchi/Code/ws_moveit/install/moveit_resources_prbt_moveit_config:/home/yuqingchi/Code/ws_moveit/install/moveit_ros_move_group:/home/yuqingchi/Code/ws_moveit/install/moveit_ros_warehouse:/home/yuqingchi/Code/ws_moveit/install/moveit_ros_robot_interaction:/home/yuqingchi/Code/ws_moveit/install/moveit_planners_ompl:/home/yuqingchi/Code/ws_moveit/install/moveit_kinematics:/home/yuqingchi/Code/ws_moveit/install/moveit_ros_planning:/home/yuqingchi/Code/ws_moveit/install/moveit_planners_chomp:/home/yuqingchi/Code/ws_moveit/install/pilz_industrial_motion_planner_testutils:/home/yuqingchi/Code/ws_moveit/install/moveit_simple_controller_manager:/home/yuqingchi/Code/ws_moveit/install/moveit_ros_occupancy_map_monitor:/home/yuqingchi/Code/ws_moveit/install/moveit_resources_prbt_ikfast_manipulator_plugin:/home/yuqingchi/Code/ws_moveit/install/moveit_planners_stomp:/home/yuqingchi/Code/ws_moveit/install/chomp_motion_planner:/home/yuqingchi/Code/ws_moveit/install/moveit_core:/home/yuqingchi/Code/ws_moveit/install/rviz_marker_tools:/home/yuqingchi/Code/ws_moveit/install/moveit_task_constructor_msgs:/home/yuqingchi/Code/ws_moveit/install/moveit_resources_panda_moveit_config:/home/yuqingchi/Code/ws_moveit/install/moveit_resources_fanuc_moveit_config:/home/yuqingchi/Code/ws_moveit/install/moveit_resources_prbt_support:/home/yuqingchi/Code/ws_moveit/install/moveit_resources_pr2_description:/home/yuqingchi/Code/ws_moveit/install/moveit_resources_panda_description:/home/yuqingchi/Code/ws_moveit/install/moveit_resources_fanuc_description:/home/yuqingchi/Code/ws_moveit/install/moveit_msgs:/home/yuqingchi/Code/ws_moveit/install/moveit_common:/opt/ros/jazzy/opt/gz_math_vendor:/opt/ros/jazzy/opt/gz_utils_vendor:/opt/ros/jazzy/opt/gz_cmake_vendor:/opt/ros/jazzy DEBUGINFOD_URLS=https://debuginfod.ubuntu.com LD_LIBRARY_PATH=/home/yuqingchi/Code/ws_moveit/install/moveit_task_constructor_core/lib:/home/yuqingchi/Code/ws_moveit/install/pilz_industrial_motion_planner/lib:/home/yuqingchi/Code/ws_moveit/install/moveit_ros_visualization/lib:/home/yuqingchi/Code/ws_moveit/install/moveit_ros_planning_interface/lib:/home/yuqingchi/Code/ws_moveit/install/moveit_ros_move_group/lib:/home/yuqingchi/Code/ws_moveit/install/moveit_ros_warehouse/lib:/home/yuqingchi/Code/ws_moveit/install/moveit_ros_robot_interaction/lib:/home/yuqingchi/Code/ws_moveit/install/moveit_planners_ompl/lib:/home/yuqingchi/Code/ws_moveit/install/moveit_kinematics/lib:/home/yuqingchi/Code/ws_moveit/install/moveit_ros_planning/lib:/home/yuqingchi/Code/ws_moveit/install/moveit_planners_chomp/lib:/home/yuqingchi/Code/ws_moveit/install/pilz_industrial_motion_planner_testutils/lib:/home/yuqingchi/Code/ws_moveit/install/moveit_simple_controller_manager/lib:/home/yuqingchi/Code/ws_moveit/install/moveit_ros_occupancy_map_monitor/lib:/home/yuqingchi/Code/ws_moveit/install/moveit_resources_prbt_ikfast_manipulator_plugin/lib:/home/yuqingchi/Code/ws_moveit/install/moveit_planners_stomp/lib:/home/yuqingchi/Code/ws_moveit/install/chomp_motion_planner/lib:/home/yuqingchi/Code/ws_moveit/install/moveit_core/lib:/home/yuqingchi/Code/ws_moveit/install/rviz_marker_tools/lib:/home/yuqingchi/Code/ws_moveit/install/moveit_task_constructor_msgs/lib:/home/yuqingchi/Code/ws_moveit/install/moveit_msgs/lib:${LD_LIBRARY_PATH} PATH=/home/yuqingchi/Code/ws_moveit/install/moveit_core/bin:${PATH} PYTHONPATH=/home/yuqingchi/Code/ws_moveit/install/moveit_task_constructor_core/lib/python3.12/site-packages:/home/yuqingchi/Code/ws_moveit/install/moveit_task_constructor_msgs/lib/python3.12/site-packages:/home/yuqingchi/Code/ws_moveit/install/moveit_msgs/lib/python3.12/site-packages:/home/yuqingchi/Code/ws_moveit/install/moveit_configs_utils/lib/python3.12/site-packages:${PYTHONPATH} /usr/bin/cmake --build /home/yuqingchi/Code/ws_moveit/build/moveit_task_constructor_visualization -- -j16 -l16
[6.156s] [  0%] Built target motion_planning_tasks_utils_autogen_timestamp_deps
[6.156s] [  0%] Built target gmock_autogen_timestamp_deps
[6.156s] [  0%] Built target gmock_main_autogen_timestamp_deps
[6.158s] [  0%] Built target gtest_autogen_timestamp_deps
[6.160s] [  0%] Built target motion_planning_tasks_properties_autogen_timestamp_deps
[6.160s] [  0%] Built target gtest_main_autogen_timestamp_deps
[6.161s] [  0%] Built target moveit_task_visualization_tools_autogen_timestamp_deps
[6.190s] [  1%] [34m[1mAutomatic MOC for target gtest_main[0m
[6.191s] [  5%] [34m[1mAutomatic MOC for target motion_planning_tasks_utils[0m
[6.191s] [  5%] [34m[1mAutomatic MOC for target gmock_main[0m
[6.191s] [  5%] [34m[1mAutomatic MOC for target gmock[0m
[6.198s] [  6%] [34m[1mAutomatic MOC for target gtest[0m
[6.200s] [  7%] [34m[1mAutomatic MOC for target motion_planning_tasks_properties[0m
[6.201s] [  9%] [34m[1mAutomatic MOC for target moveit_task_visualization_tools[0m
[6.261s] [  9%] Built target gtest_main_autogen
[6.261s] [  9%] Built target gmock_autogen
[6.261s] [  9%] Built target gmock_main_autogen
[6.274s] [  9%] Built target gtest_autogen
[6.288s] [  9%] Built target motion_planning_tasks_properties_autogen
[6.307s] [ 18%] [32mBuilding CXX object gmock/CMakeFiles/gmock.dir/src/gmock-all.cc.o[0m
[6.307s] [ 18%] [32mBuilding CXX object gtest/CMakeFiles/gtest_main.dir/gtest_main_autogen/mocs_compilation.cpp.o[0m
[6.307s] [ 18%] [32mBuilding CXX object gmock/CMakeFiles/gmock_main.dir/src/gmock_main.cc.o[0m
[6.307s] [ 18%] [32mBuilding CXX object gmock/CMakeFiles/gmock_main.dir/gmock_main_autogen/mocs_compilation.cpp.o[0m
[6.308s] [ 18%] [32mBuilding CXX object gtest/CMakeFiles/gtest_main.dir/src/gtest_main.cc.o[0m
[6.308s] [ 18%] [32mBuilding CXX object gmock/CMakeFiles/gmock.dir/opt/ros/jazzy/src/gtest_vendor/src/gtest-all.cc.o[0m
[6.308s] [ 18%] [32mBuilding CXX object gmock/CMakeFiles/gmock.dir/gmock_autogen/mocs_compilation.cpp.o[0m
[6.319s] [ 21%] [32mBuilding CXX object gtest/CMakeFiles/gtest.dir/src/gtest-all.cc.o[0m
[6.322s] [ 21%] [32mBuilding CXX object gtest/CMakeFiles/gtest.dir/gtest_autogen/mocs_compilation.cpp.o[0m
[6.353s] [ 23%] [32mBuilding CXX object motion_planning_tasks/properties/CMakeFiles/motion_planning_tasks_properties.dir/property_factory.cpp.o[0m
[6.353s] [ 25%] [32mBuilding CXX object motion_planning_tasks/properties/CMakeFiles/motion_planning_tasks_properties.dir/motion_planning_tasks_properties_autogen/mocs_compilation.cpp.o[0m
[6.353s] [ 25%] [32mBuilding CXX object motion_planning_tasks/properties/CMakeFiles/motion_planning_tasks_properties.dir/property_from_yaml.cpp.o[0m
[6.454s] [ 25%] Built target motion_planning_tasks_utils_autogen
[6.497s] [ 30%] [32mBuilding CXX object motion_planning_tasks/utils/CMakeFiles/motion_planning_tasks_utils.dir/flat_merge_proxy_model.cpp.o[0m
[6.497s] [ 30%] [32mBuilding CXX object motion_planning_tasks/utils/CMakeFiles/motion_planning_tasks_utils.dir/tree_merge_proxy_model.cpp.o[0m
[6.497s] [ 30%] [32mBuilding CXX object motion_planning_tasks/utils/CMakeFiles/motion_planning_tasks_utils.dir/motion_planning_tasks_utils_autogen/mocs_compilation.cpp.o[0m
[6.497s] [ 30%] [32mBuilding CXX object motion_planning_tasks/utils/CMakeFiles/motion_planning_tasks_utils.dir/icon.cpp.o[0m
[6.563s] [ 30%] Built target moveit_task_visualization_tools_autogen
[6.613s] [ 32%] [32mBuilding CXX object visualization_tools/CMakeFiles/moveit_task_visualization_tools.dir/moveit_task_visualization_tools_autogen/mocs_compilation.cpp.o[0m
[6.613s] [ 32%] [32mBuilding CXX object visualization_tools/CMakeFiles/moveit_task_visualization_tools.dir/src/task_solution_panel.cpp.o[0m
[6.614s] [ 34%] [32mBuilding CXX object visualization_tools/CMakeFiles/moveit_task_visualization_tools.dir/src/display_solution.cpp.o[0m
[6.621s] [ 35%] [32mBuilding CXX object visualization_tools/CMakeFiles/moveit_task_visualization_tools.dir/src/marker_visualization.cpp.o[0m
[6.624s] [ 36%] [32mBuilding CXX object visualization_tools/CMakeFiles/moveit_task_visualization_tools.dir/src/task_solution_visualization.cpp.o[0m
[7.384s] [ 38%] [32m[1mLinking CXX static library libgtest_main.a[0m
[7.574s] [ 39%] [32m[1mLinking CXX static library libgmock_main.a[0m
[7.578s] [ 40%] Built target gtest_main
[7.779s] [ 42%] Built target gmock_main
[10.130s] [ 43%] [32m[1mLinking CXX shared library libmotion_planning_tasks_utils.so[0m
[10.688s] [ 44%] Built target motion_planning_tasks_utils
[16.342s] [ 46%] [32m[1mLinking CXX static library libgtest.a[0m
[16.377s] [ 47%] [32m[1mLinking CXX static library libgmock.a[0m
[16.490s] [ 48%] Built target gtest
[16.529s] [ 50%] Built target gmock
[16.538s] [ 50%] Built target moveit_task_constructor_visualization-test-merge-models_autogen_timestamp_deps
[16.586s] [ 51%] [34m[1mAutomatic MOC for target moveit_task_constructor_visualization-test-merge-models[0m
[16.679s] [ 51%] Built target moveit_task_constructor_visualization-test-merge-models_autogen
[16.730s] [ 53%] [32mBuilding CXX object motion_planning_tasks/test/CMakeFiles/moveit_task_constructor_visualization-test-merge-models.dir/test_merge_models.cpp.o[0m
[16.731s] [ 53%] [32mBuilding CXX object motion_planning_tasks/test/CMakeFiles/moveit_task_constructor_visualization-test-merge-models.dir/moveit_task_constructor_visualization-test-merge-models_autogen/mocs_compilation.cpp.o[0m
[17.797s] [ 55%] [32m[1mLinking CXX shared library libmotion_planning_tasks_properties.so[0m
[18.546s] [ 56%] Built target motion_planning_tasks_properties
[19.660s] [ 57%] [32m[1mLinking CXX executable moveit_task_constructor_visualization-test-merge-models[0m
[20.121s] [ 59%] Built target moveit_task_constructor_visualization-test-merge-models
[22.728s] [ 60%] [32m[1mLinking CXX shared library libmoveit_task_visualization_tools.so[0m
[25.794s] [ 61%] Built target moveit_task_visualization_tools
[25.835s] [ 61%] Built target motion_planning_tasks_rviz_plugin_autogen_timestamp_deps
[25.876s] [ 63%] [34m[1mAutomatic MOC for target motion_planning_tasks_rviz_plugin[0m
[26.913s] [ 63%] Built target motion_planning_tasks_rviz_plugin_autogen
[26.939s] [ 65%] [34m[1mGenerating ui_task_view.h[0m
[26.939s] [ 65%] [34m[1mGenerating ui_global_settings.h[0m
[26.939s] [ 68%] [34m[1mAutomatic RCC for resources.qrc[0m
[26.940s] [ 68%] [34m[1mGenerating ui_task_panel.h[0m
[27.025s] [ 72%] [32mBuilding CXX object motion_planning_tasks/src/CMakeFiles/motion_planning_tasks_rviz_plugin.dir/job_queue.cpp.o[0m
[27.025s] [ 72%] [32mBuilding CXX object motion_planning_tasks/src/CMakeFiles/motion_planning_tasks_rviz_plugin.dir/motion_planning_tasks_rviz_plugin_autogen/mocs_compilation.cpp.o[0m
[27.025s] [ 69%] [32mBuilding CXX object motion_planning_tasks/src/CMakeFiles/motion_planning_tasks_rviz_plugin.dir/plugin_init.cpp.o[0m
[27.025s] [ 75%] [32mBuilding CXX object motion_planning_tasks/src/CMakeFiles/motion_planning_tasks_rviz_plugin.dir/remote_task_model.cpp.o[0m
[27.025s] [ 75%] [32mBuilding CXX object motion_planning_tasks/src/CMakeFiles/motion_planning_tasks_rviz_plugin.dir/task_display.cpp.o[0m
[27.025s] [ 76%] [32mBuilding CXX object motion_planning_tasks/src/CMakeFiles/motion_planning_tasks_rviz_plugin.dir/meta_task_list_model.cpp.o[0m
[27.026s] [ 77%] [32mBuilding CXX object motion_planning_tasks/src/CMakeFiles/motion_planning_tasks_rviz_plugin.dir/task_panel.cpp.o[0m
[27.027s] [ 78%] [32mBuilding CXX object motion_planning_tasks/src/CMakeFiles/motion_planning_tasks_rviz_plugin.dir/motion_planning_tasks_rviz_plugin_autogen/EWIEGA46WW/qrc_resources.cpp.o[0m
[27.027s] [ 80%] [32mBuilding CXX object motion_planning_tasks/src/CMakeFiles/motion_planning_tasks_rviz_plugin.dir/factory_model.cpp.o[0m
[27.028s] [ 81%] [32mBuilding CXX object motion_planning_tasks/src/CMakeFiles/motion_planning_tasks_rviz_plugin.dir/icons.cpp.o[0m
[27.028s] [ 82%] [32mBuilding CXX object motion_planning_tasks/src/CMakeFiles/motion_planning_tasks_rviz_plugin.dir/local_task_model.cpp.o[0m
[27.041s] [ 84%] [32mBuilding CXX object motion_planning_tasks/src/CMakeFiles/motion_planning_tasks_rviz_plugin.dir/task_list_model.cpp.o[0m
[60.324s] [ 85%] [32m[1mLinking CXX shared library libmotion_planning_tasks_rviz_plugin.so[0m
[62.866s] [ 86%] Built target motion_planning_tasks_rviz_plugin
[62.905s] [ 86%] Built target moveit_task_constructor_visualization-test-task_model_autogen_timestamp_deps
[62.905s] [ 86%] Built target moveit_task_constructor_visualization-test-solution-models_autogen_timestamp_deps
[62.946s] [ 89%] [34m[1mAutomatic MOC for target moveit_task_constructor_visualization-test-solution-models[0m
[62.946s] [ 89%] [34m[1mAutomatic MOC for target moveit_task_constructor_visualization-test-task_model[0m
[63.015s] [ 89%] Built target moveit_task_constructor_visualization-test-solution-models_autogen
[63.019s] [ 89%] Built target moveit_task_constructor_visualization-test-task_model_autogen
[63.063s] [ 90%] [32mBuilding CXX object motion_planning_tasks/test/CMakeFiles/moveit_task_constructor_visualization-test-task_model.dir/moveit_task_constructor_visualization-test-task_model_autogen/mocs_compilation.cpp.o[0m
[63.063s] [ 92%] [32mBuilding CXX object motion_planning_tasks/test/CMakeFiles/moveit_task_constructor_visualization-test-solution-models.dir/moveit_task_constructor_visualization-test-solution-models_autogen/mocs_compilation.cpp.o[0m
[63.065s] [ 93%] [32mBuilding CXX object motion_planning_tasks/test/CMakeFiles/moveit_task_constructor_visualization-test-task_model.dir/test_task_model.cpp.o[0m
[63.065s] [ 94%] [32mBuilding CXX object motion_planning_tasks/test/CMakeFiles/moveit_task_constructor_visualization-test-solution-models.dir/test_solution_models.cpp.o[0m
[74.437s] [ 96%] [32m[1mLinking CXX executable moveit_task_constructor_visualization-test-solution-models[0m
[75.155s] [ 97%] [32m[1mLinking CXX executable moveit_task_constructor_visualization-test-task_model[0m
[75.397s] [ 98%] Built target moveit_task_constructor_visualization-test-solution-models
[76.175s] [100%] Built target moveit_task_constructor_visualization-test-task_model
[76.202s] Invoked command in '/home/yuqingchi/Code/ws_moveit/build/moveit_task_constructor_visualization' returned '0': AMENT_PREFIX_PATH=/home/yuqingchi/Code/ws_moveit/install/moveit_task_constructor_core:/home/yuqingchi/Code/ws_moveit/install/moveit_planners:/home/yuqingchi/Code/ws_moveit/install/pilz_industrial_motion_planner:/home/yuqingchi/Code/ws_moveit/install/moveit_ros_visualization:/home/yuqingchi/Code/ws_moveit/install/moveit_resources_prbt_pg70_support:/home/yuqingchi/Code/ws_moveit/install/moveit_ros_planning_interface:/home/yuqingchi/Code/ws_moveit/install/moveit_resources_prbt_moveit_config:/home/yuqingchi/Code/ws_moveit/install/moveit_ros_move_group:/home/yuqingchi/Code/ws_moveit/install/moveit_ros_warehouse:/home/yuqingchi/Code/ws_moveit/install/moveit_ros_robot_interaction:/home/yuqingchi/Code/ws_moveit/install/moveit_planners_ompl:/home/yuqingchi/Code/ws_moveit/install/moveit_kinematics:/home/yuqingchi/Code/ws_moveit/install/moveit_ros_planning:/home/yuqingchi/Code/ws_moveit/install/moveit_planners_chomp:/home/yuqingchi/Code/ws_moveit/install/pilz_industrial_motion_planner_testutils:/home/yuqingchi/Code/ws_moveit/install/moveit_simple_controller_manager:/home/yuqingchi/Code/ws_moveit/install/moveit_ros_occupancy_map_monitor:/home/yuqingchi/Code/ws_moveit/install/moveit_resources_prbt_ikfast_manipulator_plugin:/home/yuqingchi/Code/ws_moveit/install/moveit_planners_stomp:/home/yuqingchi/Code/ws_moveit/install/chomp_motion_planner:/home/yuqingchi/Code/ws_moveit/install/moveit_core:/home/yuqingchi/Code/ws_moveit/install/rviz_marker_tools:/home/yuqingchi/Code/ws_moveit/install/moveit_task_constructor_msgs:/home/yuqingchi/Code/ws_moveit/install/moveit_resources_panda_moveit_config:/home/yuqingchi/Code/ws_moveit/install/moveit_resources_fanuc_moveit_config:/home/yuqingchi/Code/ws_moveit/install/moveit_resources_prbt_support:/home/yuqingchi/Code/ws_moveit/install/moveit_resources_pr2_description:/home/yuqingchi/Code/ws_moveit/install/moveit_resources_panda_description:/home/yuqingchi/Code/ws_moveit/install/moveit_resources_fanuc_description:/home/yuqingchi/Code/ws_moveit/install/moveit_msgs:/home/yuqingchi/Code/ws_moveit/install/moveit_configs_utils:/home/yuqingchi/Code/ws_moveit/install/moveit_common:${AMENT_PREFIX_PATH} CMAKE_MODULE_PATH=/home/yuqingchi/Code/ws_moveit/install/moveit_task_constructor_core/share/moveit_task_constructor_core/cmake CMAKE_PREFIX_PATH=/home/yuqingchi/Code/ws_moveit/install/moveit_task_constructor_core:/home/yuqingchi/Code/ws_moveit/install/moveit_planners:/home/yuqingchi/Code/ws_moveit/install/pilz_industrial_motion_planner:/home/yuqingchi/Code/ws_moveit/install/moveit_ros_visualization:/home/yuqingchi/Code/ws_moveit/install/moveit_resources_prbt_pg70_support:/home/yuqingchi/Code/ws_moveit/install/moveit_ros_planning_interface:/home/yuqingchi/Code/ws_moveit/install/moveit_resources_prbt_moveit_config:/home/yuqingchi/Code/ws_moveit/install/moveit_ros_move_group:/home/yuqingchi/Code/ws_moveit/install/moveit_ros_warehouse:/home/yuqingchi/Code/ws_moveit/install/moveit_ros_robot_interaction:/home/yuqingchi/Code/ws_moveit/install/moveit_planners_ompl:/home/yuqingchi/Code/ws_moveit/install/moveit_kinematics:/home/yuqingchi/Code/ws_moveit/install/moveit_ros_planning:/home/yuqingchi/Code/ws_moveit/install/moveit_planners_chomp:/home/yuqingchi/Code/ws_moveit/install/pilz_industrial_motion_planner_testutils:/home/yuqingchi/Code/ws_moveit/install/moveit_simple_controller_manager:/home/yuqingchi/Code/ws_moveit/install/moveit_ros_occupancy_map_monitor:/home/yuqingchi/Code/ws_moveit/install/moveit_resources_prbt_ikfast_manipulator_plugin:/home/yuqingchi/Code/ws_moveit/install/moveit_planners_stomp:/home/yuqingchi/Code/ws_moveit/install/chomp_motion_planner:/home/yuqingchi/Code/ws_moveit/install/moveit_core:/home/yuqingchi/Code/ws_moveit/install/rviz_marker_tools:/home/yuqingchi/Code/ws_moveit/install/moveit_task_constructor_msgs:/home/yuqingchi/Code/ws_moveit/install/moveit_resources_panda_moveit_config:/home/yuqingchi/Code/ws_moveit/install/moveit_resources_fanuc_moveit_config:/home/yuqingchi/Code/ws_moveit/install/moveit_resources_prbt_support:/home/yuqingchi/Code/ws_moveit/install/moveit_resources_pr2_description:/home/yuqingchi/Code/ws_moveit/install/moveit_resources_panda_description:/home/yuqingchi/Code/ws_moveit/install/moveit_resources_fanuc_description:/home/yuqingchi/Code/ws_moveit/install/moveit_msgs:/home/yuqingchi/Code/ws_moveit/install/moveit_common:/opt/ros/jazzy/opt/gz_math_vendor:/opt/ros/jazzy/opt/gz_utils_vendor:/opt/ros/jazzy/opt/gz_cmake_vendor:/opt/ros/jazzy DEBUGINFOD_URLS=https://debuginfod.ubuntu.com LD_LIBRARY_PATH=/home/yuqingchi/Code/ws_moveit/install/moveit_task_constructor_core/lib:/home/yuqingchi/Code/ws_moveit/install/pilz_industrial_motion_planner/lib:/home/yuqingchi/Code/ws_moveit/install/moveit_ros_visualization/lib:/home/yuqingchi/Code/ws_moveit/install/moveit_ros_planning_interface/lib:/home/yuqingchi/Code/ws_moveit/install/moveit_ros_move_group/lib:/home/yuqingchi/Code/ws_moveit/install/moveit_ros_warehouse/lib:/home/yuqingchi/Code/ws_moveit/install/moveit_ros_robot_interaction/lib:/home/yuqingchi/Code/ws_moveit/install/moveit_planners_ompl/lib:/home/yuqingchi/Code/ws_moveit/install/moveit_kinematics/lib:/home/yuqingchi/Code/ws_moveit/install/moveit_ros_planning/lib:/home/yuqingchi/Code/ws_moveit/install/moveit_planners_chomp/lib:/home/yuqingchi/Code/ws_moveit/install/pilz_industrial_motion_planner_testutils/lib:/home/yuqingchi/Code/ws_moveit/install/moveit_simple_controller_manager/lib:/home/yuqingchi/Code/ws_moveit/install/moveit_ros_occupancy_map_monitor/lib:/home/yuqingchi/Code/ws_moveit/install/moveit_resources_prbt_ikfast_manipulator_plugin/lib:/home/yuqingchi/Code/ws_moveit/install/moveit_planners_stomp/lib:/home/yuqingchi/Code/ws_moveit/install/chomp_motion_planner/lib:/home/yuqingchi/Code/ws_moveit/install/moveit_core/lib:/home/yuqingchi/Code/ws_moveit/install/rviz_marker_tools/lib:/home/yuqingchi/Code/ws_moveit/install/moveit_task_constructor_msgs/lib:/home/yuqingchi/Code/ws_moveit/install/moveit_msgs/lib:${LD_LIBRARY_PATH} PATH=/home/yuqingchi/Code/ws_moveit/install/moveit_core/bin:${PATH} PYTHONPATH=/home/yuqingchi/Code/ws_moveit/install/moveit_task_constructor_core/lib/python3.12/site-packages:/home/yuqingchi/Code/ws_moveit/install/moveit_task_constructor_msgs/lib/python3.12/site-packages:/home/yuqingchi/Code/ws_moveit/install/moveit_msgs/lib/python3.12/site-packages:/home/yuqingchi/Code/ws_moveit/install/moveit_configs_utils/lib/python3.12/site-packages:${PYTHONPATH} /usr/bin/cmake --build /home/yuqingchi/Code/ws_moveit/build/moveit_task_constructor_visualization -- -j16 -l16
[76.204s] Invoking command in '/home/yuqingchi/Code/ws_moveit/build/moveit_task_constructor_visualization': AMENT_PREFIX_PATH=/home/yuqingchi/Code/ws_moveit/install/moveit_task_constructor_core:/home/yuqingchi/Code/ws_moveit/install/moveit_planners:/home/yuqingchi/Code/ws_moveit/install/pilz_industrial_motion_planner:/home/yuqingchi/Code/ws_moveit/install/moveit_ros_visualization:/home/yuqingchi/Code/ws_moveit/install/moveit_resources_prbt_pg70_support:/home/yuqingchi/Code/ws_moveit/install/moveit_ros_planning_interface:/home/yuqingchi/Code/ws_moveit/install/moveit_resources_prbt_moveit_config:/home/yuqingchi/Code/ws_moveit/install/moveit_ros_move_group:/home/yuqingchi/Code/ws_moveit/install/moveit_ros_warehouse:/home/yuqingchi/Code/ws_moveit/install/moveit_ros_robot_interaction:/home/yuqingchi/Code/ws_moveit/install/moveit_planners_ompl:/home/yuqingchi/Code/ws_moveit/install/moveit_kinematics:/home/yuqingchi/Code/ws_moveit/install/moveit_ros_planning:/home/yuqingchi/Code/ws_moveit/install/moveit_planners_chomp:/home/yuqingchi/Code/ws_moveit/install/pilz_industrial_motion_planner_testutils:/home/yuqingchi/Code/ws_moveit/install/moveit_simple_controller_manager:/home/yuqingchi/Code/ws_moveit/install/moveit_ros_occupancy_map_monitor:/home/yuqingchi/Code/ws_moveit/install/moveit_resources_prbt_ikfast_manipulator_plugin:/home/yuqingchi/Code/ws_moveit/install/moveit_planners_stomp:/home/yuqingchi/Code/ws_moveit/install/chomp_motion_planner:/home/yuqingchi/Code/ws_moveit/install/moveit_core:/home/yuqingchi/Code/ws_moveit/install/rviz_marker_tools:/home/yuqingchi/Code/ws_moveit/install/moveit_task_constructor_msgs:/home/yuqingchi/Code/ws_moveit/install/moveit_resources_panda_moveit_config:/home/yuqingchi/Code/ws_moveit/install/moveit_resources_fanuc_moveit_config:/home/yuqingchi/Code/ws_moveit/install/moveit_resources_prbt_support:/home/yuqingchi/Code/ws_moveit/install/moveit_resources_pr2_description:/home/yuqingchi/Code/ws_moveit/install/moveit_resources_panda_description:/home/yuqingchi/Code/ws_moveit/install/moveit_resources_fanuc_description:/home/yuqingchi/Code/ws_moveit/install/moveit_msgs:/home/yuqingchi/Code/ws_moveit/install/moveit_configs_utils:/home/yuqingchi/Code/ws_moveit/install/moveit_common:${AMENT_PREFIX_PATH} CMAKE_MODULE_PATH=/home/yuqingchi/Code/ws_moveit/install/moveit_task_constructor_core/share/moveit_task_constructor_core/cmake CMAKE_PREFIX_PATH=/home/yuqingchi/Code/ws_moveit/install/moveit_task_constructor_core:/home/yuqingchi/Code/ws_moveit/install/moveit_planners:/home/yuqingchi/Code/ws_moveit/install/pilz_industrial_motion_planner:/home/yuqingchi/Code/ws_moveit/install/moveit_ros_visualization:/home/yuqingchi/Code/ws_moveit/install/moveit_resources_prbt_pg70_support:/home/yuqingchi/Code/ws_moveit/install/moveit_ros_planning_interface:/home/yuqingchi/Code/ws_moveit/install/moveit_resources_prbt_moveit_config:/home/yuqingchi/Code/ws_moveit/install/moveit_ros_move_group:/home/yuqingchi/Code/ws_moveit/install/moveit_ros_warehouse:/home/yuqingchi/Code/ws_moveit/install/moveit_ros_robot_interaction:/home/yuqingchi/Code/ws_moveit/install/moveit_planners_ompl:/home/yuqingchi/Code/ws_moveit/install/moveit_kinematics:/home/yuqingchi/Code/ws_moveit/install/moveit_ros_planning:/home/yuqingchi/Code/ws_moveit/install/moveit_planners_chomp:/home/yuqingchi/Code/ws_moveit/install/pilz_industrial_motion_planner_testutils:/home/yuqingchi/Code/ws_moveit/install/moveit_simple_controller_manager:/home/yuqingchi/Code/ws_moveit/install/moveit_ros_occupancy_map_monitor:/home/yuqingchi/Code/ws_moveit/install/moveit_resources_prbt_ikfast_manipulator_plugin:/home/yuqingchi/Code/ws_moveit/install/moveit_planners_stomp:/home/yuqingchi/Code/ws_moveit/install/chomp_motion_planner:/home/yuqingchi/Code/ws_moveit/install/moveit_core:/home/yuqingchi/Code/ws_moveit/install/rviz_marker_tools:/home/yuqingchi/Code/ws_moveit/install/moveit_task_constructor_msgs:/home/yuqingchi/Code/ws_moveit/install/moveit_resources_panda_moveit_config:/home/yuqingchi/Code/ws_moveit/install/moveit_resources_fanuc_moveit_config:/home/yuqingchi/Code/ws_moveit/install/moveit_resources_prbt_support:/home/yuqingchi/Code/ws_moveit/install/moveit_resources_pr2_description:/home/yuqingchi/Code/ws_moveit/install/moveit_resources_panda_description:/home/yuqingchi/Code/ws_moveit/install/moveit_resources_fanuc_description:/home/yuqingchi/Code/ws_moveit/install/moveit_msgs:/home/yuqingchi/Code/ws_moveit/install/moveit_common:/opt/ros/jazzy/opt/gz_math_vendor:/opt/ros/jazzy/opt/gz_utils_vendor:/opt/ros/jazzy/opt/gz_cmake_vendor:/opt/ros/jazzy DEBUGINFOD_URLS=https://debuginfod.ubuntu.com LD_LIBRARY_PATH=/home/yuqingchi/Code/ws_moveit/install/moveit_task_constructor_core/lib:/home/yuqingchi/Code/ws_moveit/install/pilz_industrial_motion_planner/lib:/home/yuqingchi/Code/ws_moveit/install/moveit_ros_visualization/lib:/home/yuqingchi/Code/ws_moveit/install/moveit_ros_planning_interface/lib:/home/yuqingchi/Code/ws_moveit/install/moveit_ros_move_group/lib:/home/yuqingchi/Code/ws_moveit/install/moveit_ros_warehouse/lib:/home/yuqingchi/Code/ws_moveit/install/moveit_ros_robot_interaction/lib:/home/yuqingchi/Code/ws_moveit/install/moveit_planners_ompl/lib:/home/yuqingchi/Code/ws_moveit/install/moveit_kinematics/lib:/home/yuqingchi/Code/ws_moveit/install/moveit_ros_planning/lib:/home/yuqingchi/Code/ws_moveit/install/moveit_planners_chomp/lib:/home/yuqingchi/Code/ws_moveit/install/pilz_industrial_motion_planner_testutils/lib:/home/yuqingchi/Code/ws_moveit/install/moveit_simple_controller_manager/lib:/home/yuqingchi/Code/ws_moveit/install/moveit_ros_occupancy_map_monitor/lib:/home/yuqingchi/Code/ws_moveit/install/moveit_resources_prbt_ikfast_manipulator_plugin/lib:/home/yuqingchi/Code/ws_moveit/install/moveit_planners_stomp/lib:/home/yuqingchi/Code/ws_moveit/install/chomp_motion_planner/lib:/home/yuqingchi/Code/ws_moveit/install/moveit_core/lib:/home/yuqingchi/Code/ws_moveit/install/rviz_marker_tools/lib:/home/yuqingchi/Code/ws_moveit/install/moveit_task_constructor_msgs/lib:/home/yuqingchi/Code/ws_moveit/install/moveit_msgs/lib:${LD_LIBRARY_PATH} PATH=/home/yuqingchi/Code/ws_moveit/install/moveit_core/bin:${PATH} PYTHONPATH=/home/yuqingchi/Code/ws_moveit/install/moveit_task_constructor_core/lib/python3.12/site-packages:/home/yuqingchi/Code/ws_moveit/install/moveit_task_constructor_msgs/lib/python3.12/site-packages:/home/yuqingchi/Code/ws_moveit/install/moveit_msgs/lib/python3.12/site-packages:/home/yuqingchi/Code/ws_moveit/install/moveit_configs_utils/lib/python3.12/site-packages:${PYTHONPATH} /usr/bin/cmake --install /home/yuqingchi/Code/ws_moveit/build/moveit_task_constructor_visualization
[76.222s] -- Install configuration: "Release"
[76.222s] -- Installing: /home/yuqingchi/Code/ws_moveit/install/moveit_task_constructor_visualization/include
[76.222s] -- Installing: /home/yuqingchi/Code/ws_moveit/install/moveit_task_constructor_visualization/include/moveit
[76.223s] -- Installing: /home/yuqingchi/Code/ws_moveit/install/moveit_task_constructor_visualization/include/moveit/visualization_tools
[76.223s] -- Installing: /home/yuqingchi/Code/ws_moveit/install/moveit_task_constructor_visualization/include/moveit/visualization_tools/marker_visualization.h
[76.223s] -- Installing: /home/yuqingchi/Code/ws_moveit/install/moveit_task_constructor_visualization/include/moveit/visualization_tools/display_solution.h
[76.223s] -- Installing: /home/yuqingchi/Code/ws_moveit/install/moveit_task_constructor_visualization/include/moveit/visualization_tools/task_solution_panel.h
[76.223s] -- Installing: /home/yuqingchi/Code/ws_moveit/install/moveit_task_constructor_visualization/include/moveit/visualization_tools/task_solution_visualization.h
[76.223s] -- Installing: /home/yuqingchi/Code/ws_moveit/install/moveit_task_constructor_visualization/lib/libmoveit_task_visualization_tools.so.0.1.3
[76.225s] -- Set non-toolchain portion of runtime path of "/home/yuqingchi/Code/ws_moveit/install/moveit_task_constructor_visualization/lib/libmoveit_task_visualization_tools.so.0.1.3" to ""
[76.225s] -- Installing: /home/yuqingchi/Code/ws_moveit/install/moveit_task_constructor_visualization/lib/libmoveit_task_visualization_tools.so
[76.226s] -- Installing: /home/yuqingchi/Code/ws_moveit/install/moveit_task_constructor_visualization/lib/libmotion_planning_tasks_utils.so
[76.226s] -- Installing: /home/yuqingchi/Code/ws_moveit/install/moveit_task_constructor_visualization/lib/libmotion_planning_tasks_properties.so
[76.227s] -- Set non-toolchain portion of runtime path of "/home/yuqingchi/Code/ws_moveit/install/moveit_task_constructor_visualization/lib/libmotion_planning_tasks_properties.so" to ""
[76.227s] -- Installing: /home/yuqingchi/Code/ws_moveit/install/moveit_task_constructor_visualization/lib/libmotion_planning_tasks_rviz_plugin.so.0.1.3
[76.233s] -- Set non-toolchain portion of runtime path of "/home/yuqingchi/Code/ws_moveit/install/moveit_task_constructor_visualization/lib/libmotion_planning_tasks_rviz_plugin.so.0.1.3" to ""
[76.233s] -- Installing: /home/yuqingchi/Code/ws_moveit/install/moveit_task_constructor_visualization/lib/libmotion_planning_tasks_rviz_plugin.so
[76.233s] -- Installing: /home/yuqingchi/Code/ws_moveit/install/moveit_task_constructor_visualization/share/icons
[76.233s] -- Installing: /home/yuqingchi/Code/ws_moveit/install/moveit_task_constructor_visualization/share/icons/classes
[76.233s] -- Installing: /home/yuqingchi/Code/ws_moveit/install/moveit_task_constructor_visualization/share/icons/classes/Motion Planning Tasks.svg
[76.234s] -- Installing: /home/yuqingchi/Code/ws_moveit/install/moveit_task_constructor_visualization/share/moveit_task_constructor_visualization/motion_planning_tasks_rviz_plugin_description.xml
[76.234s] -- Installing: /home/yuqingchi/Code/ws_moveit/install/moveit_task_constructor_visualization/share/moveit_task_constructor_visualization/environment/library_path.sh
[76.234s] -- Installing: /home/yuqingchi/Code/ws_moveit/install/moveit_task_constructor_visualization/share/moveit_task_constructor_visualization/environment/library_path.dsv
[76.234s] -- Installing: /home/yuqingchi/Code/ws_moveit/install/moveit_task_constructor_visualization/share/ament_index/resource_index/package_run_dependencies/moveit_task_constructor_visualization
[76.234s] -- Installing: /home/yuqingchi/Code/ws_moveit/install/moveit_task_constructor_visualization/share/ament_index/resource_index/parent_prefix_path/moveit_task_constructor_visualization
[76.235s] -- Installing: /home/yuqingchi/Code/ws_moveit/install/moveit_task_constructor_visualization/share/moveit_task_constructor_visualization/environment/ament_prefix_path.sh
[76.235s] -- Installing: /home/yuqingchi/Code/ws_moveit/install/moveit_task_constructor_visualization/share/moveit_task_constructor_visualization/environment/ament_prefix_path.dsv
[76.235s] -- Installing: /home/yuqingchi/Code/ws_moveit/install/moveit_task_constructor_visualization/share/moveit_task_constructor_visualization/environment/path.sh
[76.235s] -- Installing: /home/yuqingchi/Code/ws_moveit/install/moveit_task_constructor_visualization/share/moveit_task_constructor_visualization/environment/path.dsv
[76.235s] -- Installing: /home/yuqingchi/Code/ws_moveit/install/moveit_task_constructor_visualization/share/moveit_task_constructor_visualization/local_setup.bash
[76.235s] -- Installing: /home/yuqingchi/Code/ws_moveit/install/moveit_task_constructor_visualization/share/moveit_task_constructor_visualization/local_setup.sh
[76.235s] -- Installing: /home/yuqingchi/Code/ws_moveit/install/moveit_task_constructor_visualization/share/moveit_task_constructor_visualization/local_setup.zsh
[76.236s] -- Installing: /home/yuqingchi/Code/ws_moveit/install/moveit_task_constructor_visualization/share/moveit_task_constructor_visualization/local_setup.dsv
[76.236s] -- Installing: /home/yuqingchi/Code/ws_moveit/install/moveit_task_constructor_visualization/share/moveit_task_constructor_visualization/package.dsv
[76.236s] -- Installing: /home/yuqingchi/Code/ws_moveit/install/moveit_task_constructor_visualization/share/ament_index/resource_index/packages/moveit_task_constructor_visualization
[76.236s] -- Installing: /home/yuqingchi/Code/ws_moveit/install/moveit_task_constructor_visualization/share/ament_index/resource_index/rviz_common__pluginlib__plugin/moveit_task_constructor_visualization
[76.236s] -- Installing: /home/yuqingchi/Code/ws_moveit/install/moveit_task_constructor_visualization/share/moveit_task_constructor_visualization/cmake/ament_cmake_export_include_directories-extras.cmake
[76.237s] -- Installing: /home/yuqingchi/Code/ws_moveit/install/moveit_task_constructor_visualization/share/moveit_task_constructor_visualization/cmake/ament_cmake_export_libraries-extras.cmake
[76.237s] -- Installing: /home/yuqingchi/Code/ws_moveit/install/moveit_task_constructor_visualization/share/moveit_task_constructor_visualization/cmake/ament_cmake_export_dependencies-extras.cmake
[76.237s] -- Installing: /home/yuqingchi/Code/ws_moveit/install/moveit_task_constructor_visualization/share/moveit_task_constructor_visualization/cmake/moveit_task_constructor_visualizationConfig.cmake
[76.237s] -- Installing: /home/yuqingchi/Code/ws_moveit/install/moveit_task_constructor_visualization/share/moveit_task_constructor_visualization/cmake/moveit_task_constructor_visualizationConfig-version.cmake
[76.237s] -- Installing: /home/yuqingchi/Code/ws_moveit/install/moveit_task_constructor_visualization/share/moveit_task_constructor_visualization/package.xml
[76.242s] Invoked command in '/home/yuqingchi/Code/ws_moveit/build/moveit_task_constructor_visualization' returned '0': AMENT_PREFIX_PATH=/home/yuqingchi/Code/ws_moveit/install/moveit_task_constructor_core:/home/yuqingchi/Code/ws_moveit/install/moveit_planners:/home/yuqingchi/Code/ws_moveit/install/pilz_industrial_motion_planner:/home/yuqingchi/Code/ws_moveit/install/moveit_ros_visualization:/home/yuqingchi/Code/ws_moveit/install/moveit_resources_prbt_pg70_support:/home/yuqingchi/Code/ws_moveit/install/moveit_ros_planning_interface:/home/yuqingchi/Code/ws_moveit/install/moveit_resources_prbt_moveit_config:/home/yuqingchi/Code/ws_moveit/install/moveit_ros_move_group:/home/yuqingchi/Code/ws_moveit/install/moveit_ros_warehouse:/home/yuqingchi/Code/ws_moveit/install/moveit_ros_robot_interaction:/home/yuqingchi/Code/ws_moveit/install/moveit_planners_ompl:/home/yuqingchi/Code/ws_moveit/install/moveit_kinematics:/home/yuqingchi/Code/ws_moveit/install/moveit_ros_planning:/home/yuqingchi/Code/ws_moveit/install/moveit_planners_chomp:/home/yuqingchi/Code/ws_moveit/install/pilz_industrial_motion_planner_testutils:/home/yuqingchi/Code/ws_moveit/install/moveit_simple_controller_manager:/home/yuqingchi/Code/ws_moveit/install/moveit_ros_occupancy_map_monitor:/home/yuqingchi/Code/ws_moveit/install/moveit_resources_prbt_ikfast_manipulator_plugin:/home/yuqingchi/Code/ws_moveit/install/moveit_planners_stomp:/home/yuqingchi/Code/ws_moveit/install/chomp_motion_planner:/home/yuqingchi/Code/ws_moveit/install/moveit_core:/home/yuqingchi/Code/ws_moveit/install/rviz_marker_tools:/home/yuqingchi/Code/ws_moveit/install/moveit_task_constructor_msgs:/home/yuqingchi/Code/ws_moveit/install/moveit_resources_panda_moveit_config:/home/yuqingchi/Code/ws_moveit/install/moveit_resources_fanuc_moveit_config:/home/yuqingchi/Code/ws_moveit/install/moveit_resources_prbt_support:/home/yuqingchi/Code/ws_moveit/install/moveit_resources_pr2_description:/home/yuqingchi/Code/ws_moveit/install/moveit_resources_panda_description:/home/yuqingchi/Code/ws_moveit/install/moveit_resources_fanuc_description:/home/yuqingchi/Code/ws_moveit/install/moveit_msgs:/home/yuqingchi/Code/ws_moveit/install/moveit_configs_utils:/home/yuqingchi/Code/ws_moveit/install/moveit_common:${AMENT_PREFIX_PATH} CMAKE_MODULE_PATH=/home/yuqingchi/Code/ws_moveit/install/moveit_task_constructor_core/share/moveit_task_constructor_core/cmake CMAKE_PREFIX_PATH=/home/yuqingchi/Code/ws_moveit/install/moveit_task_constructor_core:/home/yuqingchi/Code/ws_moveit/install/moveit_planners:/home/yuqingchi/Code/ws_moveit/install/pilz_industrial_motion_planner:/home/yuqingchi/Code/ws_moveit/install/moveit_ros_visualization:/home/yuqingchi/Code/ws_moveit/install/moveit_resources_prbt_pg70_support:/home/yuqingchi/Code/ws_moveit/install/moveit_ros_planning_interface:/home/yuqingchi/Code/ws_moveit/install/moveit_resources_prbt_moveit_config:/home/yuqingchi/Code/ws_moveit/install/moveit_ros_move_group:/home/yuqingchi/Code/ws_moveit/install/moveit_ros_warehouse:/home/yuqingchi/Code/ws_moveit/install/moveit_ros_robot_interaction:/home/yuqingchi/Code/ws_moveit/install/moveit_planners_ompl:/home/yuqingchi/Code/ws_moveit/install/moveit_kinematics:/home/yuqingchi/Code/ws_moveit/install/moveit_ros_planning:/home/yuqingchi/Code/ws_moveit/install/moveit_planners_chomp:/home/yuqingchi/Code/ws_moveit/install/pilz_industrial_motion_planner_testutils:/home/yuqingchi/Code/ws_moveit/install/moveit_simple_controller_manager:/home/yuqingchi/Code/ws_moveit/install/moveit_ros_occupancy_map_monitor:/home/yuqingchi/Code/ws_moveit/install/moveit_resources_prbt_ikfast_manipulator_plugin:/home/yuqingchi/Code/ws_moveit/install/moveit_planners_stomp:/home/yuqingchi/Code/ws_moveit/install/chomp_motion_planner:/home/yuqingchi/Code/ws_moveit/install/moveit_core:/home/yuqingchi/Code/ws_moveit/install/rviz_marker_tools:/home/yuqingchi/Code/ws_moveit/install/moveit_task_constructor_msgs:/home/yuqingchi/Code/ws_moveit/install/moveit_resources_panda_moveit_config:/home/yuqingchi/Code/ws_moveit/install/moveit_resources_fanuc_moveit_config:/home/yuqingchi/Code/ws_moveit/install/moveit_resources_prbt_support:/home/yuqingchi/Code/ws_moveit/install/moveit_resources_pr2_description:/home/yuqingchi/Code/ws_moveit/install/moveit_resources_panda_description:/home/yuqingchi/Code/ws_moveit/install/moveit_resources_fanuc_description:/home/yuqingchi/Code/ws_moveit/install/moveit_msgs:/home/yuqingchi/Code/ws_moveit/install/moveit_common:/opt/ros/jazzy/opt/gz_math_vendor:/opt/ros/jazzy/opt/gz_utils_vendor:/opt/ros/jazzy/opt/gz_cmake_vendor:/opt/ros/jazzy DEBUGINFOD_URLS=https://debuginfod.ubuntu.com LD_LIBRARY_PATH=/home/yuqingchi/Code/ws_moveit/install/moveit_task_constructor_core/lib:/home/yuqingchi/Code/ws_moveit/install/pilz_industrial_motion_planner/lib:/home/yuqingchi/Code/ws_moveit/install/moveit_ros_visualization/lib:/home/yuqingchi/Code/ws_moveit/install/moveit_ros_planning_interface/lib:/home/yuqingchi/Code/ws_moveit/install/moveit_ros_move_group/lib:/home/yuqingchi/Code/ws_moveit/install/moveit_ros_warehouse/lib:/home/yuqingchi/Code/ws_moveit/install/moveit_ros_robot_interaction/lib:/home/yuqingchi/Code/ws_moveit/install/moveit_planners_ompl/lib:/home/yuqingchi/Code/ws_moveit/install/moveit_kinematics/lib:/home/yuqingchi/Code/ws_moveit/install/moveit_ros_planning/lib:/home/yuqingchi/Code/ws_moveit/install/moveit_planners_chomp/lib:/home/yuqingchi/Code/ws_moveit/install/pilz_industrial_motion_planner_testutils/lib:/home/yuqingchi/Code/ws_moveit/install/moveit_simple_controller_manager/lib:/home/yuqingchi/Code/ws_moveit/install/moveit_ros_occupancy_map_monitor/lib:/home/yuqingchi/Code/ws_moveit/install/moveit_resources_prbt_ikfast_manipulator_plugin/lib:/home/yuqingchi/Code/ws_moveit/install/moveit_planners_stomp/lib:/home/yuqingchi/Code/ws_moveit/install/chomp_motion_planner/lib:/home/yuqingchi/Code/ws_moveit/install/moveit_core/lib:/home/yuqingchi/Code/ws_moveit/install/rviz_marker_tools/lib:/home/yuqingchi/Code/ws_moveit/install/moveit_task_constructor_msgs/lib:/home/yuqingchi/Code/ws_moveit/install/moveit_msgs/lib:${LD_LIBRARY_PATH} PATH=/home/yuqingchi/Code/ws_moveit/install/moveit_core/bin:${PATH} PYTHONPATH=/home/yuqingchi/Code/ws_moveit/install/moveit_task_constructor_core/lib/python3.12/site-packages:/home/yuqingchi/Code/ws_moveit/install/moveit_task_constructor_msgs/lib/python3.12/site-packages:/home/yuqingchi/Code/ws_moveit/install/moveit_msgs/lib/python3.12/site-packages:/home/yuqingchi/Code/ws_moveit/install/moveit_configs_utils/lib/python3.12/site-packages:${PYTHONPATH} /usr/bin/cmake --install /home/yuqingchi/Code/ws_moveit/build/moveit_task_constructor_visualization
