[0.114s] Invoking command in '/home/yuqingchi/Code/ws_moveit/build/moveit_task_constructor_core': AMENT_PREFIX_PATH=/home/yuqingchi/Code/ws_moveit/install/moveit_planners:/home/yuqingchi/Code/ws_moveit/install/pilz_industrial_motion_planner:/home/yuqingchi/Code/ws_moveit/install/moveit_resources_prbt_pg70_support:/home/yuqingchi/Code/ws_moveit/install/moveit_ros_planning_interface:/home/yuqingchi/Code/ws_moveit/install/moveit_resources_prbt_moveit_config:/home/yuqingchi/Code/ws_moveit/install/moveit_ros_move_group:/home/yuqingchi/Code/ws_moveit/install/moveit_ros_warehouse:/home/yuqingchi/Code/ws_moveit/install/moveit_planners_ompl:/home/yuqingchi/Code/ws_moveit/install/moveit_kinematics:/home/yuqingchi/Code/ws_moveit/install/moveit_ros_planning:/home/yuqingchi/Code/ws_moveit/install/moveit_planners_chomp:/home/yuqingchi/Code/ws_moveit/install/pilz_industrial_motion_planner_testutils:/home/yuqingchi/Code/ws_moveit/install/moveit_simple_controller_manager:/home/yuqingchi/Code/ws_moveit/install/moveit_ros_occupancy_map_monitor:/home/yuqingchi/Code/ws_moveit/install/moveit_resources_prbt_ikfast_manipulator_plugin:/home/yuqingchi/Code/ws_moveit/install/moveit_planners_stomp:/home/yuqingchi/Code/ws_moveit/install/chomp_motion_planner:/home/yuqingchi/Code/ws_moveit/install/moveit_core:/home/yuqingchi/Code/ws_moveit/install/rviz_marker_tools:/home/yuqingchi/Code/ws_moveit/install/moveit_task_constructor_msgs:/home/yuqingchi/Code/ws_moveit/install/moveit_resources_panda_moveit_config:/home/yuqingchi/Code/ws_moveit/install/moveit_resources_fanuc_moveit_config:/home/yuqingchi/Code/ws_moveit/install/moveit_resources_prbt_support:/home/yuqingchi/Code/ws_moveit/install/moveit_resources_pr2_description:/home/yuqingchi/Code/ws_moveit/install/moveit_resources_panda_description:/home/yuqingchi/Code/ws_moveit/install/moveit_resources_fanuc_description:/home/yuqingchi/Code/ws_moveit/install/moveit_msgs:/home/yuqingchi/Code/ws_moveit/install/moveit_configs_utils:/home/yuqingchi/Code/ws_moveit/install/moveit_common:${AMENT_PREFIX_PATH} CMAKE_PREFIX_PATH=/home/yuqingchi/Code/ws_moveit/install/moveit_planners:/home/yuqingchi/Code/ws_moveit/install/pilz_industrial_motion_planner:/home/yuqingchi/Code/ws_moveit/install/moveit_resources_prbt_pg70_support:/home/yuqingchi/Code/ws_moveit/install/moveit_ros_planning_interface:/home/yuqingchi/Code/ws_moveit/install/moveit_resources_prbt_moveit_config:/home/yuqingchi/Code/ws_moveit/install/moveit_ros_move_group:/home/yuqingchi/Code/ws_moveit/install/moveit_ros_warehouse:/home/yuqingchi/Code/ws_moveit/install/moveit_planners_ompl:/home/yuqingchi/Code/ws_moveit/install/moveit_kinematics:/home/yuqingchi/Code/ws_moveit/install/moveit_ros_planning:/home/yuqingchi/Code/ws_moveit/install/moveit_planners_chomp:/home/yuqingchi/Code/ws_moveit/install/pilz_industrial_motion_planner_testutils:/home/yuqingchi/Code/ws_moveit/install/moveit_simple_controller_manager:/home/yuqingchi/Code/ws_moveit/install/moveit_ros_occupancy_map_monitor:/home/yuqingchi/Code/ws_moveit/install/moveit_resources_prbt_ikfast_manipulator_plugin:/home/yuqingchi/Code/ws_moveit/install/moveit_planners_stomp:/home/yuqingchi/Code/ws_moveit/install/chomp_motion_planner:/home/yuqingchi/Code/ws_moveit/install/moveit_core:/home/yuqingchi/Code/ws_moveit/install/rviz_marker_tools:/home/yuqingchi/Code/ws_moveit/install/moveit_task_constructor_msgs:/home/yuqingchi/Code/ws_moveit/install/moveit_resources_panda_moveit_config:/home/yuqingchi/Code/ws_moveit/install/moveit_resources_fanuc_moveit_config:/home/yuqingchi/Code/ws_moveit/install/moveit_resources_prbt_support:/home/yuqingchi/Code/ws_moveit/install/moveit_resources_pr2_description:/home/yuqingchi/Code/ws_moveit/install/moveit_resources_panda_description:/home/yuqingchi/Code/ws_moveit/install/moveit_resources_fanuc_description:/home/yuqingchi/Code/ws_moveit/install/moveit_msgs:/home/yuqingchi/Code/ws_moveit/install/moveit_common:/opt/ros/jazzy/opt/gz_math_vendor:/opt/ros/jazzy/opt/gz_utils_vendor:/opt/ros/jazzy/opt/gz_cmake_vendor:/opt/ros/jazzy DEBUGINFOD_URLS=https://debuginfod.ubuntu.com LD_LIBRARY_PATH=/home/yuqingchi/Code/ws_moveit/install/pilz_industrial_motion_planner/lib:/home/yuqingchi/Code/ws_moveit/install/moveit_ros_planning_interface/lib:/home/yuqingchi/Code/ws_moveit/install/moveit_ros_move_group/lib:/home/yuqingchi/Code/ws_moveit/install/moveit_ros_warehouse/lib:/home/yuqingchi/Code/ws_moveit/install/moveit_planners_ompl/lib:/home/yuqingchi/Code/ws_moveit/install/moveit_kinematics/lib:/home/yuqingchi/Code/ws_moveit/install/moveit_ros_planning/lib:/home/yuqingchi/Code/ws_moveit/install/moveit_planners_chomp/lib:/home/yuqingchi/Code/ws_moveit/install/pilz_industrial_motion_planner_testutils/lib:/home/yuqingchi/Code/ws_moveit/install/moveit_simple_controller_manager/lib:/home/yuqingchi/Code/ws_moveit/install/moveit_ros_occupancy_map_monitor/lib:/home/yuqingchi/Code/ws_moveit/install/moveit_resources_prbt_ikfast_manipulator_plugin/lib:/home/yuqingchi/Code/ws_moveit/install/moveit_planners_stomp/lib:/home/yuqingchi/Code/ws_moveit/install/chomp_motion_planner/lib:/home/yuqingchi/Code/ws_moveit/install/moveit_core/lib:/home/yuqingchi/Code/ws_moveit/install/rviz_marker_tools/lib:/home/yuqingchi/Code/ws_moveit/install/moveit_task_constructor_msgs/lib:/home/yuqingchi/Code/ws_moveit/install/moveit_msgs/lib:${LD_LIBRARY_PATH} PATH=/home/yuqingchi/Code/ws_moveit/install/moveit_core/bin:${PATH} PYTHONPATH=/home/yuqingchi/Code/ws_moveit/install/moveit_task_constructor_msgs/lib/python3.12/site-packages:/home/yuqingchi/Code/ws_moveit/install/moveit_msgs/lib/python3.12/site-packages:/home/yuqingchi/Code/ws_moveit/install/moveit_configs_utils/lib/python3.12/site-packages:${PYTHONPATH} /usr/bin/cmake /home/yuqingchi/Code/ws_moveit/src/moveit_task_constructor/core -DCMAKE_INSTALL_PREFIX=/home/yuqingchi/Code/ws_moveit/install/moveit_task_constructor_core
[0.215s] -- The C compiler identification is GNU 13.3.0
[0.306s] -- The CXX compiler identification is GNU 13.3.0
[0.335s] -- Detecting C compiler ABI info
[0.495s] -- Detecting C compiler ABI info - done
[0.513s] -- Check for working C compiler: /usr/bin/cc - skipped
[0.514s] -- Detecting C compile features
[0.515s] -- Detecting C compile features - done
[0.533s] -- Detecting CXX compiler ABI info
[0.716s] -- Detecting CXX compiler ABI info - done
[0.737s] -- Check for working CXX compiler: /usr/bin/c++ - skipped
[0.737s] -- Detecting CXX compile features
[0.738s] -- Detecting CXX compile features - done
[0.745s] -- Found ament_cmake: 2.5.4 (/opt/ros/jazzy/share/ament_cmake/cmake)
[1.005s] -- Found Python3: /usr/bin/python3 (found version "3.12.3") found components: Interpreter 
[1.231s] -- Found Boost: /usr/lib/x86_64-linux-gnu/cmake/Boost-1.83.0/BoostConfig.cmake (found version "1.83.0")  
[1.239s] -- Found geometry_msgs: 5.3.6 (/opt/ros/jazzy/share/geometry_msgs/cmake)
[1.295s] -- Found rosidl_generator_c: 4.6.6 (/opt/ros/jazzy/share/rosidl_generator_c/cmake)
[1.313s] -- Found rosidl_generator_cpp: 4.6.6 (/opt/ros/jazzy/share/rosidl_generator_cpp/cmake)
[1.335s] -- Using all available rosidl_typesupport_c: rosidl_typesupport_fastrtps_c;rosidl_typesupport_introspection_c
[1.358s] -- Using all available rosidl_typesupport_cpp: rosidl_typesupport_fastrtps_cpp;rosidl_typesupport_introspection_cpp
[1.393s] -- Found moveit_common: 2.14.1 (/home/yuqingchi/Code/ws_moveit/install/moveit_common/share/moveit_common/cmake)
[1.527s] [0mmoveit_task_constructor_core: You did not request a specific build type: Choosing 'Release' for maximum performance[0m
[1.528s] -- Found moveit_core: 2.14.1 (/home/yuqingchi/Code/ws_moveit/install/moveit_core/share/moveit_core/cmake)
[1.785s] -- Found Boost: /usr/lib/x86_64-linux-gnu/cmake/Boost-1.83.0/BoostConfig.cmake (found version "1.83.0") found components: chrono date_time filesystem iostreams program_options regex serialization system thread 
[1.928s] -- Found parameter_traits: 0.5.0 (/opt/ros/jazzy/share/parameter_traits/cmake)
[2.035s] -- Found rmw_implementation_cmake: 7.3.2 (/opt/ros/jazzy/share/rmw_implementation_cmake/cmake)
[2.040s] -- Found rmw_fastrtps_cpp: 8.4.3 (/opt/ros/jazzy/share/rmw_fastrtps_cpp/cmake)
[2.189s] -- Found OpenSSL: /usr/lib/x86_64-linux-gnu/libcrypto.so (found version "3.0.13")  
[2.258s] -- Found FastRTPS: /opt/ros/jazzy/include (Required is at least version "2.13") 
[2.317s] -- Using RMW implementation 'rmw_fastrtps_cpp' as default
[2.483s] -- Found rclcpp_lifecycle: 28.1.11 (/opt/ros/jazzy/share/rclcpp_lifecycle/cmake)
[2.528s] -- Found Boost: /usr/lib/x86_64-linux-gnu/cmake/Boost-1.83.0/BoostConfig.cmake (found version "1.83.0") found components: filesystem 
[2.640s] -- Found Eigen3: TRUE (found version "3.4.0") 
[2.640s] -- Ensuring Eigen3 include directory is part of orocos-kdl CMake target
[2.961s] -- Found moveit_ros_planning: 2.14.1 (/home/yuqingchi/Code/ws_moveit/install/moveit_ros_planning/share/moveit_ros_planning/cmake)
[2.967s] -- Found Boost: /usr/lib/x86_64-linux-gnu/cmake/Boost-1.83.0/BoostConfig.cmake (found version "1.83.0") found components: system filesystem date_time program_options thread chrono 
[3.018s] -- Found moveit_ros_planning_interface: 2.14.1 (/home/yuqingchi/Code/ws_moveit/install/moveit_ros_planning_interface/share/moveit_ros_planning_interface/cmake)
[3.024s] -- Found Boost: /usr/lib/x86_64-linux-gnu/cmake/Boost-1.83.0/BoostConfig.cmake (found version "1.83.0") found components: date_time filesystem program_options system thread 
[3.043s] -- Found Boost: /usr/lib/x86_64-linux-gnu/cmake/Boost-1.83.0/BoostConfig.cmake (found version "1.83.0") found components: thread system filesystem regex date_time program_options 
[3.074s] -- Found Boost: /usr/lib/x86_64-linux-gnu/cmake/Boost-1.83.0/BoostConfig.cmake (found version "1.83.0") found components: system filesystem date_time program_options thread 
[3.121s] -- Found moveit_task_constructor_msgs: 0.1.3 (/home/yuqingchi/Code/ws_moveit/install/moveit_task_constructor_msgs/share/moveit_task_constructor_msgs/cmake)
[3.174s] -- Found py_binding_tools: 2.0.1 (/opt/ros/jazzy/share/py_binding_tools/cmake)
[3.179s] -- Found rviz_marker_tools: 0.1.3 (/home/yuqingchi/Code/ws_moveit/install/rviz_marker_tools/share/rviz_marker_tools/cmake)
[3.647s] -- Found Python3: /usr/bin/python3 (found version "3.12.3") found components: Interpreter Development Development.Module Development.Embed 
[3.676s] -- pybind11 v2.13.0 dev1
[3.726s] -- Found PythonInterp: /usr/bin/python3 (found suitable version "3.12.3", minimum required is "3.6") 
[3.770s] -- Found PythonLibs: /usr/lib/x86_64-linux-gnu/libpython3.12.so
[3.776s] -- Performing Test HAS_FLTO
[4.063s] -- Performing Test HAS_FLTO - Success
[4.081s] -- Found ament_cmake_pytest: 2.5.4 (/opt/ros/jazzy/share/ament_cmake_pytest/cmake)
[4.088s] -- Found launch_testing_ament_cmake: 3.4.6 (/opt/ros/jazzy/share/launch_testing_ament_cmake/cmake)
[4.093s] -- Found python_cmake_module: 0.11.1 (/opt/ros/jazzy/share/python_cmake_module/cmake)
[4.141s] -- Found Python3: /usr/bin/python3 (found version "3.12.3") found components: Interpreter 
[4.144s] -- Found PythonExtra: /usr/bin/python3  
[4.601s] -- Found ament_cmake_gtest: 2.5.4 (/opt/ros/jazzy/share/ament_cmake_gtest/cmake)
[4.605s] -- Found ament_cmake_gmock: 2.5.4 (/opt/ros/jazzy/share/ament_cmake_gmock/cmake)
[4.606s] -- Found launch_testing_ament_cmake: 3.4.6 (/opt/ros/jazzy/share/launch_testing_ament_cmake/cmake)
[4.607s] -- Found python_cmake_module: 0.11.1 (/opt/ros/jazzy/share/python_cmake_module/cmake)
[4.664s] -- Found gmock sources under '/opt/ros/jazzy/src/gmock_vendor': C++ tests using 'Google Mock' will be built
[4.677s] -- Found gtest sources under '/opt/ros/jazzy/src/gtest_vendor': C++ tests using 'Google Test' will be built
[4.684s] -- Found Threads: TRUE  
[4.728s] -- Configuring done (4.6s)
[5.184s] -- Generating done (0.4s)
[5.269s] -- Build files have been written to: /home/yuqingchi/Code/ws_moveit/build/moveit_task_constructor_core
[5.306s] Invoked command in '/home/yuqingchi/Code/ws_moveit/build/moveit_task_constructor_core' returned '0': AMENT_PREFIX_PATH=/home/yuqingchi/Code/ws_moveit/install/moveit_planners:/home/yuqingchi/Code/ws_moveit/install/pilz_industrial_motion_planner:/home/yuqingchi/Code/ws_moveit/install/moveit_resources_prbt_pg70_support:/home/yuqingchi/Code/ws_moveit/install/moveit_ros_planning_interface:/home/yuqingchi/Code/ws_moveit/install/moveit_resources_prbt_moveit_config:/home/yuqingchi/Code/ws_moveit/install/moveit_ros_move_group:/home/yuqingchi/Code/ws_moveit/install/moveit_ros_warehouse:/home/yuqingchi/Code/ws_moveit/install/moveit_planners_ompl:/home/yuqingchi/Code/ws_moveit/install/moveit_kinematics:/home/yuqingchi/Code/ws_moveit/install/moveit_ros_planning:/home/yuqingchi/Code/ws_moveit/install/moveit_planners_chomp:/home/yuqingchi/Code/ws_moveit/install/pilz_industrial_motion_planner_testutils:/home/yuqingchi/Code/ws_moveit/install/moveit_simple_controller_manager:/home/yuqingchi/Code/ws_moveit/install/moveit_ros_occupancy_map_monitor:/home/yuqingchi/Code/ws_moveit/install/moveit_resources_prbt_ikfast_manipulator_plugin:/home/yuqingchi/Code/ws_moveit/install/moveit_planners_stomp:/home/yuqingchi/Code/ws_moveit/install/chomp_motion_planner:/home/yuqingchi/Code/ws_moveit/install/moveit_core:/home/yuqingchi/Code/ws_moveit/install/rviz_marker_tools:/home/yuqingchi/Code/ws_moveit/install/moveit_task_constructor_msgs:/home/yuqingchi/Code/ws_moveit/install/moveit_resources_panda_moveit_config:/home/yuqingchi/Code/ws_moveit/install/moveit_resources_fanuc_moveit_config:/home/yuqingchi/Code/ws_moveit/install/moveit_resources_prbt_support:/home/yuqingchi/Code/ws_moveit/install/moveit_resources_pr2_description:/home/yuqingchi/Code/ws_moveit/install/moveit_resources_panda_description:/home/yuqingchi/Code/ws_moveit/install/moveit_resources_fanuc_description:/home/yuqingchi/Code/ws_moveit/install/moveit_msgs:/home/yuqingchi/Code/ws_moveit/install/moveit_configs_utils:/home/yuqingchi/Code/ws_moveit/install/moveit_common:${AMENT_PREFIX_PATH} CMAKE_PREFIX_PATH=/home/yuqingchi/Code/ws_moveit/install/moveit_planners:/home/yuqingchi/Code/ws_moveit/install/pilz_industrial_motion_planner:/home/yuqingchi/Code/ws_moveit/install/moveit_resources_prbt_pg70_support:/home/yuqingchi/Code/ws_moveit/install/moveit_ros_planning_interface:/home/yuqingchi/Code/ws_moveit/install/moveit_resources_prbt_moveit_config:/home/yuqingchi/Code/ws_moveit/install/moveit_ros_move_group:/home/yuqingchi/Code/ws_moveit/install/moveit_ros_warehouse:/home/yuqingchi/Code/ws_moveit/install/moveit_planners_ompl:/home/yuqingchi/Code/ws_moveit/install/moveit_kinematics:/home/yuqingchi/Code/ws_moveit/install/moveit_ros_planning:/home/yuqingchi/Code/ws_moveit/install/moveit_planners_chomp:/home/yuqingchi/Code/ws_moveit/install/pilz_industrial_motion_planner_testutils:/home/yuqingchi/Code/ws_moveit/install/moveit_simple_controller_manager:/home/yuqingchi/Code/ws_moveit/install/moveit_ros_occupancy_map_monitor:/home/yuqingchi/Code/ws_moveit/install/moveit_resources_prbt_ikfast_manipulator_plugin:/home/yuqingchi/Code/ws_moveit/install/moveit_planners_stomp:/home/yuqingchi/Code/ws_moveit/install/chomp_motion_planner:/home/yuqingchi/Code/ws_moveit/install/moveit_core:/home/yuqingchi/Code/ws_moveit/install/rviz_marker_tools:/home/yuqingchi/Code/ws_moveit/install/moveit_task_constructor_msgs:/home/yuqingchi/Code/ws_moveit/install/moveit_resources_panda_moveit_config:/home/yuqingchi/Code/ws_moveit/install/moveit_resources_fanuc_moveit_config:/home/yuqingchi/Code/ws_moveit/install/moveit_resources_prbt_support:/home/yuqingchi/Code/ws_moveit/install/moveit_resources_pr2_description:/home/yuqingchi/Code/ws_moveit/install/moveit_resources_panda_description:/home/yuqingchi/Code/ws_moveit/install/moveit_resources_fanuc_description:/home/yuqingchi/Code/ws_moveit/install/moveit_msgs:/home/yuqingchi/Code/ws_moveit/install/moveit_common:/opt/ros/jazzy/opt/gz_math_vendor:/opt/ros/jazzy/opt/gz_utils_vendor:/opt/ros/jazzy/opt/gz_cmake_vendor:/opt/ros/jazzy DEBUGINFOD_URLS=https://debuginfod.ubuntu.com LD_LIBRARY_PATH=/home/yuqingchi/Code/ws_moveit/install/pilz_industrial_motion_planner/lib:/home/yuqingchi/Code/ws_moveit/install/moveit_ros_planning_interface/lib:/home/yuqingchi/Code/ws_moveit/install/moveit_ros_move_group/lib:/home/yuqingchi/Code/ws_moveit/install/moveit_ros_warehouse/lib:/home/yuqingchi/Code/ws_moveit/install/moveit_planners_ompl/lib:/home/yuqingchi/Code/ws_moveit/install/moveit_kinematics/lib:/home/yuqingchi/Code/ws_moveit/install/moveit_ros_planning/lib:/home/yuqingchi/Code/ws_moveit/install/moveit_planners_chomp/lib:/home/yuqingchi/Code/ws_moveit/install/pilz_industrial_motion_planner_testutils/lib:/home/yuqingchi/Code/ws_moveit/install/moveit_simple_controller_manager/lib:/home/yuqingchi/Code/ws_moveit/install/moveit_ros_occupancy_map_monitor/lib:/home/yuqingchi/Code/ws_moveit/install/moveit_resources_prbt_ikfast_manipulator_plugin/lib:/home/yuqingchi/Code/ws_moveit/install/moveit_planners_stomp/lib:/home/yuqingchi/Code/ws_moveit/install/chomp_motion_planner/lib:/home/yuqingchi/Code/ws_moveit/install/moveit_core/lib:/home/yuqingchi/Code/ws_moveit/install/rviz_marker_tools/lib:/home/yuqingchi/Code/ws_moveit/install/moveit_task_constructor_msgs/lib:/home/yuqingchi/Code/ws_moveit/install/moveit_msgs/lib:${LD_LIBRARY_PATH} PATH=/home/yuqingchi/Code/ws_moveit/install/moveit_core/bin:${PATH} PYTHONPATH=/home/yuqingchi/Code/ws_moveit/install/moveit_task_constructor_msgs/lib/python3.12/site-packages:/home/yuqingchi/Code/ws_moveit/install/moveit_msgs/lib/python3.12/site-packages:/home/yuqingchi/Code/ws_moveit/install/moveit_configs_utils/lib/python3.12/site-packages:${PYTHONPATH} /usr/bin/cmake /home/yuqingchi/Code/ws_moveit/src/moveit_task_constructor/core -DCMAKE_INSTALL_PREFIX=/home/yuqingchi/Code/ws_moveit/install/moveit_task_constructor_core
[5.308s] Invoking command in '/home/yuqingchi/Code/ws_moveit/build/moveit_task_constructor_core': AMENT_PREFIX_PATH=/home/yuqingchi/Code/ws_moveit/install/moveit_planners:/home/yuqingchi/Code/ws_moveit/install/pilz_industrial_motion_planner:/home/yuqingchi/Code/ws_moveit/install/moveit_resources_prbt_pg70_support:/home/yuqingchi/Code/ws_moveit/install/moveit_ros_planning_interface:/home/yuqingchi/Code/ws_moveit/install/moveit_resources_prbt_moveit_config:/home/yuqingchi/Code/ws_moveit/install/moveit_ros_move_group:/home/yuqingchi/Code/ws_moveit/install/moveit_ros_warehouse:/home/yuqingchi/Code/ws_moveit/install/moveit_planners_ompl:/home/yuqingchi/Code/ws_moveit/install/moveit_kinematics:/home/yuqingchi/Code/ws_moveit/install/moveit_ros_planning:/home/yuqingchi/Code/ws_moveit/install/moveit_planners_chomp:/home/yuqingchi/Code/ws_moveit/install/pilz_industrial_motion_planner_testutils:/home/yuqingchi/Code/ws_moveit/install/moveit_simple_controller_manager:/home/yuqingchi/Code/ws_moveit/install/moveit_ros_occupancy_map_monitor:/home/yuqingchi/Code/ws_moveit/install/moveit_resources_prbt_ikfast_manipulator_plugin:/home/yuqingchi/Code/ws_moveit/install/moveit_planners_stomp:/home/yuqingchi/Code/ws_moveit/install/chomp_motion_planner:/home/yuqingchi/Code/ws_moveit/install/moveit_core:/home/yuqingchi/Code/ws_moveit/install/rviz_marker_tools:/home/yuqingchi/Code/ws_moveit/install/moveit_task_constructor_msgs:/home/yuqingchi/Code/ws_moveit/install/moveit_resources_panda_moveit_config:/home/yuqingchi/Code/ws_moveit/install/moveit_resources_fanuc_moveit_config:/home/yuqingchi/Code/ws_moveit/install/moveit_resources_prbt_support:/home/yuqingchi/Code/ws_moveit/install/moveit_resources_pr2_description:/home/yuqingchi/Code/ws_moveit/install/moveit_resources_panda_description:/home/yuqingchi/Code/ws_moveit/install/moveit_resources_fanuc_description:/home/yuqingchi/Code/ws_moveit/install/moveit_msgs:/home/yuqingchi/Code/ws_moveit/install/moveit_configs_utils:/home/yuqingchi/Code/ws_moveit/install/moveit_common:${AMENT_PREFIX_PATH} CMAKE_PREFIX_PATH=/home/yuqingchi/Code/ws_moveit/install/moveit_planners:/home/yuqingchi/Code/ws_moveit/install/pilz_industrial_motion_planner:/home/yuqingchi/Code/ws_moveit/install/moveit_resources_prbt_pg70_support:/home/yuqingchi/Code/ws_moveit/install/moveit_ros_planning_interface:/home/yuqingchi/Code/ws_moveit/install/moveit_resources_prbt_moveit_config:/home/yuqingchi/Code/ws_moveit/install/moveit_ros_move_group:/home/yuqingchi/Code/ws_moveit/install/moveit_ros_warehouse:/home/yuqingchi/Code/ws_moveit/install/moveit_planners_ompl:/home/yuqingchi/Code/ws_moveit/install/moveit_kinematics:/home/yuqingchi/Code/ws_moveit/install/moveit_ros_planning:/home/yuqingchi/Code/ws_moveit/install/moveit_planners_chomp:/home/yuqingchi/Code/ws_moveit/install/pilz_industrial_motion_planner_testutils:/home/yuqingchi/Code/ws_moveit/install/moveit_simple_controller_manager:/home/yuqingchi/Code/ws_moveit/install/moveit_ros_occupancy_map_monitor:/home/yuqingchi/Code/ws_moveit/install/moveit_resources_prbt_ikfast_manipulator_plugin:/home/yuqingchi/Code/ws_moveit/install/moveit_planners_stomp:/home/yuqingchi/Code/ws_moveit/install/chomp_motion_planner:/home/yuqingchi/Code/ws_moveit/install/moveit_core:/home/yuqingchi/Code/ws_moveit/install/rviz_marker_tools:/home/yuqingchi/Code/ws_moveit/install/moveit_task_constructor_msgs:/home/yuqingchi/Code/ws_moveit/install/moveit_resources_panda_moveit_config:/home/yuqingchi/Code/ws_moveit/install/moveit_resources_fanuc_moveit_config:/home/yuqingchi/Code/ws_moveit/install/moveit_resources_prbt_support:/home/yuqingchi/Code/ws_moveit/install/moveit_resources_pr2_description:/home/yuqingchi/Code/ws_moveit/install/moveit_resources_panda_description:/home/yuqingchi/Code/ws_moveit/install/moveit_resources_fanuc_description:/home/yuqingchi/Code/ws_moveit/install/moveit_msgs:/home/yuqingchi/Code/ws_moveit/install/moveit_common:/opt/ros/jazzy/opt/gz_math_vendor:/opt/ros/jazzy/opt/gz_utils_vendor:/opt/ros/jazzy/opt/gz_cmake_vendor:/opt/ros/jazzy DEBUGINFOD_URLS=https://debuginfod.ubuntu.com LD_LIBRARY_PATH=/home/yuqingchi/Code/ws_moveit/install/pilz_industrial_motion_planner/lib:/home/yuqingchi/Code/ws_moveit/install/moveit_ros_planning_interface/lib:/home/yuqingchi/Code/ws_moveit/install/moveit_ros_move_group/lib:/home/yuqingchi/Code/ws_moveit/install/moveit_ros_warehouse/lib:/home/yuqingchi/Code/ws_moveit/install/moveit_planners_ompl/lib:/home/yuqingchi/Code/ws_moveit/install/moveit_kinematics/lib:/home/yuqingchi/Code/ws_moveit/install/moveit_ros_planning/lib:/home/yuqingchi/Code/ws_moveit/install/moveit_planners_chomp/lib:/home/yuqingchi/Code/ws_moveit/install/pilz_industrial_motion_planner_testutils/lib:/home/yuqingchi/Code/ws_moveit/install/moveit_simple_controller_manager/lib:/home/yuqingchi/Code/ws_moveit/install/moveit_ros_occupancy_map_monitor/lib:/home/yuqingchi/Code/ws_moveit/install/moveit_resources_prbt_ikfast_manipulator_plugin/lib:/home/yuqingchi/Code/ws_moveit/install/moveit_planners_stomp/lib:/home/yuqingchi/Code/ws_moveit/install/chomp_motion_planner/lib:/home/yuqingchi/Code/ws_moveit/install/moveit_core/lib:/home/yuqingchi/Code/ws_moveit/install/rviz_marker_tools/lib:/home/yuqingchi/Code/ws_moveit/install/moveit_task_constructor_msgs/lib:/home/yuqingchi/Code/ws_moveit/install/moveit_msgs/lib:${LD_LIBRARY_PATH} PATH=/home/yuqingchi/Code/ws_moveit/install/moveit_core/bin:${PATH} PYTHONPATH=/home/yuqingchi/Code/ws_moveit/install/moveit_task_constructor_msgs/lib/python3.12/site-packages:/home/yuqingchi/Code/ws_moveit/install/moveit_msgs/lib/python3.12/site-packages:/home/yuqingchi/Code/ws_moveit/install/moveit_configs_utils/lib/python3.12/site-packages:${PYTHONPATH} /usr/bin/cmake --build /home/yuqingchi/Code/ws_moveit/build/moveit_task_constructor_core -- -j16 -l16
[5.418s] [  1%] [32mBuilding CXX object gmock/CMakeFiles/gmock.dir/src/gmock-all.cc.o[0m
[5.418s] [  3%] [32mBuilding CXX object src/CMakeFiles/moveit_task_constructor_core.dir/cost_terms.cpp.o[0m
[5.418s] [  3%] [32mBuilding CXX object gmock/CMakeFiles/gmock.dir/opt/ros/jazzy/src/gtest_vendor/src/gtest-all.cc.o[0m
[5.418s] [  4%] [32mBuilding CXX object src/CMakeFiles/moveit_task_constructor_core.dir/introspection.cpp.o[0m
[5.418s] [  5%] [32mBuilding CXX object gtest/CMakeFiles/gtest.dir/src/gtest-all.cc.o[0m
[5.419s] [  6%] [32mBuilding CXX object src/CMakeFiles/moveit_task_constructor_core.dir/properties.cpp.o[0m
[5.419s] [  7%] [32mBuilding CXX object src/CMakeFiles/moveit_task_constructor_core.dir/container.cpp.o[0m
[5.419s] [  8%] [32mBuilding CXX object gtest/CMakeFiles/gtest_main.dir/src/gtest_main.cc.o[0m
[5.420s] [  9%] [32mBuilding CXX object src/CMakeFiles/moveit_task_constructor_core.dir/merge.cpp.o[0m
[5.420s] [ 10%] [32mBuilding CXX object src/CMakeFiles/moveit_task_constructor_core.dir/storage.cpp.o[0m
[5.422s] [ 12%] [32mBuilding CXX object src/CMakeFiles/moveit_task_constructor_core.dir/stage.cpp.o[0m
[5.424s] [ 13%] [32mBuilding CXX object gmock/CMakeFiles/gmock_main.dir/src/gmock_main.cc.o[0m
[5.440s] [ 14%] [32mBuilding CXX object src/CMakeFiles/moveit_task_constructor_core.dir/task.cpp.o[0m
[5.440s] [ 15%] [32mBuilding CXX object src/CMakeFiles/moveit_task_constructor_core.dir/marker_tools.cpp.o[0m
[5.440s] [ 15%] Built target ament_cmake_python_copy_moveit
[5.443s] [ 16%] [32mBuilding CXX object src/CMakeFiles/moveit_task_constructor_core.dir/utils.cpp.o[0m
[5.855s] running egg_info
[5.856s] creating moveit.egg-info
[5.895s] writing moveit.egg-info/PKG-INFO
[5.895s] writing dependency_links to moveit.egg-info/dependency_links.txt
[5.895s] writing top-level names to moveit.egg-info/top_level.txt
[5.896s] writing manifest file 'moveit.egg-info/SOURCES.txt'
[6.016s] reading manifest file 'moveit.egg-info/SOURCES.txt'
[6.019s] writing manifest file 'moveit.egg-info/SOURCES.txt'
[6.084s] [ 16%] Built target ament_cmake_python_build_moveit_egg
[6.107s] [ 17%] [32mBuilding CXX object src/CMakeFiles/moveit_task_constructor_core.dir/solvers/planner_interface.cpp.o[0m
[6.950s] [ 18%] [32m[1mLinking CXX static library libgtest_main.a[0m
[7.166s] [ 18%] Built target gtest_main
[7.201s] [ 19%] [32mBuilding CXX object src/CMakeFiles/moveit_task_constructor_core.dir/solvers/cartesian_path.cpp.o[0m
[7.369s] [ 20%] [32m[1mLinking CXX static library libgmock_main.a[0m
[7.494s] [ 20%] Built target gmock_main
[7.515s] [ 21%] [32mBuilding CXX object src/CMakeFiles/moveit_task_constructor_core.dir/solvers/joint_interpolation.cpp.o[0m
[8.955s] [ 23%] [32mBuilding CXX object src/CMakeFiles/moveit_task_constructor_core.dir/solvers/pipeline_planner.cpp.o[0m
[10.751s] [ 24%] [32mBuilding CXX object src/CMakeFiles/moveit_task_constructor_core.dir/solvers/multi_planner.cpp.o[0m
[16.473s] [ 25%] [32m[1mLinking CXX static library libgtest.a[0m
[16.653s] [ 25%] Built target gtest
[20.317s] [ 26%] [32m[1mLinking CXX static library libgmock.a[0m
[20.466s] [ 26%] Built target gmock
[30.075s] [ 27%] [32m[1mLinking CXX shared library libmoveit_task_constructor_core.so[0m
[30.561s] [ 27%] Built target moveit_task_constructor_core
[30.606s] [ 29%] [32mBuilding CXX object src/stages/CMakeFiles/moveit_task_constructor_core_stages.dir/fixed_cartesian_poses.cpp.o[0m
[30.606s] [ 29%] [32mBuilding CXX object src/stages/CMakeFiles/moveit_task_constructor_core_stages.dir/current_state.cpp.o[0m
[30.606s] [ 32%] [32mBuilding CXX object src/stages/CMakeFiles/moveit_task_constructor_core_stages.dir/compute_ik.cpp.o[0m
[30.606s] [ 32%] [32mBuilding CXX object src/stages/CMakeFiles/moveit_task_constructor_core_stages.dir/generate_grasp_pose.cpp.o[0m
[30.606s] [ 32%] [32mBuilding CXX object src/stages/CMakeFiles/moveit_task_constructor_core_stages.dir/generate_random_pose.cpp.o[0m
[30.607s] [ 34%] [32mBuilding CXX object test/CMakeFiles/gtest_utils.dir/gtest_value_printers.cpp.o[0m
[30.607s] [ 38%] [32mBuilding CXX object test/CMakeFiles/gtest_utils.dir/models.cpp.o[0m
[30.607s] [ 38%] [32mBuilding CXX object python/bindings/CMakeFiles/moveit_task_constructor_core_python_tools.dir/src/properties.cpp.o[0m
[30.607s] [ 38%] [32mBuilding CXX object src/stages/CMakeFiles/moveit_task_constructor_core_stages.dir/fix_collision_objects.cpp.o[0m
[30.607s] [ 38%] [32mBuilding CXX object src/stages/CMakeFiles/moveit_task_constructor_core_stages.dir/modify_planning_scene.cpp.o[0m
[30.607s] [ 39%] [32mBuilding CXX object test/CMakeFiles/gtest_utils.dir/stage_mockups.cpp.o[0m
[30.608s] [ 40%] [32mBuilding CXX object src/stages/CMakeFiles/moveit_task_constructor_core_stages.dir/passthrough.cpp.o[0m
[30.608s] [ 41%] [32mBuilding CXX object src/stages/CMakeFiles/moveit_task_constructor_core_stages.dir/fixed_state.cpp.o[0m
[30.615s] [ 42%] [32mBuilding CXX object src/stages/CMakeFiles/moveit_task_constructor_core_stages.dir/generate_place_pose.cpp.o[0m
[30.622s] [ 45%] [32mBuilding CXX object src/stages/CMakeFiles/moveit_task_constructor_core_stages.dir/predicate_filter.cpp.o[0m
[30.622s] [ 45%] [32mBuilding CXX object src/stages/CMakeFiles/moveit_task_constructor_core_stages.dir/generate_pose.cpp.o[0m
[38.635s] [ 46%] [32mBuilding CXX object src/stages/CMakeFiles/moveit_task_constructor_core_stages.dir/limit_solutions.cpp.o[0m
[38.701s] [ 47%] [32mBuilding CXX object src/stages/CMakeFiles/moveit_task_constructor_core_stages.dir/connect.cpp.o[0m
[40.325s] [ 48%] [32mBuilding CXX object src/stages/CMakeFiles/moveit_task_constructor_core_stages.dir/move_to.cpp.o[0m
[40.466s] [ 49%] [32mBuilding CXX object src/stages/CMakeFiles/moveit_task_constructor_core_stages.dir/move_relative.cpp.o[0m
[40.890s] [ 50%] [32m[1mLinking CXX shared library libgtest_utils.so[0m
[41.184s] [ 51%] [32mBuilding CXX object src/stages/CMakeFiles/moveit_task_constructor_core_stages.dir/simple_grasp.cpp.o[0m
[41.992s] [ 51%] Built target gtest_utils
[42.026s] [ 52%] [32mBuilding CXX object src/stages/CMakeFiles/moveit_task_constructor_core_stages.dir/pick.cpp.o[0m
[42.164s] [ 53%] [32m[1mLinking CXX shared library libmoveit_task_constructor_core_python_tools.so[0m
[42.922s] [ 53%] Built target moveit_task_constructor_core_python_tools
[60.590s] [ 54%] [32m[1mLinking CXX shared library libmoveit_task_constructor_core_stages.so[0m
[61.119s] [ 54%] Built target moveit_task_constructor_core_stages
[61.152s] [ 56%] [32mBuilding CXX object test/CMakeFiles/moveit_task_constructor_core-test-mockups.dir/test_mockups.cpp.o[0m
[61.156s] [ 57%] [32mBuilding CXX object test/CMakeFiles/moveit_task_constructor_core-test-fallback.dir/test_fallback.cpp.o[0m
[61.157s] [ 58%] [32mBuilding CXX object test/CMakeFiles/moveit_task_constructor_core-test-limit-solutions.dir/test_limit_solutions.cpp.o[0m
[61.157s] [ 59%] [32mBuilding CXX object test/CMakeFiles/moveit_task_constructor_core-test-move-relative.dir/test_move_relative.cpp.o[0m
[61.158s] [ 60%] [32mBuilding CXX object test/CMakeFiles/moveit_task_constructor_core-test-serial.dir/test_serial.cpp.o[0m
[61.158s] [ 61%] [32mBuilding CXX object test/CMakeFiles/moveit_task_constructor_core-test-stage.dir/test_stage.cpp.o[0m
[61.162s] [ 63%] [32mBuilding CXX object python/bindings/CMakeFiles/pymoveit_mtc.dir/src/solvers.cpp.o[0m
[61.162s] [ 63%] [32mBuilding CXX object src/stages/CMakeFiles/moveit_task_constructor_core_stage_plugins.dir/plugins.cpp.o[0m
[61.162s] [ 64%] [32mBuilding CXX object test/CMakeFiles/moveit_task_constructor_core-test-properties.dir/test_properties.cpp.o[0m
[61.164s] [ 65%] [32mBuilding CXX object test/CMakeFiles/moveit_task_constructor_core-test-cost-terms.dir/test_cost_terms.cpp.o[0m
[61.164s] [ 67%] [32mBuilding CXX object test/CMakeFiles/moveit_task_constructor_core-test-pruning.dir/test_pruning.cpp.o[0m
[61.165s] [ 69%] [32mBuilding CXX object test/CMakeFiles/moveit_task_constructor_core-test-cost-queue.dir/test_cost_queue.cpp.o[0m
[61.165s] [ 69%] [32mBuilding CXX object test/CMakeFiles/moveit_task_constructor_core-test-interface-state.dir/test_interface_state.cpp.o[0m
[61.166s] [ 70%] [32mBuilding CXX object test/CMakeFiles/moveit_task_constructor_core-test-move-to.dir/test_move_to.cpp.o[0m
[61.173s] [ 71%] [32mBuilding CXX object test/CMakeFiles/moveit_task_constructor_core-test-container.dir/test_container.cpp.o[0m
[61.186s] [ 72%] [32mBuilding CXX object test/CMakeFiles/moveit_task_constructor_core-test-pipeline-planner.dir/test_pipeline_planner.cpp.o[0m
[65.981s] [ 73%] [32m[1mLinking CXX executable moveit_task_constructor_core-test-properties[0m
[66.437s] [ 73%] Built target moveit_task_constructor_core-test-properties
[66.456s] [ 74%] [32mBuilding CXX object python/bindings/CMakeFiles/pymoveit_mtc.dir/src/core.cpp.o[0m
[71.097s] [ 75%] [32m[1mLinking CXX executable moveit_task_constructor_core-test-interface-state[0m
[71.628s] [ 75%] Built target moveit_task_constructor_core-test-interface-state
[71.648s] [ 76%] [32mBuilding CXX object python/bindings/CMakeFiles/pymoveit_mtc.dir/src/stages.cpp.o[0m
[73.379s] [ 78%] [32m[1mLinking CXX executable moveit_task_constructor_core-test-limit-solutions[0m
[73.635s] [ 79%] [32m[1mLinking CXX shared library libmoveit_task_constructor_core_stage_plugins.so[0m
[73.974s] [ 80%] [32m[1mLinking CXX executable moveit_task_constructor_core-test-mockups[0m
[74.002s] [ 80%] Built target moveit_task_constructor_core_stage_plugins
[74.029s] [ 81%] [32mBuilding CXX object python/bindings/CMakeFiles/pymoveit_mtc.dir/src/module.cpp.o[0m
[74.099s] [ 81%] Built target moveit_task_constructor_core-test-limit-solutions
[74.146s] [ 82%] [32mBuilding CXX object test/CMakeFiles/pick_ur5.dir/pick_ur5.cpp.o[0m
[74.744s] [ 83%] [32m[1mLinking CXX executable moveit_task_constructor_core-test-fallback[0m
[74.879s] [ 83%] Built target moveit_task_constructor_core-test-mockups
[74.926s] [ 84%] [32mBuilding CXX object test/CMakeFiles/pick_pr2.dir/pick_pr2.cpp.o[0m
[75.052s] [ 85%] [32m[1mLinking CXX executable moveit_task_constructor_core-test-cost-terms[0m
[75.247s] [ 86%] [32m[1mLinking CXX executable moveit_task_constructor_core-test-stage[0m
[75.289s] [ 86%] Built target moveit_task_constructor_core-test-fallback
[75.336s] [ 87%] [32mBuilding CXX object test/CMakeFiles/pick_pa10.dir/pick_pa10.cpp.o[0m
[75.535s] [ 89%] [32m[1mLinking CXX executable moveit_task_constructor_core-test-container[0m
[75.895s] [ 89%] Built target moveit_task_constructor_core-test-cost-terms
[76.106s] [ 89%] Built target moveit_task_constructor_core-test-container
[76.293s] [ 89%] Built target moveit_task_constructor_core-test-stage
[76.358s] [ 90%] [32m[1mLinking CXX executable moveit_task_constructor_core-test-cost-queue[0m
[77.063s] [ 90%] Built target moveit_task_constructor_core-test-cost-queue
[77.636s] [ 91%] [32m[1mLinking CXX executable moveit_task_constructor_core-test-pipeline-planner[0m
[78.439s] [ 91%] Built target moveit_task_constructor_core-test-pipeline-planner
[80.534s] [ 92%] [32m[1mLinking CXX executable moveit_task_constructor_core-test-move-to[0m
[80.660s] [ 93%] [32m[1mLinking CXX executable moveit_task_constructor_core-test-serial[0m
[81.345s] [ 93%] Built target moveit_task_constructor_core-test-move-to
[81.392s] [ 93%] Built target moveit_task_constructor_core-test-serial
[82.151s] [ 94%] [32m[1mLinking CXX executable moveit_task_constructor_core-test-pruning[0m
[82.907s] [ 94%] Built target moveit_task_constructor_core-test-pruning
[85.873s] [ 95%] [32m[1mLinking CXX executable moveit_task_constructor_core-test-move-relative[0m
[86.481s] [ 95%] Built target moveit_task_constructor_core-test-move-relative
[87.708s] [ 96%] [32m[1mLinking CXX executable pick_ur5[0m
[87.751s] [ 97%] [32m[1mLinking CXX executable pick_pr2[0m
[88.295s] [ 97%] Built target pick_ur5
[88.349s] [ 97%] Built target pick_pr2
[91.466s] [ 98%] [32m[1mLinking CXX executable pick_pa10[0m
[91.622s] [100%] [32m[1mLinking CXX shared module pymoveit_mtc.cpython-312-x86_64-linux-gnu.so[0m
[92.033s] [100%] Built target pick_pa10
[93.848s] [01m[Klto-wrapper:[m[K [01;35m[Kwarning: [m[Kusing serial compilation of 12 LTRANS jobs
[93.848s] [01m[Klto-wrapper:[m[K [01;36m[Knote: [m[Ksee the ]8;;https://gcc.gnu.org/onlinedocs/gcc/Optimize-Options.html#index-flto‘[01m[K-flto[m[K’ option documentation]8;; for more information
[108.590s] [100%] Built target pymoveit_mtc
[108.615s] Invoked command in '/home/yuqingchi/Code/ws_moveit/build/moveit_task_constructor_core' returned '0': AMENT_PREFIX_PATH=/home/yuqingchi/Code/ws_moveit/install/moveit_planners:/home/yuqingchi/Code/ws_moveit/install/pilz_industrial_motion_planner:/home/yuqingchi/Code/ws_moveit/install/moveit_resources_prbt_pg70_support:/home/yuqingchi/Code/ws_moveit/install/moveit_ros_planning_interface:/home/yuqingchi/Code/ws_moveit/install/moveit_resources_prbt_moveit_config:/home/yuqingchi/Code/ws_moveit/install/moveit_ros_move_group:/home/yuqingchi/Code/ws_moveit/install/moveit_ros_warehouse:/home/yuqingchi/Code/ws_moveit/install/moveit_planners_ompl:/home/yuqingchi/Code/ws_moveit/install/moveit_kinematics:/home/yuqingchi/Code/ws_moveit/install/moveit_ros_planning:/home/yuqingchi/Code/ws_moveit/install/moveit_planners_chomp:/home/yuqingchi/Code/ws_moveit/install/pilz_industrial_motion_planner_testutils:/home/yuqingchi/Code/ws_moveit/install/moveit_simple_controller_manager:/home/yuqingchi/Code/ws_moveit/install/moveit_ros_occupancy_map_monitor:/home/yuqingchi/Code/ws_moveit/install/moveit_resources_prbt_ikfast_manipulator_plugin:/home/yuqingchi/Code/ws_moveit/install/moveit_planners_stomp:/home/yuqingchi/Code/ws_moveit/install/chomp_motion_planner:/home/yuqingchi/Code/ws_moveit/install/moveit_core:/home/yuqingchi/Code/ws_moveit/install/rviz_marker_tools:/home/yuqingchi/Code/ws_moveit/install/moveit_task_constructor_msgs:/home/yuqingchi/Code/ws_moveit/install/moveit_resources_panda_moveit_config:/home/yuqingchi/Code/ws_moveit/install/moveit_resources_fanuc_moveit_config:/home/yuqingchi/Code/ws_moveit/install/moveit_resources_prbt_support:/home/yuqingchi/Code/ws_moveit/install/moveit_resources_pr2_description:/home/yuqingchi/Code/ws_moveit/install/moveit_resources_panda_description:/home/yuqingchi/Code/ws_moveit/install/moveit_resources_fanuc_description:/home/yuqingchi/Code/ws_moveit/install/moveit_msgs:/home/yuqingchi/Code/ws_moveit/install/moveit_configs_utils:/home/yuqingchi/Code/ws_moveit/install/moveit_common:${AMENT_PREFIX_PATH} CMAKE_PREFIX_PATH=/home/yuqingchi/Code/ws_moveit/install/moveit_planners:/home/yuqingchi/Code/ws_moveit/install/pilz_industrial_motion_planner:/home/yuqingchi/Code/ws_moveit/install/moveit_resources_prbt_pg70_support:/home/yuqingchi/Code/ws_moveit/install/moveit_ros_planning_interface:/home/yuqingchi/Code/ws_moveit/install/moveit_resources_prbt_moveit_config:/home/yuqingchi/Code/ws_moveit/install/moveit_ros_move_group:/home/yuqingchi/Code/ws_moveit/install/moveit_ros_warehouse:/home/yuqingchi/Code/ws_moveit/install/moveit_planners_ompl:/home/yuqingchi/Code/ws_moveit/install/moveit_kinematics:/home/yuqingchi/Code/ws_moveit/install/moveit_ros_planning:/home/yuqingchi/Code/ws_moveit/install/moveit_planners_chomp:/home/yuqingchi/Code/ws_moveit/install/pilz_industrial_motion_planner_testutils:/home/yuqingchi/Code/ws_moveit/install/moveit_simple_controller_manager:/home/yuqingchi/Code/ws_moveit/install/moveit_ros_occupancy_map_monitor:/home/yuqingchi/Code/ws_moveit/install/moveit_resources_prbt_ikfast_manipulator_plugin:/home/yuqingchi/Code/ws_moveit/install/moveit_planners_stomp:/home/yuqingchi/Code/ws_moveit/install/chomp_motion_planner:/home/yuqingchi/Code/ws_moveit/install/moveit_core:/home/yuqingchi/Code/ws_moveit/install/rviz_marker_tools:/home/yuqingchi/Code/ws_moveit/install/moveit_task_constructor_msgs:/home/yuqingchi/Code/ws_moveit/install/moveit_resources_panda_moveit_config:/home/yuqingchi/Code/ws_moveit/install/moveit_resources_fanuc_moveit_config:/home/yuqingchi/Code/ws_moveit/install/moveit_resources_prbt_support:/home/yuqingchi/Code/ws_moveit/install/moveit_resources_pr2_description:/home/yuqingchi/Code/ws_moveit/install/moveit_resources_panda_description:/home/yuqingchi/Code/ws_moveit/install/moveit_resources_fanuc_description:/home/yuqingchi/Code/ws_moveit/install/moveit_msgs:/home/yuqingchi/Code/ws_moveit/install/moveit_common:/opt/ros/jazzy/opt/gz_math_vendor:/opt/ros/jazzy/opt/gz_utils_vendor:/opt/ros/jazzy/opt/gz_cmake_vendor:/opt/ros/jazzy DEBUGINFOD_URLS=https://debuginfod.ubuntu.com LD_LIBRARY_PATH=/home/yuqingchi/Code/ws_moveit/install/pilz_industrial_motion_planner/lib:/home/yuqingchi/Code/ws_moveit/install/moveit_ros_planning_interface/lib:/home/yuqingchi/Code/ws_moveit/install/moveit_ros_move_group/lib:/home/yuqingchi/Code/ws_moveit/install/moveit_ros_warehouse/lib:/home/yuqingchi/Code/ws_moveit/install/moveit_planners_ompl/lib:/home/yuqingchi/Code/ws_moveit/install/moveit_kinematics/lib:/home/yuqingchi/Code/ws_moveit/install/moveit_ros_planning/lib:/home/yuqingchi/Code/ws_moveit/install/moveit_planners_chomp/lib:/home/yuqingchi/Code/ws_moveit/install/pilz_industrial_motion_planner_testutils/lib:/home/yuqingchi/Code/ws_moveit/install/moveit_simple_controller_manager/lib:/home/yuqingchi/Code/ws_moveit/install/moveit_ros_occupancy_map_monitor/lib:/home/yuqingchi/Code/ws_moveit/install/moveit_resources_prbt_ikfast_manipulator_plugin/lib:/home/yuqingchi/Code/ws_moveit/install/moveit_planners_stomp/lib:/home/yuqingchi/Code/ws_moveit/install/chomp_motion_planner/lib:/home/yuqingchi/Code/ws_moveit/install/moveit_core/lib:/home/yuqingchi/Code/ws_moveit/install/rviz_marker_tools/lib:/home/yuqingchi/Code/ws_moveit/install/moveit_task_constructor_msgs/lib:/home/yuqingchi/Code/ws_moveit/install/moveit_msgs/lib:${LD_LIBRARY_PATH} PATH=/home/yuqingchi/Code/ws_moveit/install/moveit_core/bin:${PATH} PYTHONPATH=/home/yuqingchi/Code/ws_moveit/install/moveit_task_constructor_msgs/lib/python3.12/site-packages:/home/yuqingchi/Code/ws_moveit/install/moveit_msgs/lib/python3.12/site-packages:/home/yuqingchi/Code/ws_moveit/install/moveit_configs_utils/lib/python3.12/site-packages:${PYTHONPATH} /usr/bin/cmake --build /home/yuqingchi/Code/ws_moveit/build/moveit_task_constructor_core -- -j16 -l16
[108.619s] Invoking command in '/home/yuqingchi/Code/ws_moveit/build/moveit_task_constructor_core': AMENT_PREFIX_PATH=/home/yuqingchi/Code/ws_moveit/install/moveit_planners:/home/yuqingchi/Code/ws_moveit/install/pilz_industrial_motion_planner:/home/yuqingchi/Code/ws_moveit/install/moveit_resources_prbt_pg70_support:/home/yuqingchi/Code/ws_moveit/install/moveit_ros_planning_interface:/home/yuqingchi/Code/ws_moveit/install/moveit_resources_prbt_moveit_config:/home/yuqingchi/Code/ws_moveit/install/moveit_ros_move_group:/home/yuqingchi/Code/ws_moveit/install/moveit_ros_warehouse:/home/yuqingchi/Code/ws_moveit/install/moveit_planners_ompl:/home/yuqingchi/Code/ws_moveit/install/moveit_kinematics:/home/yuqingchi/Code/ws_moveit/install/moveit_ros_planning:/home/yuqingchi/Code/ws_moveit/install/moveit_planners_chomp:/home/yuqingchi/Code/ws_moveit/install/pilz_industrial_motion_planner_testutils:/home/yuqingchi/Code/ws_moveit/install/moveit_simple_controller_manager:/home/yuqingchi/Code/ws_moveit/install/moveit_ros_occupancy_map_monitor:/home/yuqingchi/Code/ws_moveit/install/moveit_resources_prbt_ikfast_manipulator_plugin:/home/yuqingchi/Code/ws_moveit/install/moveit_planners_stomp:/home/yuqingchi/Code/ws_moveit/install/chomp_motion_planner:/home/yuqingchi/Code/ws_moveit/install/moveit_core:/home/yuqingchi/Code/ws_moveit/install/rviz_marker_tools:/home/yuqingchi/Code/ws_moveit/install/moveit_task_constructor_msgs:/home/yuqingchi/Code/ws_moveit/install/moveit_resources_panda_moveit_config:/home/yuqingchi/Code/ws_moveit/install/moveit_resources_fanuc_moveit_config:/home/yuqingchi/Code/ws_moveit/install/moveit_resources_prbt_support:/home/yuqingchi/Code/ws_moveit/install/moveit_resources_pr2_description:/home/yuqingchi/Code/ws_moveit/install/moveit_resources_panda_description:/home/yuqingchi/Code/ws_moveit/install/moveit_resources_fanuc_description:/home/yuqingchi/Code/ws_moveit/install/moveit_msgs:/home/yuqingchi/Code/ws_moveit/install/moveit_configs_utils:/home/yuqingchi/Code/ws_moveit/install/moveit_common:${AMENT_PREFIX_PATH} CMAKE_PREFIX_PATH=/home/yuqingchi/Code/ws_moveit/install/moveit_planners:/home/yuqingchi/Code/ws_moveit/install/pilz_industrial_motion_planner:/home/yuqingchi/Code/ws_moveit/install/moveit_resources_prbt_pg70_support:/home/yuqingchi/Code/ws_moveit/install/moveit_ros_planning_interface:/home/yuqingchi/Code/ws_moveit/install/moveit_resources_prbt_moveit_config:/home/yuqingchi/Code/ws_moveit/install/moveit_ros_move_group:/home/yuqingchi/Code/ws_moveit/install/moveit_ros_warehouse:/home/yuqingchi/Code/ws_moveit/install/moveit_planners_ompl:/home/yuqingchi/Code/ws_moveit/install/moveit_kinematics:/home/yuqingchi/Code/ws_moveit/install/moveit_ros_planning:/home/yuqingchi/Code/ws_moveit/install/moveit_planners_chomp:/home/yuqingchi/Code/ws_moveit/install/pilz_industrial_motion_planner_testutils:/home/yuqingchi/Code/ws_moveit/install/moveit_simple_controller_manager:/home/yuqingchi/Code/ws_moveit/install/moveit_ros_occupancy_map_monitor:/home/yuqingchi/Code/ws_moveit/install/moveit_resources_prbt_ikfast_manipulator_plugin:/home/yuqingchi/Code/ws_moveit/install/moveit_planners_stomp:/home/yuqingchi/Code/ws_moveit/install/chomp_motion_planner:/home/yuqingchi/Code/ws_moveit/install/moveit_core:/home/yuqingchi/Code/ws_moveit/install/rviz_marker_tools:/home/yuqingchi/Code/ws_moveit/install/moveit_task_constructor_msgs:/home/yuqingchi/Code/ws_moveit/install/moveit_resources_panda_moveit_config:/home/yuqingchi/Code/ws_moveit/install/moveit_resources_fanuc_moveit_config:/home/yuqingchi/Code/ws_moveit/install/moveit_resources_prbt_support:/home/yuqingchi/Code/ws_moveit/install/moveit_resources_pr2_description:/home/yuqingchi/Code/ws_moveit/install/moveit_resources_panda_description:/home/yuqingchi/Code/ws_moveit/install/moveit_resources_fanuc_description:/home/yuqingchi/Code/ws_moveit/install/moveit_msgs:/home/yuqingchi/Code/ws_moveit/install/moveit_common:/opt/ros/jazzy/opt/gz_math_vendor:/opt/ros/jazzy/opt/gz_utils_vendor:/opt/ros/jazzy/opt/gz_cmake_vendor:/opt/ros/jazzy DEBUGINFOD_URLS=https://debuginfod.ubuntu.com LD_LIBRARY_PATH=/home/yuqingchi/Code/ws_moveit/install/pilz_industrial_motion_planner/lib:/home/yuqingchi/Code/ws_moveit/install/moveit_ros_planning_interface/lib:/home/yuqingchi/Code/ws_moveit/install/moveit_ros_move_group/lib:/home/yuqingchi/Code/ws_moveit/install/moveit_ros_warehouse/lib:/home/yuqingchi/Code/ws_moveit/install/moveit_planners_ompl/lib:/home/yuqingchi/Code/ws_moveit/install/moveit_kinematics/lib:/home/yuqingchi/Code/ws_moveit/install/moveit_ros_planning/lib:/home/yuqingchi/Code/ws_moveit/install/moveit_planners_chomp/lib:/home/yuqingchi/Code/ws_moveit/install/pilz_industrial_motion_planner_testutils/lib:/home/yuqingchi/Code/ws_moveit/install/moveit_simple_controller_manager/lib:/home/yuqingchi/Code/ws_moveit/install/moveit_ros_occupancy_map_monitor/lib:/home/yuqingchi/Code/ws_moveit/install/moveit_resources_prbt_ikfast_manipulator_plugin/lib:/home/yuqingchi/Code/ws_moveit/install/moveit_planners_stomp/lib:/home/yuqingchi/Code/ws_moveit/install/chomp_motion_planner/lib:/home/yuqingchi/Code/ws_moveit/install/moveit_core/lib:/home/yuqingchi/Code/ws_moveit/install/rviz_marker_tools/lib:/home/yuqingchi/Code/ws_moveit/install/moveit_task_constructor_msgs/lib:/home/yuqingchi/Code/ws_moveit/install/moveit_msgs/lib:${LD_LIBRARY_PATH} PATH=/home/yuqingchi/Code/ws_moveit/install/moveit_core/bin:${PATH} PYTHONPATH=/home/yuqingchi/Code/ws_moveit/install/moveit_task_constructor_msgs/lib/python3.12/site-packages:/home/yuqingchi/Code/ws_moveit/install/moveit_msgs/lib/python3.12/site-packages:/home/yuqingchi/Code/ws_moveit/install/moveit_configs_utils/lib/python3.12/site-packages:${PYTHONPATH} /usr/bin/cmake --install /home/yuqingchi/Code/ws_moveit/build/moveit_task_constructor_core
[108.634s] -- Install configuration: "Release"
[108.635s] -- Installing: /home/yuqingchi/Code/ws_moveit/install/moveit_task_constructor_core/lib/libmoveit_task_constructor_core_stages.so
[108.638s] -- Set non-toolchain portion of runtime path of "/home/yuqingchi/Code/ws_moveit/install/moveit_task_constructor_core/lib/libmoveit_task_constructor_core_stages.so" to ""
[108.638s] -- Installing: /home/yuqingchi/Code/ws_moveit/install/moveit_task_constructor_core/lib/libmoveit_task_constructor_core_stage_plugins.so
[108.638s] -- Set non-toolchain portion of runtime path of "/home/yuqingchi/Code/ws_moveit/install/moveit_task_constructor_core/lib/libmoveit_task_constructor_core_stage_plugins.so" to ""
[108.639s] -- Installing: /home/yuqingchi/Code/ws_moveit/install/moveit_task_constructor_core/lib/libmoveit_task_constructor_core.so
[108.642s] -- Set non-toolchain portion of runtime path of "/home/yuqingchi/Code/ws_moveit/install/moveit_task_constructor_core/lib/libmoveit_task_constructor_core.so" to ""
[108.642s] -- Installing: /home/yuqingchi/Code/ws_moveit/install/moveit_task_constructor_core/share/moveit_task_constructor_core/environment/pythonpath.sh
[108.643s] -- Installing: /home/yuqingchi/Code/ws_moveit/install/moveit_task_constructor_core/share/moveit_task_constructor_core/environment/pythonpath.dsv
[108.643s] -- Installing: /home/yuqingchi/Code/ws_moveit/install/moveit_task_constructor_core/lib/python3.12/site-packages/moveit-0.1.3-py3.12.egg-info
[108.643s] -- Installing: /home/yuqingchi/Code/ws_moveit/install/moveit_task_constructor_core/lib/python3.12/site-packages/moveit-0.1.3-py3.12.egg-info/PKG-INFO
[108.644s] -- Installing: /home/yuqingchi/Code/ws_moveit/install/moveit_task_constructor_core/lib/python3.12/site-packages/moveit-0.1.3-py3.12.egg-info/dependency_links.txt
[108.644s] -- Installing: /home/yuqingchi/Code/ws_moveit/install/moveit_task_constructor_core/lib/python3.12/site-packages/moveit-0.1.3-py3.12.egg-info/SOURCES.txt
[108.644s] -- Installing: /home/yuqingchi/Code/ws_moveit/install/moveit_task_constructor_core/lib/python3.12/site-packages/moveit-0.1.3-py3.12.egg-info/top_level.txt
[108.644s] -- Installing: /home/yuqingchi/Code/ws_moveit/install/moveit_task_constructor_core/lib/python3.12/site-packages/moveit
[108.644s] -- Installing: /home/yuqingchi/Code/ws_moveit/install/moveit_task_constructor_core/lib/python3.12/site-packages/moveit/task_constructor
[108.644s] -- Installing: /home/yuqingchi/Code/ws_moveit/install/moveit_task_constructor_core/lib/python3.12/site-packages/moveit/task_constructor/__init__.py
[108.645s] -- Installing: /home/yuqingchi/Code/ws_moveit/install/moveit_task_constructor_core/lib/python3.12/site-packages/moveit/task_constructor/core.py
[108.645s] -- Installing: /home/yuqingchi/Code/ws_moveit/install/moveit_task_constructor_core/lib/python3.12/site-packages/moveit/task_constructor/stages.py
[108.645s] -- Installing: /home/yuqingchi/Code/ws_moveit/install/moveit_task_constructor_core/lib/python3.12/site-packages/moveit/__init__.py
[108.712s] Listing '/home/yuqingchi/Code/ws_moveit/install/moveit_task_constructor_core/lib/python3.12/site-packages/moveit'...
[108.712s] Compiling '/home/yuqingchi/Code/ws_moveit/install/moveit_task_constructor_core/lib/python3.12/site-packages/moveit/__init__.py'...
[108.712s] Listing '/home/yuqingchi/Code/ws_moveit/install/moveit_task_constructor_core/lib/python3.12/site-packages/moveit/task_constructor'...
[108.712s] Compiling '/home/yuqingchi/Code/ws_moveit/install/moveit_task_constructor_core/lib/python3.12/site-packages/moveit/task_constructor/__init__.py'...
[108.713s] Compiling '/home/yuqingchi/Code/ws_moveit/install/moveit_task_constructor_core/lib/python3.12/site-packages/moveit/task_constructor/core.py'...
[108.713s] Compiling '/home/yuqingchi/Code/ws_moveit/install/moveit_task_constructor_core/lib/python3.12/site-packages/moveit/task_constructor/stages.py'...
[108.722s] -- Installing: /home/yuqingchi/Code/ws_moveit/install/moveit_task_constructor_core/include/moveit/python/pybind11
[108.723s] -- Installing: /home/yuqingchi/Code/ws_moveit/install/moveit_task_constructor_core/include/moveit/python/pybind11/typing.h
[108.723s] -- Installing: /home/yuqingchi/Code/ws_moveit/install/moveit_task_constructor_core/include/moveit/python/pybind11/eigen.h
[108.723s] -- Installing: /home/yuqingchi/Code/ws_moveit/install/moveit_task_constructor_core/include/moveit/python/pybind11/eigen
[108.723s] -- Installing: /home/yuqingchi/Code/ws_moveit/install/moveit_task_constructor_core/include/moveit/python/pybind11/eigen/tensor.h
[108.724s] -- Installing: /home/yuqingchi/Code/ws_moveit/install/moveit_task_constructor_core/include/moveit/python/pybind11/eigen/matrix.h
[108.724s] -- Installing: /home/yuqingchi/Code/ws_moveit/install/moveit_task_constructor_core/include/moveit/python/pybind11/eigen/common.h
[108.724s] -- Installing: /home/yuqingchi/Code/ws_moveit/install/moveit_task_constructor_core/include/moveit/python/pybind11/complex.h
[108.724s] -- Installing: /home/yuqingchi/Code/ws_moveit/install/moveit_task_constructor_core/include/moveit/python/pybind11/options.h
[108.724s] -- Installing: /home/yuqingchi/Code/ws_moveit/install/moveit_task_constructor_core/include/moveit/python/pybind11/gil_safe_call_once.h
[108.725s] -- Installing: /home/yuqingchi/Code/ws_moveit/install/moveit_task_constructor_core/include/moveit/python/pybind11/pytypes.h
[108.725s] -- Installing: /home/yuqingchi/Code/ws_moveit/install/moveit_task_constructor_core/include/moveit/python/pybind11/iostream.h
[108.725s] -- Installing: /home/yuqingchi/Code/ws_moveit/install/moveit_task_constructor_core/include/moveit/python/pybind11/functional.h
[108.725s] -- Installing: /home/yuqingchi/Code/ws_moveit/install/moveit_task_constructor_core/include/moveit/python/pybind11/cast.h
[108.726s] -- Installing: /home/yuqingchi/Code/ws_moveit/install/moveit_task_constructor_core/include/moveit/python/pybind11/smart_holder.h
[108.726s] -- Installing: /home/yuqingchi/Code/ws_moveit/install/moveit_task_constructor_core/include/moveit/python/pybind11/buffer_info.h
[108.726s] -- Installing: /home/yuqingchi/Code/ws_moveit/install/moveit_task_constructor_core/include/moveit/python/pybind11/stl
[108.726s] -- Installing: /home/yuqingchi/Code/ws_moveit/install/moveit_task_constructor_core/include/moveit/python/pybind11/stl/filesystem.h
[108.727s] -- Installing: /home/yuqingchi/Code/ws_moveit/install/moveit_task_constructor_core/include/moveit/python/pybind11/eval.h
[108.727s] -- Installing: /home/yuqingchi/Code/ws_moveit/install/moveit_task_constructor_core/include/moveit/python/pybind11/attr.h
[108.727s] -- Installing: /home/yuqingchi/Code/ws_moveit/install/moveit_task_constructor_core/include/moveit/python/pybind11/common.h
[108.727s] -- Installing: /home/yuqingchi/Code/ws_moveit/install/moveit_task_constructor_core/include/moveit/python/pybind11/detail
[108.727s] -- Installing: /home/yuqingchi/Code/ws_moveit/install/moveit_task_constructor_core/include/moveit/python/pybind11/detail/internals.h
[108.728s] -- Installing: /home/yuqingchi/Code/ws_moveit/install/moveit_task_constructor_core/include/moveit/python/pybind11/detail/class.h
[108.728s] -- Installing: /home/yuqingchi/Code/ws_moveit/install/moveit_task_constructor_core/include/moveit/python/pybind11/detail/smart_holder_type_casters.h
[108.728s] -- Installing: /home/yuqingchi/Code/ws_moveit/install/moveit_task_constructor_core/include/moveit/python/pybind11/detail/type_caster_base.h
[108.728s] -- Installing: /home/yuqingchi/Code/ws_moveit/install/moveit_task_constructor_core/include/moveit/python/pybind11/detail/typeid.h
[108.728s] -- Installing: /home/yuqingchi/Code/ws_moveit/install/moveit_task_constructor_core/include/moveit/python/pybind11/detail/smart_holder_poc.h
[108.729s] -- Installing: /home/yuqingchi/Code/ws_moveit/install/moveit_task_constructor_core/include/moveit/python/pybind11/detail/common.h
[108.729s] -- Installing: /home/yuqingchi/Code/ws_moveit/install/moveit_task_constructor_core/include/moveit/python/pybind11/detail/smart_holder_sfinae_hooks_only.h
[108.729s] -- Installing: /home/yuqingchi/Code/ws_moveit/install/moveit_task_constructor_core/include/moveit/python/pybind11/detail/dynamic_raw_ptr_cast_if_possible.h
[108.729s] -- Installing: /home/yuqingchi/Code/ws_moveit/install/moveit_task_constructor_core/include/moveit/python/pybind11/detail/type_caster_odr_guard.h
[108.730s] -- Installing: /home/yuqingchi/Code/ws_moveit/install/moveit_task_constructor_core/include/moveit/python/pybind11/detail/descr.h
[108.730s] -- Installing: /home/yuqingchi/Code/ws_moveit/install/moveit_task_constructor_core/include/moveit/python/pybind11/detail/init.h
[108.730s] -- Installing: /home/yuqingchi/Code/ws_moveit/install/moveit_task_constructor_core/include/moveit/python/pybind11/stl_bind.h
[108.730s] -- Installing: /home/yuqingchi/Code/ws_moveit/install/moveit_task_constructor_core/include/moveit/python/pybind11/pybind11.h
[108.730s] -- Installing: /home/yuqingchi/Code/ws_moveit/install/moveit_task_constructor_core/include/moveit/python/pybind11/type_caster_pyobject_ptr.h
[108.731s] -- Installing: /home/yuqingchi/Code/ws_moveit/install/moveit_task_constructor_core/include/moveit/python/pybind11/numpy.h
[108.731s] -- Installing: /home/yuqingchi/Code/ws_moveit/install/moveit_task_constructor_core/include/moveit/python/pybind11/operators.h
[108.731s] -- Installing: /home/yuqingchi/Code/ws_moveit/install/moveit_task_constructor_core/include/moveit/python/pybind11/trampoline_self_life_support.h
[108.731s] -- Installing: /home/yuqingchi/Code/ws_moveit/install/moveit_task_constructor_core/include/moveit/python/pybind11/gil.h
[108.732s] -- Installing: /home/yuqingchi/Code/ws_moveit/install/moveit_task_constructor_core/include/moveit/python/pybind11/embed.h
[108.732s] -- Installing: /home/yuqingchi/Code/ws_moveit/install/moveit_task_constructor_core/include/moveit/python/pybind11/stl.h
[108.732s] -- Installing: /home/yuqingchi/Code/ws_moveit/install/moveit_task_constructor_core/include/moveit/python/pybind11/chrono.h
[108.732s] -- Installing: /home/yuqingchi/Code/ws_moveit/install/moveit_task_constructor_core/share/moveit_task_constructor_core/cmake/pybind11Config.cmake
[108.732s] -- Installing: /home/yuqingchi/Code/ws_moveit/install/moveit_task_constructor_core/share/moveit_task_constructor_core/cmake/pybind11ConfigVersion.cmake
[108.733s] -- Installing: /home/yuqingchi/Code/ws_moveit/install/moveit_task_constructor_core/share/moveit_task_constructor_core/cmake/FindPythonLibsNew.cmake
[108.733s] -- Installing: /home/yuqingchi/Code/ws_moveit/install/moveit_task_constructor_core/share/moveit_task_constructor_core/cmake/pybind11Common.cmake
[108.733s] -- Installing: /home/yuqingchi/Code/ws_moveit/install/moveit_task_constructor_core/share/moveit_task_constructor_core/cmake/pybind11Tools.cmake
[108.733s] -- Installing: /home/yuqingchi/Code/ws_moveit/install/moveit_task_constructor_core/share/moveit_task_constructor_core/cmake/pybind11NewTools.cmake
[108.733s] -- Installing: /home/yuqingchi/Code/ws_moveit/install/moveit_task_constructor_core/share/moveit_task_constructor_core/cmake/pybind11Targets.cmake
[108.734s] -- Installing: /home/yuqingchi/Code/ws_moveit/install/moveit_task_constructor_core/share/pkgconfig/pybind11.pc
[108.734s] -- Installing: /home/yuqingchi/Code/ws_moveit/install/moveit_task_constructor_core/lib/libmoveit_task_constructor_core_python_tools.so
[108.735s] -- Set non-toolchain portion of runtime path of "/home/yuqingchi/Code/ws_moveit/install/moveit_task_constructor_core/lib/libmoveit_task_constructor_core_python_tools.so" to ""
[108.735s] -- Installing: /home/yuqingchi/Code/ws_moveit/install/moveit_task_constructor_core/lib/python3.12/site-packages/pymoveit_mtc.cpython-312-x86_64-linux-gnu.so
[108.737s] -- Set non-toolchain portion of runtime path of "/home/yuqingchi/Code/ws_moveit/install/moveit_task_constructor_core/lib/python3.12/site-packages/pymoveit_mtc.cpython-312-x86_64-linux-gnu.so" to ""
[108.738s] -- Up-to-date: /home/yuqingchi/Code/ws_moveit/install/moveit_task_constructor_core/include
[108.738s] -- Up-to-date: /home/yuqingchi/Code/ws_moveit/install/moveit_task_constructor_core/include/moveit
[108.738s] -- Installing: /home/yuqingchi/Code/ws_moveit/install/moveit_task_constructor_core/include/moveit/task_constructor
[108.739s] -- Installing: /home/yuqingchi/Code/ws_moveit/install/moveit_task_constructor_core/include/moveit/task_constructor/task.h
[108.739s] -- Installing: /home/yuqingchi/Code/ws_moveit/install/moveit_task_constructor_core/include/moveit/task_constructor/utils.h
[108.739s] -- Installing: /home/yuqingchi/Code/ws_moveit/install/moveit_task_constructor_core/include/moveit/task_constructor/cost_queue.h
[108.739s] -- Installing: /home/yuqingchi/Code/ws_moveit/install/moveit_task_constructor_core/include/moveit/task_constructor/cost_terms.h
[108.740s] -- Installing: /home/yuqingchi/Code/ws_moveit/install/moveit_task_constructor_core/include/moveit/task_constructor/moveit_compat.h
[108.740s] -- Installing: /home/yuqingchi/Code/ws_moveit/install/moveit_task_constructor_core/include/moveit/task_constructor/type_traits.h
[108.740s] -- Installing: /home/yuqingchi/Code/ws_moveit/install/moveit_task_constructor_core/include/moveit/task_constructor/merge.h
[108.740s] -- Installing: /home/yuqingchi/Code/ws_moveit/install/moveit_task_constructor_core/include/moveit/task_constructor/introspection.h
[108.740s] -- Installing: /home/yuqingchi/Code/ws_moveit/install/moveit_task_constructor_core/include/moveit/task_constructor/solvers.h
[108.741s] -- Installing: /home/yuqingchi/Code/ws_moveit/install/moveit_task_constructor_core/include/moveit/task_constructor/marker_tools.h
[108.741s] -- Installing: /home/yuqingchi/Code/ws_moveit/install/moveit_task_constructor_core/include/moveit/task_constructor/solvers
[108.741s] -- Installing: /home/yuqingchi/Code/ws_moveit/install/moveit_task_constructor_core/include/moveit/task_constructor/solvers/joint_interpolation.h
[108.741s] -- Installing: /home/yuqingchi/Code/ws_moveit/install/moveit_task_constructor_core/include/moveit/task_constructor/solvers/cartesian_path.h
[108.742s] -- Installing: /home/yuqingchi/Code/ws_moveit/install/moveit_task_constructor_core/include/moveit/task_constructor/solvers/pipeline_planner.h
[108.742s] -- Installing: /home/yuqingchi/Code/ws_moveit/install/moveit_task_constructor_core/include/moveit/task_constructor/solvers/planner_interface.h
[108.742s] -- Installing: /home/yuqingchi/Code/ws_moveit/install/moveit_task_constructor_core/include/moveit/task_constructor/solvers/multi_planner.h
[108.742s] -- Installing: /home/yuqingchi/Code/ws_moveit/install/moveit_task_constructor_core/include/moveit/task_constructor/stages.h
[108.742s] -- Installing: /home/yuqingchi/Code/ws_moveit/install/moveit_task_constructor_core/include/moveit/task_constructor/storage.h
[108.743s] -- Installing: /home/yuqingchi/Code/ws_moveit/install/moveit_task_constructor_core/include/moveit/task_constructor/container.h
[108.743s] -- Installing: /home/yuqingchi/Code/ws_moveit/install/moveit_task_constructor_core/include/moveit/task_constructor/properties.h
[108.743s] -- Installing: /home/yuqingchi/Code/ws_moveit/install/moveit_task_constructor_core/include/moveit/task_constructor/stages
[108.743s] -- Installing: /home/yuqingchi/Code/ws_moveit/install/moveit_task_constructor_core/include/moveit/task_constructor/stages/move_relative.h
[108.744s] -- Installing: /home/yuqingchi/Code/ws_moveit/install/moveit_task_constructor_core/include/moveit/task_constructor/stages/move_to.h
[108.744s] -- Installing: /home/yuqingchi/Code/ws_moveit/install/moveit_task_constructor_core/include/moveit/task_constructor/stages/limit_solutions.h
[108.744s] -- Installing: /home/yuqingchi/Code/ws_moveit/install/moveit_task_constructor_core/include/moveit/task_constructor/stages/generate_pose.h
[108.744s] -- Installing: /home/yuqingchi/Code/ws_moveit/install/moveit_task_constructor_core/include/moveit/task_constructor/stages/generate_place_pose.h
[108.745s] -- Installing: /home/yuqingchi/Code/ws_moveit/install/moveit_task_constructor_core/include/moveit/task_constructor/stages/current_state.h
[108.745s] -- Installing: /home/yuqingchi/Code/ws_moveit/install/moveit_task_constructor_core/include/moveit/task_constructor/stages/modify_planning_scene.h
[108.745s] -- Installing: /home/yuqingchi/Code/ws_moveit/install/moveit_task_constructor_core/include/moveit/task_constructor/stages/generate_grasp_pose.h
[108.745s] -- Installing: /home/yuqingchi/Code/ws_moveit/install/moveit_task_constructor_core/include/moveit/task_constructor/stages/fix_collision_objects.h
[108.746s] -- Installing: /home/yuqingchi/Code/ws_moveit/install/moveit_task_constructor_core/include/moveit/task_constructor/stages/fixed_cartesian_poses.h
[108.746s] -- Installing: /home/yuqingchi/Code/ws_moveit/install/moveit_task_constructor_core/include/moveit/task_constructor/stages/passthrough.h
[108.746s] -- Installing: /home/yuqingchi/Code/ws_moveit/install/moveit_task_constructor_core/include/moveit/task_constructor/stages/predicate_filter.h
[108.746s] -- Installing: /home/yuqingchi/Code/ws_moveit/install/moveit_task_constructor_core/include/moveit/task_constructor/stages/simple_grasp.h
[108.746s] -- Installing: /home/yuqingchi/Code/ws_moveit/install/moveit_task_constructor_core/include/moveit/task_constructor/stages/pick.h
[108.747s] -- Installing: /home/yuqingchi/Code/ws_moveit/install/moveit_task_constructor_core/include/moveit/task_constructor/stages/generate_random_pose.h
[108.747s] -- Installing: /home/yuqingchi/Code/ws_moveit/install/moveit_task_constructor_core/include/moveit/task_constructor/stages/connect.h
[108.747s] -- Installing: /home/yuqingchi/Code/ws_moveit/install/moveit_task_constructor_core/include/moveit/task_constructor/stages/noop.h
[108.747s] -- Installing: /home/yuqingchi/Code/ws_moveit/install/moveit_task_constructor_core/include/moveit/task_constructor/stages/fixed_state.h
[108.747s] -- Installing: /home/yuqingchi/Code/ws_moveit/install/moveit_task_constructor_core/include/moveit/task_constructor/stages/compute_ik.h
[108.748s] -- Installing: /home/yuqingchi/Code/ws_moveit/install/moveit_task_constructor_core/include/moveit/task_constructor/stage.h
[108.748s] -- Installing: /home/yuqingchi/Code/ws_moveit/install/moveit_task_constructor_core/include/moveit/task_constructor/trajectory_execution_info.h
[108.748s] -- Up-to-date: /home/yuqingchi/Code/ws_moveit/install/moveit_task_constructor_core/include/moveit/python
[108.748s] -- Installing: /home/yuqingchi/Code/ws_moveit/install/moveit_task_constructor_core/include/moveit/python/task_constructor
[108.749s] -- Installing: /home/yuqingchi/Code/ws_moveit/install/moveit_task_constructor_core/include/moveit/python/task_constructor/properties.h
[108.749s] -- Installing: /home/yuqingchi/Code/ws_moveit/install/moveit_task_constructor_core/share/moveit_task_constructor_core/motion_planning_stages_plugin_description.xml
[108.749s] -- Installing: /home/yuqingchi/Code/ws_moveit/install/moveit_task_constructor_core/share/moveit_task_constructor_core/environment/library_path.sh
[108.749s] -- Installing: /home/yuqingchi/Code/ws_moveit/install/moveit_task_constructor_core/share/moveit_task_constructor_core/environment/library_path.dsv
[108.750s] -- Installing: /home/yuqingchi/Code/ws_moveit/install/moveit_task_constructor_core/share/ament_index/resource_index/package_run_dependencies/moveit_task_constructor_core
[108.750s] -- Installing: /home/yuqingchi/Code/ws_moveit/install/moveit_task_constructor_core/share/ament_index/resource_index/parent_prefix_path/moveit_task_constructor_core
[108.750s] -- Installing: /home/yuqingchi/Code/ws_moveit/install/moveit_task_constructor_core/share/moveit_task_constructor_core/environment/ament_prefix_path.sh
[108.750s] -- Installing: /home/yuqingchi/Code/ws_moveit/install/moveit_task_constructor_core/share/moveit_task_constructor_core/environment/ament_prefix_path.dsv
[108.750s] -- Installing: /home/yuqingchi/Code/ws_moveit/install/moveit_task_constructor_core/share/moveit_task_constructor_core/environment/path.sh
[108.751s] -- Installing: /home/yuqingchi/Code/ws_moveit/install/moveit_task_constructor_core/share/moveit_task_constructor_core/environment/path.dsv
[108.751s] -- Installing: /home/yuqingchi/Code/ws_moveit/install/moveit_task_constructor_core/share/moveit_task_constructor_core/local_setup.bash
[108.751s] -- Installing: /home/yuqingchi/Code/ws_moveit/install/moveit_task_constructor_core/share/moveit_task_constructor_core/local_setup.sh
[108.751s] -- Installing: /home/yuqingchi/Code/ws_moveit/install/moveit_task_constructor_core/share/moveit_task_constructor_core/local_setup.zsh
[108.751s] -- Installing: /home/yuqingchi/Code/ws_moveit/install/moveit_task_constructor_core/share/moveit_task_constructor_core/local_setup.dsv
[108.752s] -- Installing: /home/yuqingchi/Code/ws_moveit/install/moveit_task_constructor_core/share/moveit_task_constructor_core/package.dsv
[108.752s] -- Installing: /home/yuqingchi/Code/ws_moveit/install/moveit_task_constructor_core/share/ament_index/resource_index/packages/moveit_task_constructor_core
[108.752s] -- Installing: /home/yuqingchi/Code/ws_moveit/install/moveit_task_constructor_core/share/ament_index/resource_index/moveit_task_constructor_core__pluginlib__plugin/moveit_task_constructor_core
[108.752s] -- Installing: /home/yuqingchi/Code/ws_moveit/install/moveit_task_constructor_core/share/moveit_task_constructor_core/cmake/moveit_task_constructor_coreTargetsExport.cmake
[108.752s] -- Installing: /home/yuqingchi/Code/ws_moveit/install/moveit_task_constructor_core/share/moveit_task_constructor_core/cmake/moveit_task_constructor_coreTargetsExport-release.cmake
[108.753s] -- Installing: /home/yuqingchi/Code/ws_moveit/install/moveit_task_constructor_core/share/moveit_task_constructor_core/cmake/ament_cmake_export_targets-extras.cmake
[108.753s] -- Installing: /home/yuqingchi/Code/ws_moveit/install/moveit_task_constructor_core/share/moveit_task_constructor_core/cmake/ament_cmake_export_dependencies-extras.cmake
[108.753s] -- Installing: /home/yuqingchi/Code/ws_moveit/install/moveit_task_constructor_core/share/moveit_task_constructor_core/cmake/moveit_task_constructor_coreConfig.cmake
[108.753s] -- Installing: /home/yuqingchi/Code/ws_moveit/install/moveit_task_constructor_core/share/moveit_task_constructor_core/cmake/moveit_task_constructor_coreConfig-version.cmake
[108.753s] -- Installing: /home/yuqingchi/Code/ws_moveit/install/moveit_task_constructor_core/share/moveit_task_constructor_core/package.xml
[108.758s] Invoked command in '/home/yuqingchi/Code/ws_moveit/build/moveit_task_constructor_core' returned '0': AMENT_PREFIX_PATH=/home/yuqingchi/Code/ws_moveit/install/moveit_planners:/home/yuqingchi/Code/ws_moveit/install/pilz_industrial_motion_planner:/home/yuqingchi/Code/ws_moveit/install/moveit_resources_prbt_pg70_support:/home/yuqingchi/Code/ws_moveit/install/moveit_ros_planning_interface:/home/yuqingchi/Code/ws_moveit/install/moveit_resources_prbt_moveit_config:/home/yuqingchi/Code/ws_moveit/install/moveit_ros_move_group:/home/yuqingchi/Code/ws_moveit/install/moveit_ros_warehouse:/home/yuqingchi/Code/ws_moveit/install/moveit_planners_ompl:/home/yuqingchi/Code/ws_moveit/install/moveit_kinematics:/home/yuqingchi/Code/ws_moveit/install/moveit_ros_planning:/home/yuqingchi/Code/ws_moveit/install/moveit_planners_chomp:/home/yuqingchi/Code/ws_moveit/install/pilz_industrial_motion_planner_testutils:/home/yuqingchi/Code/ws_moveit/install/moveit_simple_controller_manager:/home/yuqingchi/Code/ws_moveit/install/moveit_ros_occupancy_map_monitor:/home/yuqingchi/Code/ws_moveit/install/moveit_resources_prbt_ikfast_manipulator_plugin:/home/yuqingchi/Code/ws_moveit/install/moveit_planners_stomp:/home/yuqingchi/Code/ws_moveit/install/chomp_motion_planner:/home/yuqingchi/Code/ws_moveit/install/moveit_core:/home/yuqingchi/Code/ws_moveit/install/rviz_marker_tools:/home/yuqingchi/Code/ws_moveit/install/moveit_task_constructor_msgs:/home/yuqingchi/Code/ws_moveit/install/moveit_resources_panda_moveit_config:/home/yuqingchi/Code/ws_moveit/install/moveit_resources_fanuc_moveit_config:/home/yuqingchi/Code/ws_moveit/install/moveit_resources_prbt_support:/home/yuqingchi/Code/ws_moveit/install/moveit_resources_pr2_description:/home/yuqingchi/Code/ws_moveit/install/moveit_resources_panda_description:/home/yuqingchi/Code/ws_moveit/install/moveit_resources_fanuc_description:/home/yuqingchi/Code/ws_moveit/install/moveit_msgs:/home/yuqingchi/Code/ws_moveit/install/moveit_configs_utils:/home/yuqingchi/Code/ws_moveit/install/moveit_common:${AMENT_PREFIX_PATH} CMAKE_PREFIX_PATH=/home/yuqingchi/Code/ws_moveit/install/moveit_planners:/home/yuqingchi/Code/ws_moveit/install/pilz_industrial_motion_planner:/home/yuqingchi/Code/ws_moveit/install/moveit_resources_prbt_pg70_support:/home/yuqingchi/Code/ws_moveit/install/moveit_ros_planning_interface:/home/yuqingchi/Code/ws_moveit/install/moveit_resources_prbt_moveit_config:/home/yuqingchi/Code/ws_moveit/install/moveit_ros_move_group:/home/yuqingchi/Code/ws_moveit/install/moveit_ros_warehouse:/home/yuqingchi/Code/ws_moveit/install/moveit_planners_ompl:/home/yuqingchi/Code/ws_moveit/install/moveit_kinematics:/home/yuqingchi/Code/ws_moveit/install/moveit_ros_planning:/home/yuqingchi/Code/ws_moveit/install/moveit_planners_chomp:/home/yuqingchi/Code/ws_moveit/install/pilz_industrial_motion_planner_testutils:/home/yuqingchi/Code/ws_moveit/install/moveit_simple_controller_manager:/home/yuqingchi/Code/ws_moveit/install/moveit_ros_occupancy_map_monitor:/home/yuqingchi/Code/ws_moveit/install/moveit_resources_prbt_ikfast_manipulator_plugin:/home/yuqingchi/Code/ws_moveit/install/moveit_planners_stomp:/home/yuqingchi/Code/ws_moveit/install/chomp_motion_planner:/home/yuqingchi/Code/ws_moveit/install/moveit_core:/home/yuqingchi/Code/ws_moveit/install/rviz_marker_tools:/home/yuqingchi/Code/ws_moveit/install/moveit_task_constructor_msgs:/home/yuqingchi/Code/ws_moveit/install/moveit_resources_panda_moveit_config:/home/yuqingchi/Code/ws_moveit/install/moveit_resources_fanuc_moveit_config:/home/yuqingchi/Code/ws_moveit/install/moveit_resources_prbt_support:/home/yuqingchi/Code/ws_moveit/install/moveit_resources_pr2_description:/home/yuqingchi/Code/ws_moveit/install/moveit_resources_panda_description:/home/yuqingchi/Code/ws_moveit/install/moveit_resources_fanuc_description:/home/yuqingchi/Code/ws_moveit/install/moveit_msgs:/home/yuqingchi/Code/ws_moveit/install/moveit_common:/opt/ros/jazzy/opt/gz_math_vendor:/opt/ros/jazzy/opt/gz_utils_vendor:/opt/ros/jazzy/opt/gz_cmake_vendor:/opt/ros/jazzy DEBUGINFOD_URLS=https://debuginfod.ubuntu.com LD_LIBRARY_PATH=/home/yuqingchi/Code/ws_moveit/install/pilz_industrial_motion_planner/lib:/home/yuqingchi/Code/ws_moveit/install/moveit_ros_planning_interface/lib:/home/yuqingchi/Code/ws_moveit/install/moveit_ros_move_group/lib:/home/yuqingchi/Code/ws_moveit/install/moveit_ros_warehouse/lib:/home/yuqingchi/Code/ws_moveit/install/moveit_planners_ompl/lib:/home/yuqingchi/Code/ws_moveit/install/moveit_kinematics/lib:/home/yuqingchi/Code/ws_moveit/install/moveit_ros_planning/lib:/home/yuqingchi/Code/ws_moveit/install/moveit_planners_chomp/lib:/home/yuqingchi/Code/ws_moveit/install/pilz_industrial_motion_planner_testutils/lib:/home/yuqingchi/Code/ws_moveit/install/moveit_simple_controller_manager/lib:/home/yuqingchi/Code/ws_moveit/install/moveit_ros_occupancy_map_monitor/lib:/home/yuqingchi/Code/ws_moveit/install/moveit_resources_prbt_ikfast_manipulator_plugin/lib:/home/yuqingchi/Code/ws_moveit/install/moveit_planners_stomp/lib:/home/yuqingchi/Code/ws_moveit/install/chomp_motion_planner/lib:/home/yuqingchi/Code/ws_moveit/install/moveit_core/lib:/home/yuqingchi/Code/ws_moveit/install/rviz_marker_tools/lib:/home/yuqingchi/Code/ws_moveit/install/moveit_task_constructor_msgs/lib:/home/yuqingchi/Code/ws_moveit/install/moveit_msgs/lib:${LD_LIBRARY_PATH} PATH=/home/yuqingchi/Code/ws_moveit/install/moveit_core/bin:${PATH} PYTHONPATH=/home/yuqingchi/Code/ws_moveit/install/moveit_task_constructor_msgs/lib/python3.12/site-packages:/home/yuqingchi/Code/ws_moveit/install/moveit_msgs/lib/python3.12/site-packages:/home/yuqingchi/Code/ws_moveit/install/moveit_configs_utils/lib/python3.12/site-packages:${PYTHONPATH} /usr/bin/cmake --install /home/yuqingchi/Code/ws_moveit/build/moveit_task_constructor_core
