[0.048s] Invoking command in '/home/yuqingchi/Code/ws_moveit/build/moveit_py': AMENT_PREFIX_PATH=/home/yuqingchi/Code/ws_moveit/install/moveit_ros_planning_interface:/home/yuqingchi/Code/ws_moveit/install/moveit_ros_move_group:/home/yuqingchi/Code/ws_moveit/install/moveit_ros_warehouse:/home/yuqingchi/Code/ws_moveit/install/moveit_kinematics:/home/yuqingchi/Code/ws_moveit/install/moveit_ros_planning:/home/yuqingchi/Code/ws_moveit/install/moveit_simple_controller_manager:/home/yuqingchi/Code/ws_moveit/install/moveit_ros_occupancy_map_monitor:/home/yuqingchi/Code/ws_moveit/install/moveit_core:/home/yuqingchi/Code/ws_moveit/install/moveit_resources_panda_moveit_config:/home/yuqingchi/Code/ws_moveit/install/moveit_resources_fanuc_moveit_config:/home/yuqingchi/Code/ws_moveit/install/moveit_resources_pr2_description:/home/yuqingchi/Code/ws_moveit/install/moveit_resources_panda_description:/home/yuqingchi/Code/ws_moveit/install/moveit_resources_fanuc_description:/home/yuqingchi/Code/ws_moveit/install/moveit_msgs:/home/yuqingchi/Code/ws_moveit/install/moveit_configs_utils:/home/yuqingchi/Code/ws_moveit/install/moveit_common:${AMENT_PREFIX_PATH} CMAKE_PREFIX_PATH=/home/yuqingchi/Code/ws_moveit/install/moveit_ros_planning_interface:/home/yuqingchi/Code/ws_moveit/install/moveit_ros_move_group:/home/yuqingchi/Code/ws_moveit/install/moveit_ros_warehouse:/home/yuqingchi/Code/ws_moveit/install/moveit_kinematics:/home/yuqingchi/Code/ws_moveit/install/moveit_ros_planning:/home/yuqingchi/Code/ws_moveit/install/moveit_simple_controller_manager:/home/yuqingchi/Code/ws_moveit/install/moveit_ros_occupancy_map_monitor:/home/yuqingchi/Code/ws_moveit/install/moveit_core:/home/yuqingchi/Code/ws_moveit/install/moveit_resources_panda_moveit_config:/home/yuqingchi/Code/ws_moveit/install/moveit_resources_fanuc_moveit_config:/home/yuqingchi/Code/ws_moveit/install/moveit_resources_pr2_description:/home/yuqingchi/Code/ws_moveit/install/moveit_resources_panda_description:/home/yuqingchi/Code/ws_moveit/install/moveit_resources_fanuc_description:/home/yuqingchi/Code/ws_moveit/install/moveit_msgs:/home/yuqingchi/Code/ws_moveit/install/moveit_common:/opt/ros/jazzy/opt/gz_sim_vendor:/opt/ros/jazzy/opt/gz_sensors_vendor:/opt/ros/jazzy/opt/gz_physics_vendor:/opt/ros/jazzy/opt/sdformat_vendor:/opt/ros/jazzy/opt/gz_gui_vendor:/opt/ros/jazzy/opt/gz_transport_vendor:/opt/ros/jazzy/opt/gz_rendering_vendor:/opt/ros/jazzy/opt/gz_plugin_vendor:/opt/ros/jazzy/opt/gz_fuel_tools_vendor:/opt/ros/jazzy/opt/gz_msgs_vendor:/opt/ros/jazzy/opt/gz_common_vendor:/opt/ros/jazzy/opt/gz_math_vendor:/opt/ros/jazzy/opt/gz_utils_vendor:/opt/ros/jazzy/opt/gz_tools_vendor:/opt/ros/jazzy/opt/gz_ogre_next_vendor:/opt/ros/jazzy/opt/gz_dartsim_vendor:/opt/ros/jazzy/opt/gz_cmake_vendor:/opt/ros/jazzy DEBUGINFOD_URLS=https://debuginfod.ubuntu.com LD_LIBRARY_PATH=/home/yuqingchi/Code/ws_moveit/install/moveit_ros_planning_interface/lib:/home/yuqingchi/Code/ws_moveit/install/moveit_ros_move_group/lib:/home/yuqingchi/Code/ws_moveit/install/moveit_ros_warehouse/lib:/home/yuqingchi/Code/ws_moveit/install/moveit_kinematics/lib:/home/yuqingchi/Code/ws_moveit/install/moveit_ros_planning/lib:/home/yuqingchi/Code/ws_moveit/install/moveit_simple_controller_manager/lib:/home/yuqingchi/Code/ws_moveit/install/moveit_ros_occupancy_map_monitor/lib:/home/yuqingchi/Code/ws_moveit/install/moveit_core/lib:/home/yuqingchi/Code/ws_moveit/install/moveit_msgs/lib:${LD_LIBRARY_PATH} PATH=/home/yuqingchi/Code/ws_moveit/install/moveit_core/bin:${PATH} PYTHONPATH=/home/yuqingchi/Code/ws_moveit/install/moveit_msgs/lib/python3.12/site-packages:/home/yuqingchi/Code/ws_moveit/install/moveit_configs_utils/lib/python3.12/site-packages:${PYTHONPATH} /usr/bin/cmake --build /home/yuqingchi/Code/ws_moveit/build/moveit_py -- -j16 -l16
[0.119s] [ 12%] Built target moveit_py_utils
[0.125s] [ 12%] Built target ament_cmake_python_copy_moveit
[0.166s] [ 37%] Built target planning
[0.191s] [100%] Built target core
[0.283s] running egg_info
[0.296s] writing moveit.egg-info/PKG-INFO
[0.297s] writing dependency_links to moveit.egg-info/dependency_links.txt
[0.297s] writing top-level names to moveit.egg-info/top_level.txt
[0.333s] reading manifest file 'moveit.egg-info/SOURCES.txt'
[0.333s] writing manifest file 'moveit.egg-info/SOURCES.txt'
[0.353s] [100%] Built target ament_cmake_python_build_moveit_egg
[0.363s] Invoked command in '/home/yuqingchi/Code/ws_moveit/build/moveit_py' returned '0': AMENT_PREFIX_PATH=/home/yuqingchi/Code/ws_moveit/install/moveit_ros_planning_interface:/home/yuqingchi/Code/ws_moveit/install/moveit_ros_move_group:/home/yuqingchi/Code/ws_moveit/install/moveit_ros_warehouse:/home/yuqingchi/Code/ws_moveit/install/moveit_kinematics:/home/yuqingchi/Code/ws_moveit/install/moveit_ros_planning:/home/yuqingchi/Code/ws_moveit/install/moveit_simple_controller_manager:/home/yuqingchi/Code/ws_moveit/install/moveit_ros_occupancy_map_monitor:/home/yuqingchi/Code/ws_moveit/install/moveit_core:/home/yuqingchi/Code/ws_moveit/install/moveit_resources_panda_moveit_config:/home/yuqingchi/Code/ws_moveit/install/moveit_resources_fanuc_moveit_config:/home/yuqingchi/Code/ws_moveit/install/moveit_resources_pr2_description:/home/yuqingchi/Code/ws_moveit/install/moveit_resources_panda_description:/home/yuqingchi/Code/ws_moveit/install/moveit_resources_fanuc_description:/home/yuqingchi/Code/ws_moveit/install/moveit_msgs:/home/yuqingchi/Code/ws_moveit/install/moveit_configs_utils:/home/yuqingchi/Code/ws_moveit/install/moveit_common:${AMENT_PREFIX_PATH} CMAKE_PREFIX_PATH=/home/yuqingchi/Code/ws_moveit/install/moveit_ros_planning_interface:/home/yuqingchi/Code/ws_moveit/install/moveit_ros_move_group:/home/yuqingchi/Code/ws_moveit/install/moveit_ros_warehouse:/home/yuqingchi/Code/ws_moveit/install/moveit_kinematics:/home/yuqingchi/Code/ws_moveit/install/moveit_ros_planning:/home/yuqingchi/Code/ws_moveit/install/moveit_simple_controller_manager:/home/yuqingchi/Code/ws_moveit/install/moveit_ros_occupancy_map_monitor:/home/yuqingchi/Code/ws_moveit/install/moveit_core:/home/yuqingchi/Code/ws_moveit/install/moveit_resources_panda_moveit_config:/home/yuqingchi/Code/ws_moveit/install/moveit_resources_fanuc_moveit_config:/home/yuqingchi/Code/ws_moveit/install/moveit_resources_pr2_description:/home/yuqingchi/Code/ws_moveit/install/moveit_resources_panda_description:/home/yuqingchi/Code/ws_moveit/install/moveit_resources_fanuc_description:/home/yuqingchi/Code/ws_moveit/install/moveit_msgs:/home/yuqingchi/Code/ws_moveit/install/moveit_common:/opt/ros/jazzy/opt/gz_sim_vendor:/opt/ros/jazzy/opt/gz_sensors_vendor:/opt/ros/jazzy/opt/gz_physics_vendor:/opt/ros/jazzy/opt/sdformat_vendor:/opt/ros/jazzy/opt/gz_gui_vendor:/opt/ros/jazzy/opt/gz_transport_vendor:/opt/ros/jazzy/opt/gz_rendering_vendor:/opt/ros/jazzy/opt/gz_plugin_vendor:/opt/ros/jazzy/opt/gz_fuel_tools_vendor:/opt/ros/jazzy/opt/gz_msgs_vendor:/opt/ros/jazzy/opt/gz_common_vendor:/opt/ros/jazzy/opt/gz_math_vendor:/opt/ros/jazzy/opt/gz_utils_vendor:/opt/ros/jazzy/opt/gz_tools_vendor:/opt/ros/jazzy/opt/gz_ogre_next_vendor:/opt/ros/jazzy/opt/gz_dartsim_vendor:/opt/ros/jazzy/opt/gz_cmake_vendor:/opt/ros/jazzy DEBUGINFOD_URLS=https://debuginfod.ubuntu.com LD_LIBRARY_PATH=/home/yuqingchi/Code/ws_moveit/install/moveit_ros_planning_interface/lib:/home/yuqingchi/Code/ws_moveit/install/moveit_ros_move_group/lib:/home/yuqingchi/Code/ws_moveit/install/moveit_ros_warehouse/lib:/home/yuqingchi/Code/ws_moveit/install/moveit_kinematics/lib:/home/yuqingchi/Code/ws_moveit/install/moveit_ros_planning/lib:/home/yuqingchi/Code/ws_moveit/install/moveit_simple_controller_manager/lib:/home/yuqingchi/Code/ws_moveit/install/moveit_ros_occupancy_map_monitor/lib:/home/yuqingchi/Code/ws_moveit/install/moveit_core/lib:/home/yuqingchi/Code/ws_moveit/install/moveit_msgs/lib:${LD_LIBRARY_PATH} PATH=/home/yuqingchi/Code/ws_moveit/install/moveit_core/bin:${PATH} PYTHONPATH=/home/yuqingchi/Code/ws_moveit/install/moveit_msgs/lib/python3.12/site-packages:/home/yuqingchi/Code/ws_moveit/install/moveit_configs_utils/lib/python3.12/site-packages:${PYTHONPATH} /usr/bin/cmake --build /home/yuqingchi/Code/ws_moveit/build/moveit_py -- -j16 -l16
[0.365s] Invoking command in '/home/yuqingchi/Code/ws_moveit/build/moveit_py': AMENT_PREFIX_PATH=/home/yuqingchi/Code/ws_moveit/install/moveit_ros_planning_interface:/home/yuqingchi/Code/ws_moveit/install/moveit_ros_move_group:/home/yuqingchi/Code/ws_moveit/install/moveit_ros_warehouse:/home/yuqingchi/Code/ws_moveit/install/moveit_kinematics:/home/yuqingchi/Code/ws_moveit/install/moveit_ros_planning:/home/yuqingchi/Code/ws_moveit/install/moveit_simple_controller_manager:/home/yuqingchi/Code/ws_moveit/install/moveit_ros_occupancy_map_monitor:/home/yuqingchi/Code/ws_moveit/install/moveit_core:/home/yuqingchi/Code/ws_moveit/install/moveit_resources_panda_moveit_config:/home/yuqingchi/Code/ws_moveit/install/moveit_resources_fanuc_moveit_config:/home/yuqingchi/Code/ws_moveit/install/moveit_resources_pr2_description:/home/yuqingchi/Code/ws_moveit/install/moveit_resources_panda_description:/home/yuqingchi/Code/ws_moveit/install/moveit_resources_fanuc_description:/home/yuqingchi/Code/ws_moveit/install/moveit_msgs:/home/yuqingchi/Code/ws_moveit/install/moveit_configs_utils:/home/yuqingchi/Code/ws_moveit/install/moveit_common:${AMENT_PREFIX_PATH} CMAKE_PREFIX_PATH=/home/yuqingchi/Code/ws_moveit/install/moveit_ros_planning_interface:/home/yuqingchi/Code/ws_moveit/install/moveit_ros_move_group:/home/yuqingchi/Code/ws_moveit/install/moveit_ros_warehouse:/home/yuqingchi/Code/ws_moveit/install/moveit_kinematics:/home/yuqingchi/Code/ws_moveit/install/moveit_ros_planning:/home/yuqingchi/Code/ws_moveit/install/moveit_simple_controller_manager:/home/yuqingchi/Code/ws_moveit/install/moveit_ros_occupancy_map_monitor:/home/yuqingchi/Code/ws_moveit/install/moveit_core:/home/yuqingchi/Code/ws_moveit/install/moveit_resources_panda_moveit_config:/home/yuqingchi/Code/ws_moveit/install/moveit_resources_fanuc_moveit_config:/home/yuqingchi/Code/ws_moveit/install/moveit_resources_pr2_description:/home/yuqingchi/Code/ws_moveit/install/moveit_resources_panda_description:/home/yuqingchi/Code/ws_moveit/install/moveit_resources_fanuc_description:/home/yuqingchi/Code/ws_moveit/install/moveit_msgs:/home/yuqingchi/Code/ws_moveit/install/moveit_common:/opt/ros/jazzy/opt/gz_sim_vendor:/opt/ros/jazzy/opt/gz_sensors_vendor:/opt/ros/jazzy/opt/gz_physics_vendor:/opt/ros/jazzy/opt/sdformat_vendor:/opt/ros/jazzy/opt/gz_gui_vendor:/opt/ros/jazzy/opt/gz_transport_vendor:/opt/ros/jazzy/opt/gz_rendering_vendor:/opt/ros/jazzy/opt/gz_plugin_vendor:/opt/ros/jazzy/opt/gz_fuel_tools_vendor:/opt/ros/jazzy/opt/gz_msgs_vendor:/opt/ros/jazzy/opt/gz_common_vendor:/opt/ros/jazzy/opt/gz_math_vendor:/opt/ros/jazzy/opt/gz_utils_vendor:/opt/ros/jazzy/opt/gz_tools_vendor:/opt/ros/jazzy/opt/gz_ogre_next_vendor:/opt/ros/jazzy/opt/gz_dartsim_vendor:/opt/ros/jazzy/opt/gz_cmake_vendor:/opt/ros/jazzy DEBUGINFOD_URLS=https://debuginfod.ubuntu.com LD_LIBRARY_PATH=/home/yuqingchi/Code/ws_moveit/install/moveit_ros_planning_interface/lib:/home/yuqingchi/Code/ws_moveit/install/moveit_ros_move_group/lib:/home/yuqingchi/Code/ws_moveit/install/moveit_ros_warehouse/lib:/home/yuqingchi/Code/ws_moveit/install/moveit_kinematics/lib:/home/yuqingchi/Code/ws_moveit/install/moveit_ros_planning/lib:/home/yuqingchi/Code/ws_moveit/install/moveit_simple_controller_manager/lib:/home/yuqingchi/Code/ws_moveit/install/moveit_ros_occupancy_map_monitor/lib:/home/yuqingchi/Code/ws_moveit/install/moveit_core/lib:/home/yuqingchi/Code/ws_moveit/install/moveit_msgs/lib:${LD_LIBRARY_PATH} PATH=/home/yuqingchi/Code/ws_moveit/install/moveit_core/bin:${PATH} PYTHONPATH=/home/yuqingchi/Code/ws_moveit/install/moveit_msgs/lib/python3.12/site-packages:/home/yuqingchi/Code/ws_moveit/install/moveit_configs_utils/lib/python3.12/site-packages:${PYTHONPATH} /usr/bin/cmake --install /home/yuqingchi/Code/ws_moveit/build/moveit_py
[0.371s] -- Install configuration: ""
[0.372s] -- Up-to-date: /home/yuqingchi/Code/ws_moveit/install/moveit_py/lib/libmoveit_py_utils.so.
[0.372s] -- Up-to-date: /home/yuqingchi/Code/ws_moveit/install/moveit_py/lib/libmoveit_py_utils.so
[0.372s] -- Up-to-date: /home/yuqingchi/Code/ws_moveit/install/moveit_py/include/moveit_py
[0.372s] -- Up-to-date: /home/yuqingchi/Code/ws_moveit/install/moveit_py/include/moveit_py/moveit_py
[0.372s] -- Up-to-date: /home/yuqingchi/Code/ws_moveit/install/moveit_py/include/moveit_py/moveit_py/moveit_py_utils
[0.373s] -- Up-to-date: /home/yuqingchi/Code/ws_moveit/install/moveit_py/include/moveit_py/moveit_py/moveit_py_utils/ros_msg_typecasters.h
[0.373s] -- Up-to-date: /home/yuqingchi/Code/ws_moveit/install/moveit_py/include/moveit_py/moveit_py/moveit_py_utils/copy_ros_msg.h
[0.373s] -- Up-to-date: /home/yuqingchi/Code/ws_moveit/install/moveit_py/include/moveit_py/moveit_py/moveit_py_utils/ros_msg_typecasters.hpp
[0.373s] -- Up-to-date: /home/yuqingchi/Code/ws_moveit/install/moveit_py/include/moveit_py/moveit_py/moveit_py_utils/rclpy_time_typecaster.hpp
[0.373s] -- Up-to-date: /home/yuqingchi/Code/ws_moveit/install/moveit_py/include/moveit_py/moveit_py/moveit_py_utils/copy_ros_msg.hpp
[0.374s] -- Up-to-date: /home/yuqingchi/Code/ws_moveit/install/moveit_py/share/moveit_py/environment/pythonpath.sh
[0.374s] -- Up-to-date: /home/yuqingchi/Code/ws_moveit/install/moveit_py/share/moveit_py/environment/pythonpath.dsv
[0.374s] -- Up-to-date: /home/yuqingchi/Code/ws_moveit/install/moveit_py/lib/python3.12/site-packages/moveit-2.14.1-py3.12.egg-info
[0.374s] -- Installing: /home/yuqingchi/Code/ws_moveit/install/moveit_py/lib/python3.12/site-packages/moveit-2.14.1-py3.12.egg-info/PKG-INFO
[0.374s] -- Installing: /home/yuqingchi/Code/ws_moveit/install/moveit_py/lib/python3.12/site-packages/moveit-2.14.1-py3.12.egg-info/dependency_links.txt
[0.375s] -- Installing: /home/yuqingchi/Code/ws_moveit/install/moveit_py/lib/python3.12/site-packages/moveit-2.14.1-py3.12.egg-info/SOURCES.txt
[0.375s] -- Installing: /home/yuqingchi/Code/ws_moveit/install/moveit_py/lib/python3.12/site-packages/moveit-2.14.1-py3.12.egg-info/top_level.txt
[0.375s] -- Up-to-date: /home/yuqingchi/Code/ws_moveit/install/moveit_py/lib/python3.12/site-packages/moveit
[0.375s] -- Up-to-date: /home/yuqingchi/Code/ws_moveit/install/moveit_py/lib/python3.12/site-packages/moveit/planning.pyi
[0.375s] -- Up-to-date: /home/yuqingchi/Code/ws_moveit/install/moveit_py/lib/python3.12/site-packages/moveit/servo_client
[0.375s] -- Up-to-date: /home/yuqingchi/Code/ws_moveit/install/moveit_py/lib/python3.12/site-packages/moveit/servo_client/__init__.pyi
[0.375s] -- Up-to-date: /home/yuqingchi/Code/ws_moveit/install/moveit_py/lib/python3.12/site-packages/moveit/servo_client/teleop.py
[0.375s] -- Up-to-date: /home/yuqingchi/Code/ws_moveit/install/moveit_py/lib/python3.12/site-packages/moveit/servo_client/__init__.py
[0.375s] -- Up-to-date: /home/yuqingchi/Code/ws_moveit/install/moveit_py/lib/python3.12/site-packages/moveit/servo_client/teleop.pyi
[0.375s] -- Up-to-date: /home/yuqingchi/Code/ws_moveit/install/moveit_py/lib/python3.12/site-packages/moveit/servo_client/devices
[0.375s] -- Up-to-date: /home/yuqingchi/Code/ws_moveit/install/moveit_py/lib/python3.12/site-packages/moveit/servo_client/devices/ps4_dualshock.pyi
[0.375s] -- Up-to-date: /home/yuqingchi/Code/ws_moveit/install/moveit_py/lib/python3.12/site-packages/moveit/servo_client/devices/__init__.pyi
[0.375s] -- Up-to-date: /home/yuqingchi/Code/ws_moveit/install/moveit_py/lib/python3.12/site-packages/moveit/servo_client/devices/ps4_dualshock.py
[0.375s] -- Up-to-date: /home/yuqingchi/Code/ws_moveit/install/moveit_py/lib/python3.12/site-packages/moveit/servo_client/devices/__init__.py
[0.375s] -- Up-to-date: /home/yuqingchi/Code/ws_moveit/install/moveit_py/lib/python3.12/site-packages/moveit/servo_client/README.md
[0.375s] -- Up-to-date: /home/yuqingchi/Code/ws_moveit/install/moveit_py/lib/python3.12/site-packages/moveit/py.typed
[0.376s] -- Up-to-date: /home/yuqingchi/Code/ws_moveit/install/moveit_py/lib/python3.12/site-packages/moveit/core
[0.376s] -- Up-to-date: /home/yuqingchi/Code/ws_moveit/install/moveit_py/lib/python3.12/site-packages/moveit/core/__init__.pyi
[0.376s] -- Up-to-date: /home/yuqingchi/Code/ws_moveit/install/moveit_py/lib/python3.12/site-packages/moveit/core/planning_scene.pyi
[0.376s] -- Up-to-date: /home/yuqingchi/Code/ws_moveit/install/moveit_py/lib/python3.12/site-packages/moveit/core/kinematic_constraints.pyi
[0.376s] -- Up-to-date: /home/yuqingchi/Code/ws_moveit/install/moveit_py/lib/python3.12/site-packages/moveit/core/collision_detection.pyi
[0.376s] -- Up-to-date: /home/yuqingchi/Code/ws_moveit/install/moveit_py/lib/python3.12/site-packages/moveit/core/controller_manager.pyi
[0.376s] -- Up-to-date: /home/yuqingchi/Code/ws_moveit/install/moveit_py/lib/python3.12/site-packages/moveit/core/planning_interface.pyi
[0.376s] -- Up-to-date: /home/yuqingchi/Code/ws_moveit/install/moveit_py/lib/python3.12/site-packages/moveit/core/robot_state.pyi
[0.376s] -- Up-to-date: /home/yuqingchi/Code/ws_moveit/install/moveit_py/lib/python3.12/site-packages/moveit/core/robot_model.pyi
[0.376s] -- Up-to-date: /home/yuqingchi/Code/ws_moveit/install/moveit_py/lib/python3.12/site-packages/moveit/core/robot_trajectory.pyi
[0.376s] -- Up-to-date: /home/yuqingchi/Code/ws_moveit/install/moveit_py/lib/python3.12/site-packages/moveit/policies
[0.376s] -- Up-to-date: /home/yuqingchi/Code/ws_moveit/install/moveit_py/lib/python3.12/site-packages/moveit/policies/__init__.pyi
[0.376s] -- Up-to-date: /home/yuqingchi/Code/ws_moveit/install/moveit_py/lib/python3.12/site-packages/moveit/policies/policy.pyi
[0.376s] -- Up-to-date: /home/yuqingchi/Code/ws_moveit/install/moveit_py/lib/python3.12/site-packages/moveit/policies/policy.py
[0.376s] -- Up-to-date: /home/yuqingchi/Code/ws_moveit/install/moveit_py/lib/python3.12/site-packages/moveit/policies/__init__.py
[0.376s] -- Up-to-date: /home/yuqingchi/Code/ws_moveit/install/moveit_py/lib/python3.12/site-packages/moveit/utils.pyi
[0.376s] -- Up-to-date: /home/yuqingchi/Code/ws_moveit/install/moveit_py/lib/python3.12/site-packages/moveit/utils.py
[0.376s] -- Up-to-date: /home/yuqingchi/Code/ws_moveit/install/moveit_py/lib/python3.12/site-packages/moveit/__init__.py
[0.376s] -- Up-to-date: /home/yuqingchi/Code/ws_moveit/install/moveit_py/lib/python3.12/site-packages/moveit/README.md
[0.399s] Listing '/home/yuqingchi/Code/ws_moveit/install/moveit_py/lib/python3.12/site-packages/moveit'...
[0.400s] Listing '/home/yuqingchi/Code/ws_moveit/install/moveit_py/lib/python3.12/site-packages/moveit/core'...
[0.400s] Listing '/home/yuqingchi/Code/ws_moveit/install/moveit_py/lib/python3.12/site-packages/moveit/policies'...
[0.400s] Listing '/home/yuqingchi/Code/ws_moveit/install/moveit_py/lib/python3.12/site-packages/moveit/servo_client'...
[0.400s] Listing '/home/yuqingchi/Code/ws_moveit/install/moveit_py/lib/python3.12/site-packages/moveit/servo_client/devices'...
[0.405s] -- Up-to-date: /home/yuqingchi/Code/ws_moveit/install/moveit_py/lib/python3.12/site-packages/moveit/core.cpython-312-x86_64-linux-gnu.so
[0.405s] -- Up-to-date: /home/yuqingchi/Code/ws_moveit/install/moveit_py/lib/python3.12/site-packages/moveit/planning.cpython-312-x86_64-linux-gnu.so
[0.405s] -- Up-to-date: /home/yuqingchi/Code/ws_moveit/install/moveit_py/share/moveit_py/environment/library_path.sh
[0.405s] -- Up-to-date: /home/yuqingchi/Code/ws_moveit/install/moveit_py/share/moveit_py/environment/library_path.dsv
[0.405s] -- Up-to-date: /home/yuqingchi/Code/ws_moveit/install/moveit_py/share/ament_index/resource_index/package_run_dependencies/moveit_py
[0.406s] -- Up-to-date: /home/yuqingchi/Code/ws_moveit/install/moveit_py/share/ament_index/resource_index/parent_prefix_path/moveit_py
[0.406s] -- Up-to-date: /home/yuqingchi/Code/ws_moveit/install/moveit_py/share/moveit_py/environment/ament_prefix_path.sh
[0.406s] -- Up-to-date: /home/yuqingchi/Code/ws_moveit/install/moveit_py/share/moveit_py/environment/ament_prefix_path.dsv
[0.406s] -- Up-to-date: /home/yuqingchi/Code/ws_moveit/install/moveit_py/share/moveit_py/environment/path.sh
[0.406s] -- Up-to-date: /home/yuqingchi/Code/ws_moveit/install/moveit_py/share/moveit_py/environment/path.dsv
[0.406s] -- Up-to-date: /home/yuqingchi/Code/ws_moveit/install/moveit_py/share/moveit_py/local_setup.bash
[0.406s] -- Up-to-date: /home/yuqingchi/Code/ws_moveit/install/moveit_py/share/moveit_py/local_setup.sh
[0.406s] -- Up-to-date: /home/yuqingchi/Code/ws_moveit/install/moveit_py/share/moveit_py/local_setup.zsh
[0.406s] -- Up-to-date: /home/yuqingchi/Code/ws_moveit/install/moveit_py/share/moveit_py/local_setup.dsv
[0.406s] -- Installing: /home/yuqingchi/Code/ws_moveit/install/moveit_py/share/moveit_py/package.dsv
[0.406s] -- Up-to-date: /home/yuqingchi/Code/ws_moveit/install/moveit_py/share/ament_index/resource_index/packages/moveit_py
[0.407s] -- Up-to-date: /home/yuqingchi/Code/ws_moveit/install/moveit_py/share/moveit_py/cmake/moveit_py_utilsTargetsExport.cmake
[0.407s] -- Up-to-date: /home/yuqingchi/Code/ws_moveit/install/moveit_py/share/moveit_py/cmake/moveit_py_utilsTargetsExport-noconfig.cmake
[0.407s] -- Up-to-date: /home/yuqingchi/Code/ws_moveit/install/moveit_py/share/moveit_py/cmake/ament_cmake_export_targets-extras.cmake
[0.407s] -- Up-to-date: /home/yuqingchi/Code/ws_moveit/install/moveit_py/share/moveit_py/cmake/ament_cmake_export_dependencies-extras.cmake
[0.407s] -- Up-to-date: /home/yuqingchi/Code/ws_moveit/install/moveit_py/share/moveit_py/cmake/moveit_pyConfig.cmake
[0.407s] -- Up-to-date: /home/yuqingchi/Code/ws_moveit/install/moveit_py/share/moveit_py/cmake/moveit_pyConfig-version.cmake
[0.408s] -- Up-to-date: /home/yuqingchi/Code/ws_moveit/install/moveit_py/share/moveit_py/package.xml
[0.409s] Invoked command in '/home/yuqingchi/Code/ws_moveit/build/moveit_py' returned '0': AMENT_PREFIX_PATH=/home/yuqingchi/Code/ws_moveit/install/moveit_ros_planning_interface:/home/yuqingchi/Code/ws_moveit/install/moveit_ros_move_group:/home/yuqingchi/Code/ws_moveit/install/moveit_ros_warehouse:/home/yuqingchi/Code/ws_moveit/install/moveit_kinematics:/home/yuqingchi/Code/ws_moveit/install/moveit_ros_planning:/home/yuqingchi/Code/ws_moveit/install/moveit_simple_controller_manager:/home/yuqingchi/Code/ws_moveit/install/moveit_ros_occupancy_map_monitor:/home/yuqingchi/Code/ws_moveit/install/moveit_core:/home/yuqingchi/Code/ws_moveit/install/moveit_resources_panda_moveit_config:/home/yuqingchi/Code/ws_moveit/install/moveit_resources_fanuc_moveit_config:/home/yuqingchi/Code/ws_moveit/install/moveit_resources_pr2_description:/home/yuqingchi/Code/ws_moveit/install/moveit_resources_panda_description:/home/yuqingchi/Code/ws_moveit/install/moveit_resources_fanuc_description:/home/yuqingchi/Code/ws_moveit/install/moveit_msgs:/home/yuqingchi/Code/ws_moveit/install/moveit_configs_utils:/home/yuqingchi/Code/ws_moveit/install/moveit_common:${AMENT_PREFIX_PATH} CMAKE_PREFIX_PATH=/home/yuqingchi/Code/ws_moveit/install/moveit_ros_planning_interface:/home/yuqingchi/Code/ws_moveit/install/moveit_ros_move_group:/home/yuqingchi/Code/ws_moveit/install/moveit_ros_warehouse:/home/yuqingchi/Code/ws_moveit/install/moveit_kinematics:/home/yuqingchi/Code/ws_moveit/install/moveit_ros_planning:/home/yuqingchi/Code/ws_moveit/install/moveit_simple_controller_manager:/home/yuqingchi/Code/ws_moveit/install/moveit_ros_occupancy_map_monitor:/home/yuqingchi/Code/ws_moveit/install/moveit_core:/home/yuqingchi/Code/ws_moveit/install/moveit_resources_panda_moveit_config:/home/yuqingchi/Code/ws_moveit/install/moveit_resources_fanuc_moveit_config:/home/yuqingchi/Code/ws_moveit/install/moveit_resources_pr2_description:/home/yuqingchi/Code/ws_moveit/install/moveit_resources_panda_description:/home/yuqingchi/Code/ws_moveit/install/moveit_resources_fanuc_description:/home/yuqingchi/Code/ws_moveit/install/moveit_msgs:/home/yuqingchi/Code/ws_moveit/install/moveit_common:/opt/ros/jazzy/opt/gz_sim_vendor:/opt/ros/jazzy/opt/gz_sensors_vendor:/opt/ros/jazzy/opt/gz_physics_vendor:/opt/ros/jazzy/opt/sdformat_vendor:/opt/ros/jazzy/opt/gz_gui_vendor:/opt/ros/jazzy/opt/gz_transport_vendor:/opt/ros/jazzy/opt/gz_rendering_vendor:/opt/ros/jazzy/opt/gz_plugin_vendor:/opt/ros/jazzy/opt/gz_fuel_tools_vendor:/opt/ros/jazzy/opt/gz_msgs_vendor:/opt/ros/jazzy/opt/gz_common_vendor:/opt/ros/jazzy/opt/gz_math_vendor:/opt/ros/jazzy/opt/gz_utils_vendor:/opt/ros/jazzy/opt/gz_tools_vendor:/opt/ros/jazzy/opt/gz_ogre_next_vendor:/opt/ros/jazzy/opt/gz_dartsim_vendor:/opt/ros/jazzy/opt/gz_cmake_vendor:/opt/ros/jazzy DEBUGINFOD_URLS=https://debuginfod.ubuntu.com LD_LIBRARY_PATH=/home/yuqingchi/Code/ws_moveit/install/moveit_ros_planning_interface/lib:/home/yuqingchi/Code/ws_moveit/install/moveit_ros_move_group/lib:/home/yuqingchi/Code/ws_moveit/install/moveit_ros_warehouse/lib:/home/yuqingchi/Code/ws_moveit/install/moveit_kinematics/lib:/home/yuqingchi/Code/ws_moveit/install/moveit_ros_planning/lib:/home/yuqingchi/Code/ws_moveit/install/moveit_simple_controller_manager/lib:/home/yuqingchi/Code/ws_moveit/install/moveit_ros_occupancy_map_monitor/lib:/home/yuqingchi/Code/ws_moveit/install/moveit_core/lib:/home/yuqingchi/Code/ws_moveit/install/moveit_msgs/lib:${LD_LIBRARY_PATH} PATH=/home/yuqingchi/Code/ws_moveit/install/moveit_core/bin:${PATH} PYTHONPATH=/home/yuqingchi/Code/ws_moveit/install/moveit_msgs/lib/python3.12/site-packages:/home/yuqingchi/Code/ws_moveit/install/moveit_configs_utils/lib/python3.12/site-packages:${PYTHONPATH} /usr/bin/cmake --install /home/yuqingchi/Code/ws_moveit/build/moveit_py
