[0.070s] Invoking command in '/home/yuqingchi/Code/ws_moveit/build/moveit_setup_framework': AMENT_PREFIX_PATH=/home/yuqingchi/Code/ws_moveit/install/moveit_ros_visualization:/home/yuqingchi/Code/ws_moveit/install/moveit_ros_planning_interface:/home/yuqingchi/Code/ws_moveit/install/moveit_ros_move_group:/home/yuqingchi/Code/ws_moveit/install/moveit_ros_warehouse:/home/yuqingchi/Code/ws_moveit/install/moveit_ros_robot_interaction:/home/yuqingchi/Code/ws_moveit/install/moveit_kinematics:/home/yuqingchi/Code/ws_moveit/install/moveit_ros_planning:/home/yuqingchi/Code/ws_moveit/install/moveit_simple_controller_manager:/home/yuqingchi/Code/ws_moveit/install/moveit_ros_occupancy_map_monitor:/home/yuqingchi/Code/ws_moveit/install/moveit_core:/home/yuqingchi/Code/ws_moveit/install/moveit_resources_panda_moveit_config:/home/yuqingchi/Code/ws_moveit/install/moveit_resources_fanuc_moveit_config:/home/yuqingchi/Code/ws_moveit/install/moveit_resources_pr2_description:/home/yuqingchi/Code/ws_moveit/install/moveit_resources_panda_description:/home/yuqingchi/Code/ws_moveit/install/moveit_resources_fanuc_description:/home/yuqingchi/Code/ws_moveit/install/moveit_msgs:/home/yuqingchi/Code/ws_moveit/install/moveit_configs_utils:/home/yuqingchi/Code/ws_moveit/install/moveit_common:${AMENT_PREFIX_PATH} CMAKE_PREFIX_PATH=/home/yuqingchi/Code/ws_moveit/install/moveit_ros_visualization:/home/yuqingchi/Code/ws_moveit/install/moveit_ros_planning_interface:/home/yuqingchi/Code/ws_moveit/install/moveit_ros_move_group:/home/yuqingchi/Code/ws_moveit/install/moveit_ros_warehouse:/home/yuqingchi/Code/ws_moveit/install/moveit_ros_robot_interaction:/home/yuqingchi/Code/ws_moveit/install/moveit_kinematics:/home/yuqingchi/Code/ws_moveit/install/moveit_ros_planning:/home/yuqingchi/Code/ws_moveit/install/moveit_simple_controller_manager:/home/yuqingchi/Code/ws_moveit/install/moveit_ros_occupancy_map_monitor:/home/yuqingchi/Code/ws_moveit/install/moveit_core:/home/yuqingchi/Code/ws_moveit/install/moveit_resources_panda_moveit_config:/home/yuqingchi/Code/ws_moveit/install/moveit_resources_fanuc_moveit_config:/home/yuqingchi/Code/ws_moveit/install/moveit_resources_pr2_description:/home/yuqingchi/Code/ws_moveit/install/moveit_resources_panda_description:/home/yuqingchi/Code/ws_moveit/install/moveit_resources_fanuc_description:/home/yuqingchi/Code/ws_moveit/install/moveit_msgs:/home/yuqingchi/Code/ws_moveit/install/moveit_common:/opt/ros/jazzy/opt/gz_math_vendor:/opt/ros/jazzy/opt/gz_utils_vendor:/opt/ros/jazzy/opt/gz_cmake_vendor:/opt/ros/jazzy DEBUGINFOD_URLS=https://debuginfod.ubuntu.com LD_LIBRARY_PATH=/home/yuqingchi/Code/ws_moveit/install/moveit_ros_visualization/lib:/home/yuqingchi/Code/ws_moveit/install/moveit_ros_planning_interface/lib:/home/yuqingchi/Code/ws_moveit/install/moveit_ros_move_group/lib:/home/yuqingchi/Code/ws_moveit/install/moveit_ros_warehouse/lib:/home/yuqingchi/Code/ws_moveit/install/moveit_ros_robot_interaction/lib:/home/yuqingchi/Code/ws_moveit/install/moveit_kinematics/lib:/home/yuqingchi/Code/ws_moveit/install/moveit_ros_planning/lib:/home/yuqingchi/Code/ws_moveit/install/moveit_simple_controller_manager/lib:/home/yuqingchi/Code/ws_moveit/install/moveit_ros_occupancy_map_monitor/lib:/home/yuqingchi/Code/ws_moveit/install/moveit_core/lib:/home/yuqingchi/Code/ws_moveit/install/moveit_msgs/lib:${LD_LIBRARY_PATH} PATH=/home/yuqingchi/Code/ws_moveit/install/moveit_core/bin:${PATH} PYTHONPATH=/home/yuqingchi/Code/ws_moveit/install/moveit_msgs/lib/python3.12/site-packages:/home/yuqingchi/Code/ws_moveit/install/moveit_configs_utils/lib/python3.12/site-packages:${PYTHONPATH} /usr/bin/cmake /home/yuqingchi/Code/ws_moveit/src/moveit2/moveit_setup_assistant/moveit_setup_framework -DCMAKE_INSTALL_PREFIX=/home/yuqingchi/Code/ws_moveit/install/moveit_setup_framework
[0.180s] -- The CXX compiler identification is GNU 13.3.0
[0.206s] -- Detecting CXX compiler ABI info
[0.378s] -- Detecting CXX compiler ABI info - done
[0.397s] -- Check for working CXX compiler: /usr/bin/c++ - skipped
[0.399s] -- Detecting CXX compile features
[0.399s] -- Detecting CXX compile features - done
[0.402s] -- Found moveit_common: 2.14.1 (/home/yuqingchi/Code/ws_moveit/install/moveit_common/share/moveit_common/cmake)
[0.407s] -- Found ament_cmake: 2.5.4 (/opt/ros/jazzy/share/ament_cmake/cmake)
[0.667s] -- Found Python3: /usr/bin/python3 (found version "3.12.3") found components: Interpreter 
[1.010s] [0mmoveit_setup_framework: You did not request a specific build type: Choosing 'Release' for maximum performance[0m
[1.015s] -- Found ament_cmake_ros: 0.12.0 (/opt/ros/jazzy/share/ament_cmake_ros/cmake)
[1.039s] -- Found ament_index_cpp: 1.8.1 (/opt/ros/jazzy/share/ament_index_cpp/cmake)
[1.047s] -- Found moveit_core: 2.14.1 (/home/yuqingchi/Code/ws_moveit/install/moveit_core/share/moveit_core/cmake)
[1.353s] -- Found Boost: /usr/lib/x86_64-linux-gnu/cmake/Boost-1.83.0/BoostConfig.cmake (found version "1.83.0") found components: chrono date_time filesystem iostreams program_options regex serialization system thread 
[1.495s] -- Found parameter_traits: 0.5.0 (/opt/ros/jazzy/share/parameter_traits/cmake)
[1.558s] -- Found rosidl_generator_c: 4.6.6 (/opt/ros/jazzy/share/rosidl_generator_c/cmake)
[1.579s] -- Found rosidl_generator_cpp: 4.6.6 (/opt/ros/jazzy/share/rosidl_generator_cpp/cmake)
[1.600s] -- Using all available rosidl_typesupport_c: rosidl_typesupport_fastrtps_c;rosidl_typesupport_introspection_c
[1.622s] -- Using all available rosidl_typesupport_cpp: rosidl_typesupport_fastrtps_cpp;rosidl_typesupport_introspection_cpp
[1.715s] -- Found rmw_implementation_cmake: 7.3.2 (/opt/ros/jazzy/share/rmw_implementation_cmake/cmake)
[1.719s] -- Found rmw_fastrtps_cpp: 8.4.3 (/opt/ros/jazzy/share/rmw_fastrtps_cpp/cmake)
[1.843s] -- Found OpenSSL: /usr/lib/x86_64-linux-gnu/libcrypto.so (found version "3.0.13")  
[1.880s] -- Found FastRTPS: /opt/ros/jazzy/include (Required is at least version "2.13") 
[1.923s] -- Using RMW implementation 'rmw_fastrtps_cpp' as default
[2.081s] -- Found rclcpp_lifecycle: 28.1.11 (/opt/ros/jazzy/share/rclcpp_lifecycle/cmake)
[2.130s] -- Found Boost: /usr/lib/x86_64-linux-gnu/cmake/Boost-1.83.0/BoostConfig.cmake (found version "1.83.0") found components: filesystem 
[2.296s] -- Found Eigen3: TRUE (found version "3.4.0") 
[2.296s] -- Ensuring Eigen3 include directory is part of orocos-kdl CMake target
[2.705s] -- Found moveit_ros_planning: 2.14.1 (/home/yuqingchi/Code/ws_moveit/install/moveit_ros_planning/share/moveit_ros_planning/cmake)
[2.710s] -- Found Boost: /usr/lib/x86_64-linux-gnu/cmake/Boost-1.83.0/BoostConfig.cmake (found version "1.83.0") found components: system filesystem date_time program_options thread chrono 
[2.761s] -- Found moveit_ros_visualization: 2.14.1 (/home/yuqingchi/Code/ws_moveit/install/moveit_ros_visualization/share/moveit_ros_visualization/cmake)
[2.766s] -- Found Boost: /usr/lib/x86_64-linux-gnu/cmake/Boost-1.83.0/BoostConfig.cmake (found version "1.83.0") found components: thread date_time system filesystem 
[2.788s] -- Found Boost: /usr/lib/x86_64-linux-gnu/cmake/Boost-1.83.0/BoostConfig.cmake (found version "1.83.0") found components: date_time filesystem program_options system thread 
[2.806s] -- Found Boost: /usr/lib/x86_64-linux-gnu/cmake/Boost-1.83.0/BoostConfig.cmake (found version "1.83.0") found components: thread system filesystem regex date_time program_options 
[2.838s] -- Found Boost: /usr/lib/x86_64-linux-gnu/cmake/Boost-1.83.0/BoostConfig.cmake (found version "1.83.0") found components: system filesystem date_time program_options thread 
[2.932s] -- Setting OGRE_DIR to: '/opt/ros/jazzy/share/rviz_ogre_vendor/cmake/../../../opt/rviz_ogre_vendor/lib/OGRE/cmake'
[2.934s] -- Found OGRE
[2.934s] --   static     : OFF
[2.934s] --   components : MeshLodGenerator;Overlay;Paging;Property;RTShaderSystem;Terrain;Volume
[2.934s] --   plugins    : Plugin_BSPSceneManager;Plugin_OctreeSceneManager;Plugin_PCZSceneManager;Plugin_ParticleFX;RenderSystem_GL;RenderSystem_GL3Plus;Codec_STBI
[2.934s] --   media      : /opt/ros/jazzy/opt/rviz_ogre_vendor/share/OGRE/Media
[2.934s] -- OGRE_LIBRARIES: OgreMeshLodGenerator;OgreOverlay;OgrePaging;OgreProperty;OgreRTShaderSystem;OgreTerrain;OgreVolume;OgreMain
[2.934s] -- OGRE_LIBRARY_DIRS: /opt/ros/jazzy/opt/rviz_ogre_vendor/lib
[2.934s] -- OGRE_PLUGINS: Plugin_BSPSceneManager;Plugin_OctreeSceneManager;Plugin_PCZSceneManager;Plugin_ParticleFX;RenderSystem_GL;RenderSystem_GL3Plus;Codec_STBI
[2.935s] -- OGRE_PLUGIN_DIR: /opt/ros/jazzy/opt/rviz_ogre_vendor/lib/OGRE
[2.935s] -- rviz_ogre_vendor::OgreOverlay for IMPORTED_LOCATION_RELEASE: /opt/ros/jazzy/opt/rviz_ogre_vendor/lib/libOgreOverlay.so
[2.935s] -- rviz_ogre_vendor::OgreOverlay for IMPORTED_LOCATION_DEBUG: /opt/ros/jazzy/opt/rviz_ogre_vendor/lib/libOgreOverlay.so
[2.935s] -- rviz_ogre_vendor::OgreMain for IMPORTED_LOCATION_RELEASE: /opt/ros/jazzy/opt/rviz_ogre_vendor/lib/libOgreMain.so
[2.935s] -- rviz_ogre_vendor::OgreMain for IMPORTED_LOCATION_DEBUG: /opt/ros/jazzy/opt/rviz_ogre_vendor/lib/libOgreMain.so
[2.968s] -- Found ZLIB: /usr/lib/x86_64-linux-gnu/libz.so (found version "1.3")  
[2.979s] -- Found OpenGL: /usr/lib/x86_64-linux-gnu/libOpenGL.so   
[3.184s] -- Found X11: /usr/include   
[3.184s] -- Looking for XOpenDisplay in /usr/lib/x86_64-linux-gnu/libX11.so;/usr/lib/x86_64-linux-gnu/libXext.so
[3.396s] -- Looking for XOpenDisplay in /usr/lib/x86_64-linux-gnu/libX11.so;/usr/lib/x86_64-linux-gnu/libXext.so - found
[3.396s] -- Looking for gethostbyname
[3.608s] -- Looking for gethostbyname - found
[3.608s] -- Looking for connect
[3.810s] -- Looking for connect - found
[3.810s] -- Looking for remove
[4.015s] -- Looking for remove - found
[4.015s] -- Looking for shmat
[4.215s] -- Looking for shmat - found
[4.215s] -- Looking for IceConnectionNumber in ICE
[4.411s] -- Looking for IceConnectionNumber in ICE - found
[4.480s] -- Setting yaml-cpp_DIR to: '/opt/ros/jazzy/share/yaml_cpp_vendor/cmake/../../../opt/yaml_cpp_vendor/share/cmake/yaml-cpp'
[4.686s] -- Configuring done (4.6s)
[4.731s] -- Generating done (0.0s)
[4.739s] -- Build files have been written to: /home/yuqingchi/Code/ws_moveit/build/moveit_setup_framework
[4.762s] Invoked command in '/home/yuqingchi/Code/ws_moveit/build/moveit_setup_framework' returned '0': AMENT_PREFIX_PATH=/home/yuqingchi/Code/ws_moveit/install/moveit_ros_visualization:/home/yuqingchi/Code/ws_moveit/install/moveit_ros_planning_interface:/home/yuqingchi/Code/ws_moveit/install/moveit_ros_move_group:/home/yuqingchi/Code/ws_moveit/install/moveit_ros_warehouse:/home/yuqingchi/Code/ws_moveit/install/moveit_ros_robot_interaction:/home/yuqingchi/Code/ws_moveit/install/moveit_kinematics:/home/yuqingchi/Code/ws_moveit/install/moveit_ros_planning:/home/yuqingchi/Code/ws_moveit/install/moveit_simple_controller_manager:/home/yuqingchi/Code/ws_moveit/install/moveit_ros_occupancy_map_monitor:/home/yuqingchi/Code/ws_moveit/install/moveit_core:/home/yuqingchi/Code/ws_moveit/install/moveit_resources_panda_moveit_config:/home/yuqingchi/Code/ws_moveit/install/moveit_resources_fanuc_moveit_config:/home/yuqingchi/Code/ws_moveit/install/moveit_resources_pr2_description:/home/yuqingchi/Code/ws_moveit/install/moveit_resources_panda_description:/home/yuqingchi/Code/ws_moveit/install/moveit_resources_fanuc_description:/home/yuqingchi/Code/ws_moveit/install/moveit_msgs:/home/yuqingchi/Code/ws_moveit/install/moveit_configs_utils:/home/yuqingchi/Code/ws_moveit/install/moveit_common:${AMENT_PREFIX_PATH} CMAKE_PREFIX_PATH=/home/yuqingchi/Code/ws_moveit/install/moveit_ros_visualization:/home/yuqingchi/Code/ws_moveit/install/moveit_ros_planning_interface:/home/yuqingchi/Code/ws_moveit/install/moveit_ros_move_group:/home/yuqingchi/Code/ws_moveit/install/moveit_ros_warehouse:/home/yuqingchi/Code/ws_moveit/install/moveit_ros_robot_interaction:/home/yuqingchi/Code/ws_moveit/install/moveit_kinematics:/home/yuqingchi/Code/ws_moveit/install/moveit_ros_planning:/home/yuqingchi/Code/ws_moveit/install/moveit_simple_controller_manager:/home/yuqingchi/Code/ws_moveit/install/moveit_ros_occupancy_map_monitor:/home/yuqingchi/Code/ws_moveit/install/moveit_core:/home/yuqingchi/Code/ws_moveit/install/moveit_resources_panda_moveit_config:/home/yuqingchi/Code/ws_moveit/install/moveit_resources_fanuc_moveit_config:/home/yuqingchi/Code/ws_moveit/install/moveit_resources_pr2_description:/home/yuqingchi/Code/ws_moveit/install/moveit_resources_panda_description:/home/yuqingchi/Code/ws_moveit/install/moveit_resources_fanuc_description:/home/yuqingchi/Code/ws_moveit/install/moveit_msgs:/home/yuqingchi/Code/ws_moveit/install/moveit_common:/opt/ros/jazzy/opt/gz_math_vendor:/opt/ros/jazzy/opt/gz_utils_vendor:/opt/ros/jazzy/opt/gz_cmake_vendor:/opt/ros/jazzy DEBUGINFOD_URLS=https://debuginfod.ubuntu.com LD_LIBRARY_PATH=/home/yuqingchi/Code/ws_moveit/install/moveit_ros_visualization/lib:/home/yuqingchi/Code/ws_moveit/install/moveit_ros_planning_interface/lib:/home/yuqingchi/Code/ws_moveit/install/moveit_ros_move_group/lib:/home/yuqingchi/Code/ws_moveit/install/moveit_ros_warehouse/lib:/home/yuqingchi/Code/ws_moveit/install/moveit_ros_robot_interaction/lib:/home/yuqingchi/Code/ws_moveit/install/moveit_kinematics/lib:/home/yuqingchi/Code/ws_moveit/install/moveit_ros_planning/lib:/home/yuqingchi/Code/ws_moveit/install/moveit_simple_controller_manager/lib:/home/yuqingchi/Code/ws_moveit/install/moveit_ros_occupancy_map_monitor/lib:/home/yuqingchi/Code/ws_moveit/install/moveit_core/lib:/home/yuqingchi/Code/ws_moveit/install/moveit_msgs/lib:${LD_LIBRARY_PATH} PATH=/home/yuqingchi/Code/ws_moveit/install/moveit_core/bin:${PATH} PYTHONPATH=/home/yuqingchi/Code/ws_moveit/install/moveit_msgs/lib/python3.12/site-packages:/home/yuqingchi/Code/ws_moveit/install/moveit_configs_utils/lib/python3.12/site-packages:${PYTHONPATH} /usr/bin/cmake /home/yuqingchi/Code/ws_moveit/src/moveit2/moveit_setup_assistant/moveit_setup_framework -DCMAKE_INSTALL_PREFIX=/home/yuqingchi/Code/ws_moveit/install/moveit_setup_framework
[4.764s] Invoking command in '/home/yuqingchi/Code/ws_moveit/build/moveit_setup_framework': AMENT_PREFIX_PATH=/home/yuqingchi/Code/ws_moveit/install/moveit_ros_visualization:/home/yuqingchi/Code/ws_moveit/install/moveit_ros_planning_interface:/home/yuqingchi/Code/ws_moveit/install/moveit_ros_move_group:/home/yuqingchi/Code/ws_moveit/install/moveit_ros_warehouse:/home/yuqingchi/Code/ws_moveit/install/moveit_ros_robot_interaction:/home/yuqingchi/Code/ws_moveit/install/moveit_kinematics:/home/yuqingchi/Code/ws_moveit/install/moveit_ros_planning:/home/yuqingchi/Code/ws_moveit/install/moveit_simple_controller_manager:/home/yuqingchi/Code/ws_moveit/install/moveit_ros_occupancy_map_monitor:/home/yuqingchi/Code/ws_moveit/install/moveit_core:/home/yuqingchi/Code/ws_moveit/install/moveit_resources_panda_moveit_config:/home/yuqingchi/Code/ws_moveit/install/moveit_resources_fanuc_moveit_config:/home/yuqingchi/Code/ws_moveit/install/moveit_resources_pr2_description:/home/yuqingchi/Code/ws_moveit/install/moveit_resources_panda_description:/home/yuqingchi/Code/ws_moveit/install/moveit_resources_fanuc_description:/home/yuqingchi/Code/ws_moveit/install/moveit_msgs:/home/yuqingchi/Code/ws_moveit/install/moveit_configs_utils:/home/yuqingchi/Code/ws_moveit/install/moveit_common:${AMENT_PREFIX_PATH} CMAKE_PREFIX_PATH=/home/yuqingchi/Code/ws_moveit/install/moveit_ros_visualization:/home/yuqingchi/Code/ws_moveit/install/moveit_ros_planning_interface:/home/yuqingchi/Code/ws_moveit/install/moveit_ros_move_group:/home/yuqingchi/Code/ws_moveit/install/moveit_ros_warehouse:/home/yuqingchi/Code/ws_moveit/install/moveit_ros_robot_interaction:/home/yuqingchi/Code/ws_moveit/install/moveit_kinematics:/home/yuqingchi/Code/ws_moveit/install/moveit_ros_planning:/home/yuqingchi/Code/ws_moveit/install/moveit_simple_controller_manager:/home/yuqingchi/Code/ws_moveit/install/moveit_ros_occupancy_map_monitor:/home/yuqingchi/Code/ws_moveit/install/moveit_core:/home/yuqingchi/Code/ws_moveit/install/moveit_resources_panda_moveit_config:/home/yuqingchi/Code/ws_moveit/install/moveit_resources_fanuc_moveit_config:/home/yuqingchi/Code/ws_moveit/install/moveit_resources_pr2_description:/home/yuqingchi/Code/ws_moveit/install/moveit_resources_panda_description:/home/yuqingchi/Code/ws_moveit/install/moveit_resources_fanuc_description:/home/yuqingchi/Code/ws_moveit/install/moveit_msgs:/home/yuqingchi/Code/ws_moveit/install/moveit_common:/opt/ros/jazzy/opt/gz_math_vendor:/opt/ros/jazzy/opt/gz_utils_vendor:/opt/ros/jazzy/opt/gz_cmake_vendor:/opt/ros/jazzy DEBUGINFOD_URLS=https://debuginfod.ubuntu.com LD_LIBRARY_PATH=/home/yuqingchi/Code/ws_moveit/install/moveit_ros_visualization/lib:/home/yuqingchi/Code/ws_moveit/install/moveit_ros_planning_interface/lib:/home/yuqingchi/Code/ws_moveit/install/moveit_ros_move_group/lib:/home/yuqingchi/Code/ws_moveit/install/moveit_ros_warehouse/lib:/home/yuqingchi/Code/ws_moveit/install/moveit_ros_robot_interaction/lib:/home/yuqingchi/Code/ws_moveit/install/moveit_kinematics/lib:/home/yuqingchi/Code/ws_moveit/install/moveit_ros_planning/lib:/home/yuqingchi/Code/ws_moveit/install/moveit_simple_controller_manager/lib:/home/yuqingchi/Code/ws_moveit/install/moveit_ros_occupancy_map_monitor/lib:/home/yuqingchi/Code/ws_moveit/install/moveit_core/lib:/home/yuqingchi/Code/ws_moveit/install/moveit_msgs/lib:${LD_LIBRARY_PATH} PATH=/home/yuqingchi/Code/ws_moveit/install/moveit_core/bin:${PATH} PYTHONPATH=/home/yuqingchi/Code/ws_moveit/install/moveit_msgs/lib/python3.12/site-packages:/home/yuqingchi/Code/ws_moveit/install/moveit_configs_utils/lib/python3.12/site-packages:${PYTHONPATH} /usr/bin/cmake --build /home/yuqingchi/Code/ws_moveit/build/moveit_setup_framework -- -j16 -l16
[4.852s] [ 21%] [34m[1mGenerating include/moveit_setup_framework/qt/moc_double_list_widget.cpp[0m
[4.852s] [ 21%] [34m[1mGenerating include/moveit_setup_framework/qt/moc_setup_step_widget.cpp[0m
[4.853s] [ 21%] [34m[1mGenerating include/moveit_setup_framework/qt/moc_rviz_panel.cpp[0m
[4.853s] [ 21%] [34m[1mGenerating include/moveit_setup_framework/qt/moc_helper_widgets.cpp[0m
[4.898s] [ 31%] [32mBuilding CXX object CMakeFiles/moveit_setup_framework.dir/src/templates.cpp.o[0m
[4.898s] [ 31%] [32mBuilding CXX object CMakeFiles/moveit_setup_framework.dir/src/rviz_panel.cpp.o[0m
[4.898s] [ 36%] [32mBuilding CXX object CMakeFiles/moveit_setup_framework.dir/src/utilities.cpp.o[0m
[4.899s] [ 47%] [32mBuilding CXX object CMakeFiles/moveit_setup_framework.dir/include/moveit_setup_framework/qt/moc_helper_widgets.cpp.o[0m
[4.899s] [ 42%] [32mBuilding CXX object CMakeFiles/moveit_setup_framework.dir/src/double_list_widget.cpp.o[0m
[4.899s] [ 57%] [32mBuilding CXX object CMakeFiles/moveit_setup_framework.dir/src/helper_widgets.cpp.o[0m
[4.899s] [ 57%] [32mBuilding CXX object CMakeFiles/moveit_setup_framework.dir/src/package_settings_config.cpp.o[0m
[4.899s] [ 63%] [32mBuilding CXX object CMakeFiles/moveit_setup_framework.dir/src/urdf_config.cpp.o[0m
[4.900s] [ 68%] [32mBuilding CXX object CMakeFiles/moveit_setup_framework.dir/include/moveit_setup_framework/qt/moc_double_list_widget.cpp.o[0m
[4.901s] [ 78%] [32mBuilding CXX object CMakeFiles/moveit_setup_framework.dir/src/srdf_config.cpp.o[0m
[4.901s] [ 78%] [32mBuilding CXX object CMakeFiles/moveit_setup_framework.dir/src/data_warehouse.cpp.o[0m
[4.906s] [ 84%] [32mBuilding CXX object CMakeFiles/moveit_setup_framework.dir/include/moveit_setup_framework/qt/moc_setup_step_widget.cpp.o[0m
[4.913s] [ 94%] [32mBuilding CXX object CMakeFiles/moveit_setup_framework.dir/src/xml_syntax_highlighter.cpp.o[0m
[4.913s] [ 94%] [32mBuilding CXX object CMakeFiles/moveit_setup_framework.dir/include/moveit_setup_framework/qt/moc_rviz_panel.cpp.o[0m
[20.638s] [100%] [32m[1mLinking CXX shared library libmoveit_setup_framework.so[0m
[23.055s] [100%] Built target moveit_setup_framework
[23.077s] Invoked command in '/home/yuqingchi/Code/ws_moveit/build/moveit_setup_framework' returned '0': AMENT_PREFIX_PATH=/home/yuqingchi/Code/ws_moveit/install/moveit_ros_visualization:/home/yuqingchi/Code/ws_moveit/install/moveit_ros_planning_interface:/home/yuqingchi/Code/ws_moveit/install/moveit_ros_move_group:/home/yuqingchi/Code/ws_moveit/install/moveit_ros_warehouse:/home/yuqingchi/Code/ws_moveit/install/moveit_ros_robot_interaction:/home/yuqingchi/Code/ws_moveit/install/moveit_kinematics:/home/yuqingchi/Code/ws_moveit/install/moveit_ros_planning:/home/yuqingchi/Code/ws_moveit/install/moveit_simple_controller_manager:/home/yuqingchi/Code/ws_moveit/install/moveit_ros_occupancy_map_monitor:/home/yuqingchi/Code/ws_moveit/install/moveit_core:/home/yuqingchi/Code/ws_moveit/install/moveit_resources_panda_moveit_config:/home/yuqingchi/Code/ws_moveit/install/moveit_resources_fanuc_moveit_config:/home/yuqingchi/Code/ws_moveit/install/moveit_resources_pr2_description:/home/yuqingchi/Code/ws_moveit/install/moveit_resources_panda_description:/home/yuqingchi/Code/ws_moveit/install/moveit_resources_fanuc_description:/home/yuqingchi/Code/ws_moveit/install/moveit_msgs:/home/yuqingchi/Code/ws_moveit/install/moveit_configs_utils:/home/yuqingchi/Code/ws_moveit/install/moveit_common:${AMENT_PREFIX_PATH} CMAKE_PREFIX_PATH=/home/yuqingchi/Code/ws_moveit/install/moveit_ros_visualization:/home/yuqingchi/Code/ws_moveit/install/moveit_ros_planning_interface:/home/yuqingchi/Code/ws_moveit/install/moveit_ros_move_group:/home/yuqingchi/Code/ws_moveit/install/moveit_ros_warehouse:/home/yuqingchi/Code/ws_moveit/install/moveit_ros_robot_interaction:/home/yuqingchi/Code/ws_moveit/install/moveit_kinematics:/home/yuqingchi/Code/ws_moveit/install/moveit_ros_planning:/home/yuqingchi/Code/ws_moveit/install/moveit_simple_controller_manager:/home/yuqingchi/Code/ws_moveit/install/moveit_ros_occupancy_map_monitor:/home/yuqingchi/Code/ws_moveit/install/moveit_core:/home/yuqingchi/Code/ws_moveit/install/moveit_resources_panda_moveit_config:/home/yuqingchi/Code/ws_moveit/install/moveit_resources_fanuc_moveit_config:/home/yuqingchi/Code/ws_moveit/install/moveit_resources_pr2_description:/home/yuqingchi/Code/ws_moveit/install/moveit_resources_panda_description:/home/yuqingchi/Code/ws_moveit/install/moveit_resources_fanuc_description:/home/yuqingchi/Code/ws_moveit/install/moveit_msgs:/home/yuqingchi/Code/ws_moveit/install/moveit_common:/opt/ros/jazzy/opt/gz_math_vendor:/opt/ros/jazzy/opt/gz_utils_vendor:/opt/ros/jazzy/opt/gz_cmake_vendor:/opt/ros/jazzy DEBUGINFOD_URLS=https://debuginfod.ubuntu.com LD_LIBRARY_PATH=/home/yuqingchi/Code/ws_moveit/install/moveit_ros_visualization/lib:/home/yuqingchi/Code/ws_moveit/install/moveit_ros_planning_interface/lib:/home/yuqingchi/Code/ws_moveit/install/moveit_ros_move_group/lib:/home/yuqingchi/Code/ws_moveit/install/moveit_ros_warehouse/lib:/home/yuqingchi/Code/ws_moveit/install/moveit_ros_robot_interaction/lib:/home/yuqingchi/Code/ws_moveit/install/moveit_kinematics/lib:/home/yuqingchi/Code/ws_moveit/install/moveit_ros_planning/lib:/home/yuqingchi/Code/ws_moveit/install/moveit_simple_controller_manager/lib:/home/yuqingchi/Code/ws_moveit/install/moveit_ros_occupancy_map_monitor/lib:/home/yuqingchi/Code/ws_moveit/install/moveit_core/lib:/home/yuqingchi/Code/ws_moveit/install/moveit_msgs/lib:${LD_LIBRARY_PATH} PATH=/home/yuqingchi/Code/ws_moveit/install/moveit_core/bin:${PATH} PYTHONPATH=/home/yuqingchi/Code/ws_moveit/install/moveit_msgs/lib/python3.12/site-packages:/home/yuqingchi/Code/ws_moveit/install/moveit_configs_utils/lib/python3.12/site-packages:${PYTHONPATH} /usr/bin/cmake --build /home/yuqingchi/Code/ws_moveit/build/moveit_setup_framework -- -j16 -l16
[23.081s] Invoking command in '/home/yuqingchi/Code/ws_moveit/build/moveit_setup_framework': AMENT_PREFIX_PATH=/home/yuqingchi/Code/ws_moveit/install/moveit_ros_visualization:/home/yuqingchi/Code/ws_moveit/install/moveit_ros_planning_interface:/home/yuqingchi/Code/ws_moveit/install/moveit_ros_move_group:/home/yuqingchi/Code/ws_moveit/install/moveit_ros_warehouse:/home/yuqingchi/Code/ws_moveit/install/moveit_ros_robot_interaction:/home/yuqingchi/Code/ws_moveit/install/moveit_kinematics:/home/yuqingchi/Code/ws_moveit/install/moveit_ros_planning:/home/yuqingchi/Code/ws_moveit/install/moveit_simple_controller_manager:/home/yuqingchi/Code/ws_moveit/install/moveit_ros_occupancy_map_monitor:/home/yuqingchi/Code/ws_moveit/install/moveit_core:/home/yuqingchi/Code/ws_moveit/install/moveit_resources_panda_moveit_config:/home/yuqingchi/Code/ws_moveit/install/moveit_resources_fanuc_moveit_config:/home/yuqingchi/Code/ws_moveit/install/moveit_resources_pr2_description:/home/yuqingchi/Code/ws_moveit/install/moveit_resources_panda_description:/home/yuqingchi/Code/ws_moveit/install/moveit_resources_fanuc_description:/home/yuqingchi/Code/ws_moveit/install/moveit_msgs:/home/yuqingchi/Code/ws_moveit/install/moveit_configs_utils:/home/yuqingchi/Code/ws_moveit/install/moveit_common:${AMENT_PREFIX_PATH} CMAKE_PREFIX_PATH=/home/yuqingchi/Code/ws_moveit/install/moveit_ros_visualization:/home/yuqingchi/Code/ws_moveit/install/moveit_ros_planning_interface:/home/yuqingchi/Code/ws_moveit/install/moveit_ros_move_group:/home/yuqingchi/Code/ws_moveit/install/moveit_ros_warehouse:/home/yuqingchi/Code/ws_moveit/install/moveit_ros_robot_interaction:/home/yuqingchi/Code/ws_moveit/install/moveit_kinematics:/home/yuqingchi/Code/ws_moveit/install/moveit_ros_planning:/home/yuqingchi/Code/ws_moveit/install/moveit_simple_controller_manager:/home/yuqingchi/Code/ws_moveit/install/moveit_ros_occupancy_map_monitor:/home/yuqingchi/Code/ws_moveit/install/moveit_core:/home/yuqingchi/Code/ws_moveit/install/moveit_resources_panda_moveit_config:/home/yuqingchi/Code/ws_moveit/install/moveit_resources_fanuc_moveit_config:/home/yuqingchi/Code/ws_moveit/install/moveit_resources_pr2_description:/home/yuqingchi/Code/ws_moveit/install/moveit_resources_panda_description:/home/yuqingchi/Code/ws_moveit/install/moveit_resources_fanuc_description:/home/yuqingchi/Code/ws_moveit/install/moveit_msgs:/home/yuqingchi/Code/ws_moveit/install/moveit_common:/opt/ros/jazzy/opt/gz_math_vendor:/opt/ros/jazzy/opt/gz_utils_vendor:/opt/ros/jazzy/opt/gz_cmake_vendor:/opt/ros/jazzy DEBUGINFOD_URLS=https://debuginfod.ubuntu.com LD_LIBRARY_PATH=/home/yuqingchi/Code/ws_moveit/install/moveit_ros_visualization/lib:/home/yuqingchi/Code/ws_moveit/install/moveit_ros_planning_interface/lib:/home/yuqingchi/Code/ws_moveit/install/moveit_ros_move_group/lib:/home/yuqingchi/Code/ws_moveit/install/moveit_ros_warehouse/lib:/home/yuqingchi/Code/ws_moveit/install/moveit_ros_robot_interaction/lib:/home/yuqingchi/Code/ws_moveit/install/moveit_kinematics/lib:/home/yuqingchi/Code/ws_moveit/install/moveit_ros_planning/lib:/home/yuqingchi/Code/ws_moveit/install/moveit_simple_controller_manager/lib:/home/yuqingchi/Code/ws_moveit/install/moveit_ros_occupancy_map_monitor/lib:/home/yuqingchi/Code/ws_moveit/install/moveit_core/lib:/home/yuqingchi/Code/ws_moveit/install/moveit_msgs/lib:${LD_LIBRARY_PATH} PATH=/home/yuqingchi/Code/ws_moveit/install/moveit_core/bin:${PATH} PYTHONPATH=/home/yuqingchi/Code/ws_moveit/install/moveit_msgs/lib/python3.12/site-packages:/home/yuqingchi/Code/ws_moveit/install/moveit_configs_utils/lib/python3.12/site-packages:${PYTHONPATH} /usr/bin/cmake --install /home/yuqingchi/Code/ws_moveit/build/moveit_setup_framework
[23.094s] -- Install configuration: "Release"
[23.095s] -- Installing: /home/yuqingchi/Code/ws_moveit/install/moveit_setup_framework/include/moveit_setup_framework
[23.095s] -- Installing: /home/yuqingchi/Code/ws_moveit/install/moveit_setup_framework/include/moveit_setup_framework/moveit_setup_framework
[23.096s] -- Installing: /home/yuqingchi/Code/ws_moveit/install/moveit_setup_framework/include/moveit_setup_framework/moveit_setup_framework/setup_step.h
[23.096s] -- Installing: /home/yuqingchi/Code/ws_moveit/install/moveit_setup_framework/include/moveit_setup_framework/moveit_setup_framework/utilities.hpp
[23.096s] -- Installing: /home/yuqingchi/Code/ws_moveit/install/moveit_setup_framework/include/moveit_setup_framework/moveit_setup_framework/data_warehouse.h
[23.096s] -- Installing: /home/yuqingchi/Code/ws_moveit/install/moveit_setup_framework/include/moveit_setup_framework/moveit_setup_framework/generated_time.hpp
[23.097s] -- Installing: /home/yuqingchi/Code/ws_moveit/install/moveit_setup_framework/include/moveit_setup_framework/moveit_setup_framework/testing_utils.h
[23.097s] -- Installing: /home/yuqingchi/Code/ws_moveit/install/moveit_setup_framework/include/moveit_setup_framework/moveit_setup_framework/templates.hpp
[23.097s] -- Installing: /home/yuqingchi/Code/ws_moveit/install/moveit_setup_framework/include/moveit_setup_framework/moveit_setup_framework/config.hpp
[23.097s] -- Installing: /home/yuqingchi/Code/ws_moveit/install/moveit_setup_framework/include/moveit_setup_framework/moveit_setup_framework/data
[23.098s] -- Installing: /home/yuqingchi/Code/ws_moveit/install/moveit_setup_framework/include/moveit_setup_framework/moveit_setup_framework/data/urdf_config.hpp
[23.098s] -- Installing: /home/yuqingchi/Code/ws_moveit/install/moveit_setup_framework/include/moveit_setup_framework/moveit_setup_framework/data/package_settings_config.hpp
[23.098s] -- Installing: /home/yuqingchi/Code/ws_moveit/install/moveit_setup_framework/include/moveit_setup_framework/moveit_setup_framework/data/srdf_config.hpp
[23.098s] -- Installing: /home/yuqingchi/Code/ws_moveit/install/moveit_setup_framework/include/moveit_setup_framework/moveit_setup_framework/data/srdf_config.h
[23.099s] -- Installing: /home/yuqingchi/Code/ws_moveit/install/moveit_setup_framework/include/moveit_setup_framework/moveit_setup_framework/data/urdf_config.h
[23.099s] -- Installing: /home/yuqingchi/Code/ws_moveit/install/moveit_setup_framework/include/moveit_setup_framework/moveit_setup_framework/data/package_settings_config.h
[23.099s] -- Installing: /home/yuqingchi/Code/ws_moveit/install/moveit_setup_framework/include/moveit_setup_framework/moveit_setup_framework/generated_file.hpp
[23.099s] -- Installing: /home/yuqingchi/Code/ws_moveit/install/moveit_setup_framework/include/moveit_setup_framework/moveit_setup_framework/testing_utils.hpp
[23.099s] -- Installing: /home/yuqingchi/Code/ws_moveit/install/moveit_setup_framework/include/moveit_setup_framework/moveit_setup_framework/utilities.h
[23.100s] -- Installing: /home/yuqingchi/Code/ws_moveit/install/moveit_setup_framework/include/moveit_setup_framework/moveit_setup_framework/setup_step.hpp
[23.100s] -- Installing: /home/yuqingchi/Code/ws_moveit/install/moveit_setup_framework/include/moveit_setup_framework/moveit_setup_framework/config.h
[23.100s] -- Installing: /home/yuqingchi/Code/ws_moveit/install/moveit_setup_framework/include/moveit_setup_framework/moveit_setup_framework/generated_time.h
[23.100s] -- Installing: /home/yuqingchi/Code/ws_moveit/install/moveit_setup_framework/include/moveit_setup_framework/moveit_setup_framework/qt
[23.100s] -- Installing: /home/yuqingchi/Code/ws_moveit/install/moveit_setup_framework/include/moveit_setup_framework/moveit_setup_framework/qt/setup_step_widget.hpp
[23.100s] -- Installing: /home/yuqingchi/Code/ws_moveit/install/moveit_setup_framework/include/moveit_setup_framework/moveit_setup_framework/qt/helper_widgets.hpp
[23.101s] -- Installing: /home/yuqingchi/Code/ws_moveit/install/moveit_setup_framework/include/moveit_setup_framework/moveit_setup_framework/qt/setup_step_widget.h
[23.101s] -- Installing: /home/yuqingchi/Code/ws_moveit/install/moveit_setup_framework/include/moveit_setup_framework/moveit_setup_framework/qt/helper_widgets.h
[23.101s] -- Installing: /home/yuqingchi/Code/ws_moveit/install/moveit_setup_framework/include/moveit_setup_framework/moveit_setup_framework/qt/xml_syntax_highlighter.h
[23.101s] -- Installing: /home/yuqingchi/Code/ws_moveit/install/moveit_setup_framework/include/moveit_setup_framework/moveit_setup_framework/qt/xml_syntax_highlighter.hpp
[23.102s] -- Installing: /home/yuqingchi/Code/ws_moveit/install/moveit_setup_framework/include/moveit_setup_framework/moveit_setup_framework/qt/rviz_panel.h
[23.102s] -- Installing: /home/yuqingchi/Code/ws_moveit/install/moveit_setup_framework/include/moveit_setup_framework/moveit_setup_framework/qt/double_list_widget.h
[23.102s] -- Installing: /home/yuqingchi/Code/ws_moveit/install/moveit_setup_framework/include/moveit_setup_framework/moveit_setup_framework/qt/double_list_widget.hpp
[23.102s] -- Installing: /home/yuqingchi/Code/ws_moveit/install/moveit_setup_framework/include/moveit_setup_framework/moveit_setup_framework/qt/rviz_panel.hpp
[23.102s] -- Installing: /home/yuqingchi/Code/ws_moveit/install/moveit_setup_framework/include/moveit_setup_framework/moveit_setup_framework/data_warehouse.hpp
[23.103s] -- Installing: /home/yuqingchi/Code/ws_moveit/install/moveit_setup_framework/include/moveit_setup_framework/moveit_setup_framework/templates.h
[23.103s] -- Installing: /home/yuqingchi/Code/ws_moveit/install/moveit_setup_framework/include/moveit_setup_framework/moveit_setup_framework/generated_file.h
[23.103s] -- Installing: /home/yuqingchi/Code/ws_moveit/install/moveit_setup_framework/share/moveit_setup_framework/moveit_setup_framework_plugins.xml
[23.103s] -- Installing: /home/yuqingchi/Code/ws_moveit/install/moveit_setup_framework/share/moveit_setup_framework/templates
[23.103s] -- Installing: /home/yuqingchi/Code/ws_moveit/install/moveit_setup_framework/share/moveit_setup_framework/templates/package.xml.template
[23.104s] -- Installing: /home/yuqingchi/Code/ws_moveit/install/moveit_setup_framework/share/moveit_setup_framework/templates/config
[23.104s] -- Installing: /home/yuqingchi/Code/ws_moveit/install/moveit_setup_framework/share/moveit_setup_framework/templates/config/pilz_cartesian_limits.yaml
[23.104s] -- Installing: /home/yuqingchi/Code/ws_moveit/install/moveit_setup_framework/share/moveit_setup_framework/templates/CMakeLists.txt
[23.104s] -- Installing: /home/yuqingchi/Code/ws_moveit/install/moveit_setup_framework/share/moveit_setup_framework/environment/library_path.sh
[23.104s] -- Installing: /home/yuqingchi/Code/ws_moveit/install/moveit_setup_framework/share/moveit_setup_framework/environment/library_path.dsv
[23.105s] -- Installing: /home/yuqingchi/Code/ws_moveit/install/moveit_setup_framework/lib/libmoveit_setup_framework.so
[23.105s] -- Set non-toolchain portion of runtime path of "/home/yuqingchi/Code/ws_moveit/install/moveit_setup_framework/lib/libmoveit_setup_framework.so" to ""
[23.105s] -- Up-to-date: /home/yuqingchi/Code/ws_moveit/install/moveit_setup_framework/share/moveit_setup_framework/moveit_setup_framework_plugins.xml
[23.105s] -- Installing: /home/yuqingchi/Code/ws_moveit/install/moveit_setup_framework/share/ament_index/resource_index/package_run_dependencies/moveit_setup_framework
[23.106s] -- Installing: /home/yuqingchi/Code/ws_moveit/install/moveit_setup_framework/share/ament_index/resource_index/parent_prefix_path/moveit_setup_framework
[23.106s] -- Installing: /home/yuqingchi/Code/ws_moveit/install/moveit_setup_framework/share/moveit_setup_framework/environment/ament_prefix_path.sh
[23.106s] -- Installing: /home/yuqingchi/Code/ws_moveit/install/moveit_setup_framework/share/moveit_setup_framework/environment/ament_prefix_path.dsv
[23.106s] -- Installing: /home/yuqingchi/Code/ws_moveit/install/moveit_setup_framework/share/moveit_setup_framework/environment/path.sh
[23.106s] -- Installing: /home/yuqingchi/Code/ws_moveit/install/moveit_setup_framework/share/moveit_setup_framework/environment/path.dsv
[23.107s] -- Installing: /home/yuqingchi/Code/ws_moveit/install/moveit_setup_framework/share/moveit_setup_framework/local_setup.bash
[23.107s] -- Installing: /home/yuqingchi/Code/ws_moveit/install/moveit_setup_framework/share/moveit_setup_framework/local_setup.sh
[23.107s] -- Installing: /home/yuqingchi/Code/ws_moveit/install/moveit_setup_framework/share/moveit_setup_framework/local_setup.zsh
[23.107s] -- Installing: /home/yuqingchi/Code/ws_moveit/install/moveit_setup_framework/share/moveit_setup_framework/local_setup.dsv
[23.107s] -- Installing: /home/yuqingchi/Code/ws_moveit/install/moveit_setup_framework/share/moveit_setup_framework/package.dsv
[23.107s] -- Installing: /home/yuqingchi/Code/ws_moveit/install/moveit_setup_framework/share/ament_index/resource_index/packages/moveit_setup_framework
[23.108s] -- Installing: /home/yuqingchi/Code/ws_moveit/install/moveit_setup_framework/share/ament_index/resource_index/moveit_setup_framework__pluginlib__plugin/moveit_setup_framework
[23.108s] -- Installing: /home/yuqingchi/Code/ws_moveit/install/moveit_setup_framework/share/moveit_setup_framework/cmake/moveit_setup_frameworkTargetsExport.cmake
[23.108s] -- Installing: /home/yuqingchi/Code/ws_moveit/install/moveit_setup_framework/share/moveit_setup_framework/cmake/moveit_setup_frameworkTargetsExport-release.cmake
[23.109s] -- Installing: /home/yuqingchi/Code/ws_moveit/install/moveit_setup_framework/share/moveit_setup_framework/cmake/ament_cmake_export_targets-extras.cmake
[23.109s] -- Installing: /home/yuqingchi/Code/ws_moveit/install/moveit_setup_framework/share/moveit_setup_framework/cmake/ament_cmake_export_dependencies-extras.cmake
[23.109s] -- Installing: /home/yuqingchi/Code/ws_moveit/install/moveit_setup_framework/share/moveit_setup_framework/cmake/moveit_setup_frameworkConfig.cmake
[23.109s] -- Installing: /home/yuqingchi/Code/ws_moveit/install/moveit_setup_framework/share/moveit_setup_framework/cmake/moveit_setup_frameworkConfig-version.cmake
[23.110s] -- Installing: /home/yuqingchi/Code/ws_moveit/install/moveit_setup_framework/share/moveit_setup_framework/package.xml
[23.112s] Invoked command in '/home/yuqingchi/Code/ws_moveit/build/moveit_setup_framework' returned '0': AMENT_PREFIX_PATH=/home/yuqingchi/Code/ws_moveit/install/moveit_ros_visualization:/home/yuqingchi/Code/ws_moveit/install/moveit_ros_planning_interface:/home/yuqingchi/Code/ws_moveit/install/moveit_ros_move_group:/home/yuqingchi/Code/ws_moveit/install/moveit_ros_warehouse:/home/yuqingchi/Code/ws_moveit/install/moveit_ros_robot_interaction:/home/yuqingchi/Code/ws_moveit/install/moveit_kinematics:/home/yuqingchi/Code/ws_moveit/install/moveit_ros_planning:/home/yuqingchi/Code/ws_moveit/install/moveit_simple_controller_manager:/home/yuqingchi/Code/ws_moveit/install/moveit_ros_occupancy_map_monitor:/home/yuqingchi/Code/ws_moveit/install/moveit_core:/home/yuqingchi/Code/ws_moveit/install/moveit_resources_panda_moveit_config:/home/yuqingchi/Code/ws_moveit/install/moveit_resources_fanuc_moveit_config:/home/yuqingchi/Code/ws_moveit/install/moveit_resources_pr2_description:/home/yuqingchi/Code/ws_moveit/install/moveit_resources_panda_description:/home/yuqingchi/Code/ws_moveit/install/moveit_resources_fanuc_description:/home/yuqingchi/Code/ws_moveit/install/moveit_msgs:/home/yuqingchi/Code/ws_moveit/install/moveit_configs_utils:/home/yuqingchi/Code/ws_moveit/install/moveit_common:${AMENT_PREFIX_PATH} CMAKE_PREFIX_PATH=/home/yuqingchi/Code/ws_moveit/install/moveit_ros_visualization:/home/yuqingchi/Code/ws_moveit/install/moveit_ros_planning_interface:/home/yuqingchi/Code/ws_moveit/install/moveit_ros_move_group:/home/yuqingchi/Code/ws_moveit/install/moveit_ros_warehouse:/home/yuqingchi/Code/ws_moveit/install/moveit_ros_robot_interaction:/home/yuqingchi/Code/ws_moveit/install/moveit_kinematics:/home/yuqingchi/Code/ws_moveit/install/moveit_ros_planning:/home/yuqingchi/Code/ws_moveit/install/moveit_simple_controller_manager:/home/yuqingchi/Code/ws_moveit/install/moveit_ros_occupancy_map_monitor:/home/yuqingchi/Code/ws_moveit/install/moveit_core:/home/yuqingchi/Code/ws_moveit/install/moveit_resources_panda_moveit_config:/home/yuqingchi/Code/ws_moveit/install/moveit_resources_fanuc_moveit_config:/home/yuqingchi/Code/ws_moveit/install/moveit_resources_pr2_description:/home/yuqingchi/Code/ws_moveit/install/moveit_resources_panda_description:/home/yuqingchi/Code/ws_moveit/install/moveit_resources_fanuc_description:/home/yuqingchi/Code/ws_moveit/install/moveit_msgs:/home/yuqingchi/Code/ws_moveit/install/moveit_common:/opt/ros/jazzy/opt/gz_math_vendor:/opt/ros/jazzy/opt/gz_utils_vendor:/opt/ros/jazzy/opt/gz_cmake_vendor:/opt/ros/jazzy DEBUGINFOD_URLS=https://debuginfod.ubuntu.com LD_LIBRARY_PATH=/home/yuqingchi/Code/ws_moveit/install/moveit_ros_visualization/lib:/home/yuqingchi/Code/ws_moveit/install/moveit_ros_planning_interface/lib:/home/yuqingchi/Code/ws_moveit/install/moveit_ros_move_group/lib:/home/yuqingchi/Code/ws_moveit/install/moveit_ros_warehouse/lib:/home/yuqingchi/Code/ws_moveit/install/moveit_ros_robot_interaction/lib:/home/yuqingchi/Code/ws_moveit/install/moveit_kinematics/lib:/home/yuqingchi/Code/ws_moveit/install/moveit_ros_planning/lib:/home/yuqingchi/Code/ws_moveit/install/moveit_simple_controller_manager/lib:/home/yuqingchi/Code/ws_moveit/install/moveit_ros_occupancy_map_monitor/lib:/home/yuqingchi/Code/ws_moveit/install/moveit_core/lib:/home/yuqingchi/Code/ws_moveit/install/moveit_msgs/lib:${LD_LIBRARY_PATH} PATH=/home/yuqingchi/Code/ws_moveit/install/moveit_core/bin:${PATH} PYTHONPATH=/home/yuqingchi/Code/ws_moveit/install/moveit_msgs/lib/python3.12/site-packages:/home/yuqingchi/Code/ws_moveit/install/moveit_configs_utils/lib/python3.12/site-packages:${PYTHONPATH} /usr/bin/cmake --install /home/yuqingchi/Code/ws_moveit/build/moveit_setup_framework
