[0.009s] Invoking command in '/home/yuqingchi/Code/ws_moveit/build/moveit_resources_panda_description': CMAKE_PREFIX_PATH=${CMAKE_PREFIX_PATH}:/opt/ros/jazzy DEBUGINFOD_URLS=https://debuginfod.ubuntu.com /usr/bin/cmake /home/yuqingchi/Code/ws_moveit/src/moveit_resources/panda_description -DCMAKE_INSTALL_PREFIX=/home/yuqingchi/Code/ws_moveit/install/moveit_resources_panda_description
[0.099s] -- The C compiler identification is GNU 13.3.0
[0.191s] -- The CXX compiler identification is GNU 13.3.0
[0.224s] -- Detecting C compiler ABI info
[0.392s] -- Detecting C compiler ABI info - done
[0.410s] -- Check for working C compiler: /usr/bin/cc - skipped
[0.411s] -- Detecting C compile features
[0.412s] -- Detecting C compile features - done
[0.428s] -- Detecting CXX compiler ABI info
[0.598s] -- Detecting CXX compiler ABI info - done
[0.619s] -- Check for working CXX compiler: /usr/bin/c++ - skipped
[0.619s] -- Detecting CXX compile features
[0.620s] -- Detecting CXX compile features - done
[0.624s] -- Found ament_cmake: 2.5.4 (/opt/ros/jazzy/share/ament_cmake/cmake)
[0.859s] -- Found Python3: /usr/bin/python3 (found version "3.12.3") found components: Interpreter 
[1.146s] -- Configuring done (1.1s)
[1.150s] -- Generating done (0.0s)
[1.153s] -- Build files have been written to: /home/yuqingchi/Code/ws_moveit/build/moveit_resources_panda_description
[1.164s] Invoked command in '/home/yuqingchi/Code/ws_moveit/build/moveit_resources_panda_description' returned '0': CMAKE_PREFIX_PATH=${CMAKE_PREFIX_PATH}:/opt/ros/jazzy DEBUGINFOD_URLS=https://debuginfod.ubuntu.com /usr/bin/cmake /home/yuqingchi/Code/ws_moveit/src/moveit_resources/panda_description -DCMAKE_INSTALL_PREFIX=/home/yuqingchi/Code/ws_moveit/install/moveit_resources_panda_description
[1.165s] Invoking command in '/home/yuqingchi/Code/ws_moveit/build/moveit_resources_panda_description': CMAKE_PREFIX_PATH=${CMAKE_PREFIX_PATH}:/opt/ros/jazzy DEBUGINFOD_URLS=https://debuginfod.ubuntu.com /usr/bin/cmake --build /home/yuqingchi/Code/ws_moveit/build/moveit_resources_panda_description -- -j16 -l16
[1.231s] Invoked command in '/home/yuqingchi/Code/ws_moveit/build/moveit_resources_panda_description' returned '0': CMAKE_PREFIX_PATH=${CMAKE_PREFIX_PATH}:/opt/ros/jazzy DEBUGINFOD_URLS=https://debuginfod.ubuntu.com /usr/bin/cmake --build /home/yuqingchi/Code/ws_moveit/build/moveit_resources_panda_description -- -j16 -l16
[1.232s] Invoking command in '/home/yuqingchi/Code/ws_moveit/build/moveit_resources_panda_description': CMAKE_PREFIX_PATH=${CMAKE_PREFIX_PATH}:/opt/ros/jazzy DEBUGINFOD_URLS=https://debuginfod.ubuntu.com /usr/bin/cmake --install /home/yuqingchi/Code/ws_moveit/build/moveit_resources_panda_description
[1.245s] -- Install configuration: ""
[1.246s] -- Installing: /home/yuqingchi/Code/ws_moveit/install/moveit_resources_panda_description/share/ament_index/resource_index/package_run_dependencies/moveit_resources_panda_description
[1.246s] -- Installing: /home/yuqingchi/Code/ws_moveit/install/moveit_resources_panda_description/share/ament_index/resource_index/parent_prefix_path/moveit_resources_panda_description
[1.246s] -- Installing: /home/yuqingchi/Code/ws_moveit/install/moveit_resources_panda_description/share/moveit_resources_panda_description/environment/ament_prefix_path.sh
[1.247s] -- Installing: /home/yuqingchi/Code/ws_moveit/install/moveit_resources_panda_description/share/moveit_resources_panda_description/environment/ament_prefix_path.dsv
[1.247s] -- Installing: /home/yuqingchi/Code/ws_moveit/install/moveit_resources_panda_description/share/moveit_resources_panda_description/environment/path.sh
[1.247s] -- Installing: /home/yuqingchi/Code/ws_moveit/install/moveit_resources_panda_description/share/moveit_resources_panda_description/environment/path.dsv
[1.248s] -- Installing: /home/yuqingchi/Code/ws_moveit/install/moveit_resources_panda_description/share/moveit_resources_panda_description/local_setup.bash
[1.248s] -- Installing: /home/yuqingchi/Code/ws_moveit/install/moveit_resources_panda_description/share/moveit_resources_panda_description/local_setup.sh
[1.248s] -- Installing: /home/yuqingchi/Code/ws_moveit/install/moveit_resources_panda_description/share/moveit_resources_panda_description/local_setup.zsh
[1.248s] -- Installing: /home/yuqingchi/Code/ws_moveit/install/moveit_resources_panda_description/share/moveit_resources_panda_description/local_setup.dsv
[1.248s] -- Installing: /home/yuqingchi/Code/ws_moveit/install/moveit_resources_panda_description/share/moveit_resources_panda_description/package.dsv
[1.248s] -- Installing: /home/yuqingchi/Code/ws_moveit/install/moveit_resources_panda_description/share/ament_index/resource_index/packages/moveit_resources_panda_description
[1.249s] -- Installing: /home/yuqingchi/Code/ws_moveit/install/moveit_resources_panda_description/share/moveit_resources_panda_description/cmake/moveit_resources_panda_descriptionConfig.cmake
[1.249s] -- Installing: /home/yuqingchi/Code/ws_moveit/install/moveit_resources_panda_description/share/moveit_resources_panda_description/cmake/moveit_resources_panda_descriptionConfig-version.cmake
[1.249s] -- Installing: /home/yuqingchi/Code/ws_moveit/install/moveit_resources_panda_description/share/moveit_resources_panda_description/package.xml
[1.249s] -- Installing: /home/yuqingchi/Code/ws_moveit/install/moveit_resources_panda_description/share/moveit_resources_panda_description/meshes
[1.249s] -- Installing: /home/yuqingchi/Code/ws_moveit/install/moveit_resources_panda_description/share/moveit_resources_panda_description/meshes/visual
[1.249s] -- Installing: /home/yuqingchi/Code/ws_moveit/install/moveit_resources_panda_description/share/moveit_resources_panda_description/meshes/visual/link4.dae
[1.251s] -- Installing: /home/yuqingchi/Code/ws_moveit/install/moveit_resources_panda_description/share/moveit_resources_panda_description/meshes/visual/link6.dae
[1.254s] -- Installing: /home/yuqingchi/Code/ws_moveit/install/moveit_resources_panda_description/share/moveit_resources_panda_description/meshes/visual/finger.dae
[1.254s] -- Installing: /home/yuqingchi/Code/ws_moveit/install/moveit_resources_panda_description/share/moveit_resources_panda_description/meshes/visual/link3.dae
[1.255s] -- Installing: /home/yuqingchi/Code/ws_moveit/install/moveit_resources_panda_description/share/moveit_resources_panda_description/meshes/visual/link2.dae
[1.257s] -- Installing: /home/yuqingchi/Code/ws_moveit/install/moveit_resources_panda_description/share/moveit_resources_panda_description/meshes/visual/hand.dae
[1.257s] -- Installing: /home/yuqingchi/Code/ws_moveit/install/moveit_resources_panda_description/share/moveit_resources_panda_description/meshes/visual/link0.dae
[1.259s] -- Installing: /home/yuqingchi/Code/ws_moveit/install/moveit_resources_panda_description/share/moveit_resources_panda_description/meshes/visual/link7.dae
[1.261s] -- Installing: /home/yuqingchi/Code/ws_moveit/install/moveit_resources_panda_description/share/moveit_resources_panda_description/meshes/visual/link5.dae
[1.263s] -- Installing: /home/yuqingchi/Code/ws_moveit/install/moveit_resources_panda_description/share/moveit_resources_panda_description/meshes/visual/link1.dae
[1.264s] -- Installing: /home/yuqingchi/Code/ws_moveit/install/moveit_resources_panda_description/share/moveit_resources_panda_description/meshes/collision
[1.264s] -- Installing: /home/yuqingchi/Code/ws_moveit/install/moveit_resources_panda_description/share/moveit_resources_panda_description/meshes/collision/finger.stl
[1.264s] -- Installing: /home/yuqingchi/Code/ws_moveit/install/moveit_resources_panda_description/share/moveit_resources_panda_description/meshes/collision/hand.stl
[1.264s] -- Installing: /home/yuqingchi/Code/ws_moveit/install/moveit_resources_panda_description/share/moveit_resources_panda_description/meshes/collision/link5.stl
[1.265s] -- Installing: /home/yuqingchi/Code/ws_moveit/install/moveit_resources_panda_description/share/moveit_resources_panda_description/meshes/collision/link6.stl
[1.265s] -- Installing: /home/yuqingchi/Code/ws_moveit/install/moveit_resources_panda_description/share/moveit_resources_panda_description/meshes/collision/link4.stl
[1.265s] -- Installing: /home/yuqingchi/Code/ws_moveit/install/moveit_resources_panda_description/share/moveit_resources_panda_description/meshes/collision/link0.stl
[1.265s] -- Installing: /home/yuqingchi/Code/ws_moveit/install/moveit_resources_panda_description/share/moveit_resources_panda_description/meshes/collision/link2.stl
[1.266s] -- Installing: /home/yuqingchi/Code/ws_moveit/install/moveit_resources_panda_description/share/moveit_resources_panda_description/meshes/collision/link1.stl
[1.266s] -- Installing: /home/yuqingchi/Code/ws_moveit/install/moveit_resources_panda_description/share/moveit_resources_panda_description/meshes/collision/link7.stl
[1.266s] -- Installing: /home/yuqingchi/Code/ws_moveit/install/moveit_resources_panda_description/share/moveit_resources_panda_description/meshes/collision/link3.stl
[1.266s] -- Installing: /home/yuqingchi/Code/ws_moveit/install/moveit_resources_panda_description/share/moveit_resources_panda_description/urdf
[1.266s] -- Installing: /home/yuqingchi/Code/ws_moveit/install/moveit_resources_panda_description/share/moveit_resources_panda_description/urdf/panda.urdf.xacro
[1.266s] -- Installing: /home/yuqingchi/Code/ws_moveit/install/moveit_resources_panda_description/share/moveit_resources_panda_description/urdf/panda.urdf
[1.268s] Invoked command in '/home/yuqingchi/Code/ws_moveit/build/moveit_resources_panda_description' returned '0': CMAKE_PREFIX_PATH=${CMAKE_PREFIX_PATH}:/opt/ros/jazzy DEBUGINFOD_URLS=https://debuginfod.ubuntu.com /usr/bin/cmake --install /home/yuqingchi/Code/ws_moveit/build/moveit_resources_panda_description
