[0.036s] Invoking command in '/home/yuqingchi/Code/ws_moveit/build/moveit_ros_perception': AMENT_PREFIX_PATH=/home/yuqingchi/Code/ws_moveit/install/moveit_ros_planning:/home/yuqingchi/Code/ws_moveit/install/moveit_ros_occupancy_map_monitor:/home/yuqingchi/Code/ws_moveit/install/moveit_core:/home/yuqingchi/Code/ws_moveit/install/moveit_resources_panda_moveit_config:/home/yuqingchi/Code/ws_moveit/install/moveit_resources_pr2_description:/home/yuqingchi/Code/ws_moveit/install/moveit_resources_panda_description:/home/yuqingchi/Code/ws_moveit/install/moveit_msgs:/home/yuqingchi/Code/ws_moveit/install/moveit_configs_utils:/home/yuqingchi/Code/ws_moveit/install/moveit_common:${AMENT_PREFIX_PATH} CMAKE_PREFIX_PATH=/home/yuqingchi/Code/ws_moveit/install/moveit_ros_planning:/home/yuqingchi/Code/ws_moveit/install/moveit_ros_occupancy_map_monitor:/home/yuqingchi/Code/ws_moveit/install/moveit_core:/home/yuqingchi/Code/ws_moveit/install/moveit_resources_panda_moveit_config:/home/yuqingchi/Code/ws_moveit/install/moveit_resources_pr2_description:/home/yuqingchi/Code/ws_moveit/install/moveit_resources_panda_description:/home/yuqingchi/Code/ws_moveit/install/moveit_msgs:/home/yuqingchi/Code/ws_moveit/install/moveit_common:/opt/ros/jazzy/opt/gz_math_vendor:/opt/ros/jazzy/opt/gz_utils_vendor:/opt/ros/jazzy/opt/gz_cmake_vendor:/opt/ros/jazzy DEBUGINFOD_URLS=https://debuginfod.ubuntu.com LD_LIBRARY_PATH=/home/yuqingchi/Code/ws_moveit/install/moveit_ros_planning/lib:/home/yuqingchi/Code/ws_moveit/install/moveit_ros_occupancy_map_monitor/lib:/home/yuqingchi/Code/ws_moveit/install/moveit_core/lib:/home/yuqingchi/Code/ws_moveit/install/moveit_msgs/lib:${LD_LIBRARY_PATH} PATH=/home/yuqingchi/Code/ws_moveit/install/moveit_core/bin:${PATH} PYTHONPATH=/home/yuqingchi/Code/ws_moveit/install/moveit_msgs/lib/python3.12/site-packages:/home/yuqingchi/Code/ws_moveit/install/moveit_configs_utils/lib/python3.12/site-packages:${PYTHONPATH} /usr/bin/cmake /home/yuqingchi/Code/ws_moveit/src/moveit2/moveit_ros/perception -DCMAKE_INSTALL_PREFIX=/home/yuqingchi/Code/ws_moveit/install/moveit_ros_perception
[0.161s] -- The CXX compiler identification is GNU 13.3.0
[0.194s] -- Detecting CXX compiler ABI info
[0.384s] -- Detecting CXX compiler ABI info - done
[0.405s] -- Check for working CXX compiler: /usr/bin/c++ - skipped
[0.405s] -- Detecting CXX compile features
[0.406s] -- Detecting CXX compile features - done
[0.408s] -- Found moveit_common: 2.14.1 (/home/yuqingchi/Code/ws_moveit/install/moveit_common/share/moveit_common/cmake)
[0.412s] -- Found ament_cmake: 2.5.4 (/opt/ros/jazzy/share/ament_cmake/cmake)
[0.674s] -- Found Python3: /usr/bin/python3 (found version "3.12.3") found components: Interpreter 
[0.975s] [0mmoveit_ros_perception: You did not request a specific build type: Choosing 'Release' for maximum performance[0m
[1.016s] -- Found OpenGL: /usr/lib/x86_64-linux-gnu/libOpenGL.so   
[1.100s] -- Found GLEW: /usr/include (found version "2.2.0") 
[1.193s] -- Found GLUT: /usr/lib/x86_64-linux-gnu/libglut.so  
[1.206s] -- Found cv_bridge: 4.1.0 (/opt/ros/jazzy/share/cv_bridge/cmake)
[1.286s] -- Found rosidl_generator_c: 4.6.6 (/opt/ros/jazzy/share/rosidl_generator_c/cmake)
[1.309s] -- Found rosidl_generator_cpp: 4.6.6 (/opt/ros/jazzy/share/rosidl_generator_cpp/cmake)
[1.336s] -- Using all available rosidl_typesupport_c: rosidl_typesupport_fastrtps_c;rosidl_typesupport_introspection_c
[1.365s] -- Using all available rosidl_typesupport_cpp: rosidl_typesupport_fastrtps_cpp;rosidl_typesupport_introspection_cpp
[1.517s] -- Found rmw_implementation_cmake: 7.3.2 (/opt/ros/jazzy/share/rmw_implementation_cmake/cmake)
[1.520s] -- Found rmw_fastrtps_cpp: 8.4.3 (/opt/ros/jazzy/share/rmw_fastrtps_cpp/cmake)
[1.644s] -- Found OpenSSL: /usr/lib/x86_64-linux-gnu/libcrypto.so (found version "3.0.13")  
[1.685s] -- Found FastRTPS: /opt/ros/jazzy/include (Required is at least version "2.13") 
[1.727s] -- Using RMW implementation 'rmw_fastrtps_cpp' as default
[1.868s] -- Found moveit_core: 2.14.1 (/home/yuqingchi/Code/ws_moveit/install/moveit_core/share/moveit_core/cmake)
[2.155s] -- Found Boost: /usr/lib/x86_64-linux-gnu/cmake/Boost-1.83.0/BoostConfig.cmake (found version "1.83.0") found components: chrono date_time filesystem iostreams program_options regex serialization system thread 
[2.274s] -- Found parameter_traits: 0.5.0 (/opt/ros/jazzy/share/parameter_traits/cmake)
[2.298s] -- Found rclcpp_lifecycle: 28.1.11 (/opt/ros/jazzy/share/rclcpp_lifecycle/cmake)
[2.354s] -- Found Boost: /usr/lib/x86_64-linux-gnu/cmake/Boost-1.83.0/BoostConfig.cmake (found version "1.83.0") found components: filesystem 
[2.449s] -- Found Eigen3: TRUE (found version "3.4.0") 
[2.449s] -- Ensuring Eigen3 include directory is part of orocos-kdl CMake target
[2.658s] -- Found image_transport: 5.1.7 (/opt/ros/jazzy/share/image_transport/cmake)
[2.660s] -- Found moveit_ros_occupancy_map_monitor: 2.14.1 (/home/yuqingchi/Code/ws_moveit/install/moveit_ros_occupancy_map_monitor/share/moveit_ros_occupancy_map_monitor/cmake)
[3.180s] -- Found OpenMP_CXX: -fopenmp (found version "4.5") 
[3.180s] -- Found OpenMP: TRUE (found version "4.5")  
[3.192s] -- Found OpenCV: /usr (found version "4.6.0") 
[3.202s] -- Found Boost: /usr/lib/x86_64-linux-gnu/cmake/Boost-1.83.0/BoostConfig.cmake (found version "1.83.0") found components: thread 
[3.242s] -- Performing Test COMPILER_HAS_HIDDEN_VISIBILITY
[3.468s] -- Performing Test COMPILER_HAS_HIDDEN_VISIBILITY - Success
[3.468s] -- Performing Test COMPILER_HAS_HIDDEN_INLINE_VISIBILITY
[3.707s] -- Performing Test COMPILER_HAS_HIDDEN_INLINE_VISIBILITY - Success
[3.708s] -- Performing Test COMPILER_HAS_DEPRECATED_ATTR
[3.918s] -- Performing Test COMPILER_HAS_DEPRECATED_ATTR - Success
[4.011s] -- Configuring done (4.0s)
[4.144s] -- Generating done (0.1s)
[4.171s] -- Build files have been written to: /home/yuqingchi/Code/ws_moveit/build/moveit_ros_perception
[4.196s] Invoked command in '/home/yuqingchi/Code/ws_moveit/build/moveit_ros_perception' returned '0': AMENT_PREFIX_PATH=/home/yuqingchi/Code/ws_moveit/install/moveit_ros_planning:/home/yuqingchi/Code/ws_moveit/install/moveit_ros_occupancy_map_monitor:/home/yuqingchi/Code/ws_moveit/install/moveit_core:/home/yuqingchi/Code/ws_moveit/install/moveit_resources_panda_moveit_config:/home/yuqingchi/Code/ws_moveit/install/moveit_resources_pr2_description:/home/yuqingchi/Code/ws_moveit/install/moveit_resources_panda_description:/home/yuqingchi/Code/ws_moveit/install/moveit_msgs:/home/yuqingchi/Code/ws_moveit/install/moveit_configs_utils:/home/yuqingchi/Code/ws_moveit/install/moveit_common:${AMENT_PREFIX_PATH} CMAKE_PREFIX_PATH=/home/yuqingchi/Code/ws_moveit/install/moveit_ros_planning:/home/yuqingchi/Code/ws_moveit/install/moveit_ros_occupancy_map_monitor:/home/yuqingchi/Code/ws_moveit/install/moveit_core:/home/yuqingchi/Code/ws_moveit/install/moveit_resources_panda_moveit_config:/home/yuqingchi/Code/ws_moveit/install/moveit_resources_pr2_description:/home/yuqingchi/Code/ws_moveit/install/moveit_resources_panda_description:/home/yuqingchi/Code/ws_moveit/install/moveit_msgs:/home/yuqingchi/Code/ws_moveit/install/moveit_common:/opt/ros/jazzy/opt/gz_math_vendor:/opt/ros/jazzy/opt/gz_utils_vendor:/opt/ros/jazzy/opt/gz_cmake_vendor:/opt/ros/jazzy DEBUGINFOD_URLS=https://debuginfod.ubuntu.com LD_LIBRARY_PATH=/home/yuqingchi/Code/ws_moveit/install/moveit_ros_planning/lib:/home/yuqingchi/Code/ws_moveit/install/moveit_ros_occupancy_map_monitor/lib:/home/yuqingchi/Code/ws_moveit/install/moveit_core/lib:/home/yuqingchi/Code/ws_moveit/install/moveit_msgs/lib:${LD_LIBRARY_PATH} PATH=/home/yuqingchi/Code/ws_moveit/install/moveit_core/bin:${PATH} PYTHONPATH=/home/yuqingchi/Code/ws_moveit/install/moveit_msgs/lib/python3.12/site-packages:/home/yuqingchi/Code/ws_moveit/install/moveit_configs_utils/lib/python3.12/site-packages:${PYTHONPATH} /usr/bin/cmake /home/yuqingchi/Code/ws_moveit/src/moveit2/moveit_ros/perception -DCMAKE_INSTALL_PREFIX=/home/yuqingchi/Code/ws_moveit/install/moveit_ros_perception
[4.198s] Invoking command in '/home/yuqingchi/Code/ws_moveit/build/moveit_ros_perception': AMENT_PREFIX_PATH=/home/yuqingchi/Code/ws_moveit/install/moveit_ros_planning:/home/yuqingchi/Code/ws_moveit/install/moveit_ros_occupancy_map_monitor:/home/yuqingchi/Code/ws_moveit/install/moveit_core:/home/yuqingchi/Code/ws_moveit/install/moveit_resources_panda_moveit_config:/home/yuqingchi/Code/ws_moveit/install/moveit_resources_pr2_description:/home/yuqingchi/Code/ws_moveit/install/moveit_resources_panda_description:/home/yuqingchi/Code/ws_moveit/install/moveit_msgs:/home/yuqingchi/Code/ws_moveit/install/moveit_configs_utils:/home/yuqingchi/Code/ws_moveit/install/moveit_common:${AMENT_PREFIX_PATH} CMAKE_PREFIX_PATH=/home/yuqingchi/Code/ws_moveit/install/moveit_ros_planning:/home/yuqingchi/Code/ws_moveit/install/moveit_ros_occupancy_map_monitor:/home/yuqingchi/Code/ws_moveit/install/moveit_core:/home/yuqingchi/Code/ws_moveit/install/moveit_resources_panda_moveit_config:/home/yuqingchi/Code/ws_moveit/install/moveit_resources_pr2_description:/home/yuqingchi/Code/ws_moveit/install/moveit_resources_panda_description:/home/yuqingchi/Code/ws_moveit/install/moveit_msgs:/home/yuqingchi/Code/ws_moveit/install/moveit_common:/opt/ros/jazzy/opt/gz_math_vendor:/opt/ros/jazzy/opt/gz_utils_vendor:/opt/ros/jazzy/opt/gz_cmake_vendor:/opt/ros/jazzy DEBUGINFOD_URLS=https://debuginfod.ubuntu.com LD_LIBRARY_PATH=/home/yuqingchi/Code/ws_moveit/install/moveit_ros_planning/lib:/home/yuqingchi/Code/ws_moveit/install/moveit_ros_occupancy_map_monitor/lib:/home/yuqingchi/Code/ws_moveit/install/moveit_core/lib:/home/yuqingchi/Code/ws_moveit/install/moveit_msgs/lib:${LD_LIBRARY_PATH} PATH=/home/yuqingchi/Code/ws_moveit/install/moveit_core/bin:${PATH} PYTHONPATH=/home/yuqingchi/Code/ws_moveit/install/moveit_msgs/lib/python3.12/site-packages:/home/yuqingchi/Code/ws_moveit/install/moveit_configs_utils/lib/python3.12/site-packages:${PYTHONPATH} /usr/bin/cmake --build /home/yuqingchi/Code/ws_moveit/build/moveit_ros_perception -- -j16 -l16
[4.317s] [  5%] [32mBuilding CXX object mesh_filter/CMakeFiles/moveit_mesh_filter.dir/src/stereo_camera_model.cpp.o[0m
[4.317s] [ 20%] [32mBuilding CXX object mesh_filter/CMakeFiles/moveit_mesh_filter.dir/src/sensor_model.cpp.o[0m
[4.317s] [ 20%] [32mBuilding CXX object mesh_filter/CMakeFiles/moveit_mesh_filter.dir/src/mesh_filter_base.cpp.o[0m
[4.317s] [ 20%] [32mBuilding CXX object point_containment_filter/CMakeFiles/moveit_point_containment_filter.dir/src/shape_mask.cpp.o[0m
[4.317s] [ 25%] [32mBuilding CXX object mesh_filter/CMakeFiles/moveit_mesh_filter.dir/src/gl_mesh.cpp.o[0m
[4.317s] [ 35%] [32mBuilding CXX object semantic_world/CMakeFiles/moveit_semantic_world.dir/src/semantic_world.cpp.o[0m
[4.317s] [ 35%] [32mBuilding CXX object lazy_free_space_updater/CMakeFiles/moveit_lazy_free_space_updater.dir/src/lazy_free_space_updater.cpp.o[0m
[4.319s] [ 40%] [32mBuilding CXX object mesh_filter/CMakeFiles/moveit_mesh_filter.dir/src/gl_renderer.cpp.o[0m
[6.239s] [ 45%] [32m[1mLinking CXX shared library libmoveit_lazy_free_space_updater.so[0m
[6.574s] [ 45%] Built target moveit_lazy_free_space_updater
[7.800s] [ 50%] [32m[1mLinking CXX shared library libmoveit_point_containment_filter.so[0m
[7.979s] [ 55%] [32m[1mLinking CXX shared library libmoveit_mesh_filter.so[0m
[8.094s] [ 55%] Built target moveit_point_containment_filter
[8.143s] [ 60%] [32mBuilding CXX object pointcloud_octomap_updater/CMakeFiles/moveit_pointcloud_octomap_updater_core.dir/src/pointcloud_octomap_updater.cpp.o[0m
[8.332s] [ 60%] Built target moveit_mesh_filter
[8.382s] [ 65%] [32mBuilding CXX object depth_image_octomap_updater/CMakeFiles/moveit_depth_image_octomap_updater_core.dir/src/depth_image_octomap_updater.cpp.o[0m
[18.281s] [ 70%] [32m[1mLinking CXX shared library libmoveit_depth_image_octomap_updater_core.so[0m
[18.608s] [ 70%] Built target moveit_depth_image_octomap_updater_core
[18.647s] [ 75%] [32mBuilding CXX object depth_image_octomap_updater/CMakeFiles/moveit_depth_image_octomap_updater.dir/src/updater_plugin.cpp.o[0m
[23.686s] [ 80%] [32m[1mLinking CXX shared library libmoveit_depth_image_octomap_updater.so[0m
[23.968s] [ 80%] Built target moveit_depth_image_octomap_updater
[25.838s] [ 85%] [32m[1mLinking CXX shared library libmoveit_pointcloud_octomap_updater_core.so[0m
[26.237s] [ 85%] Built target moveit_pointcloud_octomap_updater_core
[26.282s] [ 90%] [32mBuilding CXX object pointcloud_octomap_updater/CMakeFiles/moveit_pointcloud_octomap_updater.dir/src/plugin_init.cpp.o[0m
[27.672s] [ 95%] [32m[1mLinking CXX shared library libmoveit_semantic_world.so[0m
[28.160s] [ 95%] Built target moveit_semantic_world
[31.318s] [100%] [32m[1mLinking CXX shared library libmoveit_pointcloud_octomap_updater.so[0m
[31.611s] [100%] Built target moveit_pointcloud_octomap_updater
[31.632s] Invoked command in '/home/yuqingchi/Code/ws_moveit/build/moveit_ros_perception' returned '0': AMENT_PREFIX_PATH=/home/yuqingchi/Code/ws_moveit/install/moveit_ros_planning:/home/yuqingchi/Code/ws_moveit/install/moveit_ros_occupancy_map_monitor:/home/yuqingchi/Code/ws_moveit/install/moveit_core:/home/yuqingchi/Code/ws_moveit/install/moveit_resources_panda_moveit_config:/home/yuqingchi/Code/ws_moveit/install/moveit_resources_pr2_description:/home/yuqingchi/Code/ws_moveit/install/moveit_resources_panda_description:/home/yuqingchi/Code/ws_moveit/install/moveit_msgs:/home/yuqingchi/Code/ws_moveit/install/moveit_configs_utils:/home/yuqingchi/Code/ws_moveit/install/moveit_common:${AMENT_PREFIX_PATH} CMAKE_PREFIX_PATH=/home/yuqingchi/Code/ws_moveit/install/moveit_ros_planning:/home/yuqingchi/Code/ws_moveit/install/moveit_ros_occupancy_map_monitor:/home/yuqingchi/Code/ws_moveit/install/moveit_core:/home/yuqingchi/Code/ws_moveit/install/moveit_resources_panda_moveit_config:/home/yuqingchi/Code/ws_moveit/install/moveit_resources_pr2_description:/home/yuqingchi/Code/ws_moveit/install/moveit_resources_panda_description:/home/yuqingchi/Code/ws_moveit/install/moveit_msgs:/home/yuqingchi/Code/ws_moveit/install/moveit_common:/opt/ros/jazzy/opt/gz_math_vendor:/opt/ros/jazzy/opt/gz_utils_vendor:/opt/ros/jazzy/opt/gz_cmake_vendor:/opt/ros/jazzy DEBUGINFOD_URLS=https://debuginfod.ubuntu.com LD_LIBRARY_PATH=/home/yuqingchi/Code/ws_moveit/install/moveit_ros_planning/lib:/home/yuqingchi/Code/ws_moveit/install/moveit_ros_occupancy_map_monitor/lib:/home/yuqingchi/Code/ws_moveit/install/moveit_core/lib:/home/yuqingchi/Code/ws_moveit/install/moveit_msgs/lib:${LD_LIBRARY_PATH} PATH=/home/yuqingchi/Code/ws_moveit/install/moveit_core/bin:${PATH} PYTHONPATH=/home/yuqingchi/Code/ws_moveit/install/moveit_msgs/lib/python3.12/site-packages:/home/yuqingchi/Code/ws_moveit/install/moveit_configs_utils/lib/python3.12/site-packages:${PYTHONPATH} /usr/bin/cmake --build /home/yuqingchi/Code/ws_moveit/build/moveit_ros_perception -- -j16 -l16
[31.636s] Invoking command in '/home/yuqingchi/Code/ws_moveit/build/moveit_ros_perception': AMENT_PREFIX_PATH=/home/yuqingchi/Code/ws_moveit/install/moveit_ros_planning:/home/yuqingchi/Code/ws_moveit/install/moveit_ros_occupancy_map_monitor:/home/yuqingchi/Code/ws_moveit/install/moveit_core:/home/yuqingchi/Code/ws_moveit/install/moveit_resources_panda_moveit_config:/home/yuqingchi/Code/ws_moveit/install/moveit_resources_pr2_description:/home/yuqingchi/Code/ws_moveit/install/moveit_resources_panda_description:/home/yuqingchi/Code/ws_moveit/install/moveit_msgs:/home/yuqingchi/Code/ws_moveit/install/moveit_configs_utils:/home/yuqingchi/Code/ws_moveit/install/moveit_common:${AMENT_PREFIX_PATH} CMAKE_PREFIX_PATH=/home/yuqingchi/Code/ws_moveit/install/moveit_ros_planning:/home/yuqingchi/Code/ws_moveit/install/moveit_ros_occupancy_map_monitor:/home/yuqingchi/Code/ws_moveit/install/moveit_core:/home/yuqingchi/Code/ws_moveit/install/moveit_resources_panda_moveit_config:/home/yuqingchi/Code/ws_moveit/install/moveit_resources_pr2_description:/home/yuqingchi/Code/ws_moveit/install/moveit_resources_panda_description:/home/yuqingchi/Code/ws_moveit/install/moveit_msgs:/home/yuqingchi/Code/ws_moveit/install/moveit_common:/opt/ros/jazzy/opt/gz_math_vendor:/opt/ros/jazzy/opt/gz_utils_vendor:/opt/ros/jazzy/opt/gz_cmake_vendor:/opt/ros/jazzy DEBUGINFOD_URLS=https://debuginfod.ubuntu.com LD_LIBRARY_PATH=/home/yuqingchi/Code/ws_moveit/install/moveit_ros_planning/lib:/home/yuqingchi/Code/ws_moveit/install/moveit_ros_occupancy_map_monitor/lib:/home/yuqingchi/Code/ws_moveit/install/moveit_core/lib:/home/yuqingchi/Code/ws_moveit/install/moveit_msgs/lib:${LD_LIBRARY_PATH} PATH=/home/yuqingchi/Code/ws_moveit/install/moveit_core/bin:${PATH} PYTHONPATH=/home/yuqingchi/Code/ws_moveit/install/moveit_msgs/lib/python3.12/site-packages:/home/yuqingchi/Code/ws_moveit/install/moveit_configs_utils/lib/python3.12/site-packages:${PYTHONPATH} /usr/bin/cmake --install /home/yuqingchi/Code/ws_moveit/build/moveit_ros_perception
[31.656s] -- Install configuration: "Release"
[31.657s] -- Installing: /home/yuqingchi/Code/ws_moveit/install/moveit_ros_perception/include/moveit_ros_perception
[31.657s] -- Installing: /home/yuqingchi/Code/ws_moveit/install/moveit_ros_perception/include/moveit_ros_perception/moveit
[31.657s] -- Installing: /home/yuqingchi/Code/ws_moveit/install/moveit_ros_perception/include/moveit_ros_perception/moveit/lazy_free_space_updater
[31.657s] -- Installing: /home/yuqingchi/Code/ws_moveit/install/moveit_ros_perception/include/moveit_ros_perception/moveit/lazy_free_space_updater/lazy_free_space_updater.hpp
[31.658s] -- Installing: /home/yuqingchi/Code/ws_moveit/install/moveit_ros_perception/include/moveit_ros_perception/moveit/lazy_free_space_updater/lazy_free_space_updater.h
[31.658s] -- Up-to-date: /home/yuqingchi/Code/ws_moveit/install/moveit_ros_perception/include/moveit_ros_perception
[31.658s] -- Up-to-date: /home/yuqingchi/Code/ws_moveit/install/moveit_ros_perception/include/moveit_ros_perception/moveit
[31.658s] -- Installing: /home/yuqingchi/Code/ws_moveit/install/moveit_ros_perception/include/moveit_ros_perception/moveit/point_containment_filter
[31.659s] -- Installing: /home/yuqingchi/Code/ws_moveit/install/moveit_ros_perception/include/moveit_ros_perception/moveit/point_containment_filter/shape_mask.h
[31.659s] -- Installing: /home/yuqingchi/Code/ws_moveit/install/moveit_ros_perception/include/moveit_ros_perception/moveit/point_containment_filter/shape_mask.hpp
[31.659s] -- Up-to-date: /home/yuqingchi/Code/ws_moveit/install/moveit_ros_perception/include/moveit_ros_perception
[31.659s] -- Up-to-date: /home/yuqingchi/Code/ws_moveit/install/moveit_ros_perception/include/moveit_ros_perception/moveit
[31.659s] -- Installing: /home/yuqingchi/Code/ws_moveit/install/moveit_ros_perception/include/moveit_ros_perception/moveit/pointcloud_octomap_updater
[31.660s] -- Installing: /home/yuqingchi/Code/ws_moveit/install/moveit_ros_perception/include/moveit_ros_perception/moveit/pointcloud_octomap_updater/pointcloud_octomap_updater.hpp
[31.660s] -- Installing: /home/yuqingchi/Code/ws_moveit/install/moveit_ros_perception/include/moveit_ros_perception/moveit/pointcloud_octomap_updater/pointcloud_octomap_updater.h
[31.660s] -- Up-to-date: /home/yuqingchi/Code/ws_moveit/install/moveit_ros_perception/include/moveit_ros_perception
[31.660s] -- Up-to-date: /home/yuqingchi/Code/ws_moveit/install/moveit_ros_perception/include/moveit_ros_perception/moveit
[31.661s] -- Installing: /home/yuqingchi/Code/ws_moveit/install/moveit_ros_perception/include/moveit_ros_perception/moveit/mesh_filter
[31.661s] -- Installing: /home/yuqingchi/Code/ws_moveit/install/moveit_ros_perception/include/moveit_ros_perception/moveit/mesh_filter/depth_self_filter_nodelet.h
[31.661s] -- Installing: /home/yuqingchi/Code/ws_moveit/install/moveit_ros_perception/include/moveit_ros_perception/moveit/mesh_filter/gl_renderer.hpp
[31.662s] -- Installing: /home/yuqingchi/Code/ws_moveit/install/moveit_ros_perception/include/moveit_ros_perception/moveit/mesh_filter/mesh_filter.hpp
[31.662s] -- Installing: /home/yuqingchi/Code/ws_moveit/install/moveit_ros_perception/include/moveit_ros_perception/moveit/mesh_filter/filter_job.hpp
[31.662s] -- Installing: /home/yuqingchi/Code/ws_moveit/install/moveit_ros_perception/include/moveit_ros_perception/moveit/mesh_filter/transform_provider.hpp
[31.662s] -- Installing: /home/yuqingchi/Code/ws_moveit/install/moveit_ros_perception/include/moveit_ros_perception/moveit/mesh_filter/stereo_camera_model.hpp
[31.662s] -- Installing: /home/yuqingchi/Code/ws_moveit/install/moveit_ros_perception/include/moveit_ros_perception/moveit/mesh_filter/filter_job.h
[31.663s] -- Installing: /home/yuqingchi/Code/ws_moveit/install/moveit_ros_perception/include/moveit_ros_perception/moveit/mesh_filter/mesh_filter_base.h
[31.663s] -- Installing: /home/yuqingchi/Code/ws_moveit/install/moveit_ros_perception/include/moveit_ros_perception/moveit/mesh_filter/gl_renderer.h
[31.663s] -- Installing: /home/yuqingchi/Code/ws_moveit/install/moveit_ros_perception/include/moveit_ros_perception/moveit/mesh_filter/gl_mesh.hpp
[31.663s] -- Installing: /home/yuqingchi/Code/ws_moveit/install/moveit_ros_perception/include/moveit_ros_perception/moveit/mesh_filter/sensor_model.hpp
[31.663s] -- Installing: /home/yuqingchi/Code/ws_moveit/install/moveit_ros_perception/include/moveit_ros_perception/moveit/mesh_filter/gl_mesh.h
[31.663s] -- Installing: /home/yuqingchi/Code/ws_moveit/install/moveit_ros_perception/include/moveit_ros_perception/moveit/mesh_filter/mesh_filter.h
[31.664s] -- Installing: /home/yuqingchi/Code/ws_moveit/install/moveit_ros_perception/include/moveit_ros_perception/moveit/mesh_filter/depth_self_filter_nodelet.hpp
[31.664s] -- Installing: /home/yuqingchi/Code/ws_moveit/install/moveit_ros_perception/include/moveit_ros_perception/moveit/mesh_filter/stereo_camera_model.h
[31.664s] -- Installing: /home/yuqingchi/Code/ws_moveit/install/moveit_ros_perception/include/moveit_ros_perception/moveit/mesh_filter/sensor_model.h
[31.664s] -- Installing: /home/yuqingchi/Code/ws_moveit/install/moveit_ros_perception/include/moveit_ros_perception/moveit/mesh_filter/transform_provider.h
[31.665s] -- Installing: /home/yuqingchi/Code/ws_moveit/install/moveit_ros_perception/include/moveit_ros_perception/moveit/mesh_filter/mesh_filter_base.hpp
[31.665s] -- Installing: /home/yuqingchi/Code/ws_moveit/install/moveit_ros_perception/include/moveit_ros_perception/moveit_mesh_filter_export.h
[31.665s] -- Up-to-date: /home/yuqingchi/Code/ws_moveit/install/moveit_ros_perception/include/moveit_ros_perception
[31.665s] -- Up-to-date: /home/yuqingchi/Code/ws_moveit/install/moveit_ros_perception/include/moveit_ros_perception/moveit
[31.665s] -- Installing: /home/yuqingchi/Code/ws_moveit/install/moveit_ros_perception/include/moveit_ros_perception/moveit/depth_image_octomap_updater
[31.666s] -- Installing: /home/yuqingchi/Code/ws_moveit/install/moveit_ros_perception/include/moveit_ros_perception/moveit/depth_image_octomap_updater/depth_image_octomap_updater.h
[31.666s] -- Installing: /home/yuqingchi/Code/ws_moveit/install/moveit_ros_perception/include/moveit_ros_perception/moveit/depth_image_octomap_updater/depth_image_octomap_updater.hpp
[31.666s] -- Up-to-date: /home/yuqingchi/Code/ws_moveit/install/moveit_ros_perception/include/moveit_ros_perception
[31.666s] -- Up-to-date: /home/yuqingchi/Code/ws_moveit/install/moveit_ros_perception/include/moveit_ros_perception/moveit
[31.666s] -- Installing: /home/yuqingchi/Code/ws_moveit/install/moveit_ros_perception/include/moveit_ros_perception/moveit/semantic_world
[31.666s] -- Installing: /home/yuqingchi/Code/ws_moveit/install/moveit_ros_perception/include/moveit_ros_perception/moveit/semantic_world/semantic_world.h
[31.667s] -- Installing: /home/yuqingchi/Code/ws_moveit/install/moveit_ros_perception/include/moveit_ros_perception/moveit/semantic_world/semantic_world.hpp
[31.667s] -- Installing: /home/yuqingchi/Code/ws_moveit/install/moveit_ros_perception/lib/libmoveit_depth_image_octomap_updater.so.2.14.1
[31.667s] -- Set non-toolchain portion of runtime path of "/home/yuqingchi/Code/ws_moveit/install/moveit_ros_perception/lib/libmoveit_depth_image_octomap_updater.so.2.14.1" to ""
[31.667s] -- Installing: /home/yuqingchi/Code/ws_moveit/install/moveit_ros_perception/lib/libmoveit_depth_image_octomap_updater.so
[31.667s] -- Installing: /home/yuqingchi/Code/ws_moveit/install/moveit_ros_perception/lib/libmoveit_depth_image_octomap_updater_core.so.2.14.1
[31.668s] -- Set non-toolchain portion of runtime path of "/home/yuqingchi/Code/ws_moveit/install/moveit_ros_perception/lib/libmoveit_depth_image_octomap_updater_core.so.2.14.1" to ""
[31.668s] -- Installing: /home/yuqingchi/Code/ws_moveit/install/moveit_ros_perception/lib/libmoveit_depth_image_octomap_updater_core.so
[31.668s] -- Installing: /home/yuqingchi/Code/ws_moveit/install/moveit_ros_perception/lib/libmoveit_lazy_free_space_updater.so.2.14.1
[31.669s] -- Set non-toolchain portion of runtime path of "/home/yuqingchi/Code/ws_moveit/install/moveit_ros_perception/lib/libmoveit_lazy_free_space_updater.so.2.14.1" to ""
[31.669s] -- Installing: /home/yuqingchi/Code/ws_moveit/install/moveit_ros_perception/lib/libmoveit_lazy_free_space_updater.so
[31.669s] -- Installing: /home/yuqingchi/Code/ws_moveit/install/moveit_ros_perception/lib/libmoveit_mesh_filter.so.2.14.1
[31.670s] -- Set non-toolchain portion of runtime path of "/home/yuqingchi/Code/ws_moveit/install/moveit_ros_perception/lib/libmoveit_mesh_filter.so.2.14.1" to ""
[31.670s] -- Installing: /home/yuqingchi/Code/ws_moveit/install/moveit_ros_perception/lib/libmoveit_mesh_filter.so
[31.671s] -- Installing: /home/yuqingchi/Code/ws_moveit/install/moveit_ros_perception/lib/libmoveit_point_containment_filter.so.2.14.1
[31.671s] -- Set non-toolchain portion of runtime path of "/home/yuqingchi/Code/ws_moveit/install/moveit_ros_perception/lib/libmoveit_point_containment_filter.so.2.14.1" to ""
[31.671s] -- Installing: /home/yuqingchi/Code/ws_moveit/install/moveit_ros_perception/lib/libmoveit_point_containment_filter.so
[31.671s] -- Installing: /home/yuqingchi/Code/ws_moveit/install/moveit_ros_perception/lib/libmoveit_pointcloud_octomap_updater.so.2.14.1
[31.672s] -- Set non-toolchain portion of runtime path of "/home/yuqingchi/Code/ws_moveit/install/moveit_ros_perception/lib/libmoveit_pointcloud_octomap_updater.so.2.14.1" to ""
[31.672s] -- Installing: /home/yuqingchi/Code/ws_moveit/install/moveit_ros_perception/lib/libmoveit_pointcloud_octomap_updater.so
[31.672s] -- Installing: /home/yuqingchi/Code/ws_moveit/install/moveit_ros_perception/lib/libmoveit_pointcloud_octomap_updater_core.so.2.14.1
[31.674s] -- Set non-toolchain portion of runtime path of "/home/yuqingchi/Code/ws_moveit/install/moveit_ros_perception/lib/libmoveit_pointcloud_octomap_updater_core.so.2.14.1" to ""
[31.674s] -- Installing: /home/yuqingchi/Code/ws_moveit/install/moveit_ros_perception/lib/libmoveit_pointcloud_octomap_updater_core.so
[31.674s] -- Installing: /home/yuqingchi/Code/ws_moveit/install/moveit_ros_perception/lib/libmoveit_semantic_world.so.2.14.1
[31.676s] -- Set non-toolchain portion of runtime path of "/home/yuqingchi/Code/ws_moveit/install/moveit_ros_perception/lib/libmoveit_semantic_world.so.2.14.1" to ""
[31.676s] -- Installing: /home/yuqingchi/Code/ws_moveit/install/moveit_ros_perception/lib/libmoveit_semantic_world.so
[31.676s] -- Installing: /home/yuqingchi/Code/ws_moveit/install/moveit_ros_perception/share/moveit_ros_perception/environment/library_path.sh
[31.677s] -- Installing: /home/yuqingchi/Code/ws_moveit/install/moveit_ros_perception/share/moveit_ros_perception/environment/library_path.dsv
[31.677s] -- Installing: /home/yuqingchi/Code/ws_moveit/install/moveit_ros_perception/share/moveit_ros_perception/pointcloud_octomap_updater_plugin_description.xml
[31.677s] -- Installing: /home/yuqingchi/Code/ws_moveit/install/moveit_ros_perception/share/moveit_ros_perception/depth_image_octomap_updater_plugin_description.xml
[31.677s] -- Installing: /home/yuqingchi/Code/ws_moveit/install/moveit_ros_perception/share/ament_index/resource_index/package_run_dependencies/moveit_ros_perception
[31.677s] -- Installing: /home/yuqingchi/Code/ws_moveit/install/moveit_ros_perception/share/ament_index/resource_index/parent_prefix_path/moveit_ros_perception
[31.678s] -- Installing: /home/yuqingchi/Code/ws_moveit/install/moveit_ros_perception/share/moveit_ros_perception/environment/ament_prefix_path.sh
[31.678s] -- Installing: /home/yuqingchi/Code/ws_moveit/install/moveit_ros_perception/share/moveit_ros_perception/environment/ament_prefix_path.dsv
[31.678s] -- Installing: /home/yuqingchi/Code/ws_moveit/install/moveit_ros_perception/share/moveit_ros_perception/environment/path.sh
[31.678s] -- Installing: /home/yuqingchi/Code/ws_moveit/install/moveit_ros_perception/share/moveit_ros_perception/environment/path.dsv
[31.678s] -- Installing: /home/yuqingchi/Code/ws_moveit/install/moveit_ros_perception/share/moveit_ros_perception/local_setup.bash
[31.679s] -- Installing: /home/yuqingchi/Code/ws_moveit/install/moveit_ros_perception/share/moveit_ros_perception/local_setup.sh
[31.679s] -- Installing: /home/yuqingchi/Code/ws_moveit/install/moveit_ros_perception/share/moveit_ros_perception/local_setup.zsh
[31.679s] -- Installing: /home/yuqingchi/Code/ws_moveit/install/moveit_ros_perception/share/moveit_ros_perception/local_setup.dsv
[31.679s] -- Installing: /home/yuqingchi/Code/ws_moveit/install/moveit_ros_perception/share/moveit_ros_perception/package.dsv
[31.679s] -- Installing: /home/yuqingchi/Code/ws_moveit/install/moveit_ros_perception/share/ament_index/resource_index/packages/moveit_ros_perception
[31.679s] -- Installing: /home/yuqingchi/Code/ws_moveit/install/moveit_ros_perception/share/ament_index/resource_index/moveit_ros_occupancy_map_monitor__pluginlib__plugin/moveit_ros_perception
[31.680s] -- Installing: /home/yuqingchi/Code/ws_moveit/install/moveit_ros_perception/share/moveit_ros_perception/cmake/moveit_ros_perceptionTargetsExport.cmake
[31.680s] -- Installing: /home/yuqingchi/Code/ws_moveit/install/moveit_ros_perception/share/moveit_ros_perception/cmake/moveit_ros_perceptionTargetsExport-release.cmake
[31.680s] -- Installing: /home/yuqingchi/Code/ws_moveit/install/moveit_ros_perception/share/moveit_ros_perception/cmake/ConfigExtras.cmake
[31.680s] -- Installing: /home/yuqingchi/Code/ws_moveit/install/moveit_ros_perception/share/moveit_ros_perception/cmake/ament_cmake_export_targets-extras.cmake
[31.680s] -- Installing: /home/yuqingchi/Code/ws_moveit/install/moveit_ros_perception/share/moveit_ros_perception/cmake/ament_cmake_export_dependencies-extras.cmake
[31.680s] -- Installing: /home/yuqingchi/Code/ws_moveit/install/moveit_ros_perception/share/moveit_ros_perception/cmake/moveit_ros_perceptionConfig.cmake
[31.680s] -- Installing: /home/yuqingchi/Code/ws_moveit/install/moveit_ros_perception/share/moveit_ros_perception/cmake/moveit_ros_perceptionConfig-version.cmake
[31.681s] -- Installing: /home/yuqingchi/Code/ws_moveit/install/moveit_ros_perception/share/moveit_ros_perception/package.xml
[31.685s] Invoked command in '/home/yuqingchi/Code/ws_moveit/build/moveit_ros_perception' returned '0': AMENT_PREFIX_PATH=/home/yuqingchi/Code/ws_moveit/install/moveit_ros_planning:/home/yuqingchi/Code/ws_moveit/install/moveit_ros_occupancy_map_monitor:/home/yuqingchi/Code/ws_moveit/install/moveit_core:/home/yuqingchi/Code/ws_moveit/install/moveit_resources_panda_moveit_config:/home/yuqingchi/Code/ws_moveit/install/moveit_resources_pr2_description:/home/yuqingchi/Code/ws_moveit/install/moveit_resources_panda_description:/home/yuqingchi/Code/ws_moveit/install/moveit_msgs:/home/yuqingchi/Code/ws_moveit/install/moveit_configs_utils:/home/yuqingchi/Code/ws_moveit/install/moveit_common:${AMENT_PREFIX_PATH} CMAKE_PREFIX_PATH=/home/yuqingchi/Code/ws_moveit/install/moveit_ros_planning:/home/yuqingchi/Code/ws_moveit/install/moveit_ros_occupancy_map_monitor:/home/yuqingchi/Code/ws_moveit/install/moveit_core:/home/yuqingchi/Code/ws_moveit/install/moveit_resources_panda_moveit_config:/home/yuqingchi/Code/ws_moveit/install/moveit_resources_pr2_description:/home/yuqingchi/Code/ws_moveit/install/moveit_resources_panda_description:/home/yuqingchi/Code/ws_moveit/install/moveit_msgs:/home/yuqingchi/Code/ws_moveit/install/moveit_common:/opt/ros/jazzy/opt/gz_math_vendor:/opt/ros/jazzy/opt/gz_utils_vendor:/opt/ros/jazzy/opt/gz_cmake_vendor:/opt/ros/jazzy DEBUGINFOD_URLS=https://debuginfod.ubuntu.com LD_LIBRARY_PATH=/home/yuqingchi/Code/ws_moveit/install/moveit_ros_planning/lib:/home/yuqingchi/Code/ws_moveit/install/moveit_ros_occupancy_map_monitor/lib:/home/yuqingchi/Code/ws_moveit/install/moveit_core/lib:/home/yuqingchi/Code/ws_moveit/install/moveit_msgs/lib:${LD_LIBRARY_PATH} PATH=/home/yuqingchi/Code/ws_moveit/install/moveit_core/bin:${PATH} PYTHONPATH=/home/yuqingchi/Code/ws_moveit/install/moveit_msgs/lib/python3.12/site-packages:/home/yuqingchi/Code/ws_moveit/install/moveit_configs_utils/lib/python3.12/site-packages:${PYTHONPATH} /usr/bin/cmake --install /home/yuqingchi/Code/ws_moveit/build/moveit_ros_perception
