[0.196s] Invoking command in '/home/yuqingchi/Code/ws_moveit/build/rviz_visual_tools': CMAKE_PREFIX_PATH=${CMAKE_PREFIX_PATH}:/home/yuqingchi/Code/ws_moveit/install/moveit_configs_utils:/opt/ros/jazzy DEBUGINFOD_URLS=https://debuginfod.ubuntu.com /usr/bin/cmake --build /home/yuqingchi/Code/ws_moveit/build/rviz_visual_tools -- -j16 -l16
[0.247s] [  0%] Built target gtest_autogen_timestamp_deps
[0.248s] [  0%] Built target rviz_visual_tools_gui_autogen_timestamp_deps
[0.248s] [  0%] Built target rviz_visual_tools_remote_control_autogen_timestamp_deps
[0.249s] [  0%] Built target gtest_main_autogen_timestamp_deps
[0.265s] [  2%] Built target gtest_autogen
[0.270s] [  4%] Built target gtest_main_autogen
[0.272s] [  6%] Built target rviz_visual_tools_remote_control_autogen
[0.283s] [  8%] Built target rviz_visual_tools_gui_autogen
[0.288s] [ 16%] Built target gtest
[0.291s] [ 25%] Built target gtest_main
[0.318s] [ 33%] Built target rviz_visual_tools_remote_control
[0.322s] [ 45%] Built target rviz_visual_tools_gui
[0.339s] [ 45%] Built target rviz_visual_tools_autogen_timestamp_deps
[0.369s] [ 47%] Built target rviz_visual_tools_autogen
[0.407s] [ 58%] Built target rviz_visual_tools
[0.427s] [ 58%] Built target rviz_visual_tools_imarker_simple_autogen_timestamp_deps
[0.427s] [ 58%] Built target rviz_visual_tools_demo_autogen_timestamp_deps
[0.427s] [ 58%] Built target rviz_visual_tools_rvt_test_autogen_timestamp_deps
[0.463s] [ 60%] Built target rviz_visual_tools_imarker_simple_autogen
[0.464s] [ 62%] Built target rviz_visual_tools_rvt_test_autogen
[0.469s] [ 64%] Built target rviz_visual_tools_demo_autogen
[0.489s] [ 72%] Built target rviz_visual_tools_rvt_test
[0.502s] [ 81%] Built target rviz_visual_tools_imarker_simple
[0.503s] [ 89%] Built target rviz_visual_tools_demo
[0.522s] [ 89%] Built target rviz_visual_tools_imarker_simple_demo_autogen_timestamp_deps
[0.588s] [ 91%] Built target rviz_visual_tools_imarker_simple_demo_autogen
[0.727s] [100%] Built target rviz_visual_tools_imarker_simple_demo
[0.745s] Invoked command in '/home/yuqingchi/Code/ws_moveit/build/rviz_visual_tools' returned '0': CMAKE_PREFIX_PATH=${CMAKE_PREFIX_PATH}:/home/yuqingchi/Code/ws_moveit/install/moveit_configs_utils:/opt/ros/jazzy DEBUGINFOD_URLS=https://debuginfod.ubuntu.com /usr/bin/cmake --build /home/yuqingchi/Code/ws_moveit/build/rviz_visual_tools -- -j16 -l16
[0.748s] Invoking command in '/home/yuqingchi/Code/ws_moveit/build/rviz_visual_tools': CMAKE_PREFIX_PATH=${CMAKE_PREFIX_PATH}:/home/yuqingchi/Code/ws_moveit/install/moveit_configs_utils:/opt/ros/jazzy DEBUGINFOD_URLS=https://debuginfod.ubuntu.com /usr/bin/cmake --install /home/yuqingchi/Code/ws_moveit/build/rviz_visual_tools
[0.792s] -- Install configuration: ""
[0.792s] -- Up-to-date: /home/yuqingchi/Code/ws_moveit/install/rviz_visual_tools/share/rviz_visual_tools/plugin_description.xml
[0.793s] -- Up-to-date: /home/yuqingchi/Code/ws_moveit/install/rviz_visual_tools/lib/librviz_visual_tools.so
[0.793s] -- Up-to-date: /home/yuqingchi/Code/ws_moveit/install/rviz_visual_tools/lib/librviz_visual_tools_remote_control.so
[0.793s] -- Up-to-date: /home/yuqingchi/Code/ws_moveit/install/rviz_visual_tools/lib/librviz_visual_tools_gui.so
[0.793s] -- Up-to-date: /home/yuqingchi/Code/ws_moveit/install/rviz_visual_tools/lib/librviz_visual_tools_imarker_simple.so
[0.793s] -- Up-to-date: /home/yuqingchi/Code/ws_moveit/install/rviz_visual_tools/lib/rviz_visual_tools/rviz_visual_tools_demo
[0.794s] -- Up-to-date: /home/yuqingchi/Code/ws_moveit/install/rviz_visual_tools/lib/rviz_visual_tools/rviz_visual_tools_imarker_simple_demo
[0.794s] -- Up-to-date: /home/yuqingchi/Code/ws_moveit/install/rviz_visual_tools/include
[0.794s] -- Up-to-date: /home/yuqingchi/Code/ws_moveit/install/rviz_visual_tools/include/rviz_visual_tools
[0.794s] -- Up-to-date: /home/yuqingchi/Code/ws_moveit/install/rviz_visual_tools/include/rviz_visual_tools/remote_reciever.hpp
[0.794s] -- Up-to-date: /home/yuqingchi/Code/ws_moveit/install/rviz_visual_tools/include/rviz_visual_tools/rviz_visual_tools.hpp
[0.794s] -- Up-to-date: /home/yuqingchi/Code/ws_moveit/install/rviz_visual_tools/include/rviz_visual_tools/imarker_simple.hpp
[0.794s] -- Up-to-date: /home/yuqingchi/Code/ws_moveit/install/rviz_visual_tools/include/rviz_visual_tools/key_tool.hpp
[0.794s] -- Up-to-date: /home/yuqingchi/Code/ws_moveit/install/rviz_visual_tools/include/rviz_visual_tools/tf_visual_tools.hpp
[0.794s] -- Up-to-date: /home/yuqingchi/Code/ws_moveit/install/rviz_visual_tools/include/rviz_visual_tools/remote_control.hpp
[0.794s] -- Up-to-date: /home/yuqingchi/Code/ws_moveit/install/rviz_visual_tools/include/rviz_visual_tools/rviz_visual_tools_gui.hpp
[0.795s] -- Up-to-date: /home/yuqingchi/Code/ws_moveit/install/rviz_visual_tools/share/rviz_visual_tools/launch
[0.795s] -- Up-to-date: /home/yuqingchi/Code/ws_moveit/install/rviz_visual_tools/share/rviz_visual_tools/launch/demo.rviz
[0.795s] -- Up-to-date: /home/yuqingchi/Code/ws_moveit/install/rviz_visual_tools/share/rviz_visual_tools/launch/demo_combined.launch.py
[0.795s] -- Up-to-date: /home/yuqingchi/Code/ws_moveit/install/rviz_visual_tools/share/rviz_visual_tools/launch/rvt_test.launch
[0.795s] -- Up-to-date: /home/yuqingchi/Code/ws_moveit/install/rviz_visual_tools/share/rviz_visual_tools/launch/demo_rviz.launch.py
[0.795s] -- Up-to-date: /home/yuqingchi/Code/ws_moveit/install/rviz_visual_tools/share/rviz_visual_tools/environment/library_path.sh
[0.795s] -- Up-to-date: /home/yuqingchi/Code/ws_moveit/install/rviz_visual_tools/share/rviz_visual_tools/environment/library_path.dsv
[0.795s] -- Up-to-date: /home/yuqingchi/Code/ws_moveit/install/rviz_visual_tools/share/ament_index/resource_index/package_run_dependencies/rviz_visual_tools
[0.795s] -- Up-to-date: /home/yuqingchi/Code/ws_moveit/install/rviz_visual_tools/share/ament_index/resource_index/parent_prefix_path/rviz_visual_tools
[0.795s] -- Up-to-date: /home/yuqingchi/Code/ws_moveit/install/rviz_visual_tools/share/rviz_visual_tools/environment/ament_prefix_path.sh
[0.795s] -- Up-to-date: /home/yuqingchi/Code/ws_moveit/install/rviz_visual_tools/share/rviz_visual_tools/environment/ament_prefix_path.dsv
[0.795s] -- Up-to-date: /home/yuqingchi/Code/ws_moveit/install/rviz_visual_tools/share/rviz_visual_tools/environment/path.sh
[0.795s] -- Up-to-date: /home/yuqingchi/Code/ws_moveit/install/rviz_visual_tools/share/rviz_visual_tools/environment/path.dsv
[0.795s] -- Up-to-date: /home/yuqingchi/Code/ws_moveit/install/rviz_visual_tools/share/rviz_visual_tools/local_setup.bash
[0.796s] -- Up-to-date: /home/yuqingchi/Code/ws_moveit/install/rviz_visual_tools/share/rviz_visual_tools/local_setup.sh
[0.796s] -- Up-to-date: /home/yuqingchi/Code/ws_moveit/install/rviz_visual_tools/share/rviz_visual_tools/local_setup.zsh
[0.796s] -- Up-to-date: /home/yuqingchi/Code/ws_moveit/install/rviz_visual_tools/share/rviz_visual_tools/local_setup.dsv
[0.796s] -- Installing: /home/yuqingchi/Code/ws_moveit/install/rviz_visual_tools/share/rviz_visual_tools/package.dsv
[0.796s] -- Up-to-date: /home/yuqingchi/Code/ws_moveit/install/rviz_visual_tools/share/ament_index/resource_index/packages/rviz_visual_tools
[0.796s] -- Up-to-date: /home/yuqingchi/Code/ws_moveit/install/rviz_visual_tools/share/ament_index/resource_index/rviz_common__pluginlib__plugin/rviz_visual_tools
[0.796s] -- Up-to-date: /home/yuqingchi/Code/ws_moveit/install/rviz_visual_tools/share/rviz_visual_tools/cmake/export_rviz_visual_toolsExport.cmake
[0.796s] -- Up-to-date: /home/yuqingchi/Code/ws_moveit/install/rviz_visual_tools/share/rviz_visual_tools/cmake/export_rviz_visual_toolsExport-noconfig.cmake
[0.796s] -- Up-to-date: /home/yuqingchi/Code/ws_moveit/install/rviz_visual_tools/share/rviz_visual_tools/cmake/ament_cmake_export_targets-extras.cmake
[0.796s] -- Up-to-date: /home/yuqingchi/Code/ws_moveit/install/rviz_visual_tools/share/rviz_visual_tools/cmake/ament_cmake_export_dependencies-extras.cmake
[0.796s] -- Up-to-date: /home/yuqingchi/Code/ws_moveit/install/rviz_visual_tools/share/rviz_visual_tools/cmake/ament_cmake_export_include_directories-extras.cmake
[0.796s] -- Up-to-date: /home/yuqingchi/Code/ws_moveit/install/rviz_visual_tools/share/rviz_visual_tools/cmake/ament_cmake_export_libraries-extras.cmake
[0.796s] -- Up-to-date: /home/yuqingchi/Code/ws_moveit/install/rviz_visual_tools/share/rviz_visual_tools/cmake/rviz_visual_toolsConfig.cmake
[0.796s] -- Up-to-date: /home/yuqingchi/Code/ws_moveit/install/rviz_visual_tools/share/rviz_visual_tools/cmake/rviz_visual_toolsConfig-version.cmake
[0.797s] -- Up-to-date: /home/yuqingchi/Code/ws_moveit/install/rviz_visual_tools/share/rviz_visual_tools/package.xml
[0.828s] Invoked command in '/home/yuqingchi/Code/ws_moveit/build/rviz_visual_tools' returned '0': CMAKE_PREFIX_PATH=${CMAKE_PREFIX_PATH}:/home/yuqingchi/Code/ws_moveit/install/moveit_configs_utils:/opt/ros/jazzy DEBUGINFOD_URLS=https://debuginfod.ubuntu.com /usr/bin/cmake --install /home/yuqingchi/Code/ws_moveit/build/rviz_visual_tools
