[0.057s] Invoking command in '/home/yuqingchi/Code/ws_moveit/build/moveit_ros_visualization': AMENT_PREFIX_PATH=/home/yuqingchi/Code/ws_moveit/install/moveit_ros_planning_interface:/home/yuqingchi/Code/ws_moveit/install/moveit_ros_move_group:/home/yuqingchi/Code/ws_moveit/install/moveit_ros_warehouse:/home/yuqingchi/Code/ws_moveit/install/moveit_ros_robot_interaction:/home/yuqingchi/Code/ws_moveit/install/moveit_kinematics:/home/yuqingchi/Code/ws_moveit/install/moveit_ros_planning:/home/yuqingchi/Code/ws_moveit/install/moveit_simple_controller_manager:/home/yuqingchi/Code/ws_moveit/install/moveit_ros_occupancy_map_monitor:/home/yuqingchi/Code/ws_moveit/install/moveit_core:/home/yuqingchi/Code/ws_moveit/install/moveit_resources_panda_moveit_config:/home/yuqingchi/Code/ws_moveit/install/moveit_resources_fanuc_moveit_config:/home/yuqingchi/Code/ws_moveit/install/moveit_resources_pr2_description:/home/yuqingchi/Code/ws_moveit/install/moveit_resources_panda_description:/home/yuqingchi/Code/ws_moveit/install/moveit_resources_fanuc_description:/home/yuqingchi/Code/ws_moveit/install/moveit_msgs:/home/yuqingchi/Code/ws_moveit/install/moveit_configs_utils:/home/yuqingchi/Code/ws_moveit/install/moveit_common:${AMENT_PREFIX_PATH} CMAKE_PREFIX_PATH=/home/yuqingchi/Code/ws_moveit/install/moveit_ros_planning_interface:/home/yuqingchi/Code/ws_moveit/install/moveit_ros_move_group:/home/yuqingchi/Code/ws_moveit/install/moveit_ros_warehouse:/home/yuqingchi/Code/ws_moveit/install/moveit_ros_robot_interaction:/home/yuqingchi/Code/ws_moveit/install/moveit_kinematics:/home/yuqingchi/Code/ws_moveit/install/moveit_ros_planning:/home/yuqingchi/Code/ws_moveit/install/moveit_simple_controller_manager:/home/yuqingchi/Code/ws_moveit/install/moveit_ros_occupancy_map_monitor:/home/yuqingchi/Code/ws_moveit/install/moveit_core:/home/yuqingchi/Code/ws_moveit/install/moveit_resources_panda_moveit_config:/home/yuqingchi/Code/ws_moveit/install/moveit_resources_fanuc_moveit_config:/home/yuqingchi/Code/ws_moveit/install/moveit_resources_pr2_description:/home/yuqingchi/Code/ws_moveit/install/moveit_resources_panda_description:/home/yuqingchi/Code/ws_moveit/install/moveit_resources_fanuc_description:/home/yuqingchi/Code/ws_moveit/install/moveit_msgs:/home/yuqingchi/Code/ws_moveit/install/moveit_common:/opt/ros/jazzy/opt/gz_math_vendor:/opt/ros/jazzy/opt/gz_utils_vendor:/opt/ros/jazzy/opt/gz_cmake_vendor:/opt/ros/jazzy DEBUGINFOD_URLS=https://debuginfod.ubuntu.com LD_LIBRARY_PATH=/home/yuqingchi/Code/ws_moveit/install/moveit_ros_planning_interface/lib:/home/yuqingchi/Code/ws_moveit/install/moveit_ros_move_group/lib:/home/yuqingchi/Code/ws_moveit/install/moveit_ros_warehouse/lib:/home/yuqingchi/Code/ws_moveit/install/moveit_ros_robot_interaction/lib:/home/yuqingchi/Code/ws_moveit/install/moveit_kinematics/lib:/home/yuqingchi/Code/ws_moveit/install/moveit_ros_planning/lib:/home/yuqingchi/Code/ws_moveit/install/moveit_simple_controller_manager/lib:/home/yuqingchi/Code/ws_moveit/install/moveit_ros_occupancy_map_monitor/lib:/home/yuqingchi/Code/ws_moveit/install/moveit_core/lib:/home/yuqingchi/Code/ws_moveit/install/moveit_msgs/lib:${LD_LIBRARY_PATH} PATH=/home/yuqingchi/Code/ws_moveit/install/moveit_core/bin:${PATH} PYTHONPATH=/home/yuqingchi/Code/ws_moveit/install/moveit_msgs/lib/python3.12/site-packages:/home/yuqingchi/Code/ws_moveit/install/moveit_configs_utils/lib/python3.12/site-packages:${PYTHONPATH} /usr/bin/cmake /home/yuqingchi/Code/ws_moveit/src/moveit2/moveit_ros/visualization -DCMAKE_INSTALL_PREFIX=/home/yuqingchi/Code/ws_moveit/install/moveit_ros_visualization
[0.172s] -- The CXX compiler identification is GNU 13.3.0
[0.201s] -- Detecting CXX compiler ABI info
[0.366s] -- Detecting CXX compiler ABI info - done
[0.387s] -- Check for working CXX compiler: /usr/bin/c++ - skipped
[0.388s] -- Detecting CXX compile features
[0.388s] -- Detecting CXX compile features - done
[0.391s] -- Found moveit_common: 2.14.1 (/home/yuqingchi/Code/ws_moveit/install/moveit_common/share/moveit_common/cmake)
[0.396s] -- Found ament_cmake: 2.5.4 (/opt/ros/jazzy/share/ament_cmake/cmake)
[0.650s] -- Found Python3: /usr/bin/python3 (found version "3.12.3") found components: Interpreter 
[0.968s] [0mmoveit_ros_visualization: You did not request a specific build type: Choosing 'Release' for maximum performance[0m
[0.972s] -- Found class_loader: 2.7.0 (/opt/ros/jazzy/share/class_loader/cmake)
[1.025s] -- Found geometric_shapes: 2.3.2 (/opt/ros/jazzy/share/geometric_shapes/cmake)
[1.050s] -- Found Boost: /usr/lib/x86_64-linux-gnu/cmake/Boost-1.83.0/BoostConfig.cmake (found version "1.83.0") found components: filesystem 
[1.139s] -- Found rosidl_generator_c: 4.6.6 (/opt/ros/jazzy/share/rosidl_generator_c/cmake)
[1.159s] -- Found rosidl_generator_cpp: 4.6.6 (/opt/ros/jazzy/share/rosidl_generator_cpp/cmake)
[1.184s] -- Using all available rosidl_typesupport_c: rosidl_typesupport_fastrtps_c;rosidl_typesupport_introspection_c
[1.202s] -- Using all available rosidl_typesupport_cpp: rosidl_typesupport_fastrtps_cpp;rosidl_typesupport_introspection_cpp
[1.343s] -- Found rmw_implementation_cmake: 7.3.2 (/opt/ros/jazzy/share/rmw_implementation_cmake/cmake)
[1.348s] -- Found rmw_fastrtps_cpp: 8.4.3 (/opt/ros/jazzy/share/rmw_fastrtps_cpp/cmake)
[1.464s] -- Found OpenSSL: /usr/lib/x86_64-linux-gnu/libcrypto.so (found version "3.0.13")  
[1.501s] -- Found FastRTPS: /opt/ros/jazzy/include (Required is at least version "2.13") 
[1.549s] -- Using RMW implementation 'rmw_fastrtps_cpp' as default
[1.789s] -- Found interactive_markers: 2.5.4 (/opt/ros/jazzy/share/interactive_markers/cmake)
[1.801s] -- Found moveit_ros_planning: 2.14.1 (/home/yuqingchi/Code/ws_moveit/install/moveit_ros_planning/share/moveit_ros_planning/cmake)
[2.051s] -- Found Boost: /usr/lib/x86_64-linux-gnu/cmake/Boost-1.83.0/BoostConfig.cmake (found version "1.83.0") found components: system filesystem date_time program_options thread chrono 
[2.075s] -- Found parameter_traits: 0.5.0 (/opt/ros/jazzy/share/parameter_traits/cmake)
[2.103s] -- Found rclcpp_lifecycle: 28.1.11 (/opt/ros/jazzy/share/rclcpp_lifecycle/cmake)
[2.205s] -- Found Boost: /usr/lib/x86_64-linux-gnu/cmake/Boost-1.83.0/BoostConfig.cmake (found version "1.83.0") found components: chrono date_time filesystem iostreams program_options regex serialization system thread 
[2.280s] -- Found Eigen3: TRUE (found version "3.4.0") 
[2.280s] -- Ensuring Eigen3 include directory is part of orocos-kdl CMake target
[2.715s] -- Found moveit_ros_planning_interface: 2.14.1 (/home/yuqingchi/Code/ws_moveit/install/moveit_ros_planning_interface/share/moveit_ros_planning_interface/cmake)
[2.720s] -- Found Boost: /usr/lib/x86_64-linux-gnu/cmake/Boost-1.83.0/BoostConfig.cmake (found version "1.83.0") found components: date_time filesystem program_options system thread 
[2.738s] -- Found Boost: /usr/lib/x86_64-linux-gnu/cmake/Boost-1.83.0/BoostConfig.cmake (found version "1.83.0") found components: thread system filesystem regex date_time program_options 
[2.769s] -- Found Boost: /usr/lib/x86_64-linux-gnu/cmake/Boost-1.83.0/BoostConfig.cmake (found version "1.83.0") found components: system filesystem date_time program_options thread 
[2.815s] -- Found moveit_ros_robot_interaction: 2.14.1 (/home/yuqingchi/Code/ws_moveit/install/moveit_ros_robot_interaction/share/moveit_ros_robot_interaction/cmake)
[2.827s] -- Found rclpy: 7.1.5 (/opt/ros/jazzy/share/rclpy/cmake)
[2.836s] -- Found rviz2: 14.1.13 (/opt/ros/jazzy/share/rviz2/cmake)
[2.840s] -- Found rviz_common: 14.1.13 (/opt/ros/jazzy/share/rviz_common/cmake)
[2.858s] -- Setting OGRE_DIR to: '/opt/ros/jazzy/share/rviz_ogre_vendor/cmake/../../../opt/rviz_ogre_vendor/lib/OGRE/cmake'
[2.859s] -- Found OGRE
[2.859s] --   static     : OFF
[2.859s] --   components : MeshLodGenerator;Overlay;Paging;Property;RTShaderSystem;Terrain;Volume
[2.860s] --   plugins    : Plugin_BSPSceneManager;Plugin_OctreeSceneManager;Plugin_PCZSceneManager;Plugin_ParticleFX;RenderSystem_GL;RenderSystem_GL3Plus;Codec_STBI
[2.860s] --   media      : /opt/ros/jazzy/opt/rviz_ogre_vendor/share/OGRE/Media
[2.860s] -- OGRE_LIBRARIES: OgreMeshLodGenerator;OgreOverlay;OgrePaging;OgreProperty;OgreRTShaderSystem;OgreTerrain;OgreVolume;OgreMain
[2.860s] -- OGRE_LIBRARY_DIRS: /opt/ros/jazzy/opt/rviz_ogre_vendor/lib
[2.860s] -- OGRE_PLUGINS: Plugin_BSPSceneManager;Plugin_OctreeSceneManager;Plugin_PCZSceneManager;Plugin_ParticleFX;RenderSystem_GL;RenderSystem_GL3Plus;Codec_STBI
[2.860s] -- OGRE_PLUGIN_DIR: /opt/ros/jazzy/opt/rviz_ogre_vendor/lib/OGRE
[2.860s] -- rviz_ogre_vendor::OgreOverlay for IMPORTED_LOCATION_RELEASE: /opt/ros/jazzy/opt/rviz_ogre_vendor/lib/libOgreOverlay.so
[2.860s] -- rviz_ogre_vendor::OgreOverlay for IMPORTED_LOCATION_DEBUG: /opt/ros/jazzy/opt/rviz_ogre_vendor/lib/libOgreOverlay.so
[2.860s] -- rviz_ogre_vendor::OgreMain for IMPORTED_LOCATION_RELEASE: /opt/ros/jazzy/opt/rviz_ogre_vendor/lib/libOgreMain.so
[2.861s] -- rviz_ogre_vendor::OgreMain for IMPORTED_LOCATION_DEBUG: /opt/ros/jazzy/opt/rviz_ogre_vendor/lib/libOgreMain.so
[2.893s] -- Found ZLIB: /usr/lib/x86_64-linux-gnu/libz.so (found version "1.3")  
[2.904s] -- Found OpenGL: /usr/lib/x86_64-linux-gnu/libOpenGL.so   
[3.111s] -- Found X11: /usr/include   
[3.111s] -- Looking for XOpenDisplay in /usr/lib/x86_64-linux-gnu/libX11.so;/usr/lib/x86_64-linux-gnu/libXext.so
[3.326s] -- Looking for XOpenDisplay in /usr/lib/x86_64-linux-gnu/libX11.so;/usr/lib/x86_64-linux-gnu/libXext.so - found
[3.326s] -- Looking for gethostbyname
[3.539s] -- Looking for gethostbyname - found
[3.539s] -- Looking for connect
[3.767s] -- Looking for connect - found
[3.767s] -- Looking for remove
[3.974s] -- Looking for remove - found
[3.974s] -- Looking for shmat
[4.177s] -- Looking for shmat - found
[4.178s] -- Looking for IceConnectionNumber in ICE
[4.385s] -- Looking for IceConnectionNumber in ICE - found
[4.421s] -- Setting yaml-cpp_DIR to: '/opt/ros/jazzy/share/yaml_cpp_vendor/cmake/../../../opt/yaml_cpp_vendor/share/cmake/yaml-cpp'
[4.437s] -- Found rviz_default_plugins: 14.1.13 (/opt/ros/jazzy/share/rviz_default_plugins/cmake)
[4.624s] -- Found Boost: /usr/lib/x86_64-linux-gnu/cmake/Boost-1.83.0/BoostConfig.cmake (found version "1.83.0") found components: thread date_time system filesystem 
[4.652s] -- Performing Test COMPILER_HAS_HIDDEN_VISIBILITY
[4.870s] -- Performing Test COMPILER_HAS_HIDDEN_VISIBILITY - Success
[4.872s] -- Performing Test COMPILER_HAS_HIDDEN_INLINE_VISIBILITY
[5.098s] -- Performing Test COMPILER_HAS_HIDDEN_INLINE_VISIBILITY - Success
[5.098s] -- Performing Test COMPILER_HAS_DEPRECATED_ATTR
[5.304s] -- Performing Test COMPILER_HAS_DEPRECATED_ATTR - Success
[5.356s] -- Configuring done (5.3s)
[5.734s] -- Generating done (0.2s)
[5.774s] -- Build files have been written to: /home/yuqingchi/Code/ws_moveit/build/moveit_ros_visualization
[5.806s] Invoked command in '/home/yuqingchi/Code/ws_moveit/build/moveit_ros_visualization' returned '0': AMENT_PREFIX_PATH=/home/yuqingchi/Code/ws_moveit/install/moveit_ros_planning_interface:/home/yuqingchi/Code/ws_moveit/install/moveit_ros_move_group:/home/yuqingchi/Code/ws_moveit/install/moveit_ros_warehouse:/home/yuqingchi/Code/ws_moveit/install/moveit_ros_robot_interaction:/home/yuqingchi/Code/ws_moveit/install/moveit_kinematics:/home/yuqingchi/Code/ws_moveit/install/moveit_ros_planning:/home/yuqingchi/Code/ws_moveit/install/moveit_simple_controller_manager:/home/yuqingchi/Code/ws_moveit/install/moveit_ros_occupancy_map_monitor:/home/yuqingchi/Code/ws_moveit/install/moveit_core:/home/yuqingchi/Code/ws_moveit/install/moveit_resources_panda_moveit_config:/home/yuqingchi/Code/ws_moveit/install/moveit_resources_fanuc_moveit_config:/home/yuqingchi/Code/ws_moveit/install/moveit_resources_pr2_description:/home/yuqingchi/Code/ws_moveit/install/moveit_resources_panda_description:/home/yuqingchi/Code/ws_moveit/install/moveit_resources_fanuc_description:/home/yuqingchi/Code/ws_moveit/install/moveit_msgs:/home/yuqingchi/Code/ws_moveit/install/moveit_configs_utils:/home/yuqingchi/Code/ws_moveit/install/moveit_common:${AMENT_PREFIX_PATH} CMAKE_PREFIX_PATH=/home/yuqingchi/Code/ws_moveit/install/moveit_ros_planning_interface:/home/yuqingchi/Code/ws_moveit/install/moveit_ros_move_group:/home/yuqingchi/Code/ws_moveit/install/moveit_ros_warehouse:/home/yuqingchi/Code/ws_moveit/install/moveit_ros_robot_interaction:/home/yuqingchi/Code/ws_moveit/install/moveit_kinematics:/home/yuqingchi/Code/ws_moveit/install/moveit_ros_planning:/home/yuqingchi/Code/ws_moveit/install/moveit_simple_controller_manager:/home/yuqingchi/Code/ws_moveit/install/moveit_ros_occupancy_map_monitor:/home/yuqingchi/Code/ws_moveit/install/moveit_core:/home/yuqingchi/Code/ws_moveit/install/moveit_resources_panda_moveit_config:/home/yuqingchi/Code/ws_moveit/install/moveit_resources_fanuc_moveit_config:/home/yuqingchi/Code/ws_moveit/install/moveit_resources_pr2_description:/home/yuqingchi/Code/ws_moveit/install/moveit_resources_panda_description:/home/yuqingchi/Code/ws_moveit/install/moveit_resources_fanuc_description:/home/yuqingchi/Code/ws_moveit/install/moveit_msgs:/home/yuqingchi/Code/ws_moveit/install/moveit_common:/opt/ros/jazzy/opt/gz_math_vendor:/opt/ros/jazzy/opt/gz_utils_vendor:/opt/ros/jazzy/opt/gz_cmake_vendor:/opt/ros/jazzy DEBUGINFOD_URLS=https://debuginfod.ubuntu.com LD_LIBRARY_PATH=/home/yuqingchi/Code/ws_moveit/install/moveit_ros_planning_interface/lib:/home/yuqingchi/Code/ws_moveit/install/moveit_ros_move_group/lib:/home/yuqingchi/Code/ws_moveit/install/moveit_ros_warehouse/lib:/home/yuqingchi/Code/ws_moveit/install/moveit_ros_robot_interaction/lib:/home/yuqingchi/Code/ws_moveit/install/moveit_kinematics/lib:/home/yuqingchi/Code/ws_moveit/install/moveit_ros_planning/lib:/home/yuqingchi/Code/ws_moveit/install/moveit_simple_controller_manager/lib:/home/yuqingchi/Code/ws_moveit/install/moveit_ros_occupancy_map_monitor/lib:/home/yuqingchi/Code/ws_moveit/install/moveit_core/lib:/home/yuqingchi/Code/ws_moveit/install/moveit_msgs/lib:${LD_LIBRARY_PATH} PATH=/home/yuqingchi/Code/ws_moveit/install/moveit_core/bin:${PATH} PYTHONPATH=/home/yuqingchi/Code/ws_moveit/install/moveit_msgs/lib/python3.12/site-packages:/home/yuqingchi/Code/ws_moveit/install/moveit_configs_utils/lib/python3.12/site-packages:${PYTHONPATH} /usr/bin/cmake /home/yuqingchi/Code/ws_moveit/src/moveit2/moveit_ros/visualization -DCMAKE_INSTALL_PREFIX=/home/yuqingchi/Code/ws_moveit/install/moveit_ros_visualization
[5.809s] Invoking command in '/home/yuqingchi/Code/ws_moveit/build/moveit_ros_visualization': AMENT_PREFIX_PATH=/home/yuqingchi/Code/ws_moveit/install/moveit_ros_planning_interface:/home/yuqingchi/Code/ws_moveit/install/moveit_ros_move_group:/home/yuqingchi/Code/ws_moveit/install/moveit_ros_warehouse:/home/yuqingchi/Code/ws_moveit/install/moveit_ros_robot_interaction:/home/yuqingchi/Code/ws_moveit/install/moveit_kinematics:/home/yuqingchi/Code/ws_moveit/install/moveit_ros_planning:/home/yuqingchi/Code/ws_moveit/install/moveit_simple_controller_manager:/home/yuqingchi/Code/ws_moveit/install/moveit_ros_occupancy_map_monitor:/home/yuqingchi/Code/ws_moveit/install/moveit_core:/home/yuqingchi/Code/ws_moveit/install/moveit_resources_panda_moveit_config:/home/yuqingchi/Code/ws_moveit/install/moveit_resources_fanuc_moveit_config:/home/yuqingchi/Code/ws_moveit/install/moveit_resources_pr2_description:/home/yuqingchi/Code/ws_moveit/install/moveit_resources_panda_description:/home/yuqingchi/Code/ws_moveit/install/moveit_resources_fanuc_description:/home/yuqingchi/Code/ws_moveit/install/moveit_msgs:/home/yuqingchi/Code/ws_moveit/install/moveit_configs_utils:/home/yuqingchi/Code/ws_moveit/install/moveit_common:${AMENT_PREFIX_PATH} CMAKE_PREFIX_PATH=/home/yuqingchi/Code/ws_moveit/install/moveit_ros_planning_interface:/home/yuqingchi/Code/ws_moveit/install/moveit_ros_move_group:/home/yuqingchi/Code/ws_moveit/install/moveit_ros_warehouse:/home/yuqingchi/Code/ws_moveit/install/moveit_ros_robot_interaction:/home/yuqingchi/Code/ws_moveit/install/moveit_kinematics:/home/yuqingchi/Code/ws_moveit/install/moveit_ros_planning:/home/yuqingchi/Code/ws_moveit/install/moveit_simple_controller_manager:/home/yuqingchi/Code/ws_moveit/install/moveit_ros_occupancy_map_monitor:/home/yuqingchi/Code/ws_moveit/install/moveit_core:/home/yuqingchi/Code/ws_moveit/install/moveit_resources_panda_moveit_config:/home/yuqingchi/Code/ws_moveit/install/moveit_resources_fanuc_moveit_config:/home/yuqingchi/Code/ws_moveit/install/moveit_resources_pr2_description:/home/yuqingchi/Code/ws_moveit/install/moveit_resources_panda_description:/home/yuqingchi/Code/ws_moveit/install/moveit_resources_fanuc_description:/home/yuqingchi/Code/ws_moveit/install/moveit_msgs:/home/yuqingchi/Code/ws_moveit/install/moveit_common:/opt/ros/jazzy/opt/gz_math_vendor:/opt/ros/jazzy/opt/gz_utils_vendor:/opt/ros/jazzy/opt/gz_cmake_vendor:/opt/ros/jazzy DEBUGINFOD_URLS=https://debuginfod.ubuntu.com LD_LIBRARY_PATH=/home/yuqingchi/Code/ws_moveit/install/moveit_ros_planning_interface/lib:/home/yuqingchi/Code/ws_moveit/install/moveit_ros_move_group/lib:/home/yuqingchi/Code/ws_moveit/install/moveit_ros_warehouse/lib:/home/yuqingchi/Code/ws_moveit/install/moveit_ros_robot_interaction/lib:/home/yuqingchi/Code/ws_moveit/install/moveit_kinematics/lib:/home/yuqingchi/Code/ws_moveit/install/moveit_ros_planning/lib:/home/yuqingchi/Code/ws_moveit/install/moveit_simple_controller_manager/lib:/home/yuqingchi/Code/ws_moveit/install/moveit_ros_occupancy_map_monitor/lib:/home/yuqingchi/Code/ws_moveit/install/moveit_core/lib:/home/yuqingchi/Code/ws_moveit/install/moveit_msgs/lib:${LD_LIBRARY_PATH} PATH=/home/yuqingchi/Code/ws_moveit/install/moveit_core/bin:${PATH} PYTHONPATH=/home/yuqingchi/Code/ws_moveit/install/moveit_msgs/lib/python3.12/site-packages:/home/yuqingchi/Code/ws_moveit/install/moveit_configs_utils/lib/python3.12/site-packages:${PYTHONPATH} /usr/bin/cmake --build /home/yuqingchi/Code/ws_moveit/build/moveit_ros_visualization -- -j16 -l16
[5.920s] [  0%] Built target moveit_rviz_plugin_render_tools_autogen_timestamp_deps
[5.959s] [  1%] [34m[1mAutomatic MOC for target moveit_rviz_plugin_render_tools[0m
[6.540s] [  1%] Built target moveit_rviz_plugin_render_tools_autogen
[6.583s] [  5%] [32mBuilding CXX object rviz_plugin_render_tools/CMakeFiles/moveit_rviz_plugin_render_tools.dir/src/planning_link_updater.cpp.o[0m
[6.583s] [  5%] [32mBuilding CXX object rviz_plugin_render_tools/CMakeFiles/moveit_rviz_plugin_render_tools.dir/src/planning_scene_render.cpp.o[0m
[6.584s] [  6%] [32mBuilding CXX object rviz_plugin_render_tools/CMakeFiles/moveit_rviz_plugin_render_tools.dir/src/mesh_shape.cpp.o[0m
[6.586s] [ 12%] [32mBuilding CXX object rviz_plugin_render_tools/CMakeFiles/moveit_rviz_plugin_render_tools.dir/moveit_rviz_plugin_render_tools_autogen/mocs_compilation.cpp.o[0m
[6.586s] [ 12%] [32mBuilding CXX object rviz_plugin_render_tools/CMakeFiles/moveit_rviz_plugin_render_tools.dir/src/render_shapes.cpp.o[0m
[6.586s] [ 12%] [32mBuilding CXX object rviz_plugin_render_tools/CMakeFiles/moveit_rviz_plugin_render_tools.dir/src/robot_state_visualization.cpp.o[0m
[6.586s] [ 15%] [32mBuilding CXX object rviz_plugin_render_tools/CMakeFiles/moveit_rviz_plugin_render_tools.dir/src/octomap_render.cpp.o[0m
[6.586s] [ 15%] [32mBuilding CXX object rviz_plugin_render_tools/CMakeFiles/moveit_rviz_plugin_render_tools.dir/src/trajectory_visualization.cpp.o[0m
[6.587s] [ 17%] [32mBuilding CXX object rviz_plugin_render_tools/CMakeFiles/moveit_rviz_plugin_render_tools.dir/src/trajectory_panel.cpp.o[0m
[27.102s] [ 18%] [32m[1mLinking CXX shared library libmoveit_rviz_plugin_render_tools.so[0m
[30.122s] [ 18%] Built target moveit_rviz_plugin_render_tools
[30.159s] [ 18%] Built target moveit_robot_state_rviz_plugin_core_autogen_timestamp_deps
[30.159s] [ 18%] Built target moveit_planning_scene_rviz_plugin_core_autogen_timestamp_deps
[30.202s] [ 22%] [34m[1mAutomatic MOC for target moveit_robot_state_rviz_plugin_core[0m
[30.202s] [ 22%] [34m[1mAutomatic MOC for target moveit_planning_scene_rviz_plugin_core[0m
[30.562s] [ 22%] Built target moveit_robot_state_rviz_plugin_core_autogen
[30.607s] [ 25%] [32mBuilding CXX object robot_state_rviz_plugin/CMakeFiles/moveit_robot_state_rviz_plugin_core.dir/src/robot_state_display.cpp.o[0m
[30.607s] [ 25%] [32mBuilding CXX object robot_state_rviz_plugin/CMakeFiles/moveit_robot_state_rviz_plugin_core.dir/moveit_robot_state_rviz_plugin_core_autogen/mocs_compilation.cpp.o[0m
[30.730s] [ 25%] Built target moveit_planning_scene_rviz_plugin_core_autogen
[30.768s] [ 31%] [32mBuilding CXX object planning_scene_rviz_plugin/CMakeFiles/moveit_planning_scene_rviz_plugin_core.dir/moveit_planning_scene_rviz_plugin_core_autogen/mocs_compilation.cpp.o[0m
[30.768s] [ 31%] [32mBuilding CXX object planning_scene_rviz_plugin/CMakeFiles/moveit_planning_scene_rviz_plugin_core.dir/src/planning_scene_display.cpp.o[0m
[30.768s] [ 31%] [32mBuilding CXX object planning_scene_rviz_plugin/CMakeFiles/moveit_planning_scene_rviz_plugin_core.dir/src/background_processing.cpp.o[0m
[45.192s] [ 32%] [32m[1mLinking CXX shared library libmoveit_planning_scene_rviz_plugin_core.so[0m
[48.033s] [ 32%] Built target moveit_planning_scene_rviz_plugin_core
[48.075s] [ 32%] Built target moveit_planning_scene_rviz_plugin_autogen_timestamp_deps
[48.075s] [ 32%] Built target moveit_trajectory_rviz_plugin_core_autogen_timestamp_deps
[48.114s] [ 34%] [34m[1mAutomatic MOC for target moveit_trajectory_rviz_plugin_core[0m
[48.115s] [ 36%] [34m[1mAutomatic MOC for target moveit_planning_scene_rviz_plugin[0m
[48.196s] [ 36%] Built target moveit_planning_scene_rviz_plugin_autogen
[48.240s] [ 37%] [32mBuilding CXX object planning_scene_rviz_plugin/CMakeFiles/moveit_planning_scene_rviz_plugin.dir/src/plugin_init.cpp.o[0m
[48.243s] [ 39%] [32mBuilding CXX object planning_scene_rviz_plugin/CMakeFiles/moveit_planning_scene_rviz_plugin.dir/moveit_planning_scene_rviz_plugin_autogen/mocs_compilation.cpp.o[0m
[48.663s] [ 39%] Built target moveit_trajectory_rviz_plugin_core_autogen
[48.707s] [ 41%] [32mBuilding CXX object trajectory_rviz_plugin/CMakeFiles/moveit_trajectory_rviz_plugin_core.dir/moveit_trajectory_rviz_plugin_core_autogen/mocs_compilation.cpp.o[0m
[48.707s] [ 43%] [32mBuilding CXX object trajectory_rviz_plugin/CMakeFiles/moveit_trajectory_rviz_plugin_core.dir/src/trajectory_display.cpp.o[0m
[50.151s] [ 44%] [32m[1mLinking CXX shared library libmoveit_robot_state_rviz_plugin_core.so[0m
[53.308s] [ 44%] Built target moveit_robot_state_rviz_plugin_core
[53.353s] [ 44%] Built target moveit_robot_state_rviz_plugin_autogen_timestamp_deps
[53.401s] [ 46%] [34m[1mAutomatic MOC for target moveit_robot_state_rviz_plugin[0m
[53.485s] [ 46%] Built target moveit_robot_state_rviz_plugin_autogen
[53.533s] [ 50%] [32mBuilding CXX object robot_state_rviz_plugin/CMakeFiles/moveit_robot_state_rviz_plugin.dir/src/plugin_init.cpp.o[0m
[53.534s] [ 50%] [32mBuilding CXX object robot_state_rviz_plugin/CMakeFiles/moveit_robot_state_rviz_plugin.dir/moveit_robot_state_rviz_plugin_autogen/mocs_compilation.cpp.o[0m
[60.409s] [ 51%] [32m[1mLinking CXX shared library libmoveit_trajectory_rviz_plugin_core.so[0m
[61.517s] [ 51%] Built target moveit_trajectory_rviz_plugin_core
[61.564s] [ 51%] Built target moveit_trajectory_rviz_plugin_autogen_timestamp_deps
[61.607s] [ 53%] [34m[1mAutomatic MOC for target moveit_trajectory_rviz_plugin[0m
[61.695s] [ 53%] Built target moveit_trajectory_rviz_plugin_autogen
[61.748s] [ 56%] [32mBuilding CXX object trajectory_rviz_plugin/CMakeFiles/moveit_trajectory_rviz_plugin.dir/moveit_trajectory_rviz_plugin_autogen/mocs_compilation.cpp.o[0m
[61.748s] [ 56%] [32mBuilding CXX object trajectory_rviz_plugin/CMakeFiles/moveit_trajectory_rviz_plugin.dir/src/plugin_init.cpp.o[0m
[62.068s] [ 58%] [32m[1mLinking CXX shared library libmoveit_planning_scene_rviz_plugin.so[0m
[63.059s] [ 58%] Built target moveit_planning_scene_rviz_plugin
[63.101s] [ 58%] Built target moveit_motion_planning_rviz_plugin_core_autogen_timestamp_deps
[63.140s] [ 60%] [34m[1mAutomatic MOC for target moveit_motion_planning_rviz_plugin_core[0m
[64.014s] [ 60%] Built target moveit_motion_planning_rviz_plugin_core_autogen
[64.037s] [ 65%] [34m[1mGenerating ui_motion_planning_rviz_plugin_frame_joints.h[0m
[64.037s] [ 65%] [34m[1mGenerating ui_motion_planning_rviz_plugin_frame.h[0m
[64.038s] [ 65%] [34m[1mAutomatic RCC for src/icons/icons.qrc[0m
[64.110s] [ 67%] [32mBuilding CXX object motion_planning_rviz_plugin/CMakeFiles/moveit_motion_planning_rviz_plugin_core.dir/src/motion_planning_frame_states.cpp.o[0m
[64.111s] [ 74%] [32mBuilding CXX object motion_planning_rviz_plugin/CMakeFiles/moveit_motion_planning_rviz_plugin_core.dir/src/motion_planning_frame_context.cpp.o[0m
[64.111s] [ 74%] [32mBuilding CXX object motion_planning_rviz_plugin/CMakeFiles/moveit_motion_planning_rviz_plugin_core.dir/src/interactive_marker_display.cpp.o[0m
[64.111s] [ 74%] [32mBuilding CXX object motion_planning_rviz_plugin/CMakeFiles/moveit_motion_planning_rviz_plugin_core.dir/src/motion_planning_frame_planning.cpp.o[0m
[64.112s] [ 77%] [32mBuilding CXX object motion_planning_rviz_plugin/CMakeFiles/moveit_motion_planning_rviz_plugin_core.dir/src/motion_planning_frame.cpp.o[0m
[64.112s] [ 77%] [32mBuilding CXX object motion_planning_rviz_plugin/CMakeFiles/moveit_motion_planning_rviz_plugin_core.dir/src/motion_planning_frame_objects.cpp.o[0m
[64.113s] [ 77%] [32mBuilding CXX object motion_planning_rviz_plugin/CMakeFiles/moveit_motion_planning_rviz_plugin_core.dir/moveit_motion_planning_rviz_plugin_core_autogen/mocs_compilation.cpp.o[0m
[64.114s] [ 79%] [32mBuilding CXX object motion_planning_rviz_plugin/CMakeFiles/moveit_motion_planning_rviz_plugin_core.dir/moveit_motion_planning_rviz_plugin_core_autogen/2OST2OT5Q2/qrc_icons.cpp.o[0m
[64.114s] [ 81%] [32mBuilding CXX object motion_planning_rviz_plugin/CMakeFiles/moveit_motion_planning_rviz_plugin_core.dir/src/motion_planning_frame_joints_widget.cpp.o[0m
[64.114s] [ 82%] [32mBuilding CXX object motion_planning_rviz_plugin/CMakeFiles/moveit_motion_planning_rviz_plugin_core.dir/src/motion_planning_frame_scenes.cpp.o[0m
[64.115s] [ 84%] [32mBuilding CXX object motion_planning_rviz_plugin/CMakeFiles/moveit_motion_planning_rviz_plugin_core.dir/src/motion_planning_param_widget.cpp.o[0m
[64.115s] [ 86%] [32mBuilding CXX object motion_planning_rviz_plugin/CMakeFiles/moveit_motion_planning_rviz_plugin_core.dir/src/motion_planning_display.cpp.o[0m
[64.125s] [ 87%] [32mBuilding CXX object motion_planning_rviz_plugin/CMakeFiles/moveit_motion_planning_rviz_plugin_core.dir/src/motion_planning_frame_manipulation.cpp.o[0m
[64.373s] [ 89%] [32m[1mLinking CXX shared library libmoveit_robot_state_rviz_plugin.so[0m
[65.886s] [ 89%] Built target moveit_robot_state_rviz_plugin
[73.265s] [ 91%] [32m[1mLinking CXX shared library libmoveit_trajectory_rviz_plugin.so[0m
[74.738s] [ 91%] Built target moveit_trajectory_rviz_plugin
[105.965s] [ 93%] [32m[1mLinking CXX shared library libmoveit_motion_planning_rviz_plugin_core.so[0m
[110.789s] [ 93%] Built target moveit_motion_planning_rviz_plugin_core
[110.826s] [ 93%] Built target moveit_motion_planning_rviz_plugin_autogen_timestamp_deps
[110.865s] [ 94%] [34m[1mAutomatic MOC for target moveit_motion_planning_rviz_plugin[0m
[110.942s] [ 94%] Built target moveit_motion_planning_rviz_plugin_autogen
[110.980s] [ 98%] [32mBuilding CXX object motion_planning_rviz_plugin/CMakeFiles/moveit_motion_planning_rviz_plugin.dir/moveit_motion_planning_rviz_plugin_autogen/mocs_compilation.cpp.o[0m
[110.981s] [ 98%] [32mBuilding CXX object motion_planning_rviz_plugin/CMakeFiles/moveit_motion_planning_rviz_plugin.dir/src/plugin_init.cpp.o[0m
[125.114s] [100%] [32m[1mLinking CXX shared library libmoveit_motion_planning_rviz_plugin.so[0m
[126.272s] [100%] Built target moveit_motion_planning_rviz_plugin
[126.293s] Invoked command in '/home/yuqingchi/Code/ws_moveit/build/moveit_ros_visualization' returned '0': AMENT_PREFIX_PATH=/home/yuqingchi/Code/ws_moveit/install/moveit_ros_planning_interface:/home/yuqingchi/Code/ws_moveit/install/moveit_ros_move_group:/home/yuqingchi/Code/ws_moveit/install/moveit_ros_warehouse:/home/yuqingchi/Code/ws_moveit/install/moveit_ros_robot_interaction:/home/yuqingchi/Code/ws_moveit/install/moveit_kinematics:/home/yuqingchi/Code/ws_moveit/install/moveit_ros_planning:/home/yuqingchi/Code/ws_moveit/install/moveit_simple_controller_manager:/home/yuqingchi/Code/ws_moveit/install/moveit_ros_occupancy_map_monitor:/home/yuqingchi/Code/ws_moveit/install/moveit_core:/home/yuqingchi/Code/ws_moveit/install/moveit_resources_panda_moveit_config:/home/yuqingchi/Code/ws_moveit/install/moveit_resources_fanuc_moveit_config:/home/yuqingchi/Code/ws_moveit/install/moveit_resources_pr2_description:/home/yuqingchi/Code/ws_moveit/install/moveit_resources_panda_description:/home/yuqingchi/Code/ws_moveit/install/moveit_resources_fanuc_description:/home/yuqingchi/Code/ws_moveit/install/moveit_msgs:/home/yuqingchi/Code/ws_moveit/install/moveit_configs_utils:/home/yuqingchi/Code/ws_moveit/install/moveit_common:${AMENT_PREFIX_PATH} CMAKE_PREFIX_PATH=/home/yuqingchi/Code/ws_moveit/install/moveit_ros_planning_interface:/home/yuqingchi/Code/ws_moveit/install/moveit_ros_move_group:/home/yuqingchi/Code/ws_moveit/install/moveit_ros_warehouse:/home/yuqingchi/Code/ws_moveit/install/moveit_ros_robot_interaction:/home/yuqingchi/Code/ws_moveit/install/moveit_kinematics:/home/yuqingchi/Code/ws_moveit/install/moveit_ros_planning:/home/yuqingchi/Code/ws_moveit/install/moveit_simple_controller_manager:/home/yuqingchi/Code/ws_moveit/install/moveit_ros_occupancy_map_monitor:/home/yuqingchi/Code/ws_moveit/install/moveit_core:/home/yuqingchi/Code/ws_moveit/install/moveit_resources_panda_moveit_config:/home/yuqingchi/Code/ws_moveit/install/moveit_resources_fanuc_moveit_config:/home/yuqingchi/Code/ws_moveit/install/moveit_resources_pr2_description:/home/yuqingchi/Code/ws_moveit/install/moveit_resources_panda_description:/home/yuqingchi/Code/ws_moveit/install/moveit_resources_fanuc_description:/home/yuqingchi/Code/ws_moveit/install/moveit_msgs:/home/yuqingchi/Code/ws_moveit/install/moveit_common:/opt/ros/jazzy/opt/gz_math_vendor:/opt/ros/jazzy/opt/gz_utils_vendor:/opt/ros/jazzy/opt/gz_cmake_vendor:/opt/ros/jazzy DEBUGINFOD_URLS=https://debuginfod.ubuntu.com LD_LIBRARY_PATH=/home/yuqingchi/Code/ws_moveit/install/moveit_ros_planning_interface/lib:/home/yuqingchi/Code/ws_moveit/install/moveit_ros_move_group/lib:/home/yuqingchi/Code/ws_moveit/install/moveit_ros_warehouse/lib:/home/yuqingchi/Code/ws_moveit/install/moveit_ros_robot_interaction/lib:/home/yuqingchi/Code/ws_moveit/install/moveit_kinematics/lib:/home/yuqingchi/Code/ws_moveit/install/moveit_ros_planning/lib:/home/yuqingchi/Code/ws_moveit/install/moveit_simple_controller_manager/lib:/home/yuqingchi/Code/ws_moveit/install/moveit_ros_occupancy_map_monitor/lib:/home/yuqingchi/Code/ws_moveit/install/moveit_core/lib:/home/yuqingchi/Code/ws_moveit/install/moveit_msgs/lib:${LD_LIBRARY_PATH} PATH=/home/yuqingchi/Code/ws_moveit/install/moveit_core/bin:${PATH} PYTHONPATH=/home/yuqingchi/Code/ws_moveit/install/moveit_msgs/lib/python3.12/site-packages:/home/yuqingchi/Code/ws_moveit/install/moveit_configs_utils/lib/python3.12/site-packages:${PYTHONPATH} /usr/bin/cmake --build /home/yuqingchi/Code/ws_moveit/build/moveit_ros_visualization -- -j16 -l16
[126.296s] Invoking command in '/home/yuqingchi/Code/ws_moveit/build/moveit_ros_visualization': AMENT_PREFIX_PATH=/home/yuqingchi/Code/ws_moveit/install/moveit_ros_planning_interface:/home/yuqingchi/Code/ws_moveit/install/moveit_ros_move_group:/home/yuqingchi/Code/ws_moveit/install/moveit_ros_warehouse:/home/yuqingchi/Code/ws_moveit/install/moveit_ros_robot_interaction:/home/yuqingchi/Code/ws_moveit/install/moveit_kinematics:/home/yuqingchi/Code/ws_moveit/install/moveit_ros_planning:/home/yuqingchi/Code/ws_moveit/install/moveit_simple_controller_manager:/home/yuqingchi/Code/ws_moveit/install/moveit_ros_occupancy_map_monitor:/home/yuqingchi/Code/ws_moveit/install/moveit_core:/home/yuqingchi/Code/ws_moveit/install/moveit_resources_panda_moveit_config:/home/yuqingchi/Code/ws_moveit/install/moveit_resources_fanuc_moveit_config:/home/yuqingchi/Code/ws_moveit/install/moveit_resources_pr2_description:/home/yuqingchi/Code/ws_moveit/install/moveit_resources_panda_description:/home/yuqingchi/Code/ws_moveit/install/moveit_resources_fanuc_description:/home/yuqingchi/Code/ws_moveit/install/moveit_msgs:/home/yuqingchi/Code/ws_moveit/install/moveit_configs_utils:/home/yuqingchi/Code/ws_moveit/install/moveit_common:${AMENT_PREFIX_PATH} CMAKE_PREFIX_PATH=/home/yuqingchi/Code/ws_moveit/install/moveit_ros_planning_interface:/home/yuqingchi/Code/ws_moveit/install/moveit_ros_move_group:/home/yuqingchi/Code/ws_moveit/install/moveit_ros_warehouse:/home/yuqingchi/Code/ws_moveit/install/moveit_ros_robot_interaction:/home/yuqingchi/Code/ws_moveit/install/moveit_kinematics:/home/yuqingchi/Code/ws_moveit/install/moveit_ros_planning:/home/yuqingchi/Code/ws_moveit/install/moveit_simple_controller_manager:/home/yuqingchi/Code/ws_moveit/install/moveit_ros_occupancy_map_monitor:/home/yuqingchi/Code/ws_moveit/install/moveit_core:/home/yuqingchi/Code/ws_moveit/install/moveit_resources_panda_moveit_config:/home/yuqingchi/Code/ws_moveit/install/moveit_resources_fanuc_moveit_config:/home/yuqingchi/Code/ws_moveit/install/moveit_resources_pr2_description:/home/yuqingchi/Code/ws_moveit/install/moveit_resources_panda_description:/home/yuqingchi/Code/ws_moveit/install/moveit_resources_fanuc_description:/home/yuqingchi/Code/ws_moveit/install/moveit_msgs:/home/yuqingchi/Code/ws_moveit/install/moveit_common:/opt/ros/jazzy/opt/gz_math_vendor:/opt/ros/jazzy/opt/gz_utils_vendor:/opt/ros/jazzy/opt/gz_cmake_vendor:/opt/ros/jazzy DEBUGINFOD_URLS=https://debuginfod.ubuntu.com LD_LIBRARY_PATH=/home/yuqingchi/Code/ws_moveit/install/moveit_ros_planning_interface/lib:/home/yuqingchi/Code/ws_moveit/install/moveit_ros_move_group/lib:/home/yuqingchi/Code/ws_moveit/install/moveit_ros_warehouse/lib:/home/yuqingchi/Code/ws_moveit/install/moveit_ros_robot_interaction/lib:/home/yuqingchi/Code/ws_moveit/install/moveit_kinematics/lib:/home/yuqingchi/Code/ws_moveit/install/moveit_ros_planning/lib:/home/yuqingchi/Code/ws_moveit/install/moveit_simple_controller_manager/lib:/home/yuqingchi/Code/ws_moveit/install/moveit_ros_occupancy_map_monitor/lib:/home/yuqingchi/Code/ws_moveit/install/moveit_core/lib:/home/yuqingchi/Code/ws_moveit/install/moveit_msgs/lib:${LD_LIBRARY_PATH} PATH=/home/yuqingchi/Code/ws_moveit/install/moveit_core/bin:${PATH} PYTHONPATH=/home/yuqingchi/Code/ws_moveit/install/moveit_msgs/lib/python3.12/site-packages:/home/yuqingchi/Code/ws_moveit/install/moveit_configs_utils/lib/python3.12/site-packages:${PYTHONPATH} /usr/bin/cmake --install /home/yuqingchi/Code/ws_moveit/build/moveit_ros_visualization
[126.315s] -- Install configuration: "Release"
[126.315s] -- Installing: /home/yuqingchi/Code/ws_moveit/install/moveit_ros_visualization/include/moveit_ros_visualization
[126.315s] -- Installing: /home/yuqingchi/Code/ws_moveit/install/moveit_ros_visualization/include/moveit_ros_visualization/ogre_helpers
[126.316s] -- Installing: /home/yuqingchi/Code/ws_moveit/install/moveit_ros_visualization/include/moveit_ros_visualization/ogre_helpers/mesh_shape.hpp
[126.316s] -- Installing: /home/yuqingchi/Code/ws_moveit/install/moveit_ros_visualization/include/moveit_ros_visualization/ogre_helpers/mesh_shape.h
[126.316s] -- Installing: /home/yuqingchi/Code/ws_moveit/install/moveit_ros_visualization/include/moveit_ros_visualization/moveit
[126.316s] -- Installing: /home/yuqingchi/Code/ws_moveit/install/moveit_ros_visualization/include/moveit_ros_visualization/moveit/rviz_plugin_render_tools
[126.316s] -- Installing: /home/yuqingchi/Code/ws_moveit/install/moveit_ros_visualization/include/moveit_ros_visualization/moveit/rviz_plugin_render_tools/robot_state_visualization.hpp
[126.317s] -- Installing: /home/yuqingchi/Code/ws_moveit/install/moveit_ros_visualization/include/moveit_ros_visualization/moveit/rviz_plugin_render_tools/trajectory_panel.h
[126.317s] -- Installing: /home/yuqingchi/Code/ws_moveit/install/moveit_ros_visualization/include/moveit_ros_visualization/moveit/rviz_plugin_render_tools/planning_link_updater.hpp
[126.317s] -- Installing: /home/yuqingchi/Code/ws_moveit/install/moveit_ros_visualization/include/moveit_ros_visualization/moveit/rviz_plugin_render_tools/planning_link_updater.h
[126.317s] -- Installing: /home/yuqingchi/Code/ws_moveit/install/moveit_ros_visualization/include/moveit_ros_visualization/moveit/rviz_plugin_render_tools/robot_state_visualization.h
[126.317s] -- Installing: /home/yuqingchi/Code/ws_moveit/install/moveit_ros_visualization/include/moveit_ros_visualization/moveit/rviz_plugin_render_tools/trajectory_panel.hpp
[126.317s] -- Installing: /home/yuqingchi/Code/ws_moveit/install/moveit_ros_visualization/include/moveit_ros_visualization/moveit/rviz_plugin_render_tools/planning_scene_render.h
[126.317s] -- Installing: /home/yuqingchi/Code/ws_moveit/install/moveit_ros_visualization/include/moveit_ros_visualization/moveit/rviz_plugin_render_tools/octomap_render.hpp
[126.318s] -- Installing: /home/yuqingchi/Code/ws_moveit/install/moveit_ros_visualization/include/moveit_ros_visualization/moveit/rviz_plugin_render_tools/render_shapes.hpp
[126.318s] -- Installing: /home/yuqingchi/Code/ws_moveit/install/moveit_ros_visualization/include/moveit_ros_visualization/moveit/rviz_plugin_render_tools/octomap_render.h
[126.318s] -- Installing: /home/yuqingchi/Code/ws_moveit/install/moveit_ros_visualization/include/moveit_ros_visualization/moveit/rviz_plugin_render_tools/planning_scene_render.hpp
[126.318s] -- Installing: /home/yuqingchi/Code/ws_moveit/install/moveit_ros_visualization/include/moveit_ros_visualization/moveit/rviz_plugin_render_tools/trajectory_visualization.h
[126.318s] -- Installing: /home/yuqingchi/Code/ws_moveit/install/moveit_ros_visualization/include/moveit_ros_visualization/moveit/rviz_plugin_render_tools/render_shapes.h
[126.318s] -- Installing: /home/yuqingchi/Code/ws_moveit/install/moveit_ros_visualization/include/moveit_ros_visualization/moveit/rviz_plugin_render_tools/trajectory_visualization.hpp
[126.319s] -- Up-to-date: /home/yuqingchi/Code/ws_moveit/install/moveit_ros_visualization/include/moveit_ros_visualization
[126.319s] -- Up-to-date: /home/yuqingchi/Code/ws_moveit/install/moveit_ros_visualization/include/moveit_ros_visualization/moveit
[126.319s] -- Installing: /home/yuqingchi/Code/ws_moveit/install/moveit_ros_visualization/include/moveit_ros_visualization/moveit/robot_state_rviz_plugin
[126.319s] -- Installing: /home/yuqingchi/Code/ws_moveit/install/moveit_ros_visualization/include/moveit_ros_visualization/moveit/robot_state_rviz_plugin/robot_state_display.h
[126.319s] -- Installing: /home/yuqingchi/Code/ws_moveit/install/moveit_ros_visualization/include/moveit_ros_visualization/moveit/robot_state_rviz_plugin/robot_state_display.hpp
[126.319s] -- Up-to-date: /home/yuqingchi/Code/ws_moveit/install/moveit_ros_visualization/include/moveit_ros_visualization
[126.320s] -- Up-to-date: /home/yuqingchi/Code/ws_moveit/install/moveit_ros_visualization/include/moveit_ros_visualization/moveit
[126.320s] -- Installing: /home/yuqingchi/Code/ws_moveit/install/moveit_ros_visualization/include/moveit_ros_visualization/moveit/planning_scene_rviz_plugin
[126.320s] -- Installing: /home/yuqingchi/Code/ws_moveit/install/moveit_ros_visualization/include/moveit_ros_visualization/moveit/planning_scene_rviz_plugin/background_processing.h
[126.320s] -- Installing: /home/yuqingchi/Code/ws_moveit/install/moveit_ros_visualization/include/moveit_ros_visualization/moveit/planning_scene_rviz_plugin/planning_scene_display.hpp
[126.320s] -- Installing: /home/yuqingchi/Code/ws_moveit/install/moveit_ros_visualization/include/moveit_ros_visualization/moveit/planning_scene_rviz_plugin/background_processing.hpp
[126.320s] -- Installing: /home/yuqingchi/Code/ws_moveit/install/moveit_ros_visualization/include/moveit_ros_visualization/moveit/planning_scene_rviz_plugin/planning_scene_display.h
[126.320s] -- Installing: /home/yuqingchi/Code/ws_moveit/install/moveit_ros_visualization/include/moveit_ros_visualization/moveit_planning_scene_rviz_plugin_core_export.h
[126.321s] -- Up-to-date: /home/yuqingchi/Code/ws_moveit/install/moveit_ros_visualization/include/moveit_ros_visualization
[126.321s] -- Up-to-date: /home/yuqingchi/Code/ws_moveit/install/moveit_ros_visualization/include/moveit_ros_visualization/moveit
[126.321s] -- Installing: /home/yuqingchi/Code/ws_moveit/install/moveit_ros_visualization/include/moveit_ros_visualization/moveit/motion_planning_rviz_plugin
[126.321s] -- Installing: /home/yuqingchi/Code/ws_moveit/install/moveit_ros_visualization/include/moveit_ros_visualization/moveit/motion_planning_rviz_plugin/interactive_marker_display.h
[126.321s] -- Installing: /home/yuqingchi/Code/ws_moveit/install/moveit_ros_visualization/include/moveit_ros_visualization/moveit/motion_planning_rviz_plugin/motion_planning_frame_joints_widget.h
[126.321s] -- Installing: /home/yuqingchi/Code/ws_moveit/install/moveit_ros_visualization/include/moveit_ros_visualization/moveit/motion_planning_rviz_plugin/motion_planning_param_widget.h
[126.321s] -- Installing: /home/yuqingchi/Code/ws_moveit/install/moveit_ros_visualization/include/moveit_ros_visualization/moveit/motion_planning_rviz_plugin/motion_planning_param_widget.hpp
[126.322s] -- Installing: /home/yuqingchi/Code/ws_moveit/install/moveit_ros_visualization/include/moveit_ros_visualization/moveit/motion_planning_rviz_plugin/interactive_marker_display.hpp
[126.322s] -- Installing: /home/yuqingchi/Code/ws_moveit/install/moveit_ros_visualization/include/moveit_ros_visualization/moveit/motion_planning_rviz_plugin/motion_planning_display.h
[126.322s] -- Installing: /home/yuqingchi/Code/ws_moveit/install/moveit_ros_visualization/include/moveit_ros_visualization/moveit/motion_planning_rviz_plugin/motion_planning_frame.h
[126.322s] -- Installing: /home/yuqingchi/Code/ws_moveit/install/moveit_ros_visualization/include/moveit_ros_visualization/moveit/motion_planning_rviz_plugin/motion_planning_display.hpp
[126.322s] -- Installing: /home/yuqingchi/Code/ws_moveit/install/moveit_ros_visualization/include/moveit_ros_visualization/moveit/motion_planning_rviz_plugin/motion_planning_frame_joints_widget.hpp
[126.322s] -- Installing: /home/yuqingchi/Code/ws_moveit/install/moveit_ros_visualization/include/moveit_ros_visualization/moveit/motion_planning_rviz_plugin/motion_planning_frame.hpp
[126.322s] -- Up-to-date: /home/yuqingchi/Code/ws_moveit/install/moveit_ros_visualization/include/moveit_ros_visualization
[126.323s] -- Up-to-date: /home/yuqingchi/Code/ws_moveit/install/moveit_ros_visualization/include/moveit_ros_visualization/moveit
[126.323s] -- Installing: /home/yuqingchi/Code/ws_moveit/install/moveit_ros_visualization/include/moveit_ros_visualization/moveit/trajectory_rviz_plugin
[126.323s] -- Installing: /home/yuqingchi/Code/ws_moveit/install/moveit_ros_visualization/include/moveit_ros_visualization/moveit/trajectory_rviz_plugin/trajectory_display.h
[126.323s] -- Installing: /home/yuqingchi/Code/ws_moveit/install/moveit_ros_visualization/include/moveit_ros_visualization/moveit/trajectory_rviz_plugin/trajectory_display.hpp
[126.323s] -- Installing: /home/yuqingchi/Code/ws_moveit/install/moveit_ros_visualization/share/moveit_ros_visualization/icons
[126.324s] -- Installing: /home/yuqingchi/Code/ws_moveit/install/moveit_ros_visualization/share/moveit_ros_visualization/icons/classes
[126.324s] -- Installing: /home/yuqingchi/Code/ws_moveit/install/moveit_ros_visualization/share/moveit_ros_visualization/icons/classes/RobotState.png
[126.324s] -- Installing: /home/yuqingchi/Code/ws_moveit/install/moveit_ros_visualization/share/moveit_ros_visualization/icons/classes/Trajectory.png
[126.324s] -- Installing: /home/yuqingchi/Code/ws_moveit/install/moveit_ros_visualization/share/moveit_ros_visualization/icons/classes/PlanningScene.png
[126.324s] -- Installing: /home/yuqingchi/Code/ws_moveit/install/moveit_ros_visualization/share/moveit_ros_visualization/icons/classes/MotionPlanning.png
[126.324s] -- Installing: /home/yuqingchi/Code/ws_moveit/install/moveit_ros_visualization/share/moveit_ros_visualization/motion_planning_rviz_plugin_description.xml
[126.324s] -- Installing: /home/yuqingchi/Code/ws_moveit/install/moveit_ros_visualization/share/moveit_ros_visualization/trajectory_rviz_plugin_description.xml
[126.324s] -- Installing: /home/yuqingchi/Code/ws_moveit/install/moveit_ros_visualization/share/moveit_ros_visualization/planning_scene_rviz_plugin_description.xml
[126.324s] -- Installing: /home/yuqingchi/Code/ws_moveit/install/moveit_ros_visualization/share/moveit_ros_visualization/robot_state_rviz_plugin_description.xml
[126.325s] -- Installing: /home/yuqingchi/Code/ws_moveit/install/moveit_ros_visualization/lib/libmoveit_motion_planning_rviz_plugin.so.2.14.1
[126.325s] -- Set non-toolchain portion of runtime path of "/home/yuqingchi/Code/ws_moveit/install/moveit_ros_visualization/lib/libmoveit_motion_planning_rviz_plugin.so.2.14.1" to ""
[126.325s] -- Installing: /home/yuqingchi/Code/ws_moveit/install/moveit_ros_visualization/lib/libmoveit_motion_planning_rviz_plugin.so
[126.326s] -- Installing: /home/yuqingchi/Code/ws_moveit/install/moveit_ros_visualization/lib/libmoveit_motion_planning_rviz_plugin_core.so.2.14.1
[126.333s] -- Set non-toolchain portion of runtime path of "/home/yuqingchi/Code/ws_moveit/install/moveit_ros_visualization/lib/libmoveit_motion_planning_rviz_plugin_core.so.2.14.1" to ""
[126.333s] -- Installing: /home/yuqingchi/Code/ws_moveit/install/moveit_ros_visualization/lib/libmoveit_motion_planning_rviz_plugin_core.so
[126.333s] -- Installing: /home/yuqingchi/Code/ws_moveit/install/moveit_ros_visualization/lib/libmoveit_planning_scene_rviz_plugin.so.2.14.1
[126.334s] -- Set non-toolchain portion of runtime path of "/home/yuqingchi/Code/ws_moveit/install/moveit_ros_visualization/lib/libmoveit_planning_scene_rviz_plugin.so.2.14.1" to ""
[126.334s] -- Installing: /home/yuqingchi/Code/ws_moveit/install/moveit_ros_visualization/lib/libmoveit_planning_scene_rviz_plugin.so
[126.334s] -- Installing: /home/yuqingchi/Code/ws_moveit/install/moveit_ros_visualization/lib/libmoveit_planning_scene_rviz_plugin_core.so.2.14.1
[126.334s] -- Set non-toolchain portion of runtime path of "/home/yuqingchi/Code/ws_moveit/install/moveit_ros_visualization/lib/libmoveit_planning_scene_rviz_plugin_core.so.2.14.1" to ""
[126.335s] -- Installing: /home/yuqingchi/Code/ws_moveit/install/moveit_ros_visualization/lib/libmoveit_planning_scene_rviz_plugin_core.so
[126.335s] -- Installing: /home/yuqingchi/Code/ws_moveit/install/moveit_ros_visualization/lib/libmoveit_robot_state_rviz_plugin.so.2.14.1
[126.335s] -- Set non-toolchain portion of runtime path of "/home/yuqingchi/Code/ws_moveit/install/moveit_ros_visualization/lib/libmoveit_robot_state_rviz_plugin.so.2.14.1" to ""
[126.335s] -- Installing: /home/yuqingchi/Code/ws_moveit/install/moveit_ros_visualization/lib/libmoveit_robot_state_rviz_plugin.so
[126.335s] -- Installing: /home/yuqingchi/Code/ws_moveit/install/moveit_ros_visualization/lib/libmoveit_robot_state_rviz_plugin_core.so.2.14.1
[126.337s] -- Set non-toolchain portion of runtime path of "/home/yuqingchi/Code/ws_moveit/install/moveit_ros_visualization/lib/libmoveit_robot_state_rviz_plugin_core.so.2.14.1" to ""
[126.337s] -- Installing: /home/yuqingchi/Code/ws_moveit/install/moveit_ros_visualization/lib/libmoveit_robot_state_rviz_plugin_core.so
[126.337s] -- Installing: /home/yuqingchi/Code/ws_moveit/install/moveit_ros_visualization/lib/libmoveit_rviz_plugin_render_tools.so.2.14.1
[126.339s] -- Set non-toolchain portion of runtime path of "/home/yuqingchi/Code/ws_moveit/install/moveit_ros_visualization/lib/libmoveit_rviz_plugin_render_tools.so.2.14.1" to ""
[126.339s] -- Installing: /home/yuqingchi/Code/ws_moveit/install/moveit_ros_visualization/lib/libmoveit_rviz_plugin_render_tools.so
[126.340s] -- Installing: /home/yuqingchi/Code/ws_moveit/install/moveit_ros_visualization/lib/libmoveit_trajectory_rviz_plugin.so.2.14.1
[126.340s] -- Set non-toolchain portion of runtime path of "/home/yuqingchi/Code/ws_moveit/install/moveit_ros_visualization/lib/libmoveit_trajectory_rviz_plugin.so.2.14.1" to ""
[126.340s] -- Installing: /home/yuqingchi/Code/ws_moveit/install/moveit_ros_visualization/lib/libmoveit_trajectory_rviz_plugin.so
[126.340s] -- Installing: /home/yuqingchi/Code/ws_moveit/install/moveit_ros_visualization/lib/libmoveit_trajectory_rviz_plugin_core.so.2.14.1
[126.341s] -- Set non-toolchain portion of runtime path of "/home/yuqingchi/Code/ws_moveit/install/moveit_ros_visualization/lib/libmoveit_trajectory_rviz_plugin_core.so.2.14.1" to ""
[126.341s] -- Installing: /home/yuqingchi/Code/ws_moveit/install/moveit_ros_visualization/lib/libmoveit_trajectory_rviz_plugin_core.so
[126.341s] -- Installing: /home/yuqingchi/Code/ws_moveit/install/moveit_ros_visualization/share/moveit_ros_visualization/environment/library_path.sh
[126.341s] -- Installing: /home/yuqingchi/Code/ws_moveit/install/moveit_ros_visualization/share/moveit_ros_visualization/environment/library_path.dsv
[126.341s] -- Installing: /home/yuqingchi/Code/ws_moveit/install/moveit_ros_visualization/share/ament_index/resource_index/package_run_dependencies/moveit_ros_visualization
[126.341s] -- Installing: /home/yuqingchi/Code/ws_moveit/install/moveit_ros_visualization/share/ament_index/resource_index/parent_prefix_path/moveit_ros_visualization
[126.342s] -- Installing: /home/yuqingchi/Code/ws_moveit/install/moveit_ros_visualization/share/moveit_ros_visualization/environment/ament_prefix_path.sh
[126.342s] -- Installing: /home/yuqingchi/Code/ws_moveit/install/moveit_ros_visualization/share/moveit_ros_visualization/environment/ament_prefix_path.dsv
[126.342s] -- Installing: /home/yuqingchi/Code/ws_moveit/install/moveit_ros_visualization/share/moveit_ros_visualization/environment/path.sh
[126.342s] -- Installing: /home/yuqingchi/Code/ws_moveit/install/moveit_ros_visualization/share/moveit_ros_visualization/environment/path.dsv
[126.342s] -- Installing: /home/yuqingchi/Code/ws_moveit/install/moveit_ros_visualization/share/moveit_ros_visualization/local_setup.bash
[126.342s] -- Installing: /home/yuqingchi/Code/ws_moveit/install/moveit_ros_visualization/share/moveit_ros_visualization/local_setup.sh
[126.342s] -- Installing: /home/yuqingchi/Code/ws_moveit/install/moveit_ros_visualization/share/moveit_ros_visualization/local_setup.zsh
[126.343s] -- Installing: /home/yuqingchi/Code/ws_moveit/install/moveit_ros_visualization/share/moveit_ros_visualization/local_setup.dsv
[126.343s] -- Installing: /home/yuqingchi/Code/ws_moveit/install/moveit_ros_visualization/share/moveit_ros_visualization/package.dsv
[126.343s] -- Installing: /home/yuqingchi/Code/ws_moveit/install/moveit_ros_visualization/share/ament_index/resource_index/packages/moveit_ros_visualization
[126.343s] -- Installing: /home/yuqingchi/Code/ws_moveit/install/moveit_ros_visualization/share/ament_index/resource_index/rviz_common__pluginlib__plugin/moveit_ros_visualization
[126.343s] -- Installing: /home/yuqingchi/Code/ws_moveit/install/moveit_ros_visualization/share/moveit_ros_visualization/cmake/moveit_ros_visualizationTargetsExport.cmake
[126.344s] -- Installing: /home/yuqingchi/Code/ws_moveit/install/moveit_ros_visualization/share/moveit_ros_visualization/cmake/moveit_ros_visualizationTargetsExport-release.cmake
[126.344s] -- Installing: /home/yuqingchi/Code/ws_moveit/install/moveit_ros_visualization/share/moveit_ros_visualization/cmake/ConfigExtras.cmake
[126.344s] -- Installing: /home/yuqingchi/Code/ws_moveit/install/moveit_ros_visualization/share/moveit_ros_visualization/cmake/ament_cmake_export_targets-extras.cmake
[126.344s] -- Installing: /home/yuqingchi/Code/ws_moveit/install/moveit_ros_visualization/share/moveit_ros_visualization/cmake/ament_cmake_export_dependencies-extras.cmake
[126.344s] -- Installing: /home/yuqingchi/Code/ws_moveit/install/moveit_ros_visualization/share/moveit_ros_visualization/cmake/moveit_ros_visualizationConfig.cmake
[126.345s] -- Installing: /home/yuqingchi/Code/ws_moveit/install/moveit_ros_visualization/share/moveit_ros_visualization/cmake/moveit_ros_visualizationConfig-version.cmake
[126.345s] -- Installing: /home/yuqingchi/Code/ws_moveit/install/moveit_ros_visualization/share/moveit_ros_visualization/package.xml
[126.349s] Invoked command in '/home/yuqingchi/Code/ws_moveit/build/moveit_ros_visualization' returned '0': AMENT_PREFIX_PATH=/home/yuqingchi/Code/ws_moveit/install/moveit_ros_planning_interface:/home/yuqingchi/Code/ws_moveit/install/moveit_ros_move_group:/home/yuqingchi/Code/ws_moveit/install/moveit_ros_warehouse:/home/yuqingchi/Code/ws_moveit/install/moveit_ros_robot_interaction:/home/yuqingchi/Code/ws_moveit/install/moveit_kinematics:/home/yuqingchi/Code/ws_moveit/install/moveit_ros_planning:/home/yuqingchi/Code/ws_moveit/install/moveit_simple_controller_manager:/home/yuqingchi/Code/ws_moveit/install/moveit_ros_occupancy_map_monitor:/home/yuqingchi/Code/ws_moveit/install/moveit_core:/home/yuqingchi/Code/ws_moveit/install/moveit_resources_panda_moveit_config:/home/yuqingchi/Code/ws_moveit/install/moveit_resources_fanuc_moveit_config:/home/yuqingchi/Code/ws_moveit/install/moveit_resources_pr2_description:/home/yuqingchi/Code/ws_moveit/install/moveit_resources_panda_description:/home/yuqingchi/Code/ws_moveit/install/moveit_resources_fanuc_description:/home/yuqingchi/Code/ws_moveit/install/moveit_msgs:/home/yuqingchi/Code/ws_moveit/install/moveit_configs_utils:/home/yuqingchi/Code/ws_moveit/install/moveit_common:${AMENT_PREFIX_PATH} CMAKE_PREFIX_PATH=/home/yuqingchi/Code/ws_moveit/install/moveit_ros_planning_interface:/home/yuqingchi/Code/ws_moveit/install/moveit_ros_move_group:/home/yuqingchi/Code/ws_moveit/install/moveit_ros_warehouse:/home/yuqingchi/Code/ws_moveit/install/moveit_ros_robot_interaction:/home/yuqingchi/Code/ws_moveit/install/moveit_kinematics:/home/yuqingchi/Code/ws_moveit/install/moveit_ros_planning:/home/yuqingchi/Code/ws_moveit/install/moveit_simple_controller_manager:/home/yuqingchi/Code/ws_moveit/install/moveit_ros_occupancy_map_monitor:/home/yuqingchi/Code/ws_moveit/install/moveit_core:/home/yuqingchi/Code/ws_moveit/install/moveit_resources_panda_moveit_config:/home/yuqingchi/Code/ws_moveit/install/moveit_resources_fanuc_moveit_config:/home/yuqingchi/Code/ws_moveit/install/moveit_resources_pr2_description:/home/yuqingchi/Code/ws_moveit/install/moveit_resources_panda_description:/home/yuqingchi/Code/ws_moveit/install/moveit_resources_fanuc_description:/home/yuqingchi/Code/ws_moveit/install/moveit_msgs:/home/yuqingchi/Code/ws_moveit/install/moveit_common:/opt/ros/jazzy/opt/gz_math_vendor:/opt/ros/jazzy/opt/gz_utils_vendor:/opt/ros/jazzy/opt/gz_cmake_vendor:/opt/ros/jazzy DEBUGINFOD_URLS=https://debuginfod.ubuntu.com LD_LIBRARY_PATH=/home/yuqingchi/Code/ws_moveit/install/moveit_ros_planning_interface/lib:/home/yuqingchi/Code/ws_moveit/install/moveit_ros_move_group/lib:/home/yuqingchi/Code/ws_moveit/install/moveit_ros_warehouse/lib:/home/yuqingchi/Code/ws_moveit/install/moveit_ros_robot_interaction/lib:/home/yuqingchi/Code/ws_moveit/install/moveit_kinematics/lib:/home/yuqingchi/Code/ws_moveit/install/moveit_ros_planning/lib:/home/yuqingchi/Code/ws_moveit/install/moveit_simple_controller_manager/lib:/home/yuqingchi/Code/ws_moveit/install/moveit_ros_occupancy_map_monitor/lib:/home/yuqingchi/Code/ws_moveit/install/moveit_core/lib:/home/yuqingchi/Code/ws_moveit/install/moveit_msgs/lib:${LD_LIBRARY_PATH} PATH=/home/yuqingchi/Code/ws_moveit/install/moveit_core/bin:${PATH} PYTHONPATH=/home/yuqingchi/Code/ws_moveit/install/moveit_msgs/lib/python3.12/site-packages:/home/yuqingchi/Code/ws_moveit/install/moveit_configs_utils/lib/python3.12/site-packages:${PYTHONPATH} /usr/bin/cmake --install /home/yuqingchi/Code/ws_moveit/build/moveit_ros_visualization
