[0.009s] Invoking command in '/home/yuqingchi/Code/ws_moveit/build/rviz_visual_tools': CMAKE_PREFIX_PATH=${CMAKE_PREFIX_PATH}:/opt/ros/jazzy DEBUGINFOD_URLS=https://debuginfod.ubuntu.com /usr/bin/cmake /home/yuqingchi/Code/ws_moveit/src/rviz_visual_tools -DCMAKE_INSTALL_PREFIX=/home/yuqingchi/Code/ws_moveit/install/rviz_visual_tools
[0.110s] -- The C compiler identification is GNU 13.3.0
[0.212s] -- The CXX compiler identification is GNU 13.3.0
[0.242s] -- Detecting C compiler ABI info
[0.388s] -- Detecting C compiler ABI info - done
[0.406s] -- Check for working C compiler: /usr/bin/cc - skipped
[0.407s] -- Detecting C compile features
[0.407s] -- Detecting C compile features - done
[0.423s] -- Detecting CXX compiler ABI info
[0.590s] -- Detecting CXX compiler ABI info - done
[0.610s] -- Check for working CXX compiler: /usr/bin/c++ - skipped
[0.611s] -- Detecting CXX compile features
[0.612s] -- Detecting CXX compile features - done
[0.616s] -- Found ament_cmake: 2.5.4 (/opt/ros/jazzy/share/ament_cmake/cmake)
[0.857s] -- Found Python3: /usr/bin/python3 (found version "3.12.3") found components: Interpreter 
[1.032s] -- Found rclcpp: 28.1.11 (/opt/ros/jazzy/share/rclcpp/cmake)
[1.099s] -- Found rosidl_generator_c: 4.6.6 (/opt/ros/jazzy/share/rosidl_generator_c/cmake)
[1.119s] -- Found rosidl_generator_cpp: 4.6.6 (/opt/ros/jazzy/share/rosidl_generator_cpp/cmake)
[1.143s] -- Using all available rosidl_typesupport_c: rosidl_typesupport_fastrtps_c;rosidl_typesupport_introspection_c
[1.170s] -- Using all available rosidl_typesupport_cpp: rosidl_typesupport_fastrtps_cpp;rosidl_typesupport_introspection_cpp
[1.259s] -- Found rmw_implementation_cmake: 7.3.2 (/opt/ros/jazzy/share/rmw_implementation_cmake/cmake)
[1.261s] -- Found rmw_fastrtps_cpp: 8.4.3 (/opt/ros/jazzy/share/rmw_fastrtps_cpp/cmake)
[1.388s] -- Found OpenSSL: /usr/lib/x86_64-linux-gnu/libcrypto.so (found version "3.0.13")  
[1.433s] -- Found FastRTPS: /opt/ros/jazzy/include (Required is at least version "2.13") 
[1.483s] -- Using RMW implementation 'rmw_fastrtps_cpp' as default
[1.626s] -- Found rclcpp_components: 28.1.11 (/opt/ros/jazzy/share/rclcpp_components/cmake)
[1.673s] -- Found rviz_ogre_vendor: 14.1.13 (/opt/ros/jazzy/share/rviz_ogre_vendor/cmake)
[1.673s] -- Setting OGRE_DIR to: '/opt/ros/jazzy/share/rviz_ogre_vendor/cmake/../../../opt/rviz_ogre_vendor/lib/OGRE/cmake'
[1.675s] -- Found OGRE
[1.675s] --   static     : OFF
[1.676s] --   components : MeshLodGenerator;Overlay;Paging;Property;RTShaderSystem;Terrain;Volume
[1.676s] --   plugins    : Plugin_BSPSceneManager;Plugin_OctreeSceneManager;Plugin_PCZSceneManager;Plugin_ParticleFX;RenderSystem_GL;RenderSystem_GL3Plus;Codec_STBI
[1.676s] --   media      : /opt/ros/jazzy/opt/rviz_ogre_vendor/share/OGRE/Media
[1.676s] -- OGRE_LIBRARIES: OgreMeshLodGenerator;OgreOverlay;OgrePaging;OgreProperty;OgreRTShaderSystem;OgreTerrain;OgreVolume;OgreMain
[1.676s] -- OGRE_LIBRARY_DIRS: /opt/ros/jazzy/opt/rviz_ogre_vendor/lib
[1.676s] -- OGRE_PLUGINS: Plugin_BSPSceneManager;Plugin_OctreeSceneManager;Plugin_PCZSceneManager;Plugin_ParticleFX;RenderSystem_GL;RenderSystem_GL3Plus;Codec_STBI
[1.677s] -- OGRE_PLUGIN_DIR: /opt/ros/jazzy/opt/rviz_ogre_vendor/lib/OGRE
[1.677s] -- rviz_ogre_vendor::OgreOverlay for IMPORTED_LOCATION_RELEASE: /opt/ros/jazzy/opt/rviz_ogre_vendor/lib/libOgreOverlay.so
[1.677s] -- rviz_ogre_vendor::OgreOverlay for IMPORTED_LOCATION_DEBUG: /opt/ros/jazzy/opt/rviz_ogre_vendor/lib/libOgreOverlay.so
[1.677s] -- rviz_ogre_vendor::OgreMain for IMPORTED_LOCATION_RELEASE: /opt/ros/jazzy/opt/rviz_ogre_vendor/lib/libOgreMain.so
[1.677s] -- rviz_ogre_vendor::OgreMain for IMPORTED_LOCATION_DEBUG: /opt/ros/jazzy/opt/rviz_ogre_vendor/lib/libOgreMain.so
[1.708s] -- Found ZLIB: /usr/lib/x86_64-linux-gnu/libz.so (found version "1.3")  
[1.718s] -- Found OpenGL: /usr/lib/x86_64-linux-gnu/libOpenGL.so   
[1.904s] -- Found X11: /usr/include   
[1.905s] -- Looking for XOpenDisplay in /usr/lib/x86_64-linux-gnu/libX11.so;/usr/lib/x86_64-linux-gnu/libXext.so
[2.070s] -- Looking for XOpenDisplay in /usr/lib/x86_64-linux-gnu/libX11.so;/usr/lib/x86_64-linux-gnu/libXext.so - found
[2.070s] -- Looking for gethostbyname
[2.242s] -- Looking for gethostbyname - found
[2.242s] -- Looking for connect
[2.414s] -- Looking for connect - found
[2.415s] -- Looking for remove
[2.594s] -- Looking for remove - found
[2.594s] -- Looking for shmat
[2.767s] -- Looking for shmat - found
[2.767s] -- Looking for IceConnectionNumber in ICE
[2.923s] -- Looking for IceConnectionNumber in ICE - found
[2.935s] -- Found sensor_msgs: 5.3.6 (/opt/ros/jazzy/share/sensor_msgs/cmake)
[3.056s] -- Found shape_msgs: 5.3.6 (/opt/ros/jazzy/share/shape_msgs/cmake)
[3.088s] -- Found visualization_msgs: 5.3.6 (/opt/ros/jazzy/share/visualization_msgs/cmake)
[3.130s] -- Found trajectory_msgs: 5.3.6 (/opt/ros/jazzy/share/trajectory_msgs/cmake)
[3.155s] -- Found eigen3_cmake_module: 0.3.0 (/opt/ros/jazzy/share/eigen3_cmake_module/cmake)
[3.156s] -- Found eigen_stl_containers: 1.1.0 (/opt/ros/jazzy/share/eigen_stl_containers/cmake)
[3.167s] -- Found Eigen3: TRUE (found version "3.4.0") 
[3.174s] -- Found PkgConfig: /usr/bin/pkg-config (found version "1.8.1") 
[3.177s] -- Found tf2: 0.36.14 (/opt/ros/jazzy/share/tf2/cmake)
[3.186s] -- Found tf2_eigen: 0.36.14 (/opt/ros/jazzy/share/tf2_eigen/cmake)
[3.301s] -- Found tf2_geometry_msgs: 0.36.14 (/opt/ros/jazzy/share/tf2_geometry_msgs/cmake)
[3.316s] -- Ensuring Eigen3 include directory is part of orocos-kdl CMake target
[3.322s] -- Found pluginlib: 5.4.2 (/opt/ros/jazzy/share/pluginlib/cmake)
[3.329s] -- Found interactive_markers: 2.5.4 (/opt/ros/jazzy/share/interactive_markers/cmake)
[3.338s] -- Found rviz_common: 14.1.13 (/opt/ros/jazzy/share/rviz_common/cmake)
[3.391s] -- Setting yaml-cpp_DIR to: '/opt/ros/jazzy/share/yaml_cpp_vendor/cmake/../../../opt/yaml_cpp_vendor/share/cmake/yaml-cpp'
[3.400s] -- Found rviz_default_plugins: 14.1.13 (/opt/ros/jazzy/share/rviz_default_plugins/cmake)
[3.527s] -- Found ament_cmake_gtest: 2.5.4 (/opt/ros/jazzy/share/ament_cmake_gtest/cmake)
[3.529s] -- Found gtest sources under '/opt/ros/jazzy/src/gtest_vendor': C++ tests using 'Google Test' will be built
[3.531s] -- Performing Test CMAKE_HAVE_LIBC_PTHREAD
[3.699s] -- Performing Test CMAKE_HAVE_LIBC_PTHREAD - Success
[3.702s] -- Found Threads: TRUE  
[3.855s] -- Configuring done (3.8s)
[4.024s] -- Generating done (0.1s)
[4.056s] -- Build files have been written to: /home/yuqingchi/Code/ws_moveit/build/rviz_visual_tools
[4.088s] Invoked command in '/home/yuqingchi/Code/ws_moveit/build/rviz_visual_tools' returned '0': CMAKE_PREFIX_PATH=${CMAKE_PREFIX_PATH}:/opt/ros/jazzy DEBUGINFOD_URLS=https://debuginfod.ubuntu.com /usr/bin/cmake /home/yuqingchi/Code/ws_moveit/src/rviz_visual_tools -DCMAKE_INSTALL_PREFIX=/home/yuqingchi/Code/ws_moveit/install/rviz_visual_tools
[4.090s] Invoking command in '/home/yuqingchi/Code/ws_moveit/build/rviz_visual_tools': CMAKE_PREFIX_PATH=${CMAKE_PREFIX_PATH}:/opt/ros/jazzy DEBUGINFOD_URLS=https://debuginfod.ubuntu.com /usr/bin/cmake --build /home/yuqingchi/Code/ws_moveit/build/rviz_visual_tools -- -j16 -l16
[4.201s] [  0%] Built target rviz_visual_tools_remote_control_autogen_timestamp_deps
[4.201s] [  0%] Built target gtest_autogen_timestamp_deps
[4.201s] [  0%] Built target rviz_visual_tools_gui_autogen_timestamp_deps
[4.201s] [  0%] Built target gtest_main_autogen_timestamp_deps
[4.232s] [  2%] [34m[1mAutomatic MOC for target gtest_main[0m
[4.233s] [  4%] [34m[1mAutomatic MOC for target rviz_visual_tools_gui[0m
[4.233s] [  6%] [34m[1mAutomatic MOC for target gtest[0m
[4.235s] [  8%] [34m[1mAutomatic MOC for target rviz_visual_tools_remote_control[0m
[4.281s] [  8%] Built target gtest_main_autogen
[4.281s] [  8%] Built target rviz_visual_tools_remote_control_autogen
[4.284s] [  8%] Built target gtest_autogen
[4.317s] [ 16%] [32mBuilding CXX object gtest/CMakeFiles/gtest_main.dir/src/gtest_main.cc.o[0m
[4.317s] [ 16%] [32mBuilding CXX object gtest/CMakeFiles/gtest_main.dir/gtest_main_autogen/mocs_compilation.cpp.o[0m
[4.317s] [ 16%] [32mBuilding CXX object gtest/CMakeFiles/gtest.dir/gtest_autogen/mocs_compilation.cpp.o[0m
[4.317s] [ 16%] [32mBuilding CXX object gtest/CMakeFiles/gtest.dir/src/gtest-all.cc.o[0m
[4.330s] [ 20%] [32mBuilding CXX object CMakeFiles/rviz_visual_tools_remote_control.dir/src/remote_control.cpp.o[0m
[4.330s] [ 20%] [32mBuilding CXX object CMakeFiles/rviz_visual_tools_remote_control.dir/rviz_visual_tools_remote_control_autogen/mocs_compilation.cpp.o[0m
[4.668s] [ 20%] Built target rviz_visual_tools_gui_autogen
[4.746s] [ 25%] [32mBuilding CXX object CMakeFiles/rviz_visual_tools_gui.dir/src/rviz_visual_tools_gui.cpp.o[0m
[4.746s] [ 25%] [32mBuilding CXX object CMakeFiles/rviz_visual_tools_gui.dir/rviz_visual_tools_gui_autogen/mocs_compilation.cpp.o[0m
[4.746s] [ 27%] [32mBuilding CXX object CMakeFiles/rviz_visual_tools_gui.dir/src/key_tool.cpp.o[0m
[4.747s] [ 29%] [32mBuilding CXX object CMakeFiles/rviz_visual_tools_gui.dir/src/remote_control.cpp.o[0m
[5.000s] [ 31%] [32m[1mLinking CXX static library libgtest_main.a[0m
[5.198s] [ 33%] Built target gtest_main
[8.233s] [ 35%] [32m[1mLinking CXX static library libgtest.a[0m
[8.405s] [ 37%] Built target gtest
[12.370s] [ 39%] [32m[1mLinking CXX shared library librviz_visual_tools_remote_control.so[0m
[12.820s] [ 41%] Built target rviz_visual_tools_remote_control
[12.863s] [ 41%] Built target rviz_visual_tools_autogen_timestamp_deps
[12.898s] [ 43%] [32m[1mLinking CXX shared library librviz_visual_tools_gui.so[0m
[12.908s] [ 45%] [34m[1mAutomatic MOC for target rviz_visual_tools[0m
[12.968s] [ 45%] Built target rviz_visual_tools_autogen
[13.031s] [ 50%] [32mBuilding CXX object CMakeFiles/rviz_visual_tools.dir/src/rviz_visual_tools.cpp.o[0m
[13.031s] [ 50%] [32mBuilding CXX object CMakeFiles/rviz_visual_tools.dir/rviz_visual_tools_autogen/mocs_compilation.cpp.o[0m
[13.035s] [ 52%] [32mBuilding CXX object CMakeFiles/rviz_visual_tools.dir/src/tf_visual_tools.cpp.o[0m
[15.265s] [ 54%] Built target rviz_visual_tools_gui
[28.346s] [ 56%] [32m[1mLinking CXX shared library librviz_visual_tools.so[0m
[28.911s] [ 58%] Built target rviz_visual_tools
[28.949s] [ 58%] Built target rviz_visual_tools_rvt_test_autogen_timestamp_deps
[28.949s] [ 58%] Built target rviz_visual_tools_demo_autogen_timestamp_deps
[28.949s] [ 58%] Built target rviz_visual_tools_imarker_simple_autogen_timestamp_deps
[28.986s] [ 60%] [34m[1mAutomatic MOC for target rviz_visual_tools_demo[0m
[28.986s] [ 62%] [34m[1mAutomatic MOC for target rviz_visual_tools_rvt_test[0m
[28.988s] [ 64%] [34m[1mAutomatic MOC for target rviz_visual_tools_imarker_simple[0m
[29.037s] [ 64%] Built target rviz_visual_tools_imarker_simple_autogen
[29.037s] [ 64%] Built target rviz_visual_tools_rvt_test_autogen
[29.039s] [ 64%] Built target rviz_visual_tools_demo_autogen
[29.088s] [ 72%] [32mBuilding CXX object CMakeFiles/rviz_visual_tools_demo.dir/src/rviz_visual_tools_demo.cpp.o[0m
[29.088s] [ 72%] [32mBuilding CXX object CMakeFiles/rviz_visual_tools_rvt_test.dir/tests/rvt_test.cpp.o[0m
[29.088s] [ 77%] [32mBuilding CXX object CMakeFiles/rviz_visual_tools_demo.dir/rviz_visual_tools_demo_autogen/mocs_compilation.cpp.o[0m
[29.088s] [ 77%] [32mBuilding CXX object CMakeFiles/rviz_visual_tools_rvt_test.dir/rviz_visual_tools_rvt_test_autogen/mocs_compilation.cpp.o[0m
[29.088s] [ 77%] [32mBuilding CXX object CMakeFiles/rviz_visual_tools_imarker_simple.dir/rviz_visual_tools_imarker_simple_autogen/mocs_compilation.cpp.o[0m
[29.089s] [ 72%] [32mBuilding CXX object CMakeFiles/rviz_visual_tools_imarker_simple.dir/src/imarker_simple.cpp.o[0m
[33.982s] [ 79%] [32m[1mLinking CXX shared library librviz_visual_tools_imarker_simple.so[0m
[34.436s] [ 81%] Built target rviz_visual_tools_imarker_simple
[34.479s] [ 81%] Built target rviz_visual_tools_imarker_simple_demo_autogen_timestamp_deps
[34.522s] [ 83%] [34m[1mAutomatic MOC for target rviz_visual_tools_imarker_simple_demo[0m
[34.554s] [ 85%] [32m[1mLinking CXX executable rviz_visual_tools_demo[0m
[34.579s] [ 85%] Built target rviz_visual_tools_imarker_simple_demo_autogen
[34.645s] [ 89%] [32mBuilding CXX object CMakeFiles/rviz_visual_tools_imarker_simple_demo.dir/src/imarker_simple_demo.cpp.o[0m
[34.646s] [ 89%] [32mBuilding CXX object CMakeFiles/rviz_visual_tools_imarker_simple_demo.dir/rviz_visual_tools_imarker_simple_demo_autogen/mocs_compilation.cpp.o[0m
[34.975s] [ 91%] Built target rviz_visual_tools_demo
[35.040s] [ 93%] [32m[1mLinking CXX executable rviz_visual_tools_rvt_test[0m
[35.634s] [ 95%] Built target rviz_visual_tools_rvt_test
[39.422s] [ 97%] [32m[1mLinking CXX executable rviz_visual_tools_imarker_simple_demo[0m
[39.869s] [100%] Built target rviz_visual_tools_imarker_simple_demo
[39.893s] Invoked command in '/home/yuqingchi/Code/ws_moveit/build/rviz_visual_tools' returned '0': CMAKE_PREFIX_PATH=${CMAKE_PREFIX_PATH}:/opt/ros/jazzy DEBUGINFOD_URLS=https://debuginfod.ubuntu.com /usr/bin/cmake --build /home/yuqingchi/Code/ws_moveit/build/rviz_visual_tools -- -j16 -l16
[39.896s] Invoking command in '/home/yuqingchi/Code/ws_moveit/build/rviz_visual_tools': CMAKE_PREFIX_PATH=${CMAKE_PREFIX_PATH}:/opt/ros/jazzy DEBUGINFOD_URLS=https://debuginfod.ubuntu.com /usr/bin/cmake --install /home/yuqingchi/Code/ws_moveit/build/rviz_visual_tools
[39.912s] -- Install configuration: ""
[39.913s] -- Installing: /home/yuqingchi/Code/ws_moveit/install/rviz_visual_tools/share/rviz_visual_tools/plugin_description.xml
[39.913s] -- Installing: /home/yuqingchi/Code/ws_moveit/install/rviz_visual_tools/lib/librviz_visual_tools.so
[39.924s] -- Set non-toolchain portion of runtime path of "/home/yuqingchi/Code/ws_moveit/install/rviz_visual_tools/lib/librviz_visual_tools.so" to ""
[39.925s] -- Installing: /home/yuqingchi/Code/ws_moveit/install/rviz_visual_tools/lib/librviz_visual_tools_remote_control.so
[39.930s] -- Set non-toolchain portion of runtime path of "/home/yuqingchi/Code/ws_moveit/install/rviz_visual_tools/lib/librviz_visual_tools_remote_control.so" to ""
[39.930s] -- Installing: /home/yuqingchi/Code/ws_moveit/install/rviz_visual_tools/lib/librviz_visual_tools_gui.so
[39.936s] -- Set non-toolchain portion of runtime path of "/home/yuqingchi/Code/ws_moveit/install/rviz_visual_tools/lib/librviz_visual_tools_gui.so" to ""
[39.936s] -- Installing: /home/yuqingchi/Code/ws_moveit/install/rviz_visual_tools/lib/librviz_visual_tools_imarker_simple.so
[39.937s] -- Set non-toolchain portion of runtime path of "/home/yuqingchi/Code/ws_moveit/install/rviz_visual_tools/lib/librviz_visual_tools_imarker_simple.so" to ""
[39.937s] -- Installing: /home/yuqingchi/Code/ws_moveit/install/rviz_visual_tools/lib/rviz_visual_tools/rviz_visual_tools_demo
[39.938s] -- Set non-toolchain portion of runtime path of "/home/yuqingchi/Code/ws_moveit/install/rviz_visual_tools/lib/rviz_visual_tools/rviz_visual_tools_demo" to ""
[39.938s] -- Installing: /home/yuqingchi/Code/ws_moveit/install/rviz_visual_tools/lib/rviz_visual_tools/rviz_visual_tools_imarker_simple_demo
[39.939s] -- Set non-toolchain portion of runtime path of "/home/yuqingchi/Code/ws_moveit/install/rviz_visual_tools/lib/rviz_visual_tools/rviz_visual_tools_imarker_simple_demo" to ""
[39.939s] -- Installing: /home/yuqingchi/Code/ws_moveit/install/rviz_visual_tools/include
[39.939s] -- Installing: /home/yuqingchi/Code/ws_moveit/install/rviz_visual_tools/include/rviz_visual_tools
[39.939s] -- Installing: /home/yuqingchi/Code/ws_moveit/install/rviz_visual_tools/include/rviz_visual_tools/remote_reciever.hpp
[39.939s] -- Installing: /home/yuqingchi/Code/ws_moveit/install/rviz_visual_tools/include/rviz_visual_tools/rviz_visual_tools.hpp
[39.940s] -- Installing: /home/yuqingchi/Code/ws_moveit/install/rviz_visual_tools/include/rviz_visual_tools/imarker_simple.hpp
[39.940s] -- Installing: /home/yuqingchi/Code/ws_moveit/install/rviz_visual_tools/include/rviz_visual_tools/key_tool.hpp
[39.940s] -- Installing: /home/yuqingchi/Code/ws_moveit/install/rviz_visual_tools/include/rviz_visual_tools/tf_visual_tools.hpp
[39.940s] -- Installing: /home/yuqingchi/Code/ws_moveit/install/rviz_visual_tools/include/rviz_visual_tools/remote_control.hpp
[39.940s] -- Installing: /home/yuqingchi/Code/ws_moveit/install/rviz_visual_tools/include/rviz_visual_tools/rviz_visual_tools_gui.hpp
[39.941s] -- Installing: /home/yuqingchi/Code/ws_moveit/install/rviz_visual_tools/share/rviz_visual_tools/launch
[39.941s] -- Installing: /home/yuqingchi/Code/ws_moveit/install/rviz_visual_tools/share/rviz_visual_tools/launch/demo.rviz
[39.941s] -- Installing: /home/yuqingchi/Code/ws_moveit/install/rviz_visual_tools/share/rviz_visual_tools/launch/demo_combined.launch.py
[39.941s] -- Installing: /home/yuqingchi/Code/ws_moveit/install/rviz_visual_tools/share/rviz_visual_tools/launch/rvt_test.launch
[39.941s] -- Installing: /home/yuqingchi/Code/ws_moveit/install/rviz_visual_tools/share/rviz_visual_tools/launch/demo_rviz.launch.py
[39.941s] -- Installing: /home/yuqingchi/Code/ws_moveit/install/rviz_visual_tools/share/rviz_visual_tools/environment/library_path.sh
[39.941s] -- Installing: /home/yuqingchi/Code/ws_moveit/install/rviz_visual_tools/share/rviz_visual_tools/environment/library_path.dsv
[39.942s] -- Installing: /home/yuqingchi/Code/ws_moveit/install/rviz_visual_tools/share/ament_index/resource_index/package_run_dependencies/rviz_visual_tools
[39.942s] -- Installing: /home/yuqingchi/Code/ws_moveit/install/rviz_visual_tools/share/ament_index/resource_index/parent_prefix_path/rviz_visual_tools
[39.942s] -- Installing: /home/yuqingchi/Code/ws_moveit/install/rviz_visual_tools/share/rviz_visual_tools/environment/ament_prefix_path.sh
[39.942s] -- Installing: /home/yuqingchi/Code/ws_moveit/install/rviz_visual_tools/share/rviz_visual_tools/environment/ament_prefix_path.dsv
[39.942s] -- Installing: /home/yuqingchi/Code/ws_moveit/install/rviz_visual_tools/share/rviz_visual_tools/environment/path.sh
[39.943s] -- Installing: /home/yuqingchi/Code/ws_moveit/install/rviz_visual_tools/share/rviz_visual_tools/environment/path.dsv
[39.943s] -- Installing: /home/yuqingchi/Code/ws_moveit/install/rviz_visual_tools/share/rviz_visual_tools/local_setup.bash
[39.943s] -- Installing: /home/yuqingchi/Code/ws_moveit/install/rviz_visual_tools/share/rviz_visual_tools/local_setup.sh
[39.943s] -- Installing: /home/yuqingchi/Code/ws_moveit/install/rviz_visual_tools/share/rviz_visual_tools/local_setup.zsh
[39.943s] -- Installing: /home/yuqingchi/Code/ws_moveit/install/rviz_visual_tools/share/rviz_visual_tools/local_setup.dsv
[39.943s] -- Installing: /home/yuqingchi/Code/ws_moveit/install/rviz_visual_tools/share/rviz_visual_tools/package.dsv
[39.943s] -- Installing: /home/yuqingchi/Code/ws_moveit/install/rviz_visual_tools/share/ament_index/resource_index/packages/rviz_visual_tools
[39.944s] -- Installing: /home/yuqingchi/Code/ws_moveit/install/rviz_visual_tools/share/ament_index/resource_index/rviz_common__pluginlib__plugin/rviz_visual_tools
[39.944s] -- Installing: /home/yuqingchi/Code/ws_moveit/install/rviz_visual_tools/share/rviz_visual_tools/cmake/export_rviz_visual_toolsExport.cmake
[39.944s] -- Installing: /home/yuqingchi/Code/ws_moveit/install/rviz_visual_tools/share/rviz_visual_tools/cmake/export_rviz_visual_toolsExport-noconfig.cmake
[39.944s] -- Installing: /home/yuqingchi/Code/ws_moveit/install/rviz_visual_tools/share/rviz_visual_tools/cmake/ament_cmake_export_targets-extras.cmake
[39.944s] -- Installing: /home/yuqingchi/Code/ws_moveit/install/rviz_visual_tools/share/rviz_visual_tools/cmake/ament_cmake_export_dependencies-extras.cmake
[39.945s] -- Installing: /home/yuqingchi/Code/ws_moveit/install/rviz_visual_tools/share/rviz_visual_tools/cmake/ament_cmake_export_include_directories-extras.cmake
[39.945s] -- Installing: /home/yuqingchi/Code/ws_moveit/install/rviz_visual_tools/share/rviz_visual_tools/cmake/ament_cmake_export_libraries-extras.cmake
[39.945s] -- Installing: /home/yuqingchi/Code/ws_moveit/install/rviz_visual_tools/share/rviz_visual_tools/cmake/rviz_visual_toolsConfig.cmake
[39.945s] -- Installing: /home/yuqingchi/Code/ws_moveit/install/rviz_visual_tools/share/rviz_visual_tools/cmake/rviz_visual_toolsConfig-version.cmake
[39.945s] -- Installing: /home/yuqingchi/Code/ws_moveit/install/rviz_visual_tools/share/rviz_visual_tools/package.xml
[39.948s] Invoked command in '/home/yuqingchi/Code/ws_moveit/build/rviz_visual_tools' returned '0': CMAKE_PREFIX_PATH=${CMAKE_PREFIX_PATH}:/opt/ros/jazzy DEBUGINFOD_URLS=https://debuginfod.ubuntu.com /usr/bin/cmake --install /home/yuqingchi/Code/ws_moveit/build/rviz_visual_tools
