[0.010s] Invoking command in '/home/yuqingchi/Code/ws_moveit/build/kortex_description': AMENT_PREFIX_PATH=/home/yuqingchi/Code/ws_moveit/install/robotiq_description:${AMENT_PREFIX_PATH} CMAKE_PREFIX_PATH=/home/yuqingchi/Code/ws_moveit/install/robotiq_description:/opt/ros/jazzy/opt/gz_math_vendor:/opt/ros/jazzy/opt/gz_utils_vendor:/opt/ros/jazzy/opt/gz_cmake_vendor:/opt/ros/jazzy DEBUGINFOD_URLS=https://debuginfod.ubuntu.com /usr/bin/cmake /home/yuqingchi/Code/ws_moveit/src/ros2_kortex/kortex_description -DCMAKE_INSTALL_PREFIX=/home/yuqingchi/Code/ws_moveit/install/kortex_description
[0.122s] -- The C compiler identification is GNU 13.3.0
[0.235s] -- The CXX compiler identification is GNU 13.3.0
[0.269s] -- Detecting C compiler ABI info
[0.457s] -- Detecting C compiler ABI info - done
[0.477s] -- Check for working C compiler: /usr/bin/cc - skipped
[0.477s] -- Detecting C compile features
[0.477s] -- Detecting C compile features - done
[0.497s] -- Detecting CXX compiler ABI info
[0.703s] -- Detecting CXX compiler ABI info - done
[0.719s] -- Check for working CXX compiler: /usr/bin/c++ - skipped
[0.719s] -- Detecting CXX compile features
[0.720s] -- Detecting CXX compile features - done
[0.724s] -- Found ament_cmake: 2.5.4 (/opt/ros/jazzy/share/ament_cmake/cmake)
[0.984s] -- Found Python3: /usr/bin/python3 (found version "3.12.3") found components: Interpreter 
[1.315s] -- Configuring done (1.3s)
[1.319s] -- Generating done (0.0s)
[1.322s] -- Build files have been written to: /home/yuqingchi/Code/ws_moveit/build/kortex_description
[1.333s] Invoked command in '/home/yuqingchi/Code/ws_moveit/build/kortex_description' returned '0': AMENT_PREFIX_PATH=/home/yuqingchi/Code/ws_moveit/install/robotiq_description:${AMENT_PREFIX_PATH} CMAKE_PREFIX_PATH=/home/yuqingchi/Code/ws_moveit/install/robotiq_description:/opt/ros/jazzy/opt/gz_math_vendor:/opt/ros/jazzy/opt/gz_utils_vendor:/opt/ros/jazzy/opt/gz_cmake_vendor:/opt/ros/jazzy DEBUGINFOD_URLS=https://debuginfod.ubuntu.com /usr/bin/cmake /home/yuqingchi/Code/ws_moveit/src/ros2_kortex/kortex_description -DCMAKE_INSTALL_PREFIX=/home/yuqingchi/Code/ws_moveit/install/kortex_description
[1.336s] Invoking command in '/home/yuqingchi/Code/ws_moveit/build/kortex_description': AMENT_PREFIX_PATH=/home/yuqingchi/Code/ws_moveit/install/robotiq_description:${AMENT_PREFIX_PATH} CMAKE_PREFIX_PATH=/home/yuqingchi/Code/ws_moveit/install/robotiq_description:/opt/ros/jazzy/opt/gz_math_vendor:/opt/ros/jazzy/opt/gz_utils_vendor:/opt/ros/jazzy/opt/gz_cmake_vendor:/opt/ros/jazzy DEBUGINFOD_URLS=https://debuginfod.ubuntu.com /usr/bin/cmake --build /home/yuqingchi/Code/ws_moveit/build/kortex_description -- -j16 -l16
[1.408s] Invoked command in '/home/yuqingchi/Code/ws_moveit/build/kortex_description' returned '0': AMENT_PREFIX_PATH=/home/yuqingchi/Code/ws_moveit/install/robotiq_description:${AMENT_PREFIX_PATH} CMAKE_PREFIX_PATH=/home/yuqingchi/Code/ws_moveit/install/robotiq_description:/opt/ros/jazzy/opt/gz_math_vendor:/opt/ros/jazzy/opt/gz_utils_vendor:/opt/ros/jazzy/opt/gz_cmake_vendor:/opt/ros/jazzy DEBUGINFOD_URLS=https://debuginfod.ubuntu.com /usr/bin/cmake --build /home/yuqingchi/Code/ws_moveit/build/kortex_description -- -j16 -l16
[1.410s] Invoking command in '/home/yuqingchi/Code/ws_moveit/build/kortex_description': AMENT_PREFIX_PATH=/home/yuqingchi/Code/ws_moveit/install/robotiq_description:${AMENT_PREFIX_PATH} CMAKE_PREFIX_PATH=/home/yuqingchi/Code/ws_moveit/install/robotiq_description:/opt/ros/jazzy/opt/gz_math_vendor:/opt/ros/jazzy/opt/gz_utils_vendor:/opt/ros/jazzy/opt/gz_cmake_vendor:/opt/ros/jazzy DEBUGINFOD_URLS=https://debuginfod.ubuntu.com /usr/bin/cmake --install /home/yuqingchi/Code/ws_moveit/build/kortex_description
[1.421s] -- Install configuration: ""
[1.421s] -- Installing: /home/yuqingchi/Code/ws_moveit/install/kortex_description/share/kortex_description/arms
[1.422s] -- Installing: /home/yuqingchi/Code/ws_moveit/install/kortex_description/share/kortex_description/arms/gen3
[1.422s] -- Installing: /home/yuqingchi/Code/ws_moveit/install/kortex_description/share/kortex_description/arms/gen3/7dof
[1.422s] -- Installing: /home/yuqingchi/Code/ws_moveit/install/kortex_description/share/kortex_description/arms/gen3/7dof/meshes
[1.422s] -- Installing: /home/yuqingchi/Code/ws_moveit/install/kortex_description/share/kortex_description/arms/gen3/7dof/meshes/bracelet_no_vision_link.dae
[1.424s] -- Installing: /home/yuqingchi/Code/ws_moveit/install/kortex_description/share/kortex_description/arms/gen3/7dof/meshes/forearm_link.STL
[1.424s] -- Installing: /home/yuqingchi/Code/ws_moveit/install/kortex_description/share/kortex_description/arms/gen3/7dof/meshes/shoulder_link.STL
[1.425s] -- Installing: /home/yuqingchi/Code/ws_moveit/install/kortex_description/share/kortex_description/arms/gen3/7dof/meshes/bracelet_with_vision_link.STL
[1.427s] -- Installing: /home/yuqingchi/Code/ws_moveit/install/kortex_description/share/kortex_description/arms/gen3/7dof/meshes/spherical_wrist_2_link.dae
[1.427s] -- Installing: /home/yuqingchi/Code/ws_moveit/install/kortex_description/share/kortex_description/arms/gen3/7dof/meshes/forearm_link.dae
[1.428s] -- Installing: /home/yuqingchi/Code/ws_moveit/install/kortex_description/share/kortex_description/arms/gen3/7dof/meshes/base_link.dae
[1.428s] -- Installing: /home/yuqingchi/Code/ws_moveit/install/kortex_description/share/kortex_description/arms/gen3/7dof/meshes/half_arm_1_link.STL
[1.429s] -- Installing: /home/yuqingchi/Code/ws_moveit/install/kortex_description/share/kortex_description/arms/gen3/7dof/meshes/bracelet_with_vision_link.dae
[1.431s] -- Installing: /home/yuqingchi/Code/ws_moveit/install/kortex_description/share/kortex_description/arms/gen3/7dof/meshes/shoulder_link.dae
[1.431s] -- Installing: /home/yuqingchi/Code/ws_moveit/install/kortex_description/share/kortex_description/arms/gen3/7dof/meshes/base_link.STL
[1.431s] -- Installing: /home/yuqingchi/Code/ws_moveit/install/kortex_description/share/kortex_description/arms/gen3/7dof/meshes/end_effector_link.STL
[1.432s] -- Installing: /home/yuqingchi/Code/ws_moveit/install/kortex_description/share/kortex_description/arms/gen3/7dof/meshes/spherical_wrist_2_link.STL
[1.432s] -- Installing: /home/yuqingchi/Code/ws_moveit/install/kortex_description/share/kortex_description/arms/gen3/7dof/meshes/spherical_wrist_1_link.dae
[1.433s] -- Installing: /home/yuqingchi/Code/ws_moveit/install/kortex_description/share/kortex_description/arms/gen3/7dof/meshes/half_arm_1_link.dae
[1.434s] -- Installing: /home/yuqingchi/Code/ws_moveit/install/kortex_description/share/kortex_description/arms/gen3/7dof/meshes/half_arm_2_link.dae
[1.435s] -- Installing: /home/yuqingchi/Code/ws_moveit/install/kortex_description/share/kortex_description/arms/gen3/7dof/meshes/bracelet_no_vision_link.STL
[1.436s] -- Installing: /home/yuqingchi/Code/ws_moveit/install/kortex_description/share/kortex_description/arms/gen3/7dof/meshes/half_arm_2_link.STL
[1.437s] -- Installing: /home/yuqingchi/Code/ws_moveit/install/kortex_description/share/kortex_description/arms/gen3/7dof/meshes/spherical_wrist_1_link.STL
[1.438s] -- Installing: /home/yuqingchi/Code/ws_moveit/install/kortex_description/share/kortex_description/arms/gen3/7dof/urdf
[1.438s] -- Installing: /home/yuqingchi/Code/ws_moveit/install/kortex_description/share/kortex_description/arms/gen3/7dof/urdf/kortex.ros2_control.xacro
[1.438s] -- Installing: /home/yuqingchi/Code/ws_moveit/install/kortex_description/share/kortex_description/arms/gen3/7dof/urdf/gen3_macro.xacro
[1.438s] -- Installing: /home/yuqingchi/Code/ws_moveit/install/kortex_description/share/kortex_description/arms/gen3/7dof/urdf/gen3_transmission_macro.xacro
[1.438s] -- Installing: /home/yuqingchi/Code/ws_moveit/install/kortex_description/share/kortex_description/arms/gen3/7dof/config
[1.438s] -- Installing: /home/yuqingchi/Code/ws_moveit/install/kortex_description/share/kortex_description/arms/gen3/7dof/config/ros2_controllers.yaml
[1.438s] -- Installing: /home/yuqingchi/Code/ws_moveit/install/kortex_description/share/kortex_description/arms/gen3/7dof/config/gazebo_initial_joint_positions.yaml
[1.438s] -- Installing: /home/yuqingchi/Code/ws_moveit/install/kortex_description/share/kortex_description/arms/gen3/7dof/config/twist_limits.yaml
[1.438s] -- Installing: /home/yuqingchi/Code/ws_moveit/install/kortex_description/share/kortex_description/arms/gen3/7dof/config/joint_limits.yaml
[1.438s] -- Installing: /home/yuqingchi/Code/ws_moveit/install/kortex_description/share/kortex_description/arms/gen3/6dof
[1.439s] -- Installing: /home/yuqingchi/Code/ws_moveit/install/kortex_description/share/kortex_description/arms/gen3/6dof/meshes
[1.439s] -- Installing: /home/yuqingchi/Code/ws_moveit/install/kortex_description/share/kortex_description/arms/gen3/6dof/meshes/bicep_link.STL
[1.439s] -- Installing: /home/yuqingchi/Code/ws_moveit/install/kortex_description/share/kortex_description/arms/gen3/6dof/meshes/forearm_link.STL
[1.440s] -- Installing: /home/yuqingchi/Code/ws_moveit/install/kortex_description/share/kortex_description/arms/gen3/6dof/meshes/shoulder_link.STL
[1.441s] -- Installing: /home/yuqingchi/Code/ws_moveit/install/kortex_description/share/kortex_description/arms/gen3/6dof/meshes/bracelet_with_vision_link.STL
[1.444s] -- Installing: /home/yuqingchi/Code/ws_moveit/install/kortex_description/share/kortex_description/arms/gen3/6dof/meshes/base_link.STL
[1.444s] -- Installing: /home/yuqingchi/Code/ws_moveit/install/kortex_description/share/kortex_description/arms/gen3/6dof/meshes/spherical_wrist_2_link.STL
[1.445s] -- Installing: /home/yuqingchi/Code/ws_moveit/install/kortex_description/share/kortex_description/arms/gen3/6dof/meshes/bracelet_no_vision_link.STL
[1.446s] -- Installing: /home/yuqingchi/Code/ws_moveit/install/kortex_description/share/kortex_description/arms/gen3/6dof/meshes/spherical_wrist_1_link.STL
[1.447s] -- Installing: /home/yuqingchi/Code/ws_moveit/install/kortex_description/share/kortex_description/arms/gen3/6dof/urdf
[1.447s] -- Installing: /home/yuqingchi/Code/ws_moveit/install/kortex_description/share/kortex_description/arms/gen3/6dof/urdf/kortex.ros2_control.xacro
[1.447s] -- Installing: /home/yuqingchi/Code/ws_moveit/install/kortex_description/share/kortex_description/arms/gen3/6dof/urdf/gen3_macro.xacro
[1.447s] -- Installing: /home/yuqingchi/Code/ws_moveit/install/kortex_description/share/kortex_description/arms/gen3/6dof/urdf/gen3_transmission_macro.xacro
[1.447s] -- Installing: /home/yuqingchi/Code/ws_moveit/install/kortex_description/share/kortex_description/arms/gen3/6dof/config
[1.447s] -- Installing: /home/yuqingchi/Code/ws_moveit/install/kortex_description/share/kortex_description/arms/gen3/6dof/config/ros2_controllers.yaml
[1.447s] -- Installing: /home/yuqingchi/Code/ws_moveit/install/kortex_description/share/kortex_description/arms/gen3/6dof/config/gazebo_initial_joint_positions.yaml
[1.448s] -- Installing: /home/yuqingchi/Code/ws_moveit/install/kortex_description/share/kortex_description/arms/gen3/6dof/config/twist_limits.yaml
[1.448s] -- Installing: /home/yuqingchi/Code/ws_moveit/install/kortex_description/share/kortex_description/arms/gen3/6dof/config/joint_limits.yaml
[1.448s] -- Installing: /home/yuqingchi/Code/ws_moveit/install/kortex_description/share/kortex_description/arms/gen3_lite
[1.448s] -- Installing: /home/yuqingchi/Code/ws_moveit/install/kortex_description/share/kortex_description/arms/gen3_lite/6dof
[1.448s] -- Installing: /home/yuqingchi/Code/ws_moveit/install/kortex_description/share/kortex_description/arms/gen3_lite/6dof/meshes
[1.448s] -- Installing: /home/yuqingchi/Code/ws_moveit/install/kortex_description/share/kortex_description/arms/gen3_lite/6dof/meshes/forearm_link.STL
[1.449s] -- Installing: /home/yuqingchi/Code/ws_moveit/install/kortex_description/share/kortex_description/arms/gen3_lite/6dof/meshes/shoulder_link.STL
[1.449s] -- Installing: /home/yuqingchi/Code/ws_moveit/install/kortex_description/share/kortex_description/arms/gen3_lite/6dof/meshes/lower_wrist_link.STL
[1.450s] -- Installing: /home/yuqingchi/Code/ws_moveit/install/kortex_description/share/kortex_description/arms/gen3_lite/6dof/meshes/base_link.STL
[1.452s] -- Installing: /home/yuqingchi/Code/ws_moveit/install/kortex_description/share/kortex_description/arms/gen3_lite/6dof/meshes/arm_link.STL
[1.453s] -- Installing: /home/yuqingchi/Code/ws_moveit/install/kortex_description/share/kortex_description/arms/gen3_lite/6dof/meshes/upper_wrist_link.STL
[1.454s] -- Installing: /home/yuqingchi/Code/ws_moveit/install/kortex_description/share/kortex_description/arms/gen3_lite/6dof/urdf
[1.454s] -- Installing: /home/yuqingchi/Code/ws_moveit/install/kortex_description/share/kortex_description/arms/gen3_lite/6dof/urdf/gen3_lite_transmission_macro.xacro
[1.454s] -- Installing: /home/yuqingchi/Code/ws_moveit/install/kortex_description/share/kortex_description/arms/gen3_lite/6dof/urdf/kortex.ros2_control.xacro
[1.454s] -- Installing: /home/yuqingchi/Code/ws_moveit/install/kortex_description/share/kortex_description/arms/gen3_lite/6dof/urdf/gen3_lite_macro.xacro
[1.455s] -- Installing: /home/yuqingchi/Code/ws_moveit/install/kortex_description/share/kortex_description/arms/gen3_lite/6dof/config
[1.455s] -- Installing: /home/yuqingchi/Code/ws_moveit/install/kortex_description/share/kortex_description/arms/gen3_lite/6dof/config/ros2_controllers.yaml
[1.455s] -- Installing: /home/yuqingchi/Code/ws_moveit/install/kortex_description/share/kortex_description/arms/gen3_lite/6dof/config/twist_limits.yaml
[1.455s] -- Installing: /home/yuqingchi/Code/ws_moveit/install/kortex_description/share/kortex_description/arms/gen3_lite/6dof/config/joint_limits.yaml
[1.455s] -- Installing: /home/yuqingchi/Code/ws_moveit/install/kortex_description/share/kortex_description/grippers
[1.455s] -- Installing: /home/yuqingchi/Code/ws_moveit/install/kortex_description/share/kortex_description/grippers/gen3_lite_2f
[1.455s] -- Installing: /home/yuqingchi/Code/ws_moveit/install/kortex_description/share/kortex_description/grippers/gen3_lite_2f/meshes
[1.455s] -- Installing: /home/yuqingchi/Code/ws_moveit/install/kortex_description/share/kortex_description/grippers/gen3_lite_2f/meshes/gripper_base_link.STL
[1.456s] -- Installing: /home/yuqingchi/Code/ws_moveit/install/kortex_description/share/kortex_description/grippers/gen3_lite_2f/meshes/right_finger_prox_link.STL
[1.457s] -- Installing: /home/yuqingchi/Code/ws_moveit/install/kortex_description/share/kortex_description/grippers/gen3_lite_2f/meshes/left_finger_prox_link.STL
[1.458s] -- Installing: /home/yuqingchi/Code/ws_moveit/install/kortex_description/share/kortex_description/grippers/gen3_lite_2f/meshes/left_finger_dist_link.STL
[1.459s] -- Installing: /home/yuqingchi/Code/ws_moveit/install/kortex_description/share/kortex_description/grippers/gen3_lite_2f/meshes/right_finger_dist_link.STL
[1.460s] -- Installing: /home/yuqingchi/Code/ws_moveit/install/kortex_description/share/kortex_description/grippers/gen3_lite_2f/urdf
[1.460s] -- Installing: /home/yuqingchi/Code/ws_moveit/install/kortex_description/share/kortex_description/grippers/gen3_lite_2f/urdf/GEN3-LITE-GRIPPER_URDF_SIMPLIFIED_V2.urdf
[1.460s] -- Installing: /home/yuqingchi/Code/ws_moveit/install/kortex_description/share/kortex_description/grippers/gen3_lite_2f/urdf/gen3_lite_2f_transmission_macro.xacro
[1.461s] -- Installing: /home/yuqingchi/Code/ws_moveit/install/kortex_description/share/kortex_description/grippers/gen3_lite_2f/urdf/gen3_lite_2f.ros2_control.xacro
[1.461s] -- Installing: /home/yuqingchi/Code/ws_moveit/install/kortex_description/share/kortex_description/grippers/gen3_lite_2f/urdf/gen3_lite_2f_macro.xacro
[1.461s] -- Installing: /home/yuqingchi/Code/ws_moveit/install/kortex_description/share/kortex_description/grippers/gen3_lite_2f/config
[1.461s] -- Installing: /home/yuqingchi/Code/ws_moveit/install/kortex_description/share/kortex_description/grippers/gen3_lite_2f/config/joint_limits.yaml
[1.461s] -- Installing: /home/yuqingchi/Code/ws_moveit/install/kortex_description/share/kortex_description/grippers/robotiq_2f_140
[1.461s] -- Installing: /home/yuqingchi/Code/ws_moveit/install/kortex_description/share/kortex_description/grippers/robotiq_2f_140/LICENSE
[1.461s] -- Installing: /home/yuqingchi/Code/ws_moveit/install/kortex_description/share/kortex_description/grippers/robotiq_2f_140/urdf
[1.461s] -- Installing: /home/yuqingchi/Code/ws_moveit/install/kortex_description/share/kortex_description/grippers/robotiq_2f_140/urdf/robotiq_2f_140_macro.xacro
[1.461s] -- Installing: /home/yuqingchi/Code/ws_moveit/install/kortex_description/share/kortex_description/grippers/robotiq_2f_140/README.md
[1.461s] -- Installing: /home/yuqingchi/Code/ws_moveit/install/kortex_description/share/kortex_description/grippers/robotiq_2f_85
[1.461s] -- Installing: /home/yuqingchi/Code/ws_moveit/install/kortex_description/share/kortex_description/grippers/robotiq_2f_85/LICENSE
[1.461s] -- Installing: /home/yuqingchi/Code/ws_moveit/install/kortex_description/share/kortex_description/grippers/robotiq_2f_85/urdf
[1.462s] -- Installing: /home/yuqingchi/Code/ws_moveit/install/kortex_description/share/kortex_description/grippers/robotiq_2f_85/urdf/robotiq_2f_85_macro.xacro
[1.462s] -- Installing: /home/yuqingchi/Code/ws_moveit/install/kortex_description/share/kortex_description/grippers/robotiq_2f_85/README.md
[1.462s] -- Installing: /home/yuqingchi/Code/ws_moveit/install/kortex_description/share/kortex_description/launch
[1.462s] -- Installing: /home/yuqingchi/Code/ws_moveit/install/kortex_description/share/kortex_description/launch/view_robot.launch.py
[1.462s] -- Installing: /home/yuqingchi/Code/ws_moveit/install/kortex_description/share/kortex_description/multiple_robots
[1.462s] -- Installing: /home/yuqingchi/Code/ws_moveit/install/kortex_description/share/kortex_description/multiple_robots/kortex_dual_robots.xacro
[1.462s] -- Installing: /home/yuqingchi/Code/ws_moveit/install/kortex_description/share/kortex_description/robots
[1.462s] -- Installing: /home/yuqingchi/Code/ws_moveit/install/kortex_description/share/kortex_description/robots/gen3_lite.urdf
[1.462s] -- Installing: /home/yuqingchi/Code/ws_moveit/install/kortex_description/share/kortex_description/robots/gen3_robotiq_2f_140.xacro
[1.462s] -- Installing: /home/yuqingchi/Code/ws_moveit/install/kortex_description/share/kortex_description/robots/kinova.urdf.xacro
[1.462s] -- Installing: /home/yuqingchi/Code/ws_moveit/install/kortex_description/share/kortex_description/robots/gen3_robotiq_2f_85.xacro
[1.462s] -- Installing: /home/yuqingchi/Code/ws_moveit/install/kortex_description/share/kortex_description/robots/gen3.xacro
[1.463s] -- Installing: /home/yuqingchi/Code/ws_moveit/install/kortex_description/share/kortex_description/robots/gen3_2f85.urdf
[1.463s] -- Installing: /home/yuqingchi/Code/ws_moveit/install/kortex_description/share/kortex_description/robots/kortex_robot.xacro
[1.463s] -- Installing: /home/yuqingchi/Code/ws_moveit/install/kortex_description/share/kortex_description/robots/gen3_lite_gen3_lite_2f.xacro
[1.463s] -- Installing: /home/yuqingchi/Code/ws_moveit/install/kortex_description/share/kortex_description/rviz
[1.463s] -- Installing: /home/yuqingchi/Code/ws_moveit/install/kortex_description/share/kortex_description/rviz/view_robot.rviz
[1.463s] -- Installing: /home/yuqingchi/Code/ws_moveit/install/kortex_description/share/kortex_description/config
[1.463s] -- Installing: /home/yuqingchi/Code/ws_moveit/install/kortex_description/share/kortex_description/config/initial_positions.yaml
[1.463s] -- Installing: /home/yuqingchi/Code/ws_moveit/install/kortex_description/share/ament_index/resource_index/package_run_dependencies/kortex_description
[1.463s] -- Installing: /home/yuqingchi/Code/ws_moveit/install/kortex_description/share/ament_index/resource_index/parent_prefix_path/kortex_description
[1.464s] -- Installing: /home/yuqingchi/Code/ws_moveit/install/kortex_description/share/kortex_description/environment/ament_prefix_path.sh
[1.464s] -- Installing: /home/yuqingchi/Code/ws_moveit/install/kortex_description/share/kortex_description/environment/ament_prefix_path.dsv
[1.464s] -- Installing: /home/yuqingchi/Code/ws_moveit/install/kortex_description/share/kortex_description/environment/path.sh
[1.464s] -- Installing: /home/yuqingchi/Code/ws_moveit/install/kortex_description/share/kortex_description/environment/path.dsv
[1.464s] -- Installing: /home/yuqingchi/Code/ws_moveit/install/kortex_description/share/kortex_description/local_setup.bash
[1.465s] -- Installing: /home/yuqingchi/Code/ws_moveit/install/kortex_description/share/kortex_description/local_setup.sh
[1.465s] -- Installing: /home/yuqingchi/Code/ws_moveit/install/kortex_description/share/kortex_description/local_setup.zsh
[1.465s] -- Installing: /home/yuqingchi/Code/ws_moveit/install/kortex_description/share/kortex_description/local_setup.dsv
[1.465s] -- Installing: /home/yuqingchi/Code/ws_moveit/install/kortex_description/share/kortex_description/package.dsv
[1.465s] -- Installing: /home/yuqingchi/Code/ws_moveit/install/kortex_description/share/ament_index/resource_index/packages/kortex_description
[1.465s] -- Installing: /home/yuqingchi/Code/ws_moveit/install/kortex_description/share/kortex_description/cmake/kortex_descriptionConfig.cmake
[1.465s] -- Installing: /home/yuqingchi/Code/ws_moveit/install/kortex_description/share/kortex_description/cmake/kortex_descriptionConfig-version.cmake
[1.466s] -- Installing: /home/yuqingchi/Code/ws_moveit/install/kortex_description/share/kortex_description/package.xml
[1.469s] Invoked command in '/home/yuqingchi/Code/ws_moveit/build/kortex_description' returned '0': AMENT_PREFIX_PATH=/home/yuqingchi/Code/ws_moveit/install/robotiq_description:${AMENT_PREFIX_PATH} CMAKE_PREFIX_PATH=/home/yuqingchi/Code/ws_moveit/install/robotiq_description:/opt/ros/jazzy/opt/gz_math_vendor:/opt/ros/jazzy/opt/gz_utils_vendor:/opt/ros/jazzy/opt/gz_cmake_vendor:/opt/ros/jazzy DEBUGINFOD_URLS=https://debuginfod.ubuntu.com /usr/bin/cmake --install /home/yuqingchi/Code/ws_moveit/build/kortex_description
