[0.076s] Invoking command in '/home/yuqingchi/Code/ws_moveit/build/kortex_driver': AMENT_PREFIX_PATH=/home/yuqingchi/Code/ws_moveit/install/kortex_api:${AMENT_PREFIX_PATH} CMAKE_PREFIX_PATH=/home/yuqingchi/Code/ws_moveit/install/kortex_api:/opt/ros/jazzy/opt/gz_sim_vendor:/opt/ros/jazzy/opt/gz_sensors_vendor:/opt/ros/jazzy/opt/gz_physics_vendor:/opt/ros/jazzy/opt/sdformat_vendor:/opt/ros/jazzy/opt/gz_gui_vendor:/opt/ros/jazzy/opt/gz_transport_vendor:/opt/ros/jazzy/opt/gz_rendering_vendor:/opt/ros/jazzy/opt/gz_plugin_vendor:/opt/ros/jazzy/opt/gz_fuel_tools_vendor:/opt/ros/jazzy/opt/gz_msgs_vendor:/opt/ros/jazzy/opt/gz_common_vendor:/opt/ros/jazzy/opt/gz_math_vendor:/opt/ros/jazzy/opt/gz_utils_vendor:/opt/ros/jazzy/opt/gz_tools_vendor:/opt/ros/jazzy/opt/gz_ogre_next_vendor:/opt/ros/jazzy/opt/gz_dartsim_vendor:/opt/ros/jazzy/opt/gz_cmake_vendor:/opt/ros/jazzy DEBUGINFOD_URLS=https://debuginfod.ubuntu.com /usr/bin/cmake --build /home/yuqingchi/Code/ws_moveit/build/kortex_driver -- -j16 -l16
[0.144s] [100%] Built target kortex_driver
[0.162s] Invoked command in '/home/yuqingchi/Code/ws_moveit/build/kortex_driver' returned '0': AMENT_PREFIX_PATH=/home/yuqingchi/Code/ws_moveit/install/kortex_api:${AMENT_PREFIX_PATH} CMAKE_PREFIX_PATH=/home/yuqingchi/Code/ws_moveit/install/kortex_api:/opt/ros/jazzy/opt/gz_sim_vendor:/opt/ros/jazzy/opt/gz_sensors_vendor:/opt/ros/jazzy/opt/gz_physics_vendor:/opt/ros/jazzy/opt/sdformat_vendor:/opt/ros/jazzy/opt/gz_gui_vendor:/opt/ros/jazzy/opt/gz_transport_vendor:/opt/ros/jazzy/opt/gz_rendering_vendor:/opt/ros/jazzy/opt/gz_plugin_vendor:/opt/ros/jazzy/opt/gz_fuel_tools_vendor:/opt/ros/jazzy/opt/gz_msgs_vendor:/opt/ros/jazzy/opt/gz_common_vendor:/opt/ros/jazzy/opt/gz_math_vendor:/opt/ros/jazzy/opt/gz_utils_vendor:/opt/ros/jazzy/opt/gz_tools_vendor:/opt/ros/jazzy/opt/gz_ogre_next_vendor:/opt/ros/jazzy/opt/gz_dartsim_vendor:/opt/ros/jazzy/opt/gz_cmake_vendor:/opt/ros/jazzy DEBUGINFOD_URLS=https://debuginfod.ubuntu.com /usr/bin/cmake --build /home/yuqingchi/Code/ws_moveit/build/kortex_driver -- -j16 -l16
[0.162s] Invoking command in '/home/yuqingchi/Code/ws_moveit/build/kortex_driver': AMENT_PREFIX_PATH=/home/yuqingchi/Code/ws_moveit/install/kortex_api:${AMENT_PREFIX_PATH} CMAKE_PREFIX_PATH=/home/yuqingchi/Code/ws_moveit/install/kortex_api:/opt/ros/jazzy/opt/gz_sim_vendor:/opt/ros/jazzy/opt/gz_sensors_vendor:/opt/ros/jazzy/opt/gz_physics_vendor:/opt/ros/jazzy/opt/sdformat_vendor:/opt/ros/jazzy/opt/gz_gui_vendor:/opt/ros/jazzy/opt/gz_transport_vendor:/opt/ros/jazzy/opt/gz_rendering_vendor:/opt/ros/jazzy/opt/gz_plugin_vendor:/opt/ros/jazzy/opt/gz_fuel_tools_vendor:/opt/ros/jazzy/opt/gz_msgs_vendor:/opt/ros/jazzy/opt/gz_common_vendor:/opt/ros/jazzy/opt/gz_math_vendor:/opt/ros/jazzy/opt/gz_utils_vendor:/opt/ros/jazzy/opt/gz_tools_vendor:/opt/ros/jazzy/opt/gz_ogre_next_vendor:/opt/ros/jazzy/opt/gz_dartsim_vendor:/opt/ros/jazzy/opt/gz_cmake_vendor:/opt/ros/jazzy DEBUGINFOD_URLS=https://debuginfod.ubuntu.com /usr/bin/cmake --install /home/yuqingchi/Code/ws_moveit/build/kortex_driver
[0.167s] -- Install configuration: ""
[0.167s] -- Up-to-date: /home/yuqingchi/Code/ws_moveit/install/kortex_driver/share/kortex_driver/hardware_interface_plugin.xml
[0.168s] -- Up-to-date: /home/yuqingchi/Code/ws_moveit/install/kortex_driver/lib/libkortex_driver.so
[0.168s] -- Up-to-date: /home/yuqingchi/Code/ws_moveit/install/kortex_driver/include
[0.168s] -- Up-to-date: /home/yuqingchi/Code/ws_moveit/install/kortex_driver/include/kortex_driver
[0.168s] -- Up-to-date: /home/yuqingchi/Code/ws_moveit/install/kortex_driver/include/kortex_driver/kortex_math_util.hpp
[0.168s] -- Up-to-date: /home/yuqingchi/Code/ws_moveit/install/kortex_driver/include/kortex_driver/hardware_interface.hpp
[0.168s] -- Up-to-date: /home/yuqingchi/Code/ws_moveit/install/kortex_driver/include/kortex_driver/visibility_control.h
[0.168s] -- Up-to-date: /home/yuqingchi/Code/ws_moveit/install/kortex_driver/share/kortex_driver/environment/library_path.sh
[0.168s] -- Up-to-date: /home/yuqingchi/Code/ws_moveit/install/kortex_driver/share/kortex_driver/environment/library_path.dsv
[0.168s] -- Up-to-date: /home/yuqingchi/Code/ws_moveit/install/kortex_driver/share/ament_index/resource_index/package_run_dependencies/kortex_driver
[0.168s] -- Up-to-date: /home/yuqingchi/Code/ws_moveit/install/kortex_driver/share/ament_index/resource_index/parent_prefix_path/kortex_driver
[0.168s] -- Up-to-date: /home/yuqingchi/Code/ws_moveit/install/kortex_driver/share/kortex_driver/environment/ament_prefix_path.sh
[0.168s] -- Up-to-date: /home/yuqingchi/Code/ws_moveit/install/kortex_driver/share/kortex_driver/environment/ament_prefix_path.dsv
[0.168s] -- Up-to-date: /home/yuqingchi/Code/ws_moveit/install/kortex_driver/share/kortex_driver/environment/path.sh
[0.168s] -- Up-to-date: /home/yuqingchi/Code/ws_moveit/install/kortex_driver/share/kortex_driver/environment/path.dsv
[0.168s] -- Up-to-date: /home/yuqingchi/Code/ws_moveit/install/kortex_driver/share/kortex_driver/local_setup.bash
[0.168s] -- Up-to-date: /home/yuqingchi/Code/ws_moveit/install/kortex_driver/share/kortex_driver/local_setup.sh
[0.168s] -- Up-to-date: /home/yuqingchi/Code/ws_moveit/install/kortex_driver/share/kortex_driver/local_setup.zsh
[0.168s] -- Up-to-date: /home/yuqingchi/Code/ws_moveit/install/kortex_driver/share/kortex_driver/local_setup.dsv
[0.168s] -- Installing: /home/yuqingchi/Code/ws_moveit/install/kortex_driver/share/kortex_driver/package.dsv
[0.168s] -- Up-to-date: /home/yuqingchi/Code/ws_moveit/install/kortex_driver/share/ament_index/resource_index/packages/kortex_driver
[0.168s] -- Up-to-date: /home/yuqingchi/Code/ws_moveit/install/kortex_driver/share/ament_index/resource_index/hardware_interface__pluginlib__plugin/kortex_driver
[0.168s] -- Up-to-date: /home/yuqingchi/Code/ws_moveit/install/kortex_driver/share/kortex_driver/cmake/ament_cmake_export_include_directories-extras.cmake
[0.168s] -- Up-to-date: /home/yuqingchi/Code/ws_moveit/install/kortex_driver/share/kortex_driver/cmake/ament_cmake_export_libraries-extras.cmake
[0.168s] -- Up-to-date: /home/yuqingchi/Code/ws_moveit/install/kortex_driver/share/kortex_driver/cmake/ament_cmake_export_dependencies-extras.cmake
[0.169s] -- Up-to-date: /home/yuqingchi/Code/ws_moveit/install/kortex_driver/share/kortex_driver/cmake/kortex_driverConfig.cmake
[0.169s] -- Up-to-date: /home/yuqingchi/Code/ws_moveit/install/kortex_driver/share/kortex_driver/cmake/kortex_driverConfig-version.cmake
[0.169s] -- Up-to-date: /home/yuqingchi/Code/ws_moveit/install/kortex_driver/share/kortex_driver/package.xml
[0.169s] Invoked command in '/home/yuqingchi/Code/ws_moveit/build/kortex_driver' returned '0': AMENT_PREFIX_PATH=/home/yuqingchi/Code/ws_moveit/install/kortex_api:${AMENT_PREFIX_PATH} CMAKE_PREFIX_PATH=/home/yuqingchi/Code/ws_moveit/install/kortex_api:/opt/ros/jazzy/opt/gz_sim_vendor:/opt/ros/jazzy/opt/gz_sensors_vendor:/opt/ros/jazzy/opt/gz_physics_vendor:/opt/ros/jazzy/opt/sdformat_vendor:/opt/ros/jazzy/opt/gz_gui_vendor:/opt/ros/jazzy/opt/gz_transport_vendor:/opt/ros/jazzy/opt/gz_rendering_vendor:/opt/ros/jazzy/opt/gz_plugin_vendor:/opt/ros/jazzy/opt/gz_fuel_tools_vendor:/opt/ros/jazzy/opt/gz_msgs_vendor:/opt/ros/jazzy/opt/gz_common_vendor:/opt/ros/jazzy/opt/gz_math_vendor:/opt/ros/jazzy/opt/gz_utils_vendor:/opt/ros/jazzy/opt/gz_tools_vendor:/opt/ros/jazzy/opt/gz_ogre_next_vendor:/opt/ros/jazzy/opt/gz_dartsim_vendor:/opt/ros/jazzy/opt/gz_cmake_vendor:/opt/ros/jazzy DEBUGINFOD_URLS=https://debuginfod.ubuntu.com /usr/bin/cmake --install /home/yuqingchi/Code/ws_moveit/build/kortex_driver
