[0.009s] Invoking command in '/home/yuqingchi/Code/ws_moveit/build/kortex_api': CMAKE_PREFIX_PATH=${CMAKE_PREFIX_PATH}:/opt/ros/jazzy DEBUGINFOD_URLS=https://debuginfod.ubuntu.com /usr/bin/cmake /home/yuqingchi/Code/ws_moveit/src/ros2_kortex/kortex_api -DCMAKE_INSTALL_PREFIX=/home/yuqingchi/Code/ws_moveit/install/kortex_api
[0.048s] [33mCMake Warning (dev) at /usr/share/cmake-3.28/Modules/FetchContent.cmake:1331 (message):
[0.048s]   The DOWNLOAD_EXTRACT_TIMESTAMP option was not given and policy CMP0135 is
[0.048s]   not set.  The policy's OLD behavior will be used.  When using a URL
[0.048s]   download, the timestamps of extracted files should preferably be that of
[0.048s]   the time of extraction, otherwise code that depends on the extracted
[0.048s]   contents might not be rebuilt if the URL changes.  The OLD behavior
[0.048s]   preserves the timestamps from the archive instead, but this is usually not
[0.049s]   what you want.  Update your project to the NEW behavior or specify the
[0.049s]   DOWNLOAD_EXTRACT_TIMESTAMP option with a value of true to avoid this
[0.049s]   robustness issue.
[0.049s] Call Stack (most recent call first):
[0.049s]   CMakeLists.txt:4 (FetchContent_Declare)
[0.049s] This warning is for project developers.  Use -Wno-dev to suppress it.
[0.049s] [0m
[11.129s] -- The C compiler identification is GNU 13.3.0
[11.253s] -- The CXX compiler identification is GNU 13.3.0
[11.286s] -- Detecting C compiler ABI info
[11.442s] -- Detecting C compiler ABI info - done
[11.463s] -- Check for working C compiler: /usr/bin/cc - skipped
[11.464s] -- Detecting C compile features
[11.465s] -- Detecting C compile features - done
[11.483s] -- Detecting CXX compiler ABI info
[11.641s] -- Detecting CXX compiler ABI info - done
[11.660s] -- Check for working CXX compiler: /usr/bin/c++ - skipped
[11.660s] -- Detecting CXX compile features
[11.661s] -- Detecting CXX compile features - done
[11.667s] -- Found ament_cmake: 2.5.4 (/opt/ros/jazzy/share/ament_cmake/cmake)
[11.911s] -- Found Python3: /usr/bin/python3 (found version "3.12.3") found components: Interpreter 
[12.227s] -- Configuring done (12.2s)
[12.232s] -- Generating done (0.0s)
[12.234s] -- Build files have been written to: /home/yuqingchi/Code/ws_moveit/build/kortex_api
[12.245s] Invoked command in '/home/yuqingchi/Code/ws_moveit/build/kortex_api' returned '0': CMAKE_PREFIX_PATH=${CMAKE_PREFIX_PATH}:/opt/ros/jazzy DEBUGINFOD_URLS=https://debuginfod.ubuntu.com /usr/bin/cmake /home/yuqingchi/Code/ws_moveit/src/ros2_kortex/kortex_api -DCMAKE_INSTALL_PREFIX=/home/yuqingchi/Code/ws_moveit/install/kortex_api
[12.248s] Invoking command in '/home/yuqingchi/Code/ws_moveit/build/kortex_api': CMAKE_PREFIX_PATH=${CMAKE_PREFIX_PATH}:/opt/ros/jazzy DEBUGINFOD_URLS=https://debuginfod.ubuntu.com /usr/bin/cmake --build /home/yuqingchi/Code/ws_moveit/build/kortex_api -- -j16 -l16
[12.314s] Invoked command in '/home/yuqingchi/Code/ws_moveit/build/kortex_api' returned '0': CMAKE_PREFIX_PATH=${CMAKE_PREFIX_PATH}:/opt/ros/jazzy DEBUGINFOD_URLS=https://debuginfod.ubuntu.com /usr/bin/cmake --build /home/yuqingchi/Code/ws_moveit/build/kortex_api -- -j16 -l16
[12.332s] Invoking command in '/home/yuqingchi/Code/ws_moveit/build/kortex_api': CMAKE_PREFIX_PATH=${CMAKE_PREFIX_PATH}:/opt/ros/jazzy DEBUGINFOD_URLS=https://debuginfod.ubuntu.com /usr/bin/cmake --install /home/yuqingchi/Code/ws_moveit/build/kortex_api
[12.344s] -- Install configuration: ""
[12.345s] -- Installing: /home/yuqingchi/Code/ws_moveit/install/kortex_api/include/kortex_api
[12.345s] -- Installing: /home/yuqingchi/Code/ws_moveit/install/kortex_api/include/kortex_api/ITransportClient.h
[12.345s] -- Installing: /home/yuqingchi/Code/ws_moveit/install/kortex_api/include/kortex_api/SessionManager.h
[12.345s] -- Installing: /home/yuqingchi/Code/ws_moveit/install/kortex_api/include/kortex_api/TransportClientUdp.h
[12.345s] -- Installing: /home/yuqingchi/Code/ws_moveit/install/kortex_api/include/kortex_api/TransportClientTcp.h
[12.345s] -- Installing: /home/yuqingchi/Code/ws_moveit/install/kortex_api/include/kortex_api/NotificationHandler.h
[12.346s] -- Installing: /home/yuqingchi/Code/ws_moveit/install/kortex_api/include/kortex_api/version.h
[12.346s] -- Installing: /home/yuqingchi/Code/ws_moveit/install/kortex_api/include/kortex_api/IRouterClient.h
[12.346s] -- Installing: /home/yuqingchi/Code/ws_moveit/install/kortex_api/include/kortex_api/FrameHandler.h
[12.346s] -- Installing: /home/yuqingchi/Code/ws_moveit/install/kortex_api/include/kortex_api/RouterClient.h
[12.346s] -- Up-to-date: /home/yuqingchi/Code/ws_moveit/install/kortex_api/include/kortex_api
[12.346s] -- Installing: /home/yuqingchi/Code/ws_moveit/install/kortex_api/include/kortex_api/KError.h
[12.346s] -- Installing: /home/yuqingchi/Code/ws_moveit/install/kortex_api/include/kortex_api/TransportBridgeDummy.h
[12.346s] -- Installing: /home/yuqingchi/Code/ws_moveit/install/kortex_api/include/kortex_api/HeaderInfo.h
[12.347s] -- Installing: /home/yuqingchi/Code/ws_moveit/install/kortex_api/include/kortex_api/Frame.h
[12.347s] -- Up-to-date: /home/yuqingchi/Code/ws_moveit/install/kortex_api/include/kortex_api/version.h
[12.347s] -- Installing: /home/yuqingchi/Code/ws_moveit/install/kortex_api/include/kortex_api/KDetailedException.h
[12.347s] -- Installing: /home/yuqingchi/Code/ws_moveit/install/kortex_api/include/kortex_api/KinovaTcpUtilities.h
[12.347s] -- Installing: /home/yuqingchi/Code/ws_moveit/install/kortex_api/include/kortex_api/KBasicException.h
[12.347s] -- Up-to-date: /home/yuqingchi/Code/ws_moveit/install/kortex_api/include/kortex_api
[12.347s] -- Installing: /home/yuqingchi/Code/ws_moveit/install/kortex_api/include/kortex_api/Errors.pb.h
[12.347s] -- Installing: /home/yuqingchi/Code/ws_moveit/install/kortex_api/include/kortex_api/InterconnectCyclicMessage.pb.h
[12.348s] -- Installing: /home/yuqingchi/Code/ws_moveit/install/kortex_api/include/kortex_api/Session.pb.h
[12.348s] -- Installing: /home/yuqingchi/Code/ws_moveit/install/kortex_api/include/kortex_api/Test.pb.h
[12.348s] -- Installing: /home/yuqingchi/Code/ws_moveit/install/kortex_api/include/kortex_api/Base.pb.h
[12.349s] -- Installing: /home/yuqingchi/Code/ws_moveit/install/kortex_api/include/kortex_api/DeviceConfig.pb.h
[12.349s] -- Installing: /home/yuqingchi/Code/ws_moveit/install/kortex_api/include/kortex_api/ProductConfiguration.pb.h
[12.349s] -- Installing: /home/yuqingchi/Code/ws_moveit/install/kortex_api/include/kortex_api/BaseCyclic.pb.h
[12.350s] -- Installing: /home/yuqingchi/Code/ws_moveit/install/kortex_api/include/kortex_api/InterconnectConfig.pb.h
[12.350s] -- Installing: /home/yuqingchi/Code/ws_moveit/install/kortex_api/include/kortex_api/ActuatorCyclic.pb.h
[12.350s] -- Installing: /home/yuqingchi/Code/ws_moveit/install/kortex_api/include/kortex_api/Common.pb.h
[12.351s] -- Installing: /home/yuqingchi/Code/ws_moveit/install/kortex_api/include/kortex_api/GripperCyclic.pb.h
[12.351s] -- Installing: /home/yuqingchi/Code/ws_moveit/install/kortex_api/include/kortex_api/GripperConfig.pb.h
[12.351s] -- Installing: /home/yuqingchi/Code/ws_moveit/install/kortex_api/include/kortex_api/Frame.pb.h
[12.351s] -- Installing: /home/yuqingchi/Code/ws_moveit/install/kortex_api/include/kortex_api/VisionConfig.pb.h
[12.351s] -- Installing: /home/yuqingchi/Code/ws_moveit/install/kortex_api/include/kortex_api/ControlConfig.pb.h
[12.351s] -- Installing: /home/yuqingchi/Code/ws_moveit/install/kortex_api/include/kortex_api/GripperCyclicMessage.pb.h
[12.351s] -- Installing: /home/yuqingchi/Code/ws_moveit/install/kortex_api/include/kortex_api/InterconnectCyclic.pb.h
[12.352s] -- Installing: /home/yuqingchi/Code/ws_moveit/install/kortex_api/include/kortex_api/DeviceManager.pb.h
[12.352s] -- Installing: /home/yuqingchi/Code/ws_moveit/install/kortex_api/include/kortex_api/ActuatorConfig.pb.h
[12.352s] -- Up-to-date: /home/yuqingchi/Code/ws_moveit/install/kortex_api/include/kortex_api
[12.352s] -- Installing: /home/yuqingchi/Code/ws_moveit/install/kortex_api/include/kortex_api/DeviceConfigClientRpc.h
[12.352s] -- Installing: /home/yuqingchi/Code/ws_moveit/install/kortex_api/include/kortex_api/BaseClientRpc.h
[12.352s] -- Installing: /home/yuqingchi/Code/ws_moveit/install/kortex_api/include/kortex_api/InterconnectConfigClientRpc.h
[12.353s] -- Installing: /home/yuqingchi/Code/ws_moveit/install/kortex_api/include/kortex_api/ControlConfigClientRpc.h
[12.353s] -- Installing: /home/yuqingchi/Code/ws_moveit/install/kortex_api/include/kortex_api/VisionConfigClientRpc.h
[12.353s] -- Installing: /home/yuqingchi/Code/ws_moveit/install/kortex_api/include/kortex_api/BaseCyclicClientRpc.h
[12.353s] -- Installing: /home/yuqingchi/Code/ws_moveit/install/kortex_api/include/kortex_api/GripperCyclicClientRpc.h
[12.353s] -- Installing: /home/yuqingchi/Code/ws_moveit/install/kortex_api/include/kortex_api/TestClientRpc.h
[12.353s] -- Installing: /home/yuqingchi/Code/ws_moveit/install/kortex_api/include/kortex_api/ActuatorConfigClientRpc.h
[12.353s] -- Installing: /home/yuqingchi/Code/ws_moveit/install/kortex_api/include/kortex_api/SessionClientRpc.h
[12.353s] -- Installing: /home/yuqingchi/Code/ws_moveit/install/kortex_api/include/kortex_api/DeviceManagerClientRpc.h
[12.354s] -- Installing: /home/yuqingchi/Code/ws_moveit/install/kortex_api/include/kortex_api/ActuatorCyclicClientRpc.h
[12.354s] -- Installing: /home/yuqingchi/Code/ws_moveit/install/kortex_api/include/kortex_api/InterconnectCyclicClientRpc.h
[12.354s] -- Installing: /home/yuqingchi/Code/ws_moveit/install/kortex_api/include/kortex_api/google/protobuf
[12.354s] -- Installing: /home/yuqingchi/Code/ws_moveit/install/kortex_api/include/kortex_api/google/protobuf/duration.pb.h
[12.354s] -- Installing: /home/yuqingchi/Code/ws_moveit/install/kortex_api/include/kortex_api/google/protobuf/unknown_field_set.h
[12.354s] -- Installing: /home/yuqingchi/Code/ws_moveit/install/kortex_api/include/kortex_api/google/protobuf/wire_format_lite_inl.h
[12.354s] -- Installing: /home/yuqingchi/Code/ws_moveit/install/kortex_api/include/kortex_api/google/protobuf/map_field_inl.h
[12.355s] -- Installing: /home/yuqingchi/Code/ws_moveit/install/kortex_api/include/kortex_api/google/protobuf/message.h
[12.355s] -- Installing: /home/yuqingchi/Code/ws_moveit/install/kortex_api/include/kortex_api/google/protobuf/wire_format.h
[12.355s] -- Installing: /home/yuqingchi/Code/ws_moveit/install/kortex_api/include/kortex_api/google/protobuf/any.pb.h
[12.355s] -- Installing: /home/yuqingchi/Code/ws_moveit/install/kortex_api/include/kortex_api/google/protobuf/map_entry.h
[12.355s] -- Installing: /home/yuqingchi/Code/ws_moveit/install/kortex_api/include/kortex_api/google/protobuf/map_field_lite.h
[12.355s] -- Installing: /home/yuqingchi/Code/ws_moveit/install/kortex_api/include/kortex_api/google/protobuf/field_mask.pb.h
[12.355s] -- Installing: /home/yuqingchi/Code/ws_moveit/install/kortex_api/include/kortex_api/google/protobuf/descriptor.pb.h
[12.356s] -- Installing: /home/yuqingchi/Code/ws_moveit/install/kortex_api/include/kortex_api/google/protobuf/util
[12.356s] -- Installing: /home/yuqingchi/Code/ws_moveit/install/kortex_api/include/kortex_api/google/protobuf/util/time_util.h
[12.356s] -- Installing: /home/yuqingchi/Code/ws_moveit/install/kortex_api/include/kortex_api/google/protobuf/util/field_comparator.h
[12.356s] -- Installing: /home/yuqingchi/Code/ws_moveit/install/kortex_api/include/kortex_api/google/protobuf/util/field_mask_util.h
[12.356s] -- Installing: /home/yuqingchi/Code/ws_moveit/install/kortex_api/include/kortex_api/google/protobuf/util/delimited_message_util.h
[12.357s] -- Installing: /home/yuqingchi/Code/ws_moveit/install/kortex_api/include/kortex_api/google/protobuf/util/message_differencer.h
[12.357s] -- Installing: /home/yuqingchi/Code/ws_moveit/install/kortex_api/include/kortex_api/google/protobuf/util/json_util.h
[12.357s] -- Installing: /home/yuqingchi/Code/ws_moveit/install/kortex_api/include/kortex_api/google/protobuf/util/type_resolver.h
[12.357s] -- Installing: /home/yuqingchi/Code/ws_moveit/install/kortex_api/include/kortex_api/google/protobuf/util/type_resolver_util.h
[12.357s] -- Installing: /home/yuqingchi/Code/ws_moveit/install/kortex_api/include/kortex_api/google/protobuf/arena.h
[12.357s] -- Installing: /home/yuqingchi/Code/ws_moveit/install/kortex_api/include/kortex_api/google/protobuf/metadata_lite.h
[12.357s] -- Installing: /home/yuqingchi/Code/ws_moveit/install/kortex_api/include/kortex_api/google/protobuf/wrappers.pb.h
[12.358s] -- Installing: /home/yuqingchi/Code/ws_moveit/install/kortex_api/include/kortex_api/google/protobuf/extension_set.h
[12.358s] -- Installing: /home/yuqingchi/Code/ws_moveit/install/kortex_api/include/kortex_api/google/protobuf/has_bits.h
[12.358s] -- Installing: /home/yuqingchi/Code/ws_moveit/install/kortex_api/include/kortex_api/google/protobuf/reflection.h
[12.358s] -- Installing: /home/yuqingchi/Code/ws_moveit/install/kortex_api/include/kortex_api/google/protobuf/descriptor.h
[12.358s] -- Installing: /home/yuqingchi/Code/ws_moveit/install/kortex_api/include/kortex_api/google/protobuf/service.h
[12.358s] -- Installing: /home/yuqingchi/Code/ws_moveit/install/kortex_api/include/kortex_api/google/protobuf/repeated_field.h
[12.358s] -- Installing: /home/yuqingchi/Code/ws_moveit/install/kortex_api/include/kortex_api/google/protobuf/arenastring.h
[12.358s] -- Installing: /home/yuqingchi/Code/ws_moveit/install/kortex_api/include/kortex_api/google/protobuf/any.h
[12.359s] -- Installing: /home/yuqingchi/Code/ws_moveit/install/kortex_api/include/kortex_api/google/protobuf/generated_message_reflection.h
[12.359s] -- Installing: /home/yuqingchi/Code/ws_moveit/install/kortex_api/include/kortex_api/google/protobuf/generated_enum_reflection.h
[12.359s] -- Installing: /home/yuqingchi/Code/ws_moveit/install/kortex_api/include/kortex_api/google/protobuf/reflection_ops.h
[12.359s] -- Installing: /home/yuqingchi/Code/ws_moveit/install/kortex_api/include/kortex_api/google/protobuf/wire_format_lite.h
[12.359s] -- Installing: /home/yuqingchi/Code/ws_moveit/install/kortex_api/include/kortex_api/google/protobuf/empty.pb.h
[12.359s] -- Installing: /home/yuqingchi/Code/ws_moveit/install/kortex_api/include/kortex_api/google/protobuf/map.h
[12.359s] -- Installing: /home/yuqingchi/Code/ws_moveit/install/kortex_api/include/kortex_api/google/protobuf/dynamic_message.h
[12.360s] -- Installing: /home/yuqingchi/Code/ws_moveit/install/kortex_api/include/kortex_api/google/protobuf/compiler
[12.360s] -- Installing: /home/yuqingchi/Code/ws_moveit/install/kortex_api/include/kortex_api/google/protobuf/compiler/php
[12.360s] -- Installing: /home/yuqingchi/Code/ws_moveit/install/kortex_api/include/kortex_api/google/protobuf/compiler/php/php_generator.h
[12.360s] -- Installing: /home/yuqingchi/Code/ws_moveit/install/kortex_api/include/kortex_api/google/protobuf/compiler/js
[12.360s] -- Installing: /home/yuqingchi/Code/ws_moveit/install/kortex_api/include/kortex_api/google/protobuf/compiler/js/well_known_types_embed.h
[12.360s] -- Installing: /home/yuqingchi/Code/ws_moveit/install/kortex_api/include/kortex_api/google/protobuf/compiler/js/js_generator.h
[12.360s] -- Installing: /home/yuqingchi/Code/ws_moveit/install/kortex_api/include/kortex_api/google/protobuf/compiler/ruby
[12.360s] -- Installing: /home/yuqingchi/Code/ws_moveit/install/kortex_api/include/kortex_api/google/protobuf/compiler/ruby/ruby_generator.h
[12.361s] -- Installing: /home/yuqingchi/Code/ws_moveit/install/kortex_api/include/kortex_api/google/protobuf/compiler/objectivec
[12.361s] -- Installing: /home/yuqingchi/Code/ws_moveit/install/kortex_api/include/kortex_api/google/protobuf/compiler/objectivec/objectivec_generator.h
[12.361s] -- Installing: /home/yuqingchi/Code/ws_moveit/install/kortex_api/include/kortex_api/google/protobuf/compiler/objectivec/objectivec_helpers.h
[12.361s] -- Installing: /home/yuqingchi/Code/ws_moveit/install/kortex_api/include/kortex_api/google/protobuf/compiler/code_generator.h
[12.361s] -- Installing: /home/yuqingchi/Code/ws_moveit/install/kortex_api/include/kortex_api/google/protobuf/compiler/importer.h
[12.361s] -- Installing: /home/yuqingchi/Code/ws_moveit/install/kortex_api/include/kortex_api/google/protobuf/compiler/java
[12.361s] -- Installing: /home/yuqingchi/Code/ws_moveit/install/kortex_api/include/kortex_api/google/protobuf/compiler/java/java_generator.h
[12.361s] -- Installing: /home/yuqingchi/Code/ws_moveit/install/kortex_api/include/kortex_api/google/protobuf/compiler/java/java_names.h
[12.362s] -- Installing: /home/yuqingchi/Code/ws_moveit/install/kortex_api/include/kortex_api/google/protobuf/compiler/javanano
[12.362s] -- Installing: /home/yuqingchi/Code/ws_moveit/install/kortex_api/include/kortex_api/google/protobuf/compiler/javanano/javanano_generator.h
[12.362s] -- Installing: /home/yuqingchi/Code/ws_moveit/install/kortex_api/include/kortex_api/google/protobuf/compiler/plugin.pb.h
[12.362s] -- Installing: /home/yuqingchi/Code/ws_moveit/install/kortex_api/include/kortex_api/google/protobuf/compiler/plugin.h
[12.362s] -- Installing: /home/yuqingchi/Code/ws_moveit/install/kortex_api/include/kortex_api/google/protobuf/compiler/csharp
[12.362s] -- Installing: /home/yuqingchi/Code/ws_moveit/install/kortex_api/include/kortex_api/google/protobuf/compiler/csharp/csharp_names.h
[12.362s] -- Installing: /home/yuqingchi/Code/ws_moveit/install/kortex_api/include/kortex_api/google/protobuf/compiler/csharp/csharp_generator.h
[12.362s] -- Installing: /home/yuqingchi/Code/ws_moveit/install/kortex_api/include/kortex_api/google/protobuf/compiler/command_line_interface.h
[12.363s] -- Installing: /home/yuqingchi/Code/ws_moveit/install/kortex_api/include/kortex_api/google/protobuf/compiler/parser.h
[12.363s] -- Installing: /home/yuqingchi/Code/ws_moveit/install/kortex_api/include/kortex_api/google/protobuf/compiler/cpp
[12.363s] -- Installing: /home/yuqingchi/Code/ws_moveit/install/kortex_api/include/kortex_api/google/protobuf/compiler/cpp/cpp_generator.h
[12.363s] -- Installing: /home/yuqingchi/Code/ws_moveit/install/kortex_api/include/kortex_api/google/protobuf/compiler/python
[12.363s] -- Installing: /home/yuqingchi/Code/ws_moveit/install/kortex_api/include/kortex_api/google/protobuf/compiler/python/python_generator.h
[12.363s] -- Installing: /home/yuqingchi/Code/ws_moveit/install/kortex_api/include/kortex_api/google/protobuf/source_context.pb.h
[12.363s] -- Installing: /home/yuqingchi/Code/ws_moveit/install/kortex_api/include/kortex_api/google/protobuf/metadata.h
[12.363s] -- Installing: /home/yuqingchi/Code/ws_moveit/install/kortex_api/include/kortex_api/google/protobuf/api.pb.h
[12.364s] -- Installing: /home/yuqingchi/Code/ws_moveit/install/kortex_api/include/kortex_api/google/protobuf/generated_enum_util.h
[12.364s] -- Installing: /home/yuqingchi/Code/ws_moveit/install/kortex_api/include/kortex_api/google/protobuf/stubs
[12.364s] -- Installing: /home/yuqingchi/Code/ws_moveit/install/kortex_api/include/kortex_api/google/protobuf/stubs/atomicops_internals_arm_qnx.h
[12.364s] -- Installing: /home/yuqingchi/Code/ws_moveit/install/kortex_api/include/kortex_api/google/protobuf/stubs/atomicops_internals_solaris.h
[12.364s] -- Installing: /home/yuqingchi/Code/ws_moveit/install/kortex_api/include/kortex_api/google/protobuf/stubs/platform_macros.h
[12.364s] -- Installing: /home/yuqingchi/Code/ws_moveit/install/kortex_api/include/kortex_api/google/protobuf/stubs/singleton.h
[12.364s] -- Installing: /home/yuqingchi/Code/ws_moveit/install/kortex_api/include/kortex_api/google/protobuf/stubs/mutex.h
[12.364s] -- Installing: /home/yuqingchi/Code/ws_moveit/install/kortex_api/include/kortex_api/google/protobuf/stubs/atomicops_internals_ppc_gcc.h
[12.365s] -- Installing: /home/yuqingchi/Code/ws_moveit/install/kortex_api/include/kortex_api/google/protobuf/stubs/fastmem.h
[12.365s] -- Installing: /home/yuqingchi/Code/ws_moveit/install/kortex_api/include/kortex_api/google/protobuf/stubs/atomicops_internals_arm_gcc.h
[12.365s] -- Installing: /home/yuqingchi/Code/ws_moveit/install/kortex_api/include/kortex_api/google/protobuf/stubs/atomicops_internals_power.h
[12.365s] -- Installing: /home/yuqingchi/Code/ws_moveit/install/kortex_api/include/kortex_api/google/protobuf/stubs/atomicops_internals_x86_msvc.h
[12.365s] -- Installing: /home/yuqingchi/Code/ws_moveit/install/kortex_api/include/kortex_api/google/protobuf/stubs/atomicops_internals_generic_gcc.h
[12.365s] -- Installing: /home/yuqingchi/Code/ws_moveit/install/kortex_api/include/kortex_api/google/protobuf/stubs/atomic_sequence_num.h
[12.365s] -- Installing: /home/yuqingchi/Code/ws_moveit/install/kortex_api/include/kortex_api/google/protobuf/stubs/type_traits.h
[12.365s] -- Installing: /home/yuqingchi/Code/ws_moveit/install/kortex_api/include/kortex_api/google/protobuf/stubs/scoped_ptr.h
[12.366s] -- Installing: /home/yuqingchi/Code/ws_moveit/install/kortex_api/include/kortex_api/google/protobuf/stubs/shared_ptr.h
[12.366s] -- Installing: /home/yuqingchi/Code/ws_moveit/install/kortex_api/include/kortex_api/google/protobuf/stubs/casts.h
[12.366s] -- Installing: /home/yuqingchi/Code/ws_moveit/install/kortex_api/include/kortex_api/google/protobuf/stubs/port.h
[12.366s] -- Installing: /home/yuqingchi/Code/ws_moveit/install/kortex_api/include/kortex_api/google/protobuf/stubs/common.h
[12.366s] -- Installing: /home/yuqingchi/Code/ws_moveit/install/kortex_api/include/kortex_api/google/protobuf/stubs/atomicops_internals_arm64_gcc.h
[12.366s] -- Installing: /home/yuqingchi/Code/ws_moveit/install/kortex_api/include/kortex_api/google/protobuf/stubs/logging.h
[12.366s] -- Installing: /home/yuqingchi/Code/ws_moveit/install/kortex_api/include/kortex_api/google/protobuf/stubs/status.h
[12.366s] -- Installing: /home/yuqingchi/Code/ws_moveit/install/kortex_api/include/kortex_api/google/protobuf/stubs/once.h
[12.366s] -- Installing: /home/yuqingchi/Code/ws_moveit/install/kortex_api/include/kortex_api/google/protobuf/stubs/hash.h
[12.367s] -- Installing: /home/yuqingchi/Code/ws_moveit/install/kortex_api/include/kortex_api/google/protobuf/stubs/bytestream.h
[12.367s] -- Installing: /home/yuqingchi/Code/ws_moveit/install/kortex_api/include/kortex_api/google/protobuf/stubs/stringpiece.h
[12.367s] -- Installing: /home/yuqingchi/Code/ws_moveit/install/kortex_api/include/kortex_api/google/protobuf/stubs/atomicops_internals_x86_gcc.h
[12.367s] -- Installing: /home/yuqingchi/Code/ws_moveit/install/kortex_api/include/kortex_api/google/protobuf/stubs/callback.h
[12.367s] -- Installing: /home/yuqingchi/Code/ws_moveit/install/kortex_api/include/kortex_api/google/protobuf/stubs/stl_util.h
[12.367s] -- Installing: /home/yuqingchi/Code/ws_moveit/install/kortex_api/include/kortex_api/google/protobuf/stubs/atomicops.h
[12.367s] -- Installing: /home/yuqingchi/Code/ws_moveit/install/kortex_api/include/kortex_api/google/protobuf/stubs/atomicops_internals_mips_gcc.h
[12.367s] -- Installing: /home/yuqingchi/Code/ws_moveit/install/kortex_api/include/kortex_api/google/protobuf/stubs/atomicops_internals_generic_c11_atomic.h
[12.367s] -- Installing: /home/yuqingchi/Code/ws_moveit/install/kortex_api/include/kortex_api/google/protobuf/stubs/template_util.h
[12.368s] -- Installing: /home/yuqingchi/Code/ws_moveit/install/kortex_api/include/kortex_api/google/protobuf/stubs/macros.h
[12.368s] -- Installing: /home/yuqingchi/Code/ws_moveit/install/kortex_api/include/kortex_api/google/protobuf/stubs/atomicops_internals_tsan.h
[12.368s] -- Installing: /home/yuqingchi/Code/ws_moveit/install/kortex_api/include/kortex_api/google/protobuf/io
[12.368s] -- Installing: /home/yuqingchi/Code/ws_moveit/install/kortex_api/include/kortex_api/google/protobuf/io/tokenizer.h
[12.368s] -- Installing: /home/yuqingchi/Code/ws_moveit/install/kortex_api/include/kortex_api/google/protobuf/io/printer.h
[12.368s] -- Installing: /home/yuqingchi/Code/ws_moveit/install/kortex_api/include/kortex_api/google/protobuf/io/gzip_stream.h
[12.368s] -- Installing: /home/yuqingchi/Code/ws_moveit/install/kortex_api/include/kortex_api/google/protobuf/io/coded_stream.h
[12.368s] -- Installing: /home/yuqingchi/Code/ws_moveit/install/kortex_api/include/kortex_api/google/protobuf/io/zero_copy_stream.h
[12.369s] -- Installing: /home/yuqingchi/Code/ws_moveit/install/kortex_api/include/kortex_api/google/protobuf/io/zero_copy_stream_impl.h
[12.369s] -- Installing: /home/yuqingchi/Code/ws_moveit/install/kortex_api/include/kortex_api/google/protobuf/io/zero_copy_stream_impl_lite.h
[12.369s] -- Installing: /home/yuqingchi/Code/ws_moveit/install/kortex_api/include/kortex_api/google/protobuf/io/strtod.h
[12.369s] -- Installing: /home/yuqingchi/Code/ws_moveit/install/kortex_api/include/kortex_api/google/protobuf/type.pb.h
[12.369s] -- Installing: /home/yuqingchi/Code/ws_moveit/install/kortex_api/include/kortex_api/google/protobuf/descriptor_database.h
[12.369s] -- Installing: /home/yuqingchi/Code/ws_moveit/install/kortex_api/include/kortex_api/google/protobuf/generated_message_util.h
[12.369s] -- Installing: /home/yuqingchi/Code/ws_moveit/install/kortex_api/include/kortex_api/google/protobuf/arena_impl.h
[12.369s] -- Installing: /home/yuqingchi/Code/ws_moveit/install/kortex_api/include/kortex_api/google/protobuf/map_entry_lite.h
[12.369s] -- Installing: /home/yuqingchi/Code/ws_moveit/install/kortex_api/include/kortex_api/google/protobuf/text_format.h
[12.370s] -- Installing: /home/yuqingchi/Code/ws_moveit/install/kortex_api/include/kortex_api/google/protobuf/message_lite.h
[12.370s] -- Installing: /home/yuqingchi/Code/ws_moveit/install/kortex_api/include/kortex_api/google/protobuf/generated_message_table_driven.h
[12.370s] -- Installing: /home/yuqingchi/Code/ws_moveit/install/kortex_api/include/kortex_api/google/protobuf/struct.pb.h
[12.370s] -- Installing: /home/yuqingchi/Code/ws_moveit/install/kortex_api/include/kortex_api/google/protobuf/map_field.h
[12.370s] -- Installing: /home/yuqingchi/Code/ws_moveit/install/kortex_api/include/kortex_api/google/protobuf/timestamp.pb.h
[12.370s] -- Installing: /home/yuqingchi/Code/ws_moveit/install/kortex_api/include/kortex_api/google/protobuf/map_type_handler.h
[12.370s] -- Installing: /home/yuqingchi/Code/ws_moveit/install/kortex_api/share/ament_index/resource_index/package_run_dependencies/kortex_api
[12.370s] -- Installing: /home/yuqingchi/Code/ws_moveit/install/kortex_api/share/ament_index/resource_index/parent_prefix_path/kortex_api
[12.370s] -- Installing: /home/yuqingchi/Code/ws_moveit/install/kortex_api/share/kortex_api/environment/ament_prefix_path.sh
[12.371s] -- Installing: /home/yuqingchi/Code/ws_moveit/install/kortex_api/share/kortex_api/environment/ament_prefix_path.dsv
[12.371s] -- Installing: /home/yuqingchi/Code/ws_moveit/install/kortex_api/share/kortex_api/environment/path.sh
[12.371s] -- Installing: /home/yuqingchi/Code/ws_moveit/install/kortex_api/share/kortex_api/environment/path.dsv
[12.371s] -- Installing: /home/yuqingchi/Code/ws_moveit/install/kortex_api/share/kortex_api/local_setup.bash
[12.371s] -- Installing: /home/yuqingchi/Code/ws_moveit/install/kortex_api/share/kortex_api/local_setup.sh
[12.371s] -- Installing: /home/yuqingchi/Code/ws_moveit/install/kortex_api/share/kortex_api/local_setup.zsh
[12.371s] -- Installing: /home/yuqingchi/Code/ws_moveit/install/kortex_api/share/kortex_api/local_setup.dsv
[12.371s] -- Installing: /home/yuqingchi/Code/ws_moveit/install/kortex_api/share/kortex_api/package.dsv
[12.372s] -- Installing: /home/yuqingchi/Code/ws_moveit/install/kortex_api/share/ament_index/resource_index/packages/kortex_api
[12.372s] -- Installing: /home/yuqingchi/Code/ws_moveit/install/kortex_api/share/kortex_api/cmake/ament_cmake_export_include_directories-extras.cmake
[12.372s] -- Installing: /home/yuqingchi/Code/ws_moveit/install/kortex_api/share/kortex_api/cmake/kortex_apiConfig.cmake
[12.372s] -- Installing: /home/yuqingchi/Code/ws_moveit/install/kortex_api/share/kortex_api/cmake/kortex_apiConfig-version.cmake
[12.372s] -- Installing: /home/yuqingchi/Code/ws_moveit/install/kortex_api/share/kortex_api/package.xml
[12.376s] Invoked command in '/home/yuqingchi/Code/ws_moveit/build/kortex_api' returned '0': CMAKE_PREFIX_PATH=${CMAKE_PREFIX_PATH}:/opt/ros/jazzy DEBUGINFOD_URLS=https://debuginfod.ubuntu.com /usr/bin/cmake --install /home/yuqingchi/Code/ws_moveit/build/kortex_api
