[0.054s] Invoking command in '/home/yuqingchi/Code/ws_moveit/build/pilz_industrial_motion_planner': AMENT_PREFIX_PATH=/home/yuqingchi/Code/ws_moveit/install/moveit_resources_prbt_pg70_support:/home/yuqingchi/Code/ws_moveit/install/moveit_resources_prbt_moveit_config:/home/yuqingchi/Code/ws_moveit/install/moveit_ros_move_group:/home/yuqingchi/Code/ws_moveit/install/moveit_kinematics:/home/yuqingchi/Code/ws_moveit/install/moveit_ros_planning:/home/yuqingchi/Code/ws_moveit/install/pilz_industrial_motion_planner_testutils:/home/yuqingchi/Code/ws_moveit/install/moveit_ros_occupancy_map_monitor:/home/yuqingchi/Code/ws_moveit/install/moveit_resources_prbt_ikfast_manipulator_plugin:/home/yuqingchi/Code/ws_moveit/install/moveit_core:/home/yuqingchi/Code/ws_moveit/install/moveit_resources_panda_moveit_config:/home/yuqingchi/Code/ws_moveit/install/moveit_resources_fanuc_moveit_config:/home/yuqingchi/Code/ws_moveit/install/moveit_resources_prbt_support:/home/yuqingchi/Code/ws_moveit/install/moveit_resources_pr2_description:/home/yuqingchi/Code/ws_moveit/install/moveit_resources_panda_description:/home/yuqingchi/Code/ws_moveit/install/moveit_resources_fanuc_description:/home/yuqingchi/Code/ws_moveit/install/moveit_msgs:/home/yuqingchi/Code/ws_moveit/install/moveit_configs_utils:/home/yuqingchi/Code/ws_moveit/install/moveit_common:${AMENT_PREFIX_PATH} CMAKE_PREFIX_PATH=/home/yuqingchi/Code/ws_moveit/install/moveit_resources_prbt_pg70_support:/home/yuqingchi/Code/ws_moveit/install/moveit_resources_prbt_moveit_config:/home/yuqingchi/Code/ws_moveit/install/moveit_ros_move_group:/home/yuqingchi/Code/ws_moveit/install/moveit_kinematics:/home/yuqingchi/Code/ws_moveit/install/moveit_ros_planning:/home/yuqingchi/Code/ws_moveit/install/pilz_industrial_motion_planner_testutils:/home/yuqingchi/Code/ws_moveit/install/moveit_ros_occupancy_map_monitor:/home/yuqingchi/Code/ws_moveit/install/moveit_resources_prbt_ikfast_manipulator_plugin:/home/yuqingchi/Code/ws_moveit/install/moveit_core:/home/yuqingchi/Code/ws_moveit/install/moveit_resources_panda_moveit_config:/home/yuqingchi/Code/ws_moveit/install/moveit_resources_fanuc_moveit_config:/home/yuqingchi/Code/ws_moveit/install/moveit_resources_prbt_support:/home/yuqingchi/Code/ws_moveit/install/moveit_resources_pr2_description:/home/yuqingchi/Code/ws_moveit/install/moveit_resources_panda_description:/home/yuqingchi/Code/ws_moveit/install/moveit_resources_fanuc_description:/home/yuqingchi/Code/ws_moveit/install/moveit_msgs:/home/yuqingchi/Code/ws_moveit/install/moveit_common:/opt/ros/jazzy/opt/gz_math_vendor:/opt/ros/jazzy/opt/gz_utils_vendor:/opt/ros/jazzy/opt/gz_cmake_vendor:/opt/ros/jazzy DEBUGINFOD_URLS=https://debuginfod.ubuntu.com LD_LIBRARY_PATH=/home/yuqingchi/Code/ws_moveit/install/moveit_ros_move_group/lib:/home/yuqingchi/Code/ws_moveit/install/moveit_kinematics/lib:/home/yuqingchi/Code/ws_moveit/install/moveit_ros_planning/lib:/home/yuqingchi/Code/ws_moveit/install/pilz_industrial_motion_planner_testutils/lib:/home/yuqingchi/Code/ws_moveit/install/moveit_ros_occupancy_map_monitor/lib:/home/yuqingchi/Code/ws_moveit/install/moveit_resources_prbt_ikfast_manipulator_plugin/lib:/home/yuqingchi/Code/ws_moveit/install/moveit_core/lib:/home/yuqingchi/Code/ws_moveit/install/moveit_msgs/lib:${LD_LIBRARY_PATH} PATH=/home/yuqingchi/Code/ws_moveit/install/moveit_core/bin:${PATH} PYTHONPATH=/home/yuqingchi/Code/ws_moveit/install/moveit_msgs/lib/python3.12/site-packages:/home/yuqingchi/Code/ws_moveit/install/moveit_configs_utils/lib/python3.12/site-packages:${PYTHONPATH} /usr/bin/cmake /home/yuqingchi/Code/ws_moveit/src/moveit2/moveit_planners/pilz_industrial_motion_planner -DCMAKE_INSTALL_PREFIX=/home/yuqingchi/Code/ws_moveit/install/pilz_industrial_motion_planner
[0.172s] -- The CXX compiler identification is GNU 13.3.0
[0.203s] -- Detecting CXX compiler ABI info
[0.381s] -- Detecting CXX compiler ABI info - done
[0.402s] -- Check for working CXX compiler: /usr/bin/c++ - skipped
[0.402s] -- Detecting CXX compile features
[0.403s] -- Detecting CXX compile features - done
[0.406s] -- Found moveit_common: 2.14.1 (/home/yuqingchi/Code/ws_moveit/install/moveit_common/share/moveit_common/cmake)
[0.411s] -- Found ament_cmake: 2.5.4 (/opt/ros/jazzy/share/ament_cmake/cmake)
[0.676s] -- Found Python3: /usr/bin/python3 (found version "3.12.3") found components: Interpreter 
[1.018s] [0mpilz_industrial_motion_planner: You did not request a specific build type: Choosing 'Release' for maximum performance[0m
[1.023s] -- Found eigen3_cmake_module: 0.3.0 (/opt/ros/jazzy/share/eigen3_cmake_module/cmake)
[1.039s] -- Found Eigen3: TRUE (found version "3.4.0") 
[1.044s] -- Found generate_parameter_library: 0.5.0 (/opt/ros/jazzy/share/generate_parameter_library/cmake)
[1.054s] -- Found parameter_traits: 0.5.0 (/opt/ros/jazzy/share/parameter_traits/cmake)
[1.139s] -- Found rosidl_generator_c: 4.6.6 (/opt/ros/jazzy/share/rosidl_generator_c/cmake)
[1.164s] -- Found rosidl_generator_cpp: 4.6.6 (/opt/ros/jazzy/share/rosidl_generator_cpp/cmake)
[1.192s] -- Using all available rosidl_typesupport_c: rosidl_typesupport_fastrtps_c;rosidl_typesupport_introspection_c
[1.220s] -- Using all available rosidl_typesupport_cpp: rosidl_typesupport_fastrtps_cpp;rosidl_typesupport_introspection_cpp
[1.316s] -- Found rmw_implementation_cmake: 7.3.2 (/opt/ros/jazzy/share/rmw_implementation_cmake/cmake)
[1.320s] -- Found rmw_fastrtps_cpp: 8.4.3 (/opt/ros/jazzy/share/rmw_fastrtps_cpp/cmake)
[1.446s] -- Found OpenSSL: /usr/lib/x86_64-linux-gnu/libcrypto.so (found version "3.0.13")  
[1.485s] -- Found FastRTPS: /opt/ros/jazzy/include (Required is at least version "2.13") 
[1.530s] -- Using RMW implementation 'rmw_fastrtps_cpp' as default
[1.690s] -- Found rclcpp_lifecycle: 28.1.11 (/opt/ros/jazzy/share/rclcpp_lifecycle/cmake)
[1.733s] -- Found geometry_msgs: 5.3.6 (/opt/ros/jazzy/share/geometry_msgs/cmake)
[1.770s] -- Found moveit_core: 2.14.1 (/home/yuqingchi/Code/ws_moveit/install/moveit_core/share/moveit_core/cmake)
[2.054s] -- Found Boost: /usr/lib/x86_64-linux-gnu/cmake/Boost-1.83.0/BoostConfig.cmake (found version "1.83.0") found components: chrono date_time filesystem iostreams program_options regex serialization system thread 
[2.172s] -- Found Boost: /usr/lib/x86_64-linux-gnu/cmake/Boost-1.83.0/BoostConfig.cmake (found version "1.83.0") found components: filesystem 
[2.333s] -- Ensuring Eigen3 include directory is part of orocos-kdl CMake target
[2.739s] -- Found moveit_ros_move_group: 2.14.1 (/home/yuqingchi/Code/ws_moveit/install/moveit_ros_move_group/share/moveit_ros_move_group/cmake)
[2.745s] -- Found Boost: /usr/lib/x86_64-linux-gnu/cmake/Boost-1.83.0/BoostConfig.cmake (found version "1.83.0") found components: system filesystem date_time program_options thread 
[2.775s] -- Found Boost: /usr/lib/x86_64-linux-gnu/cmake/Boost-1.83.0/BoostConfig.cmake (found version "1.83.0") found components: system filesystem date_time program_options thread chrono 
[2.845s] -- Found tf2_eigen_kdl: 0.36.14 (/opt/ros/jazzy/share/tf2_eigen_kdl/cmake)
[2.854s] -- Found Boost: /usr/lib/x86_64-linux-gnu/cmake/Boost-1.83.0/BoostConfig.cmake (found version "1.83.0")  
[2.953s] -- Found ament_cmake_gtest: 2.5.4 (/opt/ros/jazzy/share/ament_cmake_gtest/cmake)
[2.956s] -- Found ament_cmake_gmock: 2.5.4 (/opt/ros/jazzy/share/ament_cmake_gmock/cmake)
[2.959s] -- Found ros_testing: 0.6.0 (/opt/ros/jazzy/share/ros_testing/cmake)
[2.961s] -- Found launch_testing_ament_cmake: 3.4.6 (/opt/ros/jazzy/share/launch_testing_ament_cmake/cmake)
[2.964s] -- Found python_cmake_module: 0.11.1 (/opt/ros/jazzy/share/python_cmake_module/cmake)
[3.215s] -- Found PythonExtra: /usr/bin/python3  
[3.219s] -- Found moveit_resources_prbt_support: 2.14.1 (/home/yuqingchi/Code/ws_moveit/install/moveit_resources_prbt_support/share/moveit_resources_prbt_support/cmake)
[3.220s] -- Found moveit_resources_prbt_moveit_config: 2.14.1 (/home/yuqingchi/Code/ws_moveit/install/moveit_resources_prbt_moveit_config/share/moveit_resources_prbt_moveit_config/cmake)
[3.229s] -- Found Boost: /usr/lib/x86_64-linux-gnu/cmake/Boost-1.83.0/BoostConfig.cmake (found version "1.83.0") found components: thread 
[3.232s] -- Found pilz_industrial_motion_planner_testutils: 2.14.1 (/home/yuqingchi/Code/ws_moveit/install/pilz_industrial_motion_planner_testutils/share/pilz_industrial_motion_planner_testutils/cmake)
[3.285s] -- Found gtest sources under '/opt/ros/jazzy/src/gtest_vendor': C++ tests using 'Google Test' will be built
[3.362s] -- The C compiler identification is GNU 13.3.0
[3.392s] -- Detecting C compiler ABI info
[3.582s] -- Detecting C compiler ABI info - done
[3.601s] -- Check for working C compiler: /usr/bin/cc - skipped
[3.602s] -- Detecting C compile features
[3.603s] -- Detecting C compile features - done
[3.607s] -- Found Threads: TRUE  
[3.665s] -- Found gmock sources under '/opt/ros/jazzy/src/gmock_vendor': C++ tests using 'Google Mock' will be built
[3.684s] -- Configuring done (3.6s)
[4.120s] -- Generating done (0.3s)
[4.209s] -- Build files have been written to: /home/yuqingchi/Code/ws_moveit/build/pilz_industrial_motion_planner
[4.248s] Invoked command in '/home/yuqingchi/Code/ws_moveit/build/pilz_industrial_motion_planner' returned '0': AMENT_PREFIX_PATH=/home/yuqingchi/Code/ws_moveit/install/moveit_resources_prbt_pg70_support:/home/yuqingchi/Code/ws_moveit/install/moveit_resources_prbt_moveit_config:/home/yuqingchi/Code/ws_moveit/install/moveit_ros_move_group:/home/yuqingchi/Code/ws_moveit/install/moveit_kinematics:/home/yuqingchi/Code/ws_moveit/install/moveit_ros_planning:/home/yuqingchi/Code/ws_moveit/install/pilz_industrial_motion_planner_testutils:/home/yuqingchi/Code/ws_moveit/install/moveit_ros_occupancy_map_monitor:/home/yuqingchi/Code/ws_moveit/install/moveit_resources_prbt_ikfast_manipulator_plugin:/home/yuqingchi/Code/ws_moveit/install/moveit_core:/home/yuqingchi/Code/ws_moveit/install/moveit_resources_panda_moveit_config:/home/yuqingchi/Code/ws_moveit/install/moveit_resources_fanuc_moveit_config:/home/yuqingchi/Code/ws_moveit/install/moveit_resources_prbt_support:/home/yuqingchi/Code/ws_moveit/install/moveit_resources_pr2_description:/home/yuqingchi/Code/ws_moveit/install/moveit_resources_panda_description:/home/yuqingchi/Code/ws_moveit/install/moveit_resources_fanuc_description:/home/yuqingchi/Code/ws_moveit/install/moveit_msgs:/home/yuqingchi/Code/ws_moveit/install/moveit_configs_utils:/home/yuqingchi/Code/ws_moveit/install/moveit_common:${AMENT_PREFIX_PATH} CMAKE_PREFIX_PATH=/home/yuqingchi/Code/ws_moveit/install/moveit_resources_prbt_pg70_support:/home/yuqingchi/Code/ws_moveit/install/moveit_resources_prbt_moveit_config:/home/yuqingchi/Code/ws_moveit/install/moveit_ros_move_group:/home/yuqingchi/Code/ws_moveit/install/moveit_kinematics:/home/yuqingchi/Code/ws_moveit/install/moveit_ros_planning:/home/yuqingchi/Code/ws_moveit/install/pilz_industrial_motion_planner_testutils:/home/yuqingchi/Code/ws_moveit/install/moveit_ros_occupancy_map_monitor:/home/yuqingchi/Code/ws_moveit/install/moveit_resources_prbt_ikfast_manipulator_plugin:/home/yuqingchi/Code/ws_moveit/install/moveit_core:/home/yuqingchi/Code/ws_moveit/install/moveit_resources_panda_moveit_config:/home/yuqingchi/Code/ws_moveit/install/moveit_resources_fanuc_moveit_config:/home/yuqingchi/Code/ws_moveit/install/moveit_resources_prbt_support:/home/yuqingchi/Code/ws_moveit/install/moveit_resources_pr2_description:/home/yuqingchi/Code/ws_moveit/install/moveit_resources_panda_description:/home/yuqingchi/Code/ws_moveit/install/moveit_resources_fanuc_description:/home/yuqingchi/Code/ws_moveit/install/moveit_msgs:/home/yuqingchi/Code/ws_moveit/install/moveit_common:/opt/ros/jazzy/opt/gz_math_vendor:/opt/ros/jazzy/opt/gz_utils_vendor:/opt/ros/jazzy/opt/gz_cmake_vendor:/opt/ros/jazzy DEBUGINFOD_URLS=https://debuginfod.ubuntu.com LD_LIBRARY_PATH=/home/yuqingchi/Code/ws_moveit/install/moveit_ros_move_group/lib:/home/yuqingchi/Code/ws_moveit/install/moveit_kinematics/lib:/home/yuqingchi/Code/ws_moveit/install/moveit_ros_planning/lib:/home/yuqingchi/Code/ws_moveit/install/pilz_industrial_motion_planner_testutils/lib:/home/yuqingchi/Code/ws_moveit/install/moveit_ros_occupancy_map_monitor/lib:/home/yuqingchi/Code/ws_moveit/install/moveit_resources_prbt_ikfast_manipulator_plugin/lib:/home/yuqingchi/Code/ws_moveit/install/moveit_core/lib:/home/yuqingchi/Code/ws_moveit/install/moveit_msgs/lib:${LD_LIBRARY_PATH} PATH=/home/yuqingchi/Code/ws_moveit/install/moveit_core/bin:${PATH} PYTHONPATH=/home/yuqingchi/Code/ws_moveit/install/moveit_msgs/lib/python3.12/site-packages:/home/yuqingchi/Code/ws_moveit/install/moveit_configs_utils/lib/python3.12/site-packages:${PYTHONPATH} /usr/bin/cmake /home/yuqingchi/Code/ws_moveit/src/moveit2/moveit_planners/pilz_industrial_motion_planner -DCMAKE_INSTALL_PREFIX=/home/yuqingchi/Code/ws_moveit/install/pilz_industrial_motion_planner
[4.249s] Invoking command in '/home/yuqingchi/Code/ws_moveit/build/pilz_industrial_motion_planner': AMENT_PREFIX_PATH=/home/yuqingchi/Code/ws_moveit/install/moveit_resources_prbt_pg70_support:/home/yuqingchi/Code/ws_moveit/install/moveit_resources_prbt_moveit_config:/home/yuqingchi/Code/ws_moveit/install/moveit_ros_move_group:/home/yuqingchi/Code/ws_moveit/install/moveit_kinematics:/home/yuqingchi/Code/ws_moveit/install/moveit_ros_planning:/home/yuqingchi/Code/ws_moveit/install/pilz_industrial_motion_planner_testutils:/home/yuqingchi/Code/ws_moveit/install/moveit_ros_occupancy_map_monitor:/home/yuqingchi/Code/ws_moveit/install/moveit_resources_prbt_ikfast_manipulator_plugin:/home/yuqingchi/Code/ws_moveit/install/moveit_core:/home/yuqingchi/Code/ws_moveit/install/moveit_resources_panda_moveit_config:/home/yuqingchi/Code/ws_moveit/install/moveit_resources_fanuc_moveit_config:/home/yuqingchi/Code/ws_moveit/install/moveit_resources_prbt_support:/home/yuqingchi/Code/ws_moveit/install/moveit_resources_pr2_description:/home/yuqingchi/Code/ws_moveit/install/moveit_resources_panda_description:/home/yuqingchi/Code/ws_moveit/install/moveit_resources_fanuc_description:/home/yuqingchi/Code/ws_moveit/install/moveit_msgs:/home/yuqingchi/Code/ws_moveit/install/moveit_configs_utils:/home/yuqingchi/Code/ws_moveit/install/moveit_common:${AMENT_PREFIX_PATH} CMAKE_PREFIX_PATH=/home/yuqingchi/Code/ws_moveit/install/moveit_resources_prbt_pg70_support:/home/yuqingchi/Code/ws_moveit/install/moveit_resources_prbt_moveit_config:/home/yuqingchi/Code/ws_moveit/install/moveit_ros_move_group:/home/yuqingchi/Code/ws_moveit/install/moveit_kinematics:/home/yuqingchi/Code/ws_moveit/install/moveit_ros_planning:/home/yuqingchi/Code/ws_moveit/install/pilz_industrial_motion_planner_testutils:/home/yuqingchi/Code/ws_moveit/install/moveit_ros_occupancy_map_monitor:/home/yuqingchi/Code/ws_moveit/install/moveit_resources_prbt_ikfast_manipulator_plugin:/home/yuqingchi/Code/ws_moveit/install/moveit_core:/home/yuqingchi/Code/ws_moveit/install/moveit_resources_panda_moveit_config:/home/yuqingchi/Code/ws_moveit/install/moveit_resources_fanuc_moveit_config:/home/yuqingchi/Code/ws_moveit/install/moveit_resources_prbt_support:/home/yuqingchi/Code/ws_moveit/install/moveit_resources_pr2_description:/home/yuqingchi/Code/ws_moveit/install/moveit_resources_panda_description:/home/yuqingchi/Code/ws_moveit/install/moveit_resources_fanuc_description:/home/yuqingchi/Code/ws_moveit/install/moveit_msgs:/home/yuqingchi/Code/ws_moveit/install/moveit_common:/opt/ros/jazzy/opt/gz_math_vendor:/opt/ros/jazzy/opt/gz_utils_vendor:/opt/ros/jazzy/opt/gz_cmake_vendor:/opt/ros/jazzy DEBUGINFOD_URLS=https://debuginfod.ubuntu.com LD_LIBRARY_PATH=/home/yuqingchi/Code/ws_moveit/install/moveit_ros_move_group/lib:/home/yuqingchi/Code/ws_moveit/install/moveit_kinematics/lib:/home/yuqingchi/Code/ws_moveit/install/moveit_ros_planning/lib:/home/yuqingchi/Code/ws_moveit/install/pilz_industrial_motion_planner_testutils/lib:/home/yuqingchi/Code/ws_moveit/install/moveit_ros_occupancy_map_monitor/lib:/home/yuqingchi/Code/ws_moveit/install/moveit_resources_prbt_ikfast_manipulator_plugin/lib:/home/yuqingchi/Code/ws_moveit/install/moveit_core/lib:/home/yuqingchi/Code/ws_moveit/install/moveit_msgs/lib:${LD_LIBRARY_PATH} PATH=/home/yuqingchi/Code/ws_moveit/install/moveit_core/bin:${PATH} PYTHONPATH=/home/yuqingchi/Code/ws_moveit/install/moveit_msgs/lib/python3.12/site-packages:/home/yuqingchi/Code/ws_moveit/install/moveit_configs_utils/lib/python3.12/site-packages:${PYTHONPATH} /usr/bin/cmake --build /home/yuqingchi/Code/ws_moveit/build/pilz_industrial_motion_planner -- -j16 -l16
[4.355s] [  7%] [34m[1mRunning `/opt/ros/jazzy/bin/generate_parameter_library_cpp /home/yuqingchi/Code/ws_moveit/build/pilz_industrial_motion_planner/include/pilz_industrial_motion_planner/cartesian_limits_parameters.hpp /home/yuqingchi/Code/ws_moveit/src/moveit2/moveit_planners/pilz_industrial_motion_planner/src/cartesian_limits_parameters.yaml `[0m
[4.355s] [  7%] [32mBuilding CXX object gtest/CMakeFiles/gtest_main.dir/src/gtest_main.cc.o[0m
[4.355s] [  7%] [32mBuilding CXX object gmock/CMakeFiles/gmock.dir/src/gmock-all.cc.o[0m
[4.356s] [  7%] [32mBuilding CXX object gmock/CMakeFiles/gmock.dir/opt/ros/jazzy/src/gtest_vendor/src/gtest-all.cc.o[0m
[4.356s] [  7%] [32mBuilding CXX object gmock/CMakeFiles/gmock_main.dir/src/gmock_main.cc.o[0m
[4.356s] [  7%] [32mBuilding CXX object gtest/CMakeFiles/gtest.dir/src/gtest-all.cc.o[0m
[5.031s] [  8%] [34m[1mCreating deprecated header file /home/yuqingchi/Code/ws_moveit/build/pilz_industrial_motion_planner/include/cartesian_limits_parameters.hpp[0m
[5.070s] [  8%] Built target cartesian_limits_parameters
[5.116s] [  9%] [32mBuilding CXX object CMakeFiles/joint_limits_common.dir/src/limits_container.cpp.o[0m
[5.117s] [ 13%] [32mBuilding CXX object CMakeFiles/planning_context_loader_base.dir/src/planning_context_loader.cpp.o[0m
[5.118s] [ 13%] [32mBuilding CXX object CMakeFiles/joint_limits_common.dir/src/joint_limits_aggregator.cpp.o[0m
[5.118s] [ 13%] [32mBuilding CXX object CMakeFiles/joint_limits_common.dir/src/joint_limits_validator.cpp.o[0m
[5.118s] [ 14%] [32mBuilding CXX object CMakeFiles/joint_limits_common.dir/src/joint_limits_container.cpp.o[0m
[5.119s] [ 16%] [32mBuilding CXX object CMakeFiles/trajectory_generation_common.dir/src/trajectory_generator.cpp.o[0m
[5.120s] [ 17%] [32mBuilding CXX object CMakeFiles/trajectory_generation_common.dir/src/trajectory_functions.cpp.o[0m
[5.123s] [ 18%] [32mBuilding CXX object CMakeFiles/trajectory_generation_common.dir/src/trajectory_blender_transition_window.cpp.o[0m
[5.332s] [ 19%] [32m[1mLinking CXX static library libgtest_main.a[0m
[5.472s] [ 19%] Built target gtest_main
[5.533s] [ 20%] [32m[1mLinking CXX static library libgmock_main.a[0m
[5.636s] [ 20%] Built target gmock_main
[14.072s] [ 22%] [32m[1mLinking CXX shared library libplanning_context_loader_base.so[0m
[14.372s] [ 23%] [32m[1mLinking CXX shared library libjoint_limits_common.so[0m
[14.389s] [ 24%] [32m[1mLinking CXX static library libgmock.a[0m
[14.439s] [ 25%] [32m[1mLinking CXX static library libgtest.a[0m
[14.525s] [ 25%] Built target gmock
[14.575s] [ 25%] Built target gtest
[14.705s] [ 25%] Built target joint_limits_common
[14.757s] [ 29%] [32mBuilding CXX object test/unit_tests/CMakeFiles/unittest_joint_limits_validator.dir/src/unittest_joint_limits_validator.cpp.o[0m
[14.757s] [ 30%] [32mBuilding CXX object test/unit_tests/CMakeFiles/unittest_joint_limit.dir/src/unittest_joint_limit.cpp.o[0m
[14.757s] [ 30%] [32mBuilding CXX object test/unit_tests/CMakeFiles/unittest_joint_limits_aggregator.dir/src/unittest_joint_limits_aggregator.cpp.o[0m
[14.758s] [ 30%] [32mBuilding CXX object test/unit_tests/CMakeFiles/unittest_joint_limits_container.dir/src/unittest_joint_limits_container.cpp.o[0m
[14.833s] [ 30%] Built target planning_context_loader_base
[14.871s] [ 32%] [32mBuilding CXX object CMakeFiles/pilz_industrial_motion_planner.dir/src/pilz_industrial_motion_planner.cpp.o[0m
[16.459s] [ 33%] [32m[1mLinking CXX executable unittest_joint_limits_container[0m
[16.832s] [ 33%] Built target unittest_joint_limits_container
[17.032s] [ 34%] [32m[1mLinking CXX executable unittest_joint_limits_validator[0m
[17.344s] [ 34%] Built target unittest_joint_limits_validator
[19.702s] [ 35%] [32m[1mLinking CXX executable unittest_joint_limit[0m
[19.808s] [ 37%] [32m[1mLinking CXX shared library libtrajectory_generation_common.so[0m
[20.110s] [ 37%] Built target unittest_joint_limit
[20.140s] [ 37%] Built target trajectory_generation_common
[20.187s] [ 39%] [32mBuilding CXX object CMakeFiles/planning_context_loader_lin.dir/src/planning_context_loader_lin.cpp.o[0m
[20.187s] [ 39%] [32mBuilding CXX object CMakeFiles/command_list_manager.dir/src/command_list_manager.cpp.o[0m
[20.189s] [ 41%] [32mBuilding CXX object CMakeFiles/command_list_manager.dir/src/plan_components_builder.cpp.o[0m
[20.189s] [ 41%] [32mBuilding CXX object test/CMakeFiles/pilz_industrial_motion_planner_test_utils.dir/test_utils.cpp.o[0m
[20.190s] [ 43%] [32mBuilding CXX object CMakeFiles/planning_context_loader_circ.dir/src/planning_context_loader_circ.cpp.o[0m
[20.191s] [ 46%] [32mBuilding CXX object CMakeFiles/planning_context_loader_circ.dir/src/trajectory_generator_circ.cpp.o[0m
[20.191s] [ 46%] [32mBuilding CXX object CMakeFiles/planning_context_loader_lin.dir/src/trajectory_generator_lin.cpp.o[0m
[20.191s] [ 46%] [32mBuilding CXX object CMakeFiles/planning_context_loader_lin.dir/src/velocity_profile_atrap.cpp.o[0m
[20.191s] [ 49%] [32mBuilding CXX object CMakeFiles/planning_context_loader_ptp.dir/src/velocity_profile_atrap.cpp.o[0m
[20.192s] [ 49%] [32mBuilding CXX object CMakeFiles/planning_context_loader_circ.dir/src/path_circle_generator.cpp.o[0m
[20.194s] [ 50%] [32mBuilding CXX object CMakeFiles/planning_context_loader_ptp.dir/src/planning_context_loader_ptp.cpp.o[0m
[20.195s] [ 51%] [32mBuilding CXX object CMakeFiles/planning_context_loader_ptp.dir/src/trajectory_generator_ptp.cpp.o[0m
[24.578s] [ 53%] [32m[1mLinking CXX executable unittest_joint_limits_aggregator[0m
[25.164s] [ 53%] Built target unittest_joint_limits_aggregator
[31.383s] [ 54%] [32m[1mLinking CXX shared library libpilz_industrial_motion_planner.so[0m
[31.462s] [ 55%] [32m[1mLinking CXX shared library libplanning_context_loader_lin.so[0m
[31.713s] [ 55%] Built target pilz_industrial_motion_planner
[31.762s] [ 58%] [32mBuilding CXX object test/unit_tests/CMakeFiles/unittest_get_solver_tip_frame.dir/src/unittest_get_solver_tip_frame.cpp.o[0m
[31.763s] [ 58%] [32mBuilding CXX object test/unit_tests/CMakeFiles/unittest_pilz_industrial_motion_planner.dir/src/unittest_pilz_industrial_motion_planner.cpp.o[0m
[31.766s] [ 60%] [32mBuilding CXX object test/unit_tests/CMakeFiles/unittest_trajectory_generator.dir/src/unittest_trajectory_generator.cpp.o[0m
[31.767s] [ 60%] [32mBuilding CXX object test/unit_tests/CMakeFiles/unittest_trajectory_generator.dir/__/__/src/trajectory_generator.cpp.o[0m
[31.767s] [ 61%] [32mBuilding CXX object test/unit_tests/CMakeFiles/unittest_velocity_profile_atrap.dir/__/__/src/velocity_profile_atrap.cpp.o[0m
[31.773s] [ 62%] [32mBuilding CXX object test/unit_tests/CMakeFiles/unittest_velocity_profile_atrap.dir/src/unittest_velocity_profile_atrap.cpp.o[0m
[31.834s] [ 62%] Built target planning_context_loader_lin
[32.738s] [ 64%] [32m[1mLinking CXX shared library libcommand_list_manager.so[0m
[33.077s] [ 64%] Built target command_list_manager
[33.123s] [ 65%] [32mBuilding CXX object CMakeFiles/sequence_capability.dir/src/move_group_sequence_action.cpp.o[0m
[33.128s] [ 66%] [32mBuilding CXX object CMakeFiles/sequence_capability.dir/src/move_group_sequence_service.cpp.o[0m
[35.255s] [ 67%] [32m[1mLinking CXX executable unittest_velocity_profile_atrap[0m
[35.346s] [ 69%] [32m[1mLinking CXX shared library libplanning_context_loader_circ.so[0m
[35.472s] [ 70%] [32m[1mLinking CXX shared library libplanning_context_loader_ptp.so[0m
[35.780s] [ 70%] Built target planning_context_loader_circ
[35.869s] [ 70%] Built target planning_context_loader_ptp
[35.908s] [ 71%] [32mBuilding CXX object test/unit_tests/CMakeFiles/unittest_pilz_industrial_motion_planner_direct.dir/src/unittest_pilz_industrial_motion_planner_direct.cpp.o[0m
[41.021s] [ 72%] [32m[1mLinking CXX static library libpilz_industrial_motion_planner_test_utils.a[0m
[41.134s] [ 72%] Built target pilz_industrial_motion_planner_test_utils
[41.178s] [ 74%] [32mBuilding CXX object test/unit_tests/CMakeFiles/unittest_trajectory_generator_circ.dir/src/unittest_trajectory_generator_circ.cpp.o[0m
[41.181s] [ 75%] [32mBuilding CXX object test/unit_tests/CMakeFiles/unittest_planning_context_loaders.dir/src/unittest_planning_context_loaders.cpp.o[0m
[41.182s] [ 76%] [32mBuilding CXX object test/unit_tests/CMakeFiles/unittest_trajectory_generator_common.dir/src/unittest_trajectory_generator_common.cpp.o[0m
[41.185s] [ 77%] [32mBuilding CXX object test/unit_tests/CMakeFiles/unittest_trajectory_generator_lin.dir/src/unittest_trajectory_generator_lin.cpp.o[0m
[41.188s] [ 79%] [32mBuilding CXX object test/unit_tests/CMakeFiles/unittest_trajectory_generator_ptp.dir/src/unittest_trajectory_generator_ptp.cpp.o[0m
[41.188s] [ 80%] [32mBuilding CXX object test/unit_tests/CMakeFiles/unittest_trajectory_functions.dir/src/unittest_trajectory_functions.cpp.o[0m
[41.196s] [ 81%] [32mBuilding CXX object test/unit_tests/CMakeFiles/unittest_planning_context.dir/src/unittest_planning_context.cpp.o[0m
[41.198s] [ 82%] [32mBuilding CXX object test/unit_tests/CMakeFiles/unittest_trajectory_blender_transition_window.dir/__/__/src/trajectory_blender_transition_window.cpp.o[0m
[41.203s] [ 83%] [32mBuilding CXX object test/unit_tests/CMakeFiles/unittest_trajectory_blender_transition_window.dir/src/unittest_trajectory_blender_transition_window.cpp.o[0m
[41.255s] [ 83%] Built target unittest_velocity_profile_atrap
[42.793s] [ 85%] [32m[1mLinking CXX executable unittest_get_solver_tip_frame[0m
[44.667s] [ 86%] [32m[1mLinking CXX executable unittest_trajectory_generator[0m
[46.022s] [ 86%] Built target unittest_trajectory_generator
[49.708s] [ 86%] Built target unittest_get_solver_tip_frame
[49.992s] [ 87%] [32m[1mLinking CXX executable unittest_pilz_industrial_motion_planner[0m
[50.623s] [ 87%] Built target unittest_pilz_industrial_motion_planner
[50.744s] [ 88%] [32m[1mLinking CXX shared library libsequence_capability.so[0m
[51.475s] [ 88%] Built target sequence_capability
[52.962s] [ 90%] [32m[1mLinking CXX executable unittest_pilz_industrial_motion_planner_direct[0m
[53.605s] [ 90%] Built target unittest_pilz_industrial_motion_planner_direct
[57.212s] [ 91%] [32m[1mLinking CXX executable unittest_planning_context[0m
[57.912s] [ 91%] Built target unittest_planning_context
[58.380s] [ 92%] [32m[1mLinking CXX executable unittest_trajectory_blender_transition_window[0m
[59.087s] [ 92%] Built target unittest_trajectory_blender_transition_window
[60.560s] [ 93%] [32m[1mLinking CXX executable unittest_trajectory_generator_lin[0m
[60.700s] [ 95%] [32m[1mLinking CXX executable unittest_trajectory_functions[0m
[60.917s] [ 96%] [32m[1mLinking CXX executable unittest_trajectory_generator_circ[0m
[61.067s] [ 96%] Built target unittest_trajectory_generator_lin
[61.208s] [ 96%] Built target unittest_trajectory_functions
[61.432s] [ 96%] Built target unittest_trajectory_generator_circ
[61.692s] [ 97%] [32m[1mLinking CXX executable unittest_planning_context_loaders[0m
[62.182s] [ 97%] Built target unittest_planning_context_loaders
[62.326s] [ 98%] [32m[1mLinking CXX executable unittest_trajectory_generator_ptp[0m
[62.797s] [ 98%] Built target unittest_trajectory_generator_ptp
[64.401s] [100%] [32m[1mLinking CXX executable unittest_trajectory_generator_common[0m
[64.911s] [100%] Built target unittest_trajectory_generator_common
[64.934s] Invoked command in '/home/yuqingchi/Code/ws_moveit/build/pilz_industrial_motion_planner' returned '0': AMENT_PREFIX_PATH=/home/yuqingchi/Code/ws_moveit/install/moveit_resources_prbt_pg70_support:/home/yuqingchi/Code/ws_moveit/install/moveit_resources_prbt_moveit_config:/home/yuqingchi/Code/ws_moveit/install/moveit_ros_move_group:/home/yuqingchi/Code/ws_moveit/install/moveit_kinematics:/home/yuqingchi/Code/ws_moveit/install/moveit_ros_planning:/home/yuqingchi/Code/ws_moveit/install/pilz_industrial_motion_planner_testutils:/home/yuqingchi/Code/ws_moveit/install/moveit_ros_occupancy_map_monitor:/home/yuqingchi/Code/ws_moveit/install/moveit_resources_prbt_ikfast_manipulator_plugin:/home/yuqingchi/Code/ws_moveit/install/moveit_core:/home/yuqingchi/Code/ws_moveit/install/moveit_resources_panda_moveit_config:/home/yuqingchi/Code/ws_moveit/install/moveit_resources_fanuc_moveit_config:/home/yuqingchi/Code/ws_moveit/install/moveit_resources_prbt_support:/home/yuqingchi/Code/ws_moveit/install/moveit_resources_pr2_description:/home/yuqingchi/Code/ws_moveit/install/moveit_resources_panda_description:/home/yuqingchi/Code/ws_moveit/install/moveit_resources_fanuc_description:/home/yuqingchi/Code/ws_moveit/install/moveit_msgs:/home/yuqingchi/Code/ws_moveit/install/moveit_configs_utils:/home/yuqingchi/Code/ws_moveit/install/moveit_common:${AMENT_PREFIX_PATH} CMAKE_PREFIX_PATH=/home/yuqingchi/Code/ws_moveit/install/moveit_resources_prbt_pg70_support:/home/yuqingchi/Code/ws_moveit/install/moveit_resources_prbt_moveit_config:/home/yuqingchi/Code/ws_moveit/install/moveit_ros_move_group:/home/yuqingchi/Code/ws_moveit/install/moveit_kinematics:/home/yuqingchi/Code/ws_moveit/install/moveit_ros_planning:/home/yuqingchi/Code/ws_moveit/install/pilz_industrial_motion_planner_testutils:/home/yuqingchi/Code/ws_moveit/install/moveit_ros_occupancy_map_monitor:/home/yuqingchi/Code/ws_moveit/install/moveit_resources_prbt_ikfast_manipulator_plugin:/home/yuqingchi/Code/ws_moveit/install/moveit_core:/home/yuqingchi/Code/ws_moveit/install/moveit_resources_panda_moveit_config:/home/yuqingchi/Code/ws_moveit/install/moveit_resources_fanuc_moveit_config:/home/yuqingchi/Code/ws_moveit/install/moveit_resources_prbt_support:/home/yuqingchi/Code/ws_moveit/install/moveit_resources_pr2_description:/home/yuqingchi/Code/ws_moveit/install/moveit_resources_panda_description:/home/yuqingchi/Code/ws_moveit/install/moveit_resources_fanuc_description:/home/yuqingchi/Code/ws_moveit/install/moveit_msgs:/home/yuqingchi/Code/ws_moveit/install/moveit_common:/opt/ros/jazzy/opt/gz_math_vendor:/opt/ros/jazzy/opt/gz_utils_vendor:/opt/ros/jazzy/opt/gz_cmake_vendor:/opt/ros/jazzy DEBUGINFOD_URLS=https://debuginfod.ubuntu.com LD_LIBRARY_PATH=/home/yuqingchi/Code/ws_moveit/install/moveit_ros_move_group/lib:/home/yuqingchi/Code/ws_moveit/install/moveit_kinematics/lib:/home/yuqingchi/Code/ws_moveit/install/moveit_ros_planning/lib:/home/yuqingchi/Code/ws_moveit/install/pilz_industrial_motion_planner_testutils/lib:/home/yuqingchi/Code/ws_moveit/install/moveit_ros_occupancy_map_monitor/lib:/home/yuqingchi/Code/ws_moveit/install/moveit_resources_prbt_ikfast_manipulator_plugin/lib:/home/yuqingchi/Code/ws_moveit/install/moveit_core/lib:/home/yuqingchi/Code/ws_moveit/install/moveit_msgs/lib:${LD_LIBRARY_PATH} PATH=/home/yuqingchi/Code/ws_moveit/install/moveit_core/bin:${PATH} PYTHONPATH=/home/yuqingchi/Code/ws_moveit/install/moveit_msgs/lib/python3.12/site-packages:/home/yuqingchi/Code/ws_moveit/install/moveit_configs_utils/lib/python3.12/site-packages:${PYTHONPATH} /usr/bin/cmake --build /home/yuqingchi/Code/ws_moveit/build/pilz_industrial_motion_planner -- -j16 -l16
[64.938s] Invoking command in '/home/yuqingchi/Code/ws_moveit/build/pilz_industrial_motion_planner': AMENT_PREFIX_PATH=/home/yuqingchi/Code/ws_moveit/install/moveit_resources_prbt_pg70_support:/home/yuqingchi/Code/ws_moveit/install/moveit_resources_prbt_moveit_config:/home/yuqingchi/Code/ws_moveit/install/moveit_ros_move_group:/home/yuqingchi/Code/ws_moveit/install/moveit_kinematics:/home/yuqingchi/Code/ws_moveit/install/moveit_ros_planning:/home/yuqingchi/Code/ws_moveit/install/pilz_industrial_motion_planner_testutils:/home/yuqingchi/Code/ws_moveit/install/moveit_ros_occupancy_map_monitor:/home/yuqingchi/Code/ws_moveit/install/moveit_resources_prbt_ikfast_manipulator_plugin:/home/yuqingchi/Code/ws_moveit/install/moveit_core:/home/yuqingchi/Code/ws_moveit/install/moveit_resources_panda_moveit_config:/home/yuqingchi/Code/ws_moveit/install/moveit_resources_fanuc_moveit_config:/home/yuqingchi/Code/ws_moveit/install/moveit_resources_prbt_support:/home/yuqingchi/Code/ws_moveit/install/moveit_resources_pr2_description:/home/yuqingchi/Code/ws_moveit/install/moveit_resources_panda_description:/home/yuqingchi/Code/ws_moveit/install/moveit_resources_fanuc_description:/home/yuqingchi/Code/ws_moveit/install/moveit_msgs:/home/yuqingchi/Code/ws_moveit/install/moveit_configs_utils:/home/yuqingchi/Code/ws_moveit/install/moveit_common:${AMENT_PREFIX_PATH} CMAKE_PREFIX_PATH=/home/yuqingchi/Code/ws_moveit/install/moveit_resources_prbt_pg70_support:/home/yuqingchi/Code/ws_moveit/install/moveit_resources_prbt_moveit_config:/home/yuqingchi/Code/ws_moveit/install/moveit_ros_move_group:/home/yuqingchi/Code/ws_moveit/install/moveit_kinematics:/home/yuqingchi/Code/ws_moveit/install/moveit_ros_planning:/home/yuqingchi/Code/ws_moveit/install/pilz_industrial_motion_planner_testutils:/home/yuqingchi/Code/ws_moveit/install/moveit_ros_occupancy_map_monitor:/home/yuqingchi/Code/ws_moveit/install/moveit_resources_prbt_ikfast_manipulator_plugin:/home/yuqingchi/Code/ws_moveit/install/moveit_core:/home/yuqingchi/Code/ws_moveit/install/moveit_resources_panda_moveit_config:/home/yuqingchi/Code/ws_moveit/install/moveit_resources_fanuc_moveit_config:/home/yuqingchi/Code/ws_moveit/install/moveit_resources_prbt_support:/home/yuqingchi/Code/ws_moveit/install/moveit_resources_pr2_description:/home/yuqingchi/Code/ws_moveit/install/moveit_resources_panda_description:/home/yuqingchi/Code/ws_moveit/install/moveit_resources_fanuc_description:/home/yuqingchi/Code/ws_moveit/install/moveit_msgs:/home/yuqingchi/Code/ws_moveit/install/moveit_common:/opt/ros/jazzy/opt/gz_math_vendor:/opt/ros/jazzy/opt/gz_utils_vendor:/opt/ros/jazzy/opt/gz_cmake_vendor:/opt/ros/jazzy DEBUGINFOD_URLS=https://debuginfod.ubuntu.com LD_LIBRARY_PATH=/home/yuqingchi/Code/ws_moveit/install/moveit_ros_move_group/lib:/home/yuqingchi/Code/ws_moveit/install/moveit_kinematics/lib:/home/yuqingchi/Code/ws_moveit/install/moveit_ros_planning/lib:/home/yuqingchi/Code/ws_moveit/install/pilz_industrial_motion_planner_testutils/lib:/home/yuqingchi/Code/ws_moveit/install/moveit_ros_occupancy_map_monitor/lib:/home/yuqingchi/Code/ws_moveit/install/moveit_resources_prbt_ikfast_manipulator_plugin/lib:/home/yuqingchi/Code/ws_moveit/install/moveit_core/lib:/home/yuqingchi/Code/ws_moveit/install/moveit_msgs/lib:${LD_LIBRARY_PATH} PATH=/home/yuqingchi/Code/ws_moveit/install/moveit_core/bin:${PATH} PYTHONPATH=/home/yuqingchi/Code/ws_moveit/install/moveit_msgs/lib/python3.12/site-packages:/home/yuqingchi/Code/ws_moveit/install/moveit_configs_utils/lib/python3.12/site-packages:${PYTHONPATH} /usr/bin/cmake --install /home/yuqingchi/Code/ws_moveit/build/pilz_industrial_motion_planner
[64.957s] -- Install configuration: "Release"
[64.957s] -- Installing: /home/yuqingchi/Code/ws_moveit/install/pilz_industrial_motion_planner/include/pilz_industrial_motion_planner
[64.958s] -- Installing: /home/yuqingchi/Code/ws_moveit/install/pilz_industrial_motion_planner/include/pilz_industrial_motion_planner/cartesian_limits_parameters.hpp
[64.958s] -- Installing: /home/yuqingchi/Code/ws_moveit/install/pilz_industrial_motion_planner/share/pilz_industrial_motion_planner/plugins/pilz_industrial_motion_planner_plugin_description.xml
[64.958s] -- Installing: /home/yuqingchi/Code/ws_moveit/install/pilz_industrial_motion_planner/share/pilz_industrial_motion_planner/plugins/sequence_capability_plugin_description.xml
[64.958s] -- Installing: /home/yuqingchi/Code/ws_moveit/install/pilz_industrial_motion_planner/share/pilz_industrial_motion_planner/plugins/planning_context_plugin_description.xml
[64.959s] -- Installing: /home/yuqingchi/Code/ws_moveit/install/pilz_industrial_motion_planner/lib/libpilz_industrial_motion_planner.so
[64.960s] -- Set non-toolchain portion of runtime path of "/home/yuqingchi/Code/ws_moveit/install/pilz_industrial_motion_planner/lib/libpilz_industrial_motion_planner.so" to ""
[64.960s] -- Installing: /home/yuqingchi/Code/ws_moveit/install/pilz_industrial_motion_planner/lib/libjoint_limits_common.so
[64.961s] -- Set non-toolchain portion of runtime path of "/home/yuqingchi/Code/ws_moveit/install/pilz_industrial_motion_planner/lib/libjoint_limits_common.so" to ""
[64.961s] -- Installing: /home/yuqingchi/Code/ws_moveit/install/pilz_industrial_motion_planner/lib/libplanning_context_loader_base.so
[64.961s] -- Set non-toolchain portion of runtime path of "/home/yuqingchi/Code/ws_moveit/install/pilz_industrial_motion_planner/lib/libplanning_context_loader_base.so" to ""
[64.962s] -- Installing: /home/yuqingchi/Code/ws_moveit/install/pilz_industrial_motion_planner/lib/libplanning_context_loader_ptp.so
[64.962s] -- Set non-toolchain portion of runtime path of "/home/yuqingchi/Code/ws_moveit/install/pilz_industrial_motion_planner/lib/libplanning_context_loader_ptp.so" to ""
[64.962s] -- Installing: /home/yuqingchi/Code/ws_moveit/install/pilz_industrial_motion_planner/lib/libplanning_context_loader_lin.so
[64.963s] -- Set non-toolchain portion of runtime path of "/home/yuqingchi/Code/ws_moveit/install/pilz_industrial_motion_planner/lib/libplanning_context_loader_lin.so" to ""
[64.963s] -- Installing: /home/yuqingchi/Code/ws_moveit/install/pilz_industrial_motion_planner/lib/libplanning_context_loader_circ.so
[64.964s] -- Set non-toolchain portion of runtime path of "/home/yuqingchi/Code/ws_moveit/install/pilz_industrial_motion_planner/lib/libplanning_context_loader_circ.so" to ""
[64.964s] -- Installing: /home/yuqingchi/Code/ws_moveit/install/pilz_industrial_motion_planner/lib/libcommand_list_manager.so
[64.964s] -- Set non-toolchain portion of runtime path of "/home/yuqingchi/Code/ws_moveit/install/pilz_industrial_motion_planner/lib/libcommand_list_manager.so" to ""
[64.964s] -- Installing: /home/yuqingchi/Code/ws_moveit/install/pilz_industrial_motion_planner/lib/libsequence_capability.so
[64.965s] -- Set non-toolchain portion of runtime path of "/home/yuqingchi/Code/ws_moveit/install/pilz_industrial_motion_planner/lib/libsequence_capability.so" to ""
[64.966s] -- Installing: /home/yuqingchi/Code/ws_moveit/install/pilz_industrial_motion_planner/lib/libtrajectory_generation_common.so
[64.967s] -- Set non-toolchain portion of runtime path of "/home/yuqingchi/Code/ws_moveit/install/pilz_industrial_motion_planner/lib/libtrajectory_generation_common.so" to ""
[64.967s] -- Up-to-date: /home/yuqingchi/Code/ws_moveit/install/pilz_industrial_motion_planner/include/pilz_industrial_motion_planner
[64.967s] -- Installing: /home/yuqingchi/Code/ws_moveit/install/pilz_industrial_motion_planner/include/pilz_industrial_motion_planner/joint_limits_copy
[64.967s] -- Installing: /home/yuqingchi/Code/ws_moveit/install/pilz_industrial_motion_planner/include/pilz_industrial_motion_planner/joint_limits_copy/joint_limits.h
[64.967s] -- Installing: /home/yuqingchi/Code/ws_moveit/install/pilz_industrial_motion_planner/include/pilz_industrial_motion_planner/joint_limits_copy/joint_limits_rosparam.h
[64.968s] -- Installing: /home/yuqingchi/Code/ws_moveit/install/pilz_industrial_motion_planner/include/pilz_industrial_motion_planner/joint_limits_copy/joint_limits_rosparam.hpp
[64.968s] -- Installing: /home/yuqingchi/Code/ws_moveit/install/pilz_industrial_motion_planner/include/pilz_industrial_motion_planner/joint_limits_copy/joint_limits.hpp
[64.968s] -- Installing: /home/yuqingchi/Code/ws_moveit/install/pilz_industrial_motion_planner/include/pilz_industrial_motion_planner/pilz_industrial_motion_planner
[64.968s] -- Installing: /home/yuqingchi/Code/ws_moveit/install/pilz_industrial_motion_planner/include/pilz_industrial_motion_planner/pilz_industrial_motion_planner/path_circle_generator.hpp
[64.968s] -- Installing: /home/yuqingchi/Code/ws_moveit/install/pilz_industrial_motion_planner/include/pilz_industrial_motion_planner/pilz_industrial_motion_planner/planning_context_base.h
[64.968s] -- Installing: /home/yuqingchi/Code/ws_moveit/install/pilz_industrial_motion_planner/include/pilz_industrial_motion_planner/pilz_industrial_motion_planner/cartesian_trajectory_point.hpp
[64.968s] -- Installing: /home/yuqingchi/Code/ws_moveit/install/pilz_industrial_motion_planner/include/pilz_industrial_motion_planner/pilz_industrial_motion_planner/planning_context_loader_lin.h
[64.968s] -- Installing: /home/yuqingchi/Code/ws_moveit/install/pilz_industrial_motion_planner/include/pilz_industrial_motion_planner/pilz_industrial_motion_planner/cartesian_trajectory.h
[64.969s] -- Installing: /home/yuqingchi/Code/ws_moveit/install/pilz_industrial_motion_planner/include/pilz_industrial_motion_planner/pilz_industrial_motion_planner/pilz_industrial_motion_planner.h
[64.969s] -- Installing: /home/yuqingchi/Code/ws_moveit/install/pilz_industrial_motion_planner/include/pilz_industrial_motion_planner/pilz_industrial_motion_planner/velocity_profile_atrap.hpp
[64.969s] -- Installing: /home/yuqingchi/Code/ws_moveit/install/pilz_industrial_motion_planner/include/pilz_industrial_motion_planner/pilz_industrial_motion_planner/trajectory_generator_ptp.hpp
[64.969s] -- Installing: /home/yuqingchi/Code/ws_moveit/install/pilz_industrial_motion_planner/include/pilz_industrial_motion_planner/pilz_industrial_motion_planner/planning_context_ptp.h
[64.969s] -- Installing: /home/yuqingchi/Code/ws_moveit/install/pilz_industrial_motion_planner/include/pilz_industrial_motion_planner/pilz_industrial_motion_planner/planning_context_circ.h
[64.969s] -- Installing: /home/yuqingchi/Code/ws_moveit/install/pilz_industrial_motion_planner/include/pilz_industrial_motion_planner/pilz_industrial_motion_planner/trajectory_generation_exceptions.h
[64.969s] -- Installing: /home/yuqingchi/Code/ws_moveit/install/pilz_industrial_motion_planner/include/pilz_industrial_motion_planner/pilz_industrial_motion_planner/trajectory_blend_request.h
[64.969s] -- Installing: /home/yuqingchi/Code/ws_moveit/install/pilz_industrial_motion_planner/include/pilz_industrial_motion_planner/pilz_industrial_motion_planner/plan_components_builder.hpp
[64.969s] -- Installing: /home/yuqingchi/Code/ws_moveit/install/pilz_industrial_motion_planner/include/pilz_industrial_motion_planner/pilz_industrial_motion_planner/joint_limits_aggregator.h
[64.969s] -- Installing: /home/yuqingchi/Code/ws_moveit/install/pilz_industrial_motion_planner/include/pilz_industrial_motion_planner/pilz_industrial_motion_planner/planning_context_lin.h
[64.969s] -- Installing: /home/yuqingchi/Code/ws_moveit/install/pilz_industrial_motion_planner/include/pilz_industrial_motion_planner/pilz_industrial_motion_planner/tip_frame_getter.h
[64.969s] -- Installing: /home/yuqingchi/Code/ws_moveit/install/pilz_industrial_motion_planner/include/pilz_industrial_motion_planner/pilz_industrial_motion_planner/trajectory_blend_response.hpp
[64.969s] -- Installing: /home/yuqingchi/Code/ws_moveit/install/pilz_industrial_motion_planner/include/pilz_industrial_motion_planner/pilz_industrial_motion_planner/planning_context_loader_ptp.h
[64.970s] -- Installing: /home/yuqingchi/Code/ws_moveit/install/pilz_industrial_motion_planner/include/pilz_industrial_motion_planner/pilz_industrial_motion_planner/planning_context_loader_circ.hpp
[64.970s] -- Installing: /home/yuqingchi/Code/ws_moveit/install/pilz_industrial_motion_planner/include/pilz_industrial_motion_planner/pilz_industrial_motion_planner/planning_exceptions.h
[64.970s] -- Installing: /home/yuqingchi/Code/ws_moveit/install/pilz_industrial_motion_planner/include/pilz_industrial_motion_planner/pilz_industrial_motion_planner/joint_limits_validator.hpp
[64.970s] -- Installing: /home/yuqingchi/Code/ws_moveit/install/pilz_industrial_motion_planner/include/pilz_industrial_motion_planner/pilz_industrial_motion_planner/joint_limits_container.h
[64.970s] -- Installing: /home/yuqingchi/Code/ws_moveit/install/pilz_industrial_motion_planner/include/pilz_industrial_motion_planner/pilz_industrial_motion_planner/planning_exceptions.hpp
[64.970s] -- Installing: /home/yuqingchi/Code/ws_moveit/install/pilz_industrial_motion_planner/include/pilz_industrial_motion_planner/pilz_industrial_motion_planner/cartesian_trajectory_point.h
[64.970s] -- Installing: /home/yuqingchi/Code/ws_moveit/install/pilz_industrial_motion_planner/include/pilz_industrial_motion_planner/pilz_industrial_motion_planner/limits_container.hpp
[64.970s] -- Installing: /home/yuqingchi/Code/ws_moveit/install/pilz_industrial_motion_planner/include/pilz_industrial_motion_planner/pilz_industrial_motion_planner/joint_limits_extension.hpp
[64.970s] -- Installing: /home/yuqingchi/Code/ws_moveit/install/pilz_industrial_motion_planner/include/pilz_industrial_motion_planner/pilz_industrial_motion_planner/trajectory_functions.hpp
[64.970s] -- Installing: /home/yuqingchi/Code/ws_moveit/install/pilz_industrial_motion_planner/include/pilz_industrial_motion_planner/pilz_industrial_motion_planner/joint_limits_container.hpp
[64.970s] -- Installing: /home/yuqingchi/Code/ws_moveit/install/pilz_industrial_motion_planner/include/pilz_industrial_motion_planner/pilz_industrial_motion_planner/joint_limits_extension.h
[64.970s] -- Installing: /home/yuqingchi/Code/ws_moveit/install/pilz_industrial_motion_planner/include/pilz_industrial_motion_planner/pilz_industrial_motion_planner/velocity_profile_atrap.h
[64.971s] -- Installing: /home/yuqingchi/Code/ws_moveit/install/pilz_industrial_motion_planner/include/pilz_industrial_motion_planner/pilz_industrial_motion_planner/trajectory_generator_lin.h
[64.971s] -- Installing: /home/yuqingchi/Code/ws_moveit/install/pilz_industrial_motion_planner/include/pilz_industrial_motion_planner/pilz_industrial_motion_planner/trajectory_generator_circ.hpp
[64.971s] -- Installing: /home/yuqingchi/Code/ws_moveit/install/pilz_industrial_motion_planner/include/pilz_industrial_motion_planner/pilz_industrial_motion_planner/trajectory_blend_response.h
[64.971s] -- Installing: /home/yuqingchi/Code/ws_moveit/install/pilz_industrial_motion_planner/include/pilz_industrial_motion_planner/pilz_industrial_motion_planner/trajectory_blender.h
[64.971s] -- Installing: /home/yuqingchi/Code/ws_moveit/install/pilz_industrial_motion_planner/include/pilz_industrial_motion_planner/pilz_industrial_motion_planner/joint_limits_validator.h
[64.971s] -- Installing: /home/yuqingchi/Code/ws_moveit/install/pilz_industrial_motion_planner/include/pilz_industrial_motion_planner/pilz_industrial_motion_planner/move_group_sequence_service.hpp
[64.971s] -- Installing: /home/yuqingchi/Code/ws_moveit/install/pilz_industrial_motion_planner/include/pilz_industrial_motion_planner/pilz_industrial_motion_planner/joint_limits_aggregator.hpp
[64.971s] -- Installing: /home/yuqingchi/Code/ws_moveit/install/pilz_industrial_motion_planner/include/pilz_industrial_motion_planner/pilz_industrial_motion_planner/joint_limits_interface_extension.hpp
[64.971s] -- Installing: /home/yuqingchi/Code/ws_moveit/install/pilz_industrial_motion_planner/include/pilz_industrial_motion_planner/pilz_industrial_motion_planner/planning_context_circ.hpp
[64.972s] -- Installing: /home/yuqingchi/Code/ws_moveit/install/pilz_industrial_motion_planner/include/pilz_industrial_motion_planner/pilz_industrial_motion_planner/move_group_sequence_service.h
[64.972s] -- Installing: /home/yuqingchi/Code/ws_moveit/install/pilz_industrial_motion_planner/include/pilz_industrial_motion_planner/pilz_industrial_motion_planner/tip_frame_getter.hpp
[64.972s] -- Installing: /home/yuqingchi/Code/ws_moveit/install/pilz_industrial_motion_planner/include/pilz_industrial_motion_planner/pilz_industrial_motion_planner/capability_names.hpp
[64.972s] -- Installing: /home/yuqingchi/Code/ws_moveit/install/pilz_industrial_motion_planner/include/pilz_industrial_motion_planner/pilz_industrial_motion_planner/trajectory_generator.hpp
[64.972s] -- Installing: /home/yuqingchi/Code/ws_moveit/install/pilz_industrial_motion_planner/include/pilz_industrial_motion_planner/pilz_industrial_motion_planner/trajectory_functions.h
[64.972s] -- Installing: /home/yuqingchi/Code/ws_moveit/install/pilz_industrial_motion_planner/include/pilz_industrial_motion_planner/pilz_industrial_motion_planner/capability_names.h
[64.972s] -- Installing: /home/yuqingchi/Code/ws_moveit/install/pilz_industrial_motion_planner/include/pilz_industrial_motion_planner/pilz_industrial_motion_planner/planning_context_base.hpp
[64.972s] -- Installing: /home/yuqingchi/Code/ws_moveit/install/pilz_industrial_motion_planner/include/pilz_industrial_motion_planner/pilz_industrial_motion_planner/trajectory_generator_lin.hpp
[64.972s] -- Installing: /home/yuqingchi/Code/ws_moveit/install/pilz_industrial_motion_planner/include/pilz_industrial_motion_planner/pilz_industrial_motion_planner/path_circle_generator.h
[64.972s] -- Installing: /home/yuqingchi/Code/ws_moveit/install/pilz_industrial_motion_planner/include/pilz_industrial_motion_planner/pilz_industrial_motion_planner/limits_container.h
[64.973s] -- Installing: /home/yuqingchi/Code/ws_moveit/install/pilz_industrial_motion_planner/include/pilz_industrial_motion_planner/pilz_industrial_motion_planner/trajectory_blend_request.hpp
[64.973s] -- Installing: /home/yuqingchi/Code/ws_moveit/install/pilz_industrial_motion_planner/include/pilz_industrial_motion_planner/pilz_industrial_motion_planner/command_list_manager.hpp
[64.973s] -- Installing: /home/yuqingchi/Code/ws_moveit/install/pilz_industrial_motion_planner/include/pilz_industrial_motion_planner/pilz_industrial_motion_planner/trajectory_generator.h
[64.973s] -- Installing: /home/yuqingchi/Code/ws_moveit/install/pilz_industrial_motion_planner/include/pilz_industrial_motion_planner/pilz_industrial_motion_planner/trajectory_generator_ptp.h
[64.973s] -- Installing: /home/yuqingchi/Code/ws_moveit/install/pilz_industrial_motion_planner/include/pilz_industrial_motion_planner/pilz_industrial_motion_planner/trajectory_blender_transition_window.hpp
[64.973s] -- Installing: /home/yuqingchi/Code/ws_moveit/install/pilz_industrial_motion_planner/include/pilz_industrial_motion_planner/pilz_industrial_motion_planner/cartesian_trajectory.hpp
[64.973s] -- Installing: /home/yuqingchi/Code/ws_moveit/install/pilz_industrial_motion_planner/include/pilz_industrial_motion_planner/pilz_industrial_motion_planner/planning_context_loader.h
[64.973s] -- Installing: /home/yuqingchi/Code/ws_moveit/install/pilz_industrial_motion_planner/include/pilz_industrial_motion_planner/pilz_industrial_motion_planner/planning_context_loader.hpp
[64.974s] -- Installing: /home/yuqingchi/Code/ws_moveit/install/pilz_industrial_motion_planner/include/pilz_industrial_motion_planner/pilz_industrial_motion_planner/planning_context_loader_ptp.hpp
[64.974s] -- Installing: /home/yuqingchi/Code/ws_moveit/install/pilz_industrial_motion_planner/include/pilz_industrial_motion_planner/pilz_industrial_motion_planner/planning_context_loader_lin.hpp
[64.974s] -- Installing: /home/yuqingchi/Code/ws_moveit/install/pilz_industrial_motion_planner/include/pilz_industrial_motion_planner/pilz_industrial_motion_planner/trajectory_blender.hpp
[64.974s] -- Installing: /home/yuqingchi/Code/ws_moveit/install/pilz_industrial_motion_planner/include/pilz_industrial_motion_planner/pilz_industrial_motion_planner/planning_context_ptp.hpp
[64.974s] -- Installing: /home/yuqingchi/Code/ws_moveit/install/pilz_industrial_motion_planner/include/pilz_industrial_motion_planner/pilz_industrial_motion_planner/planning_context_loader_circ.h
[64.974s] -- Installing: /home/yuqingchi/Code/ws_moveit/install/pilz_industrial_motion_planner/include/pilz_industrial_motion_planner/pilz_industrial_motion_planner/trajectory_blender_transition_window.h
[64.974s] -- Installing: /home/yuqingchi/Code/ws_moveit/install/pilz_industrial_motion_planner/include/pilz_industrial_motion_planner/pilz_industrial_motion_planner/plan_components_builder.h
[64.974s] -- Installing: /home/yuqingchi/Code/ws_moveit/install/pilz_industrial_motion_planner/include/pilz_industrial_motion_planner/pilz_industrial_motion_planner/trajectory_generation_exceptions.hpp
[64.974s] -- Installing: /home/yuqingchi/Code/ws_moveit/install/pilz_industrial_motion_planner/include/pilz_industrial_motion_planner/pilz_industrial_motion_planner/pilz_industrial_motion_planner.hpp
[64.975s] -- Installing: /home/yuqingchi/Code/ws_moveit/install/pilz_industrial_motion_planner/include/pilz_industrial_motion_planner/pilz_industrial_motion_planner/move_group_sequence_action.h
[64.975s] -- Installing: /home/yuqingchi/Code/ws_moveit/install/pilz_industrial_motion_planner/include/pilz_industrial_motion_planner/pilz_industrial_motion_planner/trajectory_generator_circ.h
[64.975s] -- Installing: /home/yuqingchi/Code/ws_moveit/install/pilz_industrial_motion_planner/include/pilz_industrial_motion_planner/pilz_industrial_motion_planner/move_group_sequence_action.hpp
[64.975s] -- Installing: /home/yuqingchi/Code/ws_moveit/install/pilz_industrial_motion_planner/include/pilz_industrial_motion_planner/pilz_industrial_motion_planner/command_list_manager.h
[64.975s] -- Installing: /home/yuqingchi/Code/ws_moveit/install/pilz_industrial_motion_planner/include/pilz_industrial_motion_planner/pilz_industrial_motion_planner/joint_limits_interface_extension.h
[64.975s] -- Installing: /home/yuqingchi/Code/ws_moveit/install/pilz_industrial_motion_planner/include/pilz_industrial_motion_planner/pilz_industrial_motion_planner/planning_context_lin.hpp
[64.975s] -- Installing: /home/yuqingchi/Code/ws_moveit/install/pilz_industrial_motion_planner/share/pilz_industrial_motion_planner/environment/library_path.sh
[64.975s] -- Installing: /home/yuqingchi/Code/ws_moveit/install/pilz_industrial_motion_planner/share/pilz_industrial_motion_planner/environment/library_path.dsv
[64.977s] -- Installing: /home/yuqingchi/Code/ws_moveit/install/pilz_industrial_motion_planner/lib/pilz_industrial_motion_planner/unittest_pilz_industrial_motion_planner_direct
[64.979s] -- Set non-toolchain portion of runtime path of "/home/yuqingchi/Code/ws_moveit/install/pilz_industrial_motion_planner/lib/pilz_industrial_motion_planner/unittest_pilz_industrial_motion_planner_direct" to ""
[64.979s] -- Installing: /home/yuqingchi/Code/ws_moveit/install/pilz_industrial_motion_planner/lib/pilz_industrial_motion_planner/unittest_velocity_profile_atrap
[64.980s] -- Set non-toolchain portion of runtime path of "/home/yuqingchi/Code/ws_moveit/install/pilz_industrial_motion_planner/lib/pilz_industrial_motion_planner/unittest_velocity_profile_atrap" to ""
[64.980s] -- Installing: /home/yuqingchi/Code/ws_moveit/install/pilz_industrial_motion_planner/lib/pilz_industrial_motion_planner/unittest_trajectory_generator
[64.981s] -- Set non-toolchain portion of runtime path of "/home/yuqingchi/Code/ws_moveit/install/pilz_industrial_motion_planner/lib/pilz_industrial_motion_planner/unittest_trajectory_generator" to ""
[64.981s] -- Installing: /home/yuqingchi/Code/ws_moveit/install/pilz_industrial_motion_planner/lib/pilz_industrial_motion_planner/unittest_trajectory_functions
[64.983s] -- Set non-toolchain portion of runtime path of "/home/yuqingchi/Code/ws_moveit/install/pilz_industrial_motion_planner/lib/pilz_industrial_motion_planner/unittest_trajectory_functions" to ""
[64.983s] -- Installing: /home/yuqingchi/Code/ws_moveit/install/pilz_industrial_motion_planner/lib/pilz_industrial_motion_planner/unittest_trajectory_blender_transition_window
[64.985s] -- Set non-toolchain portion of runtime path of "/home/yuqingchi/Code/ws_moveit/install/pilz_industrial_motion_planner/lib/pilz_industrial_motion_planner/unittest_trajectory_blender_transition_window" to ""
[64.985s] -- Installing: /home/yuqingchi/Code/ws_moveit/install/pilz_industrial_motion_planner/lib/pilz_industrial_motion_planner/unittest_trajectory_generator_common
[64.987s] -- Set non-toolchain portion of runtime path of "/home/yuqingchi/Code/ws_moveit/install/pilz_industrial_motion_planner/lib/pilz_industrial_motion_planner/unittest_trajectory_generator_common" to ""
[64.987s] -- Installing: /home/yuqingchi/Code/ws_moveit/install/pilz_industrial_motion_planner/lib/pilz_industrial_motion_planner/unittest_trajectory_generator_circ
[64.989s] -- Set non-toolchain portion of runtime path of "/home/yuqingchi/Code/ws_moveit/install/pilz_industrial_motion_planner/lib/pilz_industrial_motion_planner/unittest_trajectory_generator_circ" to ""
[64.989s] -- Installing: /home/yuqingchi/Code/ws_moveit/install/pilz_industrial_motion_planner/lib/pilz_industrial_motion_planner/unittest_trajectory_generator_lin
[64.991s] -- Set non-toolchain portion of runtime path of "/home/yuqingchi/Code/ws_moveit/install/pilz_industrial_motion_planner/lib/pilz_industrial_motion_planner/unittest_trajectory_generator_lin" to ""
[64.991s] -- Installing: /home/yuqingchi/Code/ws_moveit/install/pilz_industrial_motion_planner/lib/pilz_industrial_motion_planner/unittest_trajectory_generator_ptp
[64.993s] -- Set non-toolchain portion of runtime path of "/home/yuqingchi/Code/ws_moveit/install/pilz_industrial_motion_planner/lib/pilz_industrial_motion_planner/unittest_trajectory_generator_ptp" to ""
[64.993s] -- Installing: /home/yuqingchi/Code/ws_moveit/install/pilz_industrial_motion_planner/lib/pilz_industrial_motion_planner/unittest_pilz_industrial_motion_planner
[64.994s] -- Set non-toolchain portion of runtime path of "/home/yuqingchi/Code/ws_moveit/install/pilz_industrial_motion_planner/lib/pilz_industrial_motion_planner/unittest_pilz_industrial_motion_planner" to ""
[64.994s] -- Installing: /home/yuqingchi/Code/ws_moveit/install/pilz_industrial_motion_planner/lib/pilz_industrial_motion_planner/unittest_joint_limit
[64.996s] -- Set non-toolchain portion of runtime path of "/home/yuqingchi/Code/ws_moveit/install/pilz_industrial_motion_planner/lib/pilz_industrial_motion_planner/unittest_joint_limit" to ""
[64.996s] -- Installing: /home/yuqingchi/Code/ws_moveit/install/pilz_industrial_motion_planner/lib/pilz_industrial_motion_planner/unittest_joint_limits_aggregator
[64.997s] -- Set non-toolchain portion of runtime path of "/home/yuqingchi/Code/ws_moveit/install/pilz_industrial_motion_planner/lib/pilz_industrial_motion_planner/unittest_joint_limits_aggregator" to ""
[64.997s] -- Installing: /home/yuqingchi/Code/ws_moveit/install/pilz_industrial_motion_planner/lib/pilz_industrial_motion_planner/unittest_joint_limits_container
[64.998s] -- Set non-toolchain portion of runtime path of "/home/yuqingchi/Code/ws_moveit/install/pilz_industrial_motion_planner/lib/pilz_industrial_motion_planner/unittest_joint_limits_container" to ""
[64.998s] -- Installing: /home/yuqingchi/Code/ws_moveit/install/pilz_industrial_motion_planner/lib/pilz_industrial_motion_planner/unittest_joint_limits_validator
[64.999s] -- Set non-toolchain portion of runtime path of "/home/yuqingchi/Code/ws_moveit/install/pilz_industrial_motion_planner/lib/pilz_industrial_motion_planner/unittest_joint_limits_validator" to ""
[64.999s] -- Installing: /home/yuqingchi/Code/ws_moveit/install/pilz_industrial_motion_planner/lib/pilz_industrial_motion_planner/unittest_planning_context_loaders
[65.002s] -- Set non-toolchain portion of runtime path of "/home/yuqingchi/Code/ws_moveit/install/pilz_industrial_motion_planner/lib/pilz_industrial_motion_planner/unittest_planning_context_loaders" to ""
[65.002s] -- Installing: /home/yuqingchi/Code/ws_moveit/install/pilz_industrial_motion_planner/lib/pilz_industrial_motion_planner/unittest_planning_context
[65.004s] -- Set non-toolchain portion of runtime path of "/home/yuqingchi/Code/ws_moveit/install/pilz_industrial_motion_planner/lib/pilz_industrial_motion_planner/unittest_planning_context" to ""
[65.004s] -- Installing: /home/yuqingchi/Code/ws_moveit/install/pilz_industrial_motion_planner/lib/pilz_industrial_motion_planner/unittest_get_solver_tip_frame
[65.005s] -- Set non-toolchain portion of runtime path of "/home/yuqingchi/Code/ws_moveit/install/pilz_industrial_motion_planner/lib/pilz_industrial_motion_planner/unittest_get_solver_tip_frame" to ""
[65.006s] -- Installing: /home/yuqingchi/Code/ws_moveit/install/pilz_industrial_motion_planner/share/pilz_industrial_motion_planner/config
[65.006s] -- Installing: /home/yuqingchi/Code/ws_moveit/install/pilz_industrial_motion_planner/share/pilz_industrial_motion_planner/config/unittest_trajectory_generator_ptp.yaml
[65.006s] -- Installing: /home/yuqingchi/Code/ws_moveit/install/pilz_industrial_motion_planner/share/pilz_industrial_motion_planner/config/unittest_joint_limits_aggregator.yaml
[65.006s] -- Installing: /home/yuqingchi/Code/ws_moveit/install/pilz_industrial_motion_planner/share/pilz_industrial_motion_planner/config/unittest_trajectory_blender_transition_window.yaml
[65.006s] -- Installing: /home/yuqingchi/Code/ws_moveit/install/pilz_industrial_motion_planner/share/pilz_industrial_motion_planner/config/unittest_trajectory_generator_common.yaml
[65.006s] -- Installing: /home/yuqingchi/Code/ws_moveit/install/pilz_industrial_motion_planner/share/pilz_industrial_motion_planner/config/unittest_trajectory_generator_lin.yaml
[65.006s] -- Installing: /home/yuqingchi/Code/ws_moveit/install/pilz_industrial_motion_planner/share/pilz_industrial_motion_planner/config/unittest_trajectory_generator_circ.yaml
[65.006s] -- Installing: /home/yuqingchi/Code/ws_moveit/install/pilz_industrial_motion_planner/share/pilz_industrial_motion_planner/config/unittest_trajectory_functions.yaml
[65.006s] -- Installing: /home/yuqingchi/Code/ws_moveit/install/pilz_industrial_motion_planner/share/pilz_industrial_motion_planner/config/unittest_joint_limit_config.yaml
[65.006s] -- Installing: /home/yuqingchi/Code/ws_moveit/install/pilz_industrial_motion_planner/share/pilz_industrial_motion_planner/launch
[65.006s] -- Installing: /home/yuqingchi/Code/ws_moveit/install/pilz_industrial_motion_planner/share/pilz_industrial_motion_planner/launch/unittest_trajectory_functions.test.py
[65.006s] -- Installing: /home/yuqingchi/Code/ws_moveit/install/pilz_industrial_motion_planner/share/pilz_industrial_motion_planner/launch/unittest_cartesian_limits_aggregator.test.py
[65.007s] -- Installing: /home/yuqingchi/Code/ws_moveit/install/pilz_industrial_motion_planner/share/pilz_industrial_motion_planner/launch/unittest_trajectory_generator_lin.test.py
[65.007s] -- Installing: /home/yuqingchi/Code/ws_moveit/install/pilz_industrial_motion_planner/share/pilz_industrial_motion_planner/launch/unittest_trajectory_blender_transition_window.test.py
[65.007s] -- Installing: /home/yuqingchi/Code/ws_moveit/install/pilz_industrial_motion_planner/share/pilz_industrial_motion_planner/launch/unittest_joint_limits_aggregator.test.py
[65.007s] -- Installing: /home/yuqingchi/Code/ws_moveit/install/pilz_industrial_motion_planner/share/pilz_industrial_motion_planner/launch/unittest_planning_context.test.py
[65.007s] -- Installing: /home/yuqingchi/Code/ws_moveit/install/pilz_industrial_motion_planner/share/pilz_industrial_motion_planner/launch/unittest_trajectory_generator_ptp.test.py
[65.007s] -- Installing: /home/yuqingchi/Code/ws_moveit/install/pilz_industrial_motion_planner/share/pilz_industrial_motion_planner/launch/unittest_trajectory_generator_circ.test.py
[65.007s] -- Installing: /home/yuqingchi/Code/ws_moveit/install/pilz_industrial_motion_planner/share/pilz_industrial_motion_planner/launch/unittest_planning_context_loaders.test.py
[65.007s] -- Installing: /home/yuqingchi/Code/ws_moveit/install/pilz_industrial_motion_planner/share/pilz_industrial_motion_planner/launch/unittest_trajectory_generator_common.test.py
[65.007s] -- Installing: /home/yuqingchi/Code/ws_moveit/install/pilz_industrial_motion_planner/share/pilz_industrial_motion_planner/launch/unittest_pilz_industrial_motion_planner.test.py
[65.007s] -- Installing: /home/yuqingchi/Code/ws_moveit/install/pilz_industrial_motion_planner/share/pilz_industrial_motion_planner/launch/unittest_joint_limit.test.py
[65.007s] -- Installing: /home/yuqingchi/Code/ws_moveit/install/pilz_industrial_motion_planner/share/pilz_industrial_motion_planner/launch/common_parameters.py
[65.007s] -- Installing: /home/yuqingchi/Code/ws_moveit/install/pilz_industrial_motion_planner/share/pilz_industrial_motion_planner/test_data
[65.008s] -- Installing: /home/yuqingchi/Code/ws_moveit/install/pilz_industrial_motion_planner/share/pilz_industrial_motion_planner/test_data/frankaemika_panda
[65.008s] -- Installing: /home/yuqingchi/Code/ws_moveit/install/pilz_industrial_motion_planner/share/pilz_industrial_motion_planner/test_data/frankaemika_panda/testdata_sequence.xml
[65.008s] -- Installing: /home/yuqingchi/Code/ws_moveit/install/pilz_industrial_motion_planner/share/pilz_industrial_motion_planner/test_data/prbt
[65.008s] -- Installing: /home/yuqingchi/Code/ws_moveit/install/pilz_industrial_motion_planner/share/pilz_industrial_motion_planner/test_data/prbt/testdata_with_gripper.xml
[65.008s] -- Installing: /home/yuqingchi/Code/ws_moveit/install/pilz_industrial_motion_planner/share/pilz_industrial_motion_planner/test_data/prbt/testdata_deprecated.xml
[65.008s] -- Installing: /home/yuqingchi/Code/ws_moveit/install/pilz_industrial_motion_planner/share/pilz_industrial_motion_planner/test_data/prbt/testdata_sequence.xml
[65.008s] -- Installing: /home/yuqingchi/Code/ws_moveit/install/pilz_industrial_motion_planner/share/pilz_industrial_motion_planner/test_data/testpoints.py
[65.008s] -- Installing: /home/yuqingchi/Code/ws_moveit/install/pilz_industrial_motion_planner/share/pilz_industrial_motion_planner/test_data/concept_testdata.odp
[65.008s] -- Installing: /home/yuqingchi/Code/ws_moveit/install/pilz_industrial_motion_planner/share/pilz_industrial_motion_planner/test_data/concept_testdata.png
[65.009s] -- Installing: /home/yuqingchi/Code/ws_moveit/install/pilz_industrial_motion_planner/share/ament_index/resource_index/package_run_dependencies/pilz_industrial_motion_planner
[65.009s] -- Installing: /home/yuqingchi/Code/ws_moveit/install/pilz_industrial_motion_planner/share/ament_index/resource_index/parent_prefix_path/pilz_industrial_motion_planner
[65.009s] -- Installing: /home/yuqingchi/Code/ws_moveit/install/pilz_industrial_motion_planner/share/pilz_industrial_motion_planner/environment/ament_prefix_path.sh
[65.009s] -- Installing: /home/yuqingchi/Code/ws_moveit/install/pilz_industrial_motion_planner/share/pilz_industrial_motion_planner/environment/ament_prefix_path.dsv
[65.009s] -- Installing: /home/yuqingchi/Code/ws_moveit/install/pilz_industrial_motion_planner/share/pilz_industrial_motion_planner/environment/path.sh
[65.009s] -- Installing: /home/yuqingchi/Code/ws_moveit/install/pilz_industrial_motion_planner/share/pilz_industrial_motion_planner/environment/path.dsv
[65.010s] -- Installing: /home/yuqingchi/Code/ws_moveit/install/pilz_industrial_motion_planner/share/pilz_industrial_motion_planner/local_setup.bash
[65.010s] -- Installing: /home/yuqingchi/Code/ws_moveit/install/pilz_industrial_motion_planner/share/pilz_industrial_motion_planner/local_setup.sh
[65.010s] -- Installing: /home/yuqingchi/Code/ws_moveit/install/pilz_industrial_motion_planner/share/pilz_industrial_motion_planner/local_setup.zsh
[65.010s] -- Installing: /home/yuqingchi/Code/ws_moveit/install/pilz_industrial_motion_planner/share/pilz_industrial_motion_planner/local_setup.dsv
[65.010s] -- Installing: /home/yuqingchi/Code/ws_moveit/install/pilz_industrial_motion_planner/share/pilz_industrial_motion_planner/package.dsv
[65.010s] -- Installing: /home/yuqingchi/Code/ws_moveit/install/pilz_industrial_motion_planner/share/ament_index/resource_index/packages/pilz_industrial_motion_planner
[65.011s] -- Installing: /home/yuqingchi/Code/ws_moveit/install/pilz_industrial_motion_planner/share/ament_index/resource_index/moveit_core__pluginlib__plugin/pilz_industrial_motion_planner
[65.011s] -- Installing: /home/yuqingchi/Code/ws_moveit/install/pilz_industrial_motion_planner/share/ament_index/resource_index/moveit_ros_move_group__pluginlib__plugin/pilz_industrial_motion_planner
[65.011s] -- Installing: /home/yuqingchi/Code/ws_moveit/install/pilz_industrial_motion_planner/share/ament_index/resource_index/pilz_industrial_motion_planner__pluginlib__plugin/pilz_industrial_motion_planner
[65.011s] -- Installing: /home/yuqingchi/Code/ws_moveit/install/pilz_industrial_motion_planner/share/pilz_industrial_motion_planner/cmake/pilz_industrial_motion_plannerTargetsExport.cmake
[65.011s] -- Installing: /home/yuqingchi/Code/ws_moveit/install/pilz_industrial_motion_planner/share/pilz_industrial_motion_planner/cmake/pilz_industrial_motion_plannerTargetsExport-release.cmake
[65.011s] -- Installing: /home/yuqingchi/Code/ws_moveit/install/pilz_industrial_motion_planner/share/pilz_industrial_motion_planner/cmake/ament_cmake_export_dependencies-extras.cmake
[65.012s] -- Installing: /home/yuqingchi/Code/ws_moveit/install/pilz_industrial_motion_planner/share/pilz_industrial_motion_planner/cmake/ament_cmake_export_include_directories-extras.cmake
[65.012s] -- Installing: /home/yuqingchi/Code/ws_moveit/install/pilz_industrial_motion_planner/share/pilz_industrial_motion_planner/cmake/ament_cmake_export_targets-extras.cmake
[65.012s] -- Installing: /home/yuqingchi/Code/ws_moveit/install/pilz_industrial_motion_planner/share/pilz_industrial_motion_planner/cmake/pilz_industrial_motion_plannerConfig.cmake
[65.012s] -- Installing: /home/yuqingchi/Code/ws_moveit/install/pilz_industrial_motion_planner/share/pilz_industrial_motion_planner/cmake/pilz_industrial_motion_plannerConfig-version.cmake
[65.012s] -- Installing: /home/yuqingchi/Code/ws_moveit/install/pilz_industrial_motion_planner/share/pilz_industrial_motion_planner/package.xml
[65.019s] Invoked command in '/home/yuqingchi/Code/ws_moveit/build/pilz_industrial_motion_planner' returned '0': AMENT_PREFIX_PATH=/home/yuqingchi/Code/ws_moveit/install/moveit_resources_prbt_pg70_support:/home/yuqingchi/Code/ws_moveit/install/moveit_resources_prbt_moveit_config:/home/yuqingchi/Code/ws_moveit/install/moveit_ros_move_group:/home/yuqingchi/Code/ws_moveit/install/moveit_kinematics:/home/yuqingchi/Code/ws_moveit/install/moveit_ros_planning:/home/yuqingchi/Code/ws_moveit/install/pilz_industrial_motion_planner_testutils:/home/yuqingchi/Code/ws_moveit/install/moveit_ros_occupancy_map_monitor:/home/yuqingchi/Code/ws_moveit/install/moveit_resources_prbt_ikfast_manipulator_plugin:/home/yuqingchi/Code/ws_moveit/install/moveit_core:/home/yuqingchi/Code/ws_moveit/install/moveit_resources_panda_moveit_config:/home/yuqingchi/Code/ws_moveit/install/moveit_resources_fanuc_moveit_config:/home/yuqingchi/Code/ws_moveit/install/moveit_resources_prbt_support:/home/yuqingchi/Code/ws_moveit/install/moveit_resources_pr2_description:/home/yuqingchi/Code/ws_moveit/install/moveit_resources_panda_description:/home/yuqingchi/Code/ws_moveit/install/moveit_resources_fanuc_description:/home/yuqingchi/Code/ws_moveit/install/moveit_msgs:/home/yuqingchi/Code/ws_moveit/install/moveit_configs_utils:/home/yuqingchi/Code/ws_moveit/install/moveit_common:${AMENT_PREFIX_PATH} CMAKE_PREFIX_PATH=/home/yuqingchi/Code/ws_moveit/install/moveit_resources_prbt_pg70_support:/home/yuqingchi/Code/ws_moveit/install/moveit_resources_prbt_moveit_config:/home/yuqingchi/Code/ws_moveit/install/moveit_ros_move_group:/home/yuqingchi/Code/ws_moveit/install/moveit_kinematics:/home/yuqingchi/Code/ws_moveit/install/moveit_ros_planning:/home/yuqingchi/Code/ws_moveit/install/pilz_industrial_motion_planner_testutils:/home/yuqingchi/Code/ws_moveit/install/moveit_ros_occupancy_map_monitor:/home/yuqingchi/Code/ws_moveit/install/moveit_resources_prbt_ikfast_manipulator_plugin:/home/yuqingchi/Code/ws_moveit/install/moveit_core:/home/yuqingchi/Code/ws_moveit/install/moveit_resources_panda_moveit_config:/home/yuqingchi/Code/ws_moveit/install/moveit_resources_fanuc_moveit_config:/home/yuqingchi/Code/ws_moveit/install/moveit_resources_prbt_support:/home/yuqingchi/Code/ws_moveit/install/moveit_resources_pr2_description:/home/yuqingchi/Code/ws_moveit/install/moveit_resources_panda_description:/home/yuqingchi/Code/ws_moveit/install/moveit_resources_fanuc_description:/home/yuqingchi/Code/ws_moveit/install/moveit_msgs:/home/yuqingchi/Code/ws_moveit/install/moveit_common:/opt/ros/jazzy/opt/gz_math_vendor:/opt/ros/jazzy/opt/gz_utils_vendor:/opt/ros/jazzy/opt/gz_cmake_vendor:/opt/ros/jazzy DEBUGINFOD_URLS=https://debuginfod.ubuntu.com LD_LIBRARY_PATH=/home/yuqingchi/Code/ws_moveit/install/moveit_ros_move_group/lib:/home/yuqingchi/Code/ws_moveit/install/moveit_kinematics/lib:/home/yuqingchi/Code/ws_moveit/install/moveit_ros_planning/lib:/home/yuqingchi/Code/ws_moveit/install/pilz_industrial_motion_planner_testutils/lib:/home/yuqingchi/Code/ws_moveit/install/moveit_ros_occupancy_map_monitor/lib:/home/yuqingchi/Code/ws_moveit/install/moveit_resources_prbt_ikfast_manipulator_plugin/lib:/home/yuqingchi/Code/ws_moveit/install/moveit_core/lib:/home/yuqingchi/Code/ws_moveit/install/moveit_msgs/lib:${LD_LIBRARY_PATH} PATH=/home/yuqingchi/Code/ws_moveit/install/moveit_core/bin:${PATH} PYTHONPATH=/home/yuqingchi/Code/ws_moveit/install/moveit_msgs/lib/python3.12/site-packages:/home/yuqingchi/Code/ws_moveit/install/moveit_configs_utils/lib/python3.12/site-packages:${PYTHONPATH} /usr/bin/cmake --install /home/yuqingchi/Code/ws_moveit/build/pilz_industrial_motion_planner
