[0.024s] Invoking command in '/home/yuqingchi/Code/ws_moveit/build/moveit_task_constructor_msgs': AMENT_PREFIX_PATH=/home/yuqingchi/Code/ws_moveit/install/moveit_msgs:${AMENT_PREFIX_PATH} CMAKE_PREFIX_PATH=/home/yuqingchi/Code/ws_moveit/install/moveit_msgs:/opt/ros/jazzy/opt/gz_sim_vendor:/opt/ros/jazzy/opt/gz_sensors_vendor:/opt/ros/jazzy/opt/gz_physics_vendor:/opt/ros/jazzy/opt/sdformat_vendor:/opt/ros/jazzy/opt/gz_gui_vendor:/opt/ros/jazzy/opt/gz_transport_vendor:/opt/ros/jazzy/opt/gz_rendering_vendor:/opt/ros/jazzy/opt/gz_plugin_vendor:/opt/ros/jazzy/opt/gz_fuel_tools_vendor:/opt/ros/jazzy/opt/gz_msgs_vendor:/opt/ros/jazzy/opt/gz_common_vendor:/opt/ros/jazzy/opt/gz_math_vendor:/opt/ros/jazzy/opt/gz_utils_vendor:/opt/ros/jazzy/opt/gz_tools_vendor:/opt/ros/jazzy/opt/gz_ogre_next_vendor:/opt/ros/jazzy/opt/gz_dartsim_vendor:/opt/ros/jazzy/opt/gz_cmake_vendor:/opt/ros/jazzy DEBUGINFOD_URLS=https://debuginfod.ubuntu.com LD_LIBRARY_PATH=/home/yuqingchi/Code/ws_moveit/install/moveit_msgs/lib:${LD_LIBRARY_PATH} PYTHONPATH=/home/yuqingchi/Code/ws_moveit/install/moveit_msgs/lib/python3.12/site-packages:${PYTHONPATH} /usr/bin/cmake --build /home/yuqingchi/Code/ws_moveit/build/moveit_task_constructor_msgs -- -j16 -l16
[0.130s] [  0%] Built target ament_cmake_python_copy_moveit_task_constructor_msgs
[0.131s] [  1%] Built target moveit_task_constructor_msgs__rosidl_generator_type_description
[0.147s] [  1%] Built target moveit_task_constructor_msgs__cpp
[0.160s] [ 27%] Built target moveit_task_constructor_msgs__rosidl_generator_c
[0.187s] [ 37%] Built target moveit_task_constructor_msgs__rosidl_typesupport_introspection_c
[0.187s] [ 47%] Built target moveit_task_constructor_msgs__rosidl_typesupport_c
[0.191s] [ 58%] Built target moveit_task_constructor_msgs__rosidl_typesupport_fastrtps_c
[0.191s] [ 67%] Built target moveit_task_constructor_msgs__rosidl_typesupport_fastrtps_cpp
[0.195s] [ 76%] Built target moveit_task_constructor_msgs__rosidl_typesupport_introspection_cpp
[0.209s] [ 85%] Built target moveit_task_constructor_msgs__rosidl_typesupport_cpp
[0.227s] [ 85%] Built target moveit_task_constructor_msgs
[0.247s] [ 86%] Built target moveit_task_constructor_msgs__py
[0.279s] [ 95%] Built target moveit_task_constructor_msgs__rosidl_generator_py
[0.283s] running egg_info
[0.296s] writing moveit_task_constructor_msgs.egg-info/PKG-INFO
[0.296s] writing dependency_links to moveit_task_constructor_msgs.egg-info/dependency_links.txt
[0.296s] writing top-level names to moveit_task_constructor_msgs.egg-info/top_level.txt
[0.298s] [ 97%] Built target moveit_task_constructor_msgs_s__rosidl_typesupport_c
[0.299s] [ 99%] Built target moveit_task_constructor_msgs_s__rosidl_typesupport_introspection_c
[0.300s] [100%] Built target moveit_task_constructor_msgs_s__rosidl_typesupport_fastrtps_c
[0.334s] reading manifest file 'moveit_task_constructor_msgs.egg-info/SOURCES.txt'
[0.334s] writing manifest file 'moveit_task_constructor_msgs.egg-info/SOURCES.txt'
[0.353s] [100%] Built target ament_cmake_python_build_moveit_task_constructor_msgs_egg
[0.365s] Invoked command in '/home/yuqingchi/Code/ws_moveit/build/moveit_task_constructor_msgs' returned '0': AMENT_PREFIX_PATH=/home/yuqingchi/Code/ws_moveit/install/moveit_msgs:${AMENT_PREFIX_PATH} CMAKE_PREFIX_PATH=/home/yuqingchi/Code/ws_moveit/install/moveit_msgs:/opt/ros/jazzy/opt/gz_sim_vendor:/opt/ros/jazzy/opt/gz_sensors_vendor:/opt/ros/jazzy/opt/gz_physics_vendor:/opt/ros/jazzy/opt/sdformat_vendor:/opt/ros/jazzy/opt/gz_gui_vendor:/opt/ros/jazzy/opt/gz_transport_vendor:/opt/ros/jazzy/opt/gz_rendering_vendor:/opt/ros/jazzy/opt/gz_plugin_vendor:/opt/ros/jazzy/opt/gz_fuel_tools_vendor:/opt/ros/jazzy/opt/gz_msgs_vendor:/opt/ros/jazzy/opt/gz_common_vendor:/opt/ros/jazzy/opt/gz_math_vendor:/opt/ros/jazzy/opt/gz_utils_vendor:/opt/ros/jazzy/opt/gz_tools_vendor:/opt/ros/jazzy/opt/gz_ogre_next_vendor:/opt/ros/jazzy/opt/gz_dartsim_vendor:/opt/ros/jazzy/opt/gz_cmake_vendor:/opt/ros/jazzy DEBUGINFOD_URLS=https://debuginfod.ubuntu.com LD_LIBRARY_PATH=/home/yuqingchi/Code/ws_moveit/install/moveit_msgs/lib:${LD_LIBRARY_PATH} PYTHONPATH=/home/yuqingchi/Code/ws_moveit/install/moveit_msgs/lib/python3.12/site-packages:${PYTHONPATH} /usr/bin/cmake --build /home/yuqingchi/Code/ws_moveit/build/moveit_task_constructor_msgs -- -j16 -l16
[0.366s] Invoking command in '/home/yuqingchi/Code/ws_moveit/build/moveit_task_constructor_msgs': AMENT_PREFIX_PATH=/home/yuqingchi/Code/ws_moveit/install/moveit_msgs:${AMENT_PREFIX_PATH} CMAKE_PREFIX_PATH=/home/yuqingchi/Code/ws_moveit/install/moveit_msgs:/opt/ros/jazzy/opt/gz_sim_vendor:/opt/ros/jazzy/opt/gz_sensors_vendor:/opt/ros/jazzy/opt/gz_physics_vendor:/opt/ros/jazzy/opt/sdformat_vendor:/opt/ros/jazzy/opt/gz_gui_vendor:/opt/ros/jazzy/opt/gz_transport_vendor:/opt/ros/jazzy/opt/gz_rendering_vendor:/opt/ros/jazzy/opt/gz_plugin_vendor:/opt/ros/jazzy/opt/gz_fuel_tools_vendor:/opt/ros/jazzy/opt/gz_msgs_vendor:/opt/ros/jazzy/opt/gz_common_vendor:/opt/ros/jazzy/opt/gz_math_vendor:/opt/ros/jazzy/opt/gz_utils_vendor:/opt/ros/jazzy/opt/gz_tools_vendor:/opt/ros/jazzy/opt/gz_ogre_next_vendor:/opt/ros/jazzy/opt/gz_dartsim_vendor:/opt/ros/jazzy/opt/gz_cmake_vendor:/opt/ros/jazzy DEBUGINFOD_URLS=https://debuginfod.ubuntu.com LD_LIBRARY_PATH=/home/yuqingchi/Code/ws_moveit/install/moveit_msgs/lib:${LD_LIBRARY_PATH} PYTHONPATH=/home/yuqingchi/Code/ws_moveit/install/moveit_msgs/lib/python3.12/site-packages:${PYTHONPATH} /usr/bin/cmake --install /home/yuqingchi/Code/ws_moveit/build/moveit_task_constructor_msgs
[0.372s] -- Install configuration: ""
[0.372s] -- Up-to-date: /home/yuqingchi/Code/ws_moveit/install/moveit_task_constructor_msgs/share/ament_index/resource_index/rosidl_interfaces/moveit_task_constructor_msgs
[0.372s] -- Up-to-date: /home/yuqingchi/Code/ws_moveit/install/moveit_task_constructor_msgs/share/moveit_task_constructor_msgs/msg/Property.json
[0.372s] -- Up-to-date: /home/yuqingchi/Code/ws_moveit/install/moveit_task_constructor_msgs/share/moveit_task_constructor_msgs/msg/Solution.json
[0.372s] -- Up-to-date: /home/yuqingchi/Code/ws_moveit/install/moveit_task_constructor_msgs/share/moveit_task_constructor_msgs/msg/SolutionInfo.json
[0.372s] -- Up-to-date: /home/yuqingchi/Code/ws_moveit/install/moveit_task_constructor_msgs/share/moveit_task_constructor_msgs/msg/StageDescription.json
[0.372s] -- Up-to-date: /home/yuqingchi/Code/ws_moveit/install/moveit_task_constructor_msgs/share/moveit_task_constructor_msgs/msg/StageStatistics.json
[0.372s] -- Up-to-date: /home/yuqingchi/Code/ws_moveit/install/moveit_task_constructor_msgs/share/moveit_task_constructor_msgs/msg/SubSolution.json
[0.372s] -- Up-to-date: /home/yuqingchi/Code/ws_moveit/install/moveit_task_constructor_msgs/share/moveit_task_constructor_msgs/msg/SubTrajectory.json
[0.372s] -- Up-to-date: /home/yuqingchi/Code/ws_moveit/install/moveit_task_constructor_msgs/share/moveit_task_constructor_msgs/msg/TaskDescription.json
[0.372s] -- Up-to-date: /home/yuqingchi/Code/ws_moveit/install/moveit_task_constructor_msgs/share/moveit_task_constructor_msgs/msg/TaskStatistics.json
[0.373s] -- Up-to-date: /home/yuqingchi/Code/ws_moveit/install/moveit_task_constructor_msgs/share/moveit_task_constructor_msgs/msg/TrajectoryExecutionInfo.json
[0.373s] -- Up-to-date: /home/yuqingchi/Code/ws_moveit/install/moveit_task_constructor_msgs/share/moveit_task_constructor_msgs/srv/GetSolution.json
[0.373s] -- Up-to-date: /home/yuqingchi/Code/ws_moveit/install/moveit_task_constructor_msgs/share/moveit_task_constructor_msgs/action/ExecuteTaskSolution.json
[0.373s] -- Up-to-date: /home/yuqingchi/Code/ws_moveit/install/moveit_task_constructor_msgs/include/moveit_task_constructor_msgs/moveit_task_constructor_msgs
[0.373s] -- Up-to-date: /home/yuqingchi/Code/ws_moveit/install/moveit_task_constructor_msgs/include/moveit_task_constructor_msgs/moveit_task_constructor_msgs/action
[0.373s] -- Up-to-date: /home/yuqingchi/Code/ws_moveit/install/moveit_task_constructor_msgs/include/moveit_task_constructor_msgs/moveit_task_constructor_msgs/action/execute_task_solution.h
[0.373s] -- Up-to-date: /home/yuqingchi/Code/ws_moveit/install/moveit_task_constructor_msgs/include/moveit_task_constructor_msgs/moveit_task_constructor_msgs/action/detail
[0.373s] -- Up-to-date: /home/yuqingchi/Code/ws_moveit/install/moveit_task_constructor_msgs/include/moveit_task_constructor_msgs/moveit_task_constructor_msgs/action/detail/execute_task_solution__type_support.c
[0.373s] -- Up-to-date: /home/yuqingchi/Code/ws_moveit/install/moveit_task_constructor_msgs/include/moveit_task_constructor_msgs/moveit_task_constructor_msgs/action/detail/execute_task_solution__struct.h
[0.373s] -- Up-to-date: /home/yuqingchi/Code/ws_moveit/install/moveit_task_constructor_msgs/include/moveit_task_constructor_msgs/moveit_task_constructor_msgs/action/detail/execute_task_solution__functions.c
[0.373s] -- Up-to-date: /home/yuqingchi/Code/ws_moveit/install/moveit_task_constructor_msgs/include/moveit_task_constructor_msgs/moveit_task_constructor_msgs/action/detail/execute_task_solution__type_support.h
[0.373s] -- Up-to-date: /home/yuqingchi/Code/ws_moveit/install/moveit_task_constructor_msgs/include/moveit_task_constructor_msgs/moveit_task_constructor_msgs/action/detail/execute_task_solution__functions.h
[0.373s] -- Up-to-date: /home/yuqingchi/Code/ws_moveit/install/moveit_task_constructor_msgs/include/moveit_task_constructor_msgs/moveit_task_constructor_msgs/action/detail/execute_task_solution__description.c
[0.373s] -- Up-to-date: /home/yuqingchi/Code/ws_moveit/install/moveit_task_constructor_msgs/include/moveit_task_constructor_msgs/moveit_task_constructor_msgs/msg
[0.373s] -- Up-to-date: /home/yuqingchi/Code/ws_moveit/install/moveit_task_constructor_msgs/include/moveit_task_constructor_msgs/moveit_task_constructor_msgs/msg/sub_trajectory.h
[0.374s] -- Up-to-date: /home/yuqingchi/Code/ws_moveit/install/moveit_task_constructor_msgs/include/moveit_task_constructor_msgs/moveit_task_constructor_msgs/msg/sub_solution.h
[0.374s] -- Up-to-date: /home/yuqingchi/Code/ws_moveit/install/moveit_task_constructor_msgs/include/moveit_task_constructor_msgs/moveit_task_constructor_msgs/msg/solution.h
[0.374s] -- Up-to-date: /home/yuqingchi/Code/ws_moveit/install/moveit_task_constructor_msgs/include/moveit_task_constructor_msgs/moveit_task_constructor_msgs/msg/task_description.h
[0.374s] -- Up-to-date: /home/yuqingchi/Code/ws_moveit/install/moveit_task_constructor_msgs/include/moveit_task_constructor_msgs/moveit_task_constructor_msgs/msg/rosidl_generator_c__visibility_control.h
[0.374s] -- Up-to-date: /home/yuqingchi/Code/ws_moveit/install/moveit_task_constructor_msgs/include/moveit_task_constructor_msgs/moveit_task_constructor_msgs/msg/detail
[0.374s] -- Up-to-date: /home/yuqingchi/Code/ws_moveit/install/moveit_task_constructor_msgs/include/moveit_task_constructor_msgs/moveit_task_constructor_msgs/msg/detail/trajectory_execution_info__type_support.h
[0.374s] -- Up-to-date: /home/yuqingchi/Code/ws_moveit/install/moveit_task_constructor_msgs/include/moveit_task_constructor_msgs/moveit_task_constructor_msgs/msg/detail/sub_trajectory__type_support.h
[0.374s] -- Up-to-date: /home/yuqingchi/Code/ws_moveit/install/moveit_task_constructor_msgs/include/moveit_task_constructor_msgs/moveit_task_constructor_msgs/msg/detail/stage_description__functions.h
[0.374s] -- Up-to-date: /home/yuqingchi/Code/ws_moveit/install/moveit_task_constructor_msgs/include/moveit_task_constructor_msgs/moveit_task_constructor_msgs/msg/detail/property__type_support.c
[0.374s] -- Up-to-date: /home/yuqingchi/Code/ws_moveit/install/moveit_task_constructor_msgs/include/moveit_task_constructor_msgs/moveit_task_constructor_msgs/msg/detail/trajectory_execution_info__description.c
[0.374s] -- Installing: /home/yuqingchi/Code/ws_moveit/install/moveit_task_constructor_msgs/include/moveit_task_constructor_msgs/moveit_task_constructor_msgs/msg/detail/trajectory_execution_info__type_support.c
[0.374s] -- Up-to-date: /home/yuqingchi/Code/ws_moveit/install/moveit_task_constructor_msgs/include/moveit_task_constructor_msgs/moveit_task_constructor_msgs/msg/detail/sub_solution__struct.h
[0.374s] -- Up-to-date: /home/yuqingchi/Code/ws_moveit/install/moveit_task_constructor_msgs/include/moveit_task_constructor_msgs/moveit_task_constructor_msgs/msg/detail/sub_trajectory__functions.c
[0.375s] -- Up-to-date: /home/yuqingchi/Code/ws_moveit/install/moveit_task_constructor_msgs/include/moveit_task_constructor_msgs/moveit_task_constructor_msgs/msg/detail/sub_solution__type_support.h
[0.375s] -- Up-to-date: /home/yuqingchi/Code/ws_moveit/install/moveit_task_constructor_msgs/include/moveit_task_constructor_msgs/moveit_task_constructor_msgs/msg/detail/sub_trajectory__struct.h
[0.375s] -- Up-to-date: /home/yuqingchi/Code/ws_moveit/install/moveit_task_constructor_msgs/include/moveit_task_constructor_msgs/moveit_task_constructor_msgs/msg/detail/task_statistics__functions.c
[0.375s] -- Up-to-date: /home/yuqingchi/Code/ws_moveit/install/moveit_task_constructor_msgs/include/moveit_task_constructor_msgs/moveit_task_constructor_msgs/msg/detail/solution__type_support.h
[0.375s] -- Installing: /home/yuqingchi/Code/ws_moveit/install/moveit_task_constructor_msgs/include/moveit_task_constructor_msgs/moveit_task_constructor_msgs/msg/detail/sub_solution__type_support.c
[0.375s] -- Up-to-date: /home/yuqingchi/Code/ws_moveit/install/moveit_task_constructor_msgs/include/moveit_task_constructor_msgs/moveit_task_constructor_msgs/msg/detail/stage_description__functions.c
[0.375s] -- Up-to-date: /home/yuqingchi/Code/ws_moveit/install/moveit_task_constructor_msgs/include/moveit_task_constructor_msgs/moveit_task_constructor_msgs/msg/detail/task_statistics__description.c
[0.375s] -- Up-to-date: /home/yuqingchi/Code/ws_moveit/install/moveit_task_constructor_msgs/include/moveit_task_constructor_msgs/moveit_task_constructor_msgs/msg/detail/property__functions.c
[0.375s] -- Up-to-date: /home/yuqingchi/Code/ws_moveit/install/moveit_task_constructor_msgs/include/moveit_task_constructor_msgs/moveit_task_constructor_msgs/msg/detail/property__functions.h
[0.375s] -- Up-to-date: /home/yuqingchi/Code/ws_moveit/install/moveit_task_constructor_msgs/include/moveit_task_constructor_msgs/moveit_task_constructor_msgs/msg/detail/stage_description__struct.h
[0.375s] -- Up-to-date: /home/yuqingchi/Code/ws_moveit/install/moveit_task_constructor_msgs/include/moveit_task_constructor_msgs/moveit_task_constructor_msgs/msg/detail/property__type_support.h
[0.376s] -- Up-to-date: /home/yuqingchi/Code/ws_moveit/install/moveit_task_constructor_msgs/include/moveit_task_constructor_msgs/moveit_task_constructor_msgs/msg/detail/sub_solution__description.c
[0.376s] -- Up-to-date: /home/yuqingchi/Code/ws_moveit/install/moveit_task_constructor_msgs/include/moveit_task_constructor_msgs/moveit_task_constructor_msgs/msg/detail/stage_statistics__functions.c
[0.376s] -- Up-to-date: /home/yuqingchi/Code/ws_moveit/install/moveit_task_constructor_msgs/include/moveit_task_constructor_msgs/moveit_task_constructor_msgs/msg/detail/sub_trajectory__description.c
[0.376s] -- Up-to-date: /home/yuqingchi/Code/ws_moveit/install/moveit_task_constructor_msgs/include/moveit_task_constructor_msgs/moveit_task_constructor_msgs/msg/detail/task_description__type_support.h
[0.376s] -- Up-to-date: /home/yuqingchi/Code/ws_moveit/install/moveit_task_constructor_msgs/include/moveit_task_constructor_msgs/moveit_task_constructor_msgs/msg/detail/task_description__functions.c
[0.376s] -- Up-to-date: /home/yuqingchi/Code/ws_moveit/install/moveit_task_constructor_msgs/include/moveit_task_constructor_msgs/moveit_task_constructor_msgs/msg/detail/stage_statistics__description.c
[0.376s] -- Up-to-date: /home/yuqingchi/Code/ws_moveit/install/moveit_task_constructor_msgs/include/moveit_task_constructor_msgs/moveit_task_constructor_msgs/msg/detail/solution_info__type_support.c
[0.376s] -- Up-to-date: /home/yuqingchi/Code/ws_moveit/install/moveit_task_constructor_msgs/include/moveit_task_constructor_msgs/moveit_task_constructor_msgs/msg/detail/property__description.c
[0.376s] -- Up-to-date: /home/yuqingchi/Code/ws_moveit/install/moveit_task_constructor_msgs/include/moveit_task_constructor_msgs/moveit_task_constructor_msgs/msg/detail/solution__struct.h
[0.376s] -- Up-to-date: /home/yuqingchi/Code/ws_moveit/install/moveit_task_constructor_msgs/include/moveit_task_constructor_msgs/moveit_task_constructor_msgs/msg/detail/stage_statistics__struct.h
[0.376s] -- Up-to-date: /home/yuqingchi/Code/ws_moveit/install/moveit_task_constructor_msgs/include/moveit_task_constructor_msgs/moveit_task_constructor_msgs/msg/detail/stage_description__description.c
[0.376s] -- Up-to-date: /home/yuqingchi/Code/ws_moveit/install/moveit_task_constructor_msgs/include/moveit_task_constructor_msgs/moveit_task_constructor_msgs/msg/detail/solution_info__type_support.h
[0.376s] -- Up-to-date: /home/yuqingchi/Code/ws_moveit/install/moveit_task_constructor_msgs/include/moveit_task_constructor_msgs/moveit_task_constructor_msgs/msg/detail/task_statistics__functions.h
[0.376s] -- Up-to-date: /home/yuqingchi/Code/ws_moveit/install/moveit_task_constructor_msgs/include/moveit_task_constructor_msgs/moveit_task_constructor_msgs/msg/detail/solution__type_support.c
[0.376s] -- Up-to-date: /home/yuqingchi/Code/ws_moveit/install/moveit_task_constructor_msgs/include/moveit_task_constructor_msgs/moveit_task_constructor_msgs/msg/detail/task_statistics__type_support.h
[0.377s] -- Up-to-date: /home/yuqingchi/Code/ws_moveit/install/moveit_task_constructor_msgs/include/moveit_task_constructor_msgs/moveit_task_constructor_msgs/msg/detail/solution__description.c
[0.377s] -- Up-to-date: /home/yuqingchi/Code/ws_moveit/install/moveit_task_constructor_msgs/include/moveit_task_constructor_msgs/moveit_task_constructor_msgs/msg/detail/stage_statistics__type_support.h
[0.377s] -- Up-to-date: /home/yuqingchi/Code/ws_moveit/install/moveit_task_constructor_msgs/include/moveit_task_constructor_msgs/moveit_task_constructor_msgs/msg/detail/sub_solution__functions.c
[0.377s] -- Up-to-date: /home/yuqingchi/Code/ws_moveit/install/moveit_task_constructor_msgs/include/moveit_task_constructor_msgs/moveit_task_constructor_msgs/msg/detail/solution_info__description.c
[0.377s] -- Up-to-date: /home/yuqingchi/Code/ws_moveit/install/moveit_task_constructor_msgs/include/moveit_task_constructor_msgs/moveit_task_constructor_msgs/msg/detail/task_description__functions.h
[0.377s] -- Up-to-date: /home/yuqingchi/Code/ws_moveit/install/moveit_task_constructor_msgs/include/moveit_task_constructor_msgs/moveit_task_constructor_msgs/msg/detail/stage_description__type_support.h
[0.377s] -- Up-to-date: /home/yuqingchi/Code/ws_moveit/install/moveit_task_constructor_msgs/include/moveit_task_constructor_msgs/moveit_task_constructor_msgs/msg/detail/stage_description__type_support.c
[0.377s] -- Installing: /home/yuqingchi/Code/ws_moveit/install/moveit_task_constructor_msgs/include/moveit_task_constructor_msgs/moveit_task_constructor_msgs/msg/detail/task_description__type_support.c
[0.377s] -- Up-to-date: /home/yuqingchi/Code/ws_moveit/install/moveit_task_constructor_msgs/include/moveit_task_constructor_msgs/moveit_task_constructor_msgs/msg/detail/solution_info__functions.h
[0.377s] -- Installing: /home/yuqingchi/Code/ws_moveit/install/moveit_task_constructor_msgs/include/moveit_task_constructor_msgs/moveit_task_constructor_msgs/msg/detail/stage_statistics__type_support.c
[0.377s] -- Up-to-date: /home/yuqingchi/Code/ws_moveit/install/moveit_task_constructor_msgs/include/moveit_task_constructor_msgs/moveit_task_constructor_msgs/msg/detail/task_description__description.c
[0.377s] -- Up-to-date: /home/yuqingchi/Code/ws_moveit/install/moveit_task_constructor_msgs/include/moveit_task_constructor_msgs/moveit_task_constructor_msgs/msg/detail/solution_info__functions.c
[0.377s] -- Up-to-date: /home/yuqingchi/Code/ws_moveit/install/moveit_task_constructor_msgs/include/moveit_task_constructor_msgs/moveit_task_constructor_msgs/msg/detail/solution__functions.h
[0.377s] -- Up-to-date: /home/yuqingchi/Code/ws_moveit/install/moveit_task_constructor_msgs/include/moveit_task_constructor_msgs/moveit_task_constructor_msgs/msg/detail/trajectory_execution_info__functions.h
[0.377s] -- Up-to-date: /home/yuqingchi/Code/ws_moveit/install/moveit_task_constructor_msgs/include/moveit_task_constructor_msgs/moveit_task_constructor_msgs/msg/detail/stage_statistics__functions.h
[0.377s] -- Up-to-date: /home/yuqingchi/Code/ws_moveit/install/moveit_task_constructor_msgs/include/moveit_task_constructor_msgs/moveit_task_constructor_msgs/msg/detail/sub_solution__functions.h
[0.378s] -- Up-to-date: /home/yuqingchi/Code/ws_moveit/install/moveit_task_constructor_msgs/include/moveit_task_constructor_msgs/moveit_task_constructor_msgs/msg/detail/task_statistics__struct.h
[0.378s] -- Up-to-date: /home/yuqingchi/Code/ws_moveit/install/moveit_task_constructor_msgs/include/moveit_task_constructor_msgs/moveit_task_constructor_msgs/msg/detail/trajectory_execution_info__struct.h
[0.378s] -- Up-to-date: /home/yuqingchi/Code/ws_moveit/install/moveit_task_constructor_msgs/include/moveit_task_constructor_msgs/moveit_task_constructor_msgs/msg/detail/trajectory_execution_info__functions.c
[0.378s] -- Up-to-date: /home/yuqingchi/Code/ws_moveit/install/moveit_task_constructor_msgs/include/moveit_task_constructor_msgs/moveit_task_constructor_msgs/msg/detail/solution__functions.c
[0.378s] -- Up-to-date: /home/yuqingchi/Code/ws_moveit/install/moveit_task_constructor_msgs/include/moveit_task_constructor_msgs/moveit_task_constructor_msgs/msg/detail/property__struct.h
[0.378s] -- Up-to-date: /home/yuqingchi/Code/ws_moveit/install/moveit_task_constructor_msgs/include/moveit_task_constructor_msgs/moveit_task_constructor_msgs/msg/detail/task_description__struct.h
[0.378s] -- Up-to-date: /home/yuqingchi/Code/ws_moveit/install/moveit_task_constructor_msgs/include/moveit_task_constructor_msgs/moveit_task_constructor_msgs/msg/detail/sub_trajectory__functions.h
[0.378s] -- Up-to-date: /home/yuqingchi/Code/ws_moveit/install/moveit_task_constructor_msgs/include/moveit_task_constructor_msgs/moveit_task_constructor_msgs/msg/detail/solution_info__struct.h
[0.378s] -- Installing: /home/yuqingchi/Code/ws_moveit/install/moveit_task_constructor_msgs/include/moveit_task_constructor_msgs/moveit_task_constructor_msgs/msg/detail/sub_trajectory__type_support.c
[0.378s] -- Installing: /home/yuqingchi/Code/ws_moveit/install/moveit_task_constructor_msgs/include/moveit_task_constructor_msgs/moveit_task_constructor_msgs/msg/detail/task_statistics__type_support.c
[0.378s] -- Up-to-date: /home/yuqingchi/Code/ws_moveit/install/moveit_task_constructor_msgs/include/moveit_task_constructor_msgs/moveit_task_constructor_msgs/msg/stage_statistics.h
[0.378s] -- Up-to-date: /home/yuqingchi/Code/ws_moveit/install/moveit_task_constructor_msgs/include/moveit_task_constructor_msgs/moveit_task_constructor_msgs/msg/solution_info.h
[0.378s] -- Up-to-date: /home/yuqingchi/Code/ws_moveit/install/moveit_task_constructor_msgs/include/moveit_task_constructor_msgs/moveit_task_constructor_msgs/msg/stage_description.h
[0.378s] -- Up-to-date: /home/yuqingchi/Code/ws_moveit/install/moveit_task_constructor_msgs/include/moveit_task_constructor_msgs/moveit_task_constructor_msgs/msg/task_statistics.h
[0.379s] -- Up-to-date: /home/yuqingchi/Code/ws_moveit/install/moveit_task_constructor_msgs/include/moveit_task_constructor_msgs/moveit_task_constructor_msgs/msg/property.h
[0.379s] -- Up-to-date: /home/yuqingchi/Code/ws_moveit/install/moveit_task_constructor_msgs/include/moveit_task_constructor_msgs/moveit_task_constructor_msgs/msg/trajectory_execution_info.h
[0.379s] -- Up-to-date: /home/yuqingchi/Code/ws_moveit/install/moveit_task_constructor_msgs/include/moveit_task_constructor_msgs/moveit_task_constructor_msgs/srv
[0.379s] -- Up-to-date: /home/yuqingchi/Code/ws_moveit/install/moveit_task_constructor_msgs/include/moveit_task_constructor_msgs/moveit_task_constructor_msgs/srv/get_solution.h
[0.379s] -- Up-to-date: /home/yuqingchi/Code/ws_moveit/install/moveit_task_constructor_msgs/include/moveit_task_constructor_msgs/moveit_task_constructor_msgs/srv/detail
[0.379s] -- Up-to-date: /home/yuqingchi/Code/ws_moveit/install/moveit_task_constructor_msgs/include/moveit_task_constructor_msgs/moveit_task_constructor_msgs/srv/detail/get_solution__description.c
[0.379s] -- Up-to-date: /home/yuqingchi/Code/ws_moveit/install/moveit_task_constructor_msgs/include/moveit_task_constructor_msgs/moveit_task_constructor_msgs/srv/detail/get_solution__functions.c
[0.379s] -- Up-to-date: /home/yuqingchi/Code/ws_moveit/install/moveit_task_constructor_msgs/include/moveit_task_constructor_msgs/moveit_task_constructor_msgs/srv/detail/get_solution__functions.h
[0.379s] -- Up-to-date: /home/yuqingchi/Code/ws_moveit/install/moveit_task_constructor_msgs/include/moveit_task_constructor_msgs/moveit_task_constructor_msgs/srv/detail/get_solution__type_support.h
[0.379s] -- Up-to-date: /home/yuqingchi/Code/ws_moveit/install/moveit_task_constructor_msgs/include/moveit_task_constructor_msgs/moveit_task_constructor_msgs/srv/detail/get_solution__struct.h
[0.379s] -- Up-to-date: /home/yuqingchi/Code/ws_moveit/install/moveit_task_constructor_msgs/include/moveit_task_constructor_msgs/moveit_task_constructor_msgs/srv/detail/get_solution__type_support.c
[0.379s] -- Up-to-date: /home/yuqingchi/Code/ws_moveit/install/moveit_task_constructor_msgs/share/moveit_task_constructor_msgs/environment/library_path.sh
[0.379s] -- Up-to-date: /home/yuqingchi/Code/ws_moveit/install/moveit_task_constructor_msgs/share/moveit_task_constructor_msgs/environment/library_path.dsv
[0.379s] -- Up-to-date: /home/yuqingchi/Code/ws_moveit/install/moveit_task_constructor_msgs/lib/libmoveit_task_constructor_msgs__rosidl_generator_c.so
[0.379s] -- Up-to-date: /home/yuqingchi/Code/ws_moveit/install/moveit_task_constructor_msgs/include/moveit_task_constructor_msgs/moveit_task_constructor_msgs
[0.379s] -- Up-to-date: /home/yuqingchi/Code/ws_moveit/install/moveit_task_constructor_msgs/include/moveit_task_constructor_msgs/moveit_task_constructor_msgs/action
[0.379s] -- Up-to-date: /home/yuqingchi/Code/ws_moveit/install/moveit_task_constructor_msgs/include/moveit_task_constructor_msgs/moveit_task_constructor_msgs/action/detail
[0.380s] -- Up-to-date: /home/yuqingchi/Code/ws_moveit/install/moveit_task_constructor_msgs/include/moveit_task_constructor_msgs/moveit_task_constructor_msgs/action/detail/execute_task_solution__rosidl_typesupport_fastrtps_c.h
[0.380s] -- Up-to-date: /home/yuqingchi/Code/ws_moveit/install/moveit_task_constructor_msgs/include/moveit_task_constructor_msgs/moveit_task_constructor_msgs/msg
[0.380s] -- Up-to-date: /home/yuqingchi/Code/ws_moveit/install/moveit_task_constructor_msgs/include/moveit_task_constructor_msgs/moveit_task_constructor_msgs/msg/rosidl_typesupport_fastrtps_c__visibility_control.h
[0.380s] -- Up-to-date: /home/yuqingchi/Code/ws_moveit/install/moveit_task_constructor_msgs/include/moveit_task_constructor_msgs/moveit_task_constructor_msgs/msg/detail
[0.380s] -- Up-to-date: /home/yuqingchi/Code/ws_moveit/install/moveit_task_constructor_msgs/include/moveit_task_constructor_msgs/moveit_task_constructor_msgs/msg/detail/solution__rosidl_typesupport_fastrtps_c.h
[0.380s] -- Up-to-date: /home/yuqingchi/Code/ws_moveit/install/moveit_task_constructor_msgs/include/moveit_task_constructor_msgs/moveit_task_constructor_msgs/msg/detail/task_statistics__rosidl_typesupport_fastrtps_c.h
[0.380s] -- Up-to-date: /home/yuqingchi/Code/ws_moveit/install/moveit_task_constructor_msgs/include/moveit_task_constructor_msgs/moveit_task_constructor_msgs/msg/detail/sub_solution__rosidl_typesupport_fastrtps_c.h
[0.380s] -- Up-to-date: /home/yuqingchi/Code/ws_moveit/install/moveit_task_constructor_msgs/include/moveit_task_constructor_msgs/moveit_task_constructor_msgs/msg/detail/sub_trajectory__rosidl_typesupport_fastrtps_c.h
[0.380s] -- Up-to-date: /home/yuqingchi/Code/ws_moveit/install/moveit_task_constructor_msgs/include/moveit_task_constructor_msgs/moveit_task_constructor_msgs/msg/detail/property__rosidl_typesupport_fastrtps_c.h
[0.380s] -- Up-to-date: /home/yuqingchi/Code/ws_moveit/install/moveit_task_constructor_msgs/include/moveit_task_constructor_msgs/moveit_task_constructor_msgs/msg/detail/trajectory_execution_info__rosidl_typesupport_fastrtps_c.h
[0.380s] -- Up-to-date: /home/yuqingchi/Code/ws_moveit/install/moveit_task_constructor_msgs/include/moveit_task_constructor_msgs/moveit_task_constructor_msgs/msg/detail/task_description__rosidl_typesupport_fastrtps_c.h
[0.380s] -- Up-to-date: /home/yuqingchi/Code/ws_moveit/install/moveit_task_constructor_msgs/include/moveit_task_constructor_msgs/moveit_task_constructor_msgs/msg/detail/stage_statistics__rosidl_typesupport_fastrtps_c.h
[0.380s] -- Up-to-date: /home/yuqingchi/Code/ws_moveit/install/moveit_task_constructor_msgs/include/moveit_task_constructor_msgs/moveit_task_constructor_msgs/msg/detail/stage_description__rosidl_typesupport_fastrtps_c.h
[0.380s] -- Up-to-date: /home/yuqingchi/Code/ws_moveit/install/moveit_task_constructor_msgs/include/moveit_task_constructor_msgs/moveit_task_constructor_msgs/msg/detail/solution_info__rosidl_typesupport_fastrtps_c.h
[0.380s] -- Up-to-date: /home/yuqingchi/Code/ws_moveit/install/moveit_task_constructor_msgs/include/moveit_task_constructor_msgs/moveit_task_constructor_msgs/srv
[0.380s] -- Up-to-date: /home/yuqingchi/Code/ws_moveit/install/moveit_task_constructor_msgs/include/moveit_task_constructor_msgs/moveit_task_constructor_msgs/srv/detail
[0.380s] -- Up-to-date: /home/yuqingchi/Code/ws_moveit/install/moveit_task_constructor_msgs/include/moveit_task_constructor_msgs/moveit_task_constructor_msgs/srv/detail/get_solution__rosidl_typesupport_fastrtps_c.h
[0.380s] -- Up-to-date: /home/yuqingchi/Code/ws_moveit/install/moveit_task_constructor_msgs/lib/libmoveit_task_constructor_msgs__rosidl_typesupport_fastrtps_c.so
[0.380s] -- Up-to-date: /home/yuqingchi/Code/ws_moveit/install/moveit_task_constructor_msgs/include/moveit_task_constructor_msgs/moveit_task_constructor_msgs
[0.380s] -- Up-to-date: /home/yuqingchi/Code/ws_moveit/install/moveit_task_constructor_msgs/include/moveit_task_constructor_msgs/moveit_task_constructor_msgs/action
[0.380s] -- Up-to-date: /home/yuqingchi/Code/ws_moveit/install/moveit_task_constructor_msgs/include/moveit_task_constructor_msgs/moveit_task_constructor_msgs/action/detail
[0.380s] -- Up-to-date: /home/yuqingchi/Code/ws_moveit/install/moveit_task_constructor_msgs/include/moveit_task_constructor_msgs/moveit_task_constructor_msgs/action/detail/execute_task_solution__traits.hpp
[0.380s] -- Up-to-date: /home/yuqingchi/Code/ws_moveit/install/moveit_task_constructor_msgs/include/moveit_task_constructor_msgs/moveit_task_constructor_msgs/action/detail/execute_task_solution__type_support.hpp
[0.381s] -- Up-to-date: /home/yuqingchi/Code/ws_moveit/install/moveit_task_constructor_msgs/include/moveit_task_constructor_msgs/moveit_task_constructor_msgs/action/detail/execute_task_solution__builder.hpp
[0.381s] -- Up-to-date: /home/yuqingchi/Code/ws_moveit/install/moveit_task_constructor_msgs/include/moveit_task_constructor_msgs/moveit_task_constructor_msgs/action/detail/execute_task_solution__struct.hpp
[0.381s] -- Up-to-date: /home/yuqingchi/Code/ws_moveit/install/moveit_task_constructor_msgs/include/moveit_task_constructor_msgs/moveit_task_constructor_msgs/action/execute_task_solution.hpp
[0.381s] -- Up-to-date: /home/yuqingchi/Code/ws_moveit/install/moveit_task_constructor_msgs/include/moveit_task_constructor_msgs/moveit_task_constructor_msgs/msg
[0.381s] -- Up-to-date: /home/yuqingchi/Code/ws_moveit/install/moveit_task_constructor_msgs/include/moveit_task_constructor_msgs/moveit_task_constructor_msgs/msg/property.hpp
[0.381s] -- Up-to-date: /home/yuqingchi/Code/ws_moveit/install/moveit_task_constructor_msgs/include/moveit_task_constructor_msgs/moveit_task_constructor_msgs/msg/stage_statistics.hpp
[0.381s] -- Up-to-date: /home/yuqingchi/Code/ws_moveit/install/moveit_task_constructor_msgs/include/moveit_task_constructor_msgs/moveit_task_constructor_msgs/msg/rosidl_generator_cpp__visibility_control.hpp
[0.381s] -- Up-to-date: /home/yuqingchi/Code/ws_moveit/install/moveit_task_constructor_msgs/include/moveit_task_constructor_msgs/moveit_task_constructor_msgs/msg/sub_solution.hpp
[0.381s] -- Up-to-date: /home/yuqingchi/Code/ws_moveit/install/moveit_task_constructor_msgs/include/moveit_task_constructor_msgs/moveit_task_constructor_msgs/msg/detail
[0.381s] -- Up-to-date: /home/yuqingchi/Code/ws_moveit/install/moveit_task_constructor_msgs/include/moveit_task_constructor_msgs/moveit_task_constructor_msgs/msg/detail/task_description__type_support.hpp
[0.381s] -- Up-to-date: /home/yuqingchi/Code/ws_moveit/install/moveit_task_constructor_msgs/include/moveit_task_constructor_msgs/moveit_task_constructor_msgs/msg/detail/stage_statistics__type_support.hpp
[0.381s] -- Up-to-date: /home/yuqingchi/Code/ws_moveit/install/moveit_task_constructor_msgs/include/moveit_task_constructor_msgs/moveit_task_constructor_msgs/msg/detail/sub_solution__builder.hpp
[0.381s] -- Up-to-date: /home/yuqingchi/Code/ws_moveit/install/moveit_task_constructor_msgs/include/moveit_task_constructor_msgs/moveit_task_constructor_msgs/msg/detail/trajectory_execution_info__traits.hpp
[0.381s] -- Up-to-date: /home/yuqingchi/Code/ws_moveit/install/moveit_task_constructor_msgs/include/moveit_task_constructor_msgs/moveit_task_constructor_msgs/msg/detail/property__type_support.hpp
[0.381s] -- Up-to-date: /home/yuqingchi/Code/ws_moveit/install/moveit_task_constructor_msgs/include/moveit_task_constructor_msgs/moveit_task_constructor_msgs/msg/detail/solution__builder.hpp
[0.381s] -- Up-to-date: /home/yuqingchi/Code/ws_moveit/install/moveit_task_constructor_msgs/include/moveit_task_constructor_msgs/moveit_task_constructor_msgs/msg/detail/stage_statistics__traits.hpp
[0.381s] -- Up-to-date: /home/yuqingchi/Code/ws_moveit/install/moveit_task_constructor_msgs/include/moveit_task_constructor_msgs/moveit_task_constructor_msgs/msg/detail/stage_statistics__builder.hpp
[0.381s] -- Up-to-date: /home/yuqingchi/Code/ws_moveit/install/moveit_task_constructor_msgs/include/moveit_task_constructor_msgs/moveit_task_constructor_msgs/msg/detail/task_description__builder.hpp
[0.381s] -- Up-to-date: /home/yuqingchi/Code/ws_moveit/install/moveit_task_constructor_msgs/include/moveit_task_constructor_msgs/moveit_task_constructor_msgs/msg/detail/solution__traits.hpp
[0.381s] -- Up-to-date: /home/yuqingchi/Code/ws_moveit/install/moveit_task_constructor_msgs/include/moveit_task_constructor_msgs/moveit_task_constructor_msgs/msg/detail/sub_trajectory__builder.hpp
[0.381s] -- Up-to-date: /home/yuqingchi/Code/ws_moveit/install/moveit_task_constructor_msgs/include/moveit_task_constructor_msgs/moveit_task_constructor_msgs/msg/detail/property__traits.hpp
[0.381s] -- Up-to-date: /home/yuqingchi/Code/ws_moveit/install/moveit_task_constructor_msgs/include/moveit_task_constructor_msgs/moveit_task_constructor_msgs/msg/detail/solution__type_support.hpp
[0.381s] -- Up-to-date: /home/yuqingchi/Code/ws_moveit/install/moveit_task_constructor_msgs/include/moveit_task_constructor_msgs/moveit_task_constructor_msgs/msg/detail/stage_statistics__struct.hpp
[0.381s] -- Up-to-date: /home/yuqingchi/Code/ws_moveit/install/moveit_task_constructor_msgs/include/moveit_task_constructor_msgs/moveit_task_constructor_msgs/msg/detail/solution__struct.hpp
[0.382s] -- Up-to-date: /home/yuqingchi/Code/ws_moveit/install/moveit_task_constructor_msgs/include/moveit_task_constructor_msgs/moveit_task_constructor_msgs/msg/detail/trajectory_execution_info__type_support.hpp
[0.382s] -- Up-to-date: /home/yuqingchi/Code/ws_moveit/install/moveit_task_constructor_msgs/include/moveit_task_constructor_msgs/moveit_task_constructor_msgs/msg/detail/solution_info__type_support.hpp
[0.382s] -- Up-to-date: /home/yuqingchi/Code/ws_moveit/install/moveit_task_constructor_msgs/include/moveit_task_constructor_msgs/moveit_task_constructor_msgs/msg/detail/stage_description__builder.hpp
[0.382s] -- Up-to-date: /home/yuqingchi/Code/ws_moveit/install/moveit_task_constructor_msgs/include/moveit_task_constructor_msgs/moveit_task_constructor_msgs/msg/detail/task_statistics__builder.hpp
[0.382s] -- Up-to-date: /home/yuqingchi/Code/ws_moveit/install/moveit_task_constructor_msgs/include/moveit_task_constructor_msgs/moveit_task_constructor_msgs/msg/detail/sub_solution__traits.hpp
[0.382s] -- Up-to-date: /home/yuqingchi/Code/ws_moveit/install/moveit_task_constructor_msgs/include/moveit_task_constructor_msgs/moveit_task_constructor_msgs/msg/detail/task_description__struct.hpp
[0.382s] -- Up-to-date: /home/yuqingchi/Code/ws_moveit/install/moveit_task_constructor_msgs/include/moveit_task_constructor_msgs/moveit_task_constructor_msgs/msg/detail/stage_description__struct.hpp
[0.382s] -- Up-to-date: /home/yuqingchi/Code/ws_moveit/install/moveit_task_constructor_msgs/include/moveit_task_constructor_msgs/moveit_task_constructor_msgs/msg/detail/solution_info__traits.hpp
[0.382s] -- Up-to-date: /home/yuqingchi/Code/ws_moveit/install/moveit_task_constructor_msgs/include/moveit_task_constructor_msgs/moveit_task_constructor_msgs/msg/detail/sub_trajectory__type_support.hpp
[0.382s] -- Up-to-date: /home/yuqingchi/Code/ws_moveit/install/moveit_task_constructor_msgs/include/moveit_task_constructor_msgs/moveit_task_constructor_msgs/msg/detail/stage_description__type_support.hpp
[0.382s] -- Up-to-date: /home/yuqingchi/Code/ws_moveit/install/moveit_task_constructor_msgs/include/moveit_task_constructor_msgs/moveit_task_constructor_msgs/msg/detail/task_statistics__struct.hpp
[0.382s] -- Up-to-date: /home/yuqingchi/Code/ws_moveit/install/moveit_task_constructor_msgs/include/moveit_task_constructor_msgs/moveit_task_constructor_msgs/msg/detail/task_statistics__type_support.hpp
[0.382s] -- Up-to-date: /home/yuqingchi/Code/ws_moveit/install/moveit_task_constructor_msgs/include/moveit_task_constructor_msgs/moveit_task_constructor_msgs/msg/detail/task_statistics__traits.hpp
[0.382s] -- Up-to-date: /home/yuqingchi/Code/ws_moveit/install/moveit_task_constructor_msgs/include/moveit_task_constructor_msgs/moveit_task_constructor_msgs/msg/detail/trajectory_execution_info__builder.hpp
[0.382s] -- Up-to-date: /home/yuqingchi/Code/ws_moveit/install/moveit_task_constructor_msgs/include/moveit_task_constructor_msgs/moveit_task_constructor_msgs/msg/detail/trajectory_execution_info__struct.hpp
[0.382s] -- Up-to-date: /home/yuqingchi/Code/ws_moveit/install/moveit_task_constructor_msgs/include/moveit_task_constructor_msgs/moveit_task_constructor_msgs/msg/detail/stage_description__traits.hpp
[0.382s] -- Up-to-date: /home/yuqingchi/Code/ws_moveit/install/moveit_task_constructor_msgs/include/moveit_task_constructor_msgs/moveit_task_constructor_msgs/msg/detail/sub_trajectory__struct.hpp
[0.382s] -- Up-to-date: /home/yuqingchi/Code/ws_moveit/install/moveit_task_constructor_msgs/include/moveit_task_constructor_msgs/moveit_task_constructor_msgs/msg/detail/sub_trajectory__traits.hpp
[0.382s] -- Up-to-date: /home/yuqingchi/Code/ws_moveit/install/moveit_task_constructor_msgs/include/moveit_task_constructor_msgs/moveit_task_constructor_msgs/msg/detail/task_description__traits.hpp
[0.382s] -- Up-to-date: /home/yuqingchi/Code/ws_moveit/install/moveit_task_constructor_msgs/include/moveit_task_constructor_msgs/moveit_task_constructor_msgs/msg/detail/property__struct.hpp
[0.382s] -- Up-to-date: /home/yuqingchi/Code/ws_moveit/install/moveit_task_constructor_msgs/include/moveit_task_constructor_msgs/moveit_task_constructor_msgs/msg/detail/solution_info__builder.hpp
[0.382s] -- Up-to-date: /home/yuqingchi/Code/ws_moveit/install/moveit_task_constructor_msgs/include/moveit_task_constructor_msgs/moveit_task_constructor_msgs/msg/detail/property__builder.hpp
[0.382s] -- Up-to-date: /home/yuqingchi/Code/ws_moveit/install/moveit_task_constructor_msgs/include/moveit_task_constructor_msgs/moveit_task_constructor_msgs/msg/detail/solution_info__struct.hpp
[0.382s] -- Up-to-date: /home/yuqingchi/Code/ws_moveit/install/moveit_task_constructor_msgs/include/moveit_task_constructor_msgs/moveit_task_constructor_msgs/msg/detail/sub_solution__struct.hpp
[0.382s] -- Up-to-date: /home/yuqingchi/Code/ws_moveit/install/moveit_task_constructor_msgs/include/moveit_task_constructor_msgs/moveit_task_constructor_msgs/msg/detail/sub_solution__type_support.hpp
[0.382s] -- Up-to-date: /home/yuqingchi/Code/ws_moveit/install/moveit_task_constructor_msgs/include/moveit_task_constructor_msgs/moveit_task_constructor_msgs/msg/sub_trajectory.hpp
[0.382s] -- Up-to-date: /home/yuqingchi/Code/ws_moveit/install/moveit_task_constructor_msgs/include/moveit_task_constructor_msgs/moveit_task_constructor_msgs/msg/stage_description.hpp
[0.383s] -- Up-to-date: /home/yuqingchi/Code/ws_moveit/install/moveit_task_constructor_msgs/include/moveit_task_constructor_msgs/moveit_task_constructor_msgs/msg/task_statistics.hpp
[0.383s] -- Up-to-date: /home/yuqingchi/Code/ws_moveit/install/moveit_task_constructor_msgs/include/moveit_task_constructor_msgs/moveit_task_constructor_msgs/msg/task_description.hpp
[0.383s] -- Up-to-date: /home/yuqingchi/Code/ws_moveit/install/moveit_task_constructor_msgs/include/moveit_task_constructor_msgs/moveit_task_constructor_msgs/msg/trajectory_execution_info.hpp
[0.383s] -- Up-to-date: /home/yuqingchi/Code/ws_moveit/install/moveit_task_constructor_msgs/include/moveit_task_constructor_msgs/moveit_task_constructor_msgs/msg/solution_info.hpp
[0.383s] -- Up-to-date: /home/yuqingchi/Code/ws_moveit/install/moveit_task_constructor_msgs/include/moveit_task_constructor_msgs/moveit_task_constructor_msgs/msg/solution.hpp
[0.383s] -- Up-to-date: /home/yuqingchi/Code/ws_moveit/install/moveit_task_constructor_msgs/include/moveit_task_constructor_msgs/moveit_task_constructor_msgs/srv
[0.383s] -- Up-to-date: /home/yuqingchi/Code/ws_moveit/install/moveit_task_constructor_msgs/include/moveit_task_constructor_msgs/moveit_task_constructor_msgs/srv/detail
[0.383s] -- Up-to-date: /home/yuqingchi/Code/ws_moveit/install/moveit_task_constructor_msgs/include/moveit_task_constructor_msgs/moveit_task_constructor_msgs/srv/detail/get_solution__type_support.hpp
[0.383s] -- Up-to-date: /home/yuqingchi/Code/ws_moveit/install/moveit_task_constructor_msgs/include/moveit_task_constructor_msgs/moveit_task_constructor_msgs/srv/detail/get_solution__struct.hpp
[0.383s] -- Up-to-date: /home/yuqingchi/Code/ws_moveit/install/moveit_task_constructor_msgs/include/moveit_task_constructor_msgs/moveit_task_constructor_msgs/srv/detail/get_solution__builder.hpp
[0.383s] -- Up-to-date: /home/yuqingchi/Code/ws_moveit/install/moveit_task_constructor_msgs/include/moveit_task_constructor_msgs/moveit_task_constructor_msgs/srv/detail/get_solution__traits.hpp
[0.383s] -- Up-to-date: /home/yuqingchi/Code/ws_moveit/install/moveit_task_constructor_msgs/include/moveit_task_constructor_msgs/moveit_task_constructor_msgs/srv/get_solution.hpp
[0.383s] -- Up-to-date: /home/yuqingchi/Code/ws_moveit/install/moveit_task_constructor_msgs/include/moveit_task_constructor_msgs/moveit_task_constructor_msgs
[0.383s] -- Up-to-date: /home/yuqingchi/Code/ws_moveit/install/moveit_task_constructor_msgs/include/moveit_task_constructor_msgs/moveit_task_constructor_msgs/action
[0.383s] -- Up-to-date: /home/yuqingchi/Code/ws_moveit/install/moveit_task_constructor_msgs/include/moveit_task_constructor_msgs/moveit_task_constructor_msgs/action/detail
[0.383s] -- Up-to-date: /home/yuqingchi/Code/ws_moveit/install/moveit_task_constructor_msgs/include/moveit_task_constructor_msgs/moveit_task_constructor_msgs/action/detail/dds_fastrtps
[0.383s] -- Up-to-date: /home/yuqingchi/Code/ws_moveit/install/moveit_task_constructor_msgs/include/moveit_task_constructor_msgs/moveit_task_constructor_msgs/action/detail/execute_task_solution__rosidl_typesupport_fastrtps_cpp.hpp
[0.383s] -- Up-to-date: /home/yuqingchi/Code/ws_moveit/install/moveit_task_constructor_msgs/include/moveit_task_constructor_msgs/moveit_task_constructor_msgs/msg
[0.383s] -- Up-to-date: /home/yuqingchi/Code/ws_moveit/install/moveit_task_constructor_msgs/include/moveit_task_constructor_msgs/moveit_task_constructor_msgs/msg/detail
[0.383s] -- Up-to-date: /home/yuqingchi/Code/ws_moveit/install/moveit_task_constructor_msgs/include/moveit_task_constructor_msgs/moveit_task_constructor_msgs/msg/detail/solution_info__rosidl_typesupport_fastrtps_cpp.hpp
[0.383s] -- Up-to-date: /home/yuqingchi/Code/ws_moveit/install/moveit_task_constructor_msgs/include/moveit_task_constructor_msgs/moveit_task_constructor_msgs/msg/detail/stage_description__rosidl_typesupport_fastrtps_cpp.hpp
[0.383s] -- Up-to-date: /home/yuqingchi/Code/ws_moveit/install/moveit_task_constructor_msgs/include/moveit_task_constructor_msgs/moveit_task_constructor_msgs/msg/detail/sub_trajectory__rosidl_typesupport_fastrtps_cpp.hpp
[0.383s] -- Up-to-date: /home/yuqingchi/Code/ws_moveit/install/moveit_task_constructor_msgs/include/moveit_task_constructor_msgs/moveit_task_constructor_msgs/msg/detail/sub_solution__rosidl_typesupport_fastrtps_cpp.hpp
[0.383s] -- Up-to-date: /home/yuqingchi/Code/ws_moveit/install/moveit_task_constructor_msgs/include/moveit_task_constructor_msgs/moveit_task_constructor_msgs/msg/detail/solution__rosidl_typesupport_fastrtps_cpp.hpp
[0.383s] -- Up-to-date: /home/yuqingchi/Code/ws_moveit/install/moveit_task_constructor_msgs/include/moveit_task_constructor_msgs/moveit_task_constructor_msgs/msg/detail/stage_statistics__rosidl_typesupport_fastrtps_cpp.hpp
[0.383s] -- Up-to-date: /home/yuqingchi/Code/ws_moveit/install/moveit_task_constructor_msgs/include/moveit_task_constructor_msgs/moveit_task_constructor_msgs/msg/detail/trajectory_execution_info__rosidl_typesupport_fastrtps_cpp.hpp
[0.383s] -- Up-to-date: /home/yuqingchi/Code/ws_moveit/install/moveit_task_constructor_msgs/include/moveit_task_constructor_msgs/moveit_task_constructor_msgs/msg/detail/dds_fastrtps
[0.383s] -- Up-to-date: /home/yuqingchi/Code/ws_moveit/install/moveit_task_constructor_msgs/include/moveit_task_constructor_msgs/moveit_task_constructor_msgs/msg/detail/task_description__rosidl_typesupport_fastrtps_cpp.hpp
[0.384s] -- Up-to-date: /home/yuqingchi/Code/ws_moveit/install/moveit_task_constructor_msgs/include/moveit_task_constructor_msgs/moveit_task_constructor_msgs/msg/detail/property__rosidl_typesupport_fastrtps_cpp.hpp
[0.384s] -- Up-to-date: /home/yuqingchi/Code/ws_moveit/install/moveit_task_constructor_msgs/include/moveit_task_constructor_msgs/moveit_task_constructor_msgs/msg/detail/task_statistics__rosidl_typesupport_fastrtps_cpp.hpp
[0.384s] -- Up-to-date: /home/yuqingchi/Code/ws_moveit/install/moveit_task_constructor_msgs/include/moveit_task_constructor_msgs/moveit_task_constructor_msgs/msg/rosidl_typesupport_fastrtps_cpp__visibility_control.h
[0.384s] -- Up-to-date: /home/yuqingchi/Code/ws_moveit/install/moveit_task_constructor_msgs/include/moveit_task_constructor_msgs/moveit_task_constructor_msgs/srv
[0.384s] -- Up-to-date: /home/yuqingchi/Code/ws_moveit/install/moveit_task_constructor_msgs/include/moveit_task_constructor_msgs/moveit_task_constructor_msgs/srv/detail
[0.384s] -- Up-to-date: /home/yuqingchi/Code/ws_moveit/install/moveit_task_constructor_msgs/include/moveit_task_constructor_msgs/moveit_task_constructor_msgs/srv/detail/dds_fastrtps
[0.384s] -- Up-to-date: /home/yuqingchi/Code/ws_moveit/install/moveit_task_constructor_msgs/include/moveit_task_constructor_msgs/moveit_task_constructor_msgs/srv/detail/get_solution__rosidl_typesupport_fastrtps_cpp.hpp
[0.384s] -- Up-to-date: /home/yuqingchi/Code/ws_moveit/install/moveit_task_constructor_msgs/lib/libmoveit_task_constructor_msgs__rosidl_typesupport_fastrtps_cpp.so
[0.384s] -- Up-to-date: /home/yuqingchi/Code/ws_moveit/install/moveit_task_constructor_msgs/include/moveit_task_constructor_msgs/moveit_task_constructor_msgs
[0.384s] -- Up-to-date: /home/yuqingchi/Code/ws_moveit/install/moveit_task_constructor_msgs/include/moveit_task_constructor_msgs/moveit_task_constructor_msgs/action
[0.384s] -- Up-to-date: /home/yuqingchi/Code/ws_moveit/install/moveit_task_constructor_msgs/include/moveit_task_constructor_msgs/moveit_task_constructor_msgs/action/detail
[0.384s] -- Up-to-date: /home/yuqingchi/Code/ws_moveit/install/moveit_task_constructor_msgs/include/moveit_task_constructor_msgs/moveit_task_constructor_msgs/action/detail/execute_task_solution__type_support.c
[0.384s] -- Up-to-date: /home/yuqingchi/Code/ws_moveit/install/moveit_task_constructor_msgs/include/moveit_task_constructor_msgs/moveit_task_constructor_msgs/action/detail/execute_task_solution__rosidl_typesupport_introspection_c.h
[0.384s] -- Up-to-date: /home/yuqingchi/Code/ws_moveit/install/moveit_task_constructor_msgs/include/moveit_task_constructor_msgs/moveit_task_constructor_msgs/msg
[0.384s] -- Up-to-date: /home/yuqingchi/Code/ws_moveit/install/moveit_task_constructor_msgs/include/moveit_task_constructor_msgs/moveit_task_constructor_msgs/msg/rosidl_typesupport_introspection_c__visibility_control.h
[0.384s] -- Up-to-date: /home/yuqingchi/Code/ws_moveit/install/moveit_task_constructor_msgs/include/moveit_task_constructor_msgs/moveit_task_constructor_msgs/msg/detail
[0.384s] -- Up-to-date: /home/yuqingchi/Code/ws_moveit/install/moveit_task_constructor_msgs/include/moveit_task_constructor_msgs/moveit_task_constructor_msgs/msg/detail/stage_statistics__rosidl_typesupport_introspection_c.h
[0.384s] -- Up-to-date: /home/yuqingchi/Code/ws_moveit/install/moveit_task_constructor_msgs/include/moveit_task_constructor_msgs/moveit_task_constructor_msgs/msg/detail/solution_info__rosidl_typesupport_introspection_c.h
[0.384s] -- Up-to-date: /home/yuqingchi/Code/ws_moveit/install/moveit_task_constructor_msgs/include/moveit_task_constructor_msgs/moveit_task_constructor_msgs/msg/detail/property__type_support.c
[0.384s] -- Installing: /home/yuqingchi/Code/ws_moveit/install/moveit_task_constructor_msgs/include/moveit_task_constructor_msgs/moveit_task_constructor_msgs/msg/detail/trajectory_execution_info__type_support.c
[0.384s] -- Installing: /home/yuqingchi/Code/ws_moveit/install/moveit_task_constructor_msgs/include/moveit_task_constructor_msgs/moveit_task_constructor_msgs/msg/detail/sub_solution__type_support.c
[0.384s] -- Up-to-date: /home/yuqingchi/Code/ws_moveit/install/moveit_task_constructor_msgs/include/moveit_task_constructor_msgs/moveit_task_constructor_msgs/msg/detail/sub_solution__rosidl_typesupport_introspection_c.h
[0.384s] -- Up-to-date: /home/yuqingchi/Code/ws_moveit/install/moveit_task_constructor_msgs/include/moveit_task_constructor_msgs/moveit_task_constructor_msgs/msg/detail/task_description__rosidl_typesupport_introspection_c.h
[0.384s] -- Up-to-date: /home/yuqingchi/Code/ws_moveit/install/moveit_task_constructor_msgs/include/moveit_task_constructor_msgs/moveit_task_constructor_msgs/msg/detail/task_statistics__rosidl_typesupport_introspection_c.h
[0.384s] -- Up-to-date: /home/yuqingchi/Code/ws_moveit/install/moveit_task_constructor_msgs/include/moveit_task_constructor_msgs/moveit_task_constructor_msgs/msg/detail/sub_trajectory__rosidl_typesupport_introspection_c.h
[0.384s] -- Up-to-date: /home/yuqingchi/Code/ws_moveit/install/moveit_task_constructor_msgs/include/moveit_task_constructor_msgs/moveit_task_constructor_msgs/msg/detail/solution_info__type_support.c
[0.384s] -- Up-to-date: /home/yuqingchi/Code/ws_moveit/install/moveit_task_constructor_msgs/include/moveit_task_constructor_msgs/moveit_task_constructor_msgs/msg/detail/solution__type_support.c
[0.384s] -- Up-to-date: /home/yuqingchi/Code/ws_moveit/install/moveit_task_constructor_msgs/include/moveit_task_constructor_msgs/moveit_task_constructor_msgs/msg/detail/stage_description__rosidl_typesupport_introspection_c.h
[0.384s] -- Up-to-date: /home/yuqingchi/Code/ws_moveit/install/moveit_task_constructor_msgs/include/moveit_task_constructor_msgs/moveit_task_constructor_msgs/msg/detail/stage_description__type_support.c
[0.384s] -- Installing: /home/yuqingchi/Code/ws_moveit/install/moveit_task_constructor_msgs/include/moveit_task_constructor_msgs/moveit_task_constructor_msgs/msg/detail/task_description__type_support.c
[0.385s] -- Installing: /home/yuqingchi/Code/ws_moveit/install/moveit_task_constructor_msgs/include/moveit_task_constructor_msgs/moveit_task_constructor_msgs/msg/detail/stage_statistics__type_support.c
[0.385s] -- Up-to-date: /home/yuqingchi/Code/ws_moveit/install/moveit_task_constructor_msgs/include/moveit_task_constructor_msgs/moveit_task_constructor_msgs/msg/detail/property__rosidl_typesupport_introspection_c.h
[0.385s] -- Up-to-date: /home/yuqingchi/Code/ws_moveit/install/moveit_task_constructor_msgs/include/moveit_task_constructor_msgs/moveit_task_constructor_msgs/msg/detail/solution__rosidl_typesupport_introspection_c.h
[0.385s] -- Up-to-date: /home/yuqingchi/Code/ws_moveit/install/moveit_task_constructor_msgs/include/moveit_task_constructor_msgs/moveit_task_constructor_msgs/msg/detail/trajectory_execution_info__rosidl_typesupport_introspection_c.h
[0.385s] -- Installing: /home/yuqingchi/Code/ws_moveit/install/moveit_task_constructor_msgs/include/moveit_task_constructor_msgs/moveit_task_constructor_msgs/msg/detail/sub_trajectory__type_support.c
[0.385s] -- Installing: /home/yuqingchi/Code/ws_moveit/install/moveit_task_constructor_msgs/include/moveit_task_constructor_msgs/moveit_task_constructor_msgs/msg/detail/task_statistics__type_support.c
[0.385s] -- Up-to-date: /home/yuqingchi/Code/ws_moveit/install/moveit_task_constructor_msgs/include/moveit_task_constructor_msgs/moveit_task_constructor_msgs/srv
[0.385s] -- Up-to-date: /home/yuqingchi/Code/ws_moveit/install/moveit_task_constructor_msgs/include/moveit_task_constructor_msgs/moveit_task_constructor_msgs/srv/detail
[0.385s] -- Up-to-date: /home/yuqingchi/Code/ws_moveit/install/moveit_task_constructor_msgs/include/moveit_task_constructor_msgs/moveit_task_constructor_msgs/srv/detail/get_solution__rosidl_typesupport_introspection_c.h
[0.385s] -- Up-to-date: /home/yuqingchi/Code/ws_moveit/install/moveit_task_constructor_msgs/include/moveit_task_constructor_msgs/moveit_task_constructor_msgs/srv/detail/get_solution__type_support.c
[0.385s] -- Up-to-date: /home/yuqingchi/Code/ws_moveit/install/moveit_task_constructor_msgs/lib/libmoveit_task_constructor_msgs__rosidl_typesupport_introspection_c.so
[0.385s] -- Up-to-date: /home/yuqingchi/Code/ws_moveit/install/moveit_task_constructor_msgs/lib/libmoveit_task_constructor_msgs__rosidl_typesupport_c.so
[0.385s] -- Up-to-date: /home/yuqingchi/Code/ws_moveit/install/moveit_task_constructor_msgs/include/moveit_task_constructor_msgs/moveit_task_constructor_msgs
[0.385s] -- Up-to-date: /home/yuqingchi/Code/ws_moveit/install/moveit_task_constructor_msgs/include/moveit_task_constructor_msgs/moveit_task_constructor_msgs/action
[0.385s] -- Up-to-date: /home/yuqingchi/Code/ws_moveit/install/moveit_task_constructor_msgs/include/moveit_task_constructor_msgs/moveit_task_constructor_msgs/action/detail
[0.385s] -- Up-to-date: /home/yuqingchi/Code/ws_moveit/install/moveit_task_constructor_msgs/include/moveit_task_constructor_msgs/moveit_task_constructor_msgs/action/detail/execute_task_solution__type_support.cpp
[0.385s] -- Up-to-date: /home/yuqingchi/Code/ws_moveit/install/moveit_task_constructor_msgs/include/moveit_task_constructor_msgs/moveit_task_constructor_msgs/action/detail/execute_task_solution__rosidl_typesupport_introspection_cpp.hpp
[0.385s] -- Up-to-date: /home/yuqingchi/Code/ws_moveit/install/moveit_task_constructor_msgs/include/moveit_task_constructor_msgs/moveit_task_constructor_msgs/msg
[0.385s] -- Up-to-date: /home/yuqingchi/Code/ws_moveit/install/moveit_task_constructor_msgs/include/moveit_task_constructor_msgs/moveit_task_constructor_msgs/msg/detail
[0.385s] -- Up-to-date: /home/yuqingchi/Code/ws_moveit/install/moveit_task_constructor_msgs/include/moveit_task_constructor_msgs/moveit_task_constructor_msgs/msg/detail/trajectory_execution_info__rosidl_typesupport_introspection_cpp.hpp
[0.385s] -- Up-to-date: /home/yuqingchi/Code/ws_moveit/install/moveit_task_constructor_msgs/include/moveit_task_constructor_msgs/moveit_task_constructor_msgs/msg/detail/task_description__type_support.cpp
[0.385s] -- Up-to-date: /home/yuqingchi/Code/ws_moveit/install/moveit_task_constructor_msgs/include/moveit_task_constructor_msgs/moveit_task_constructor_msgs/msg/detail/property__rosidl_typesupport_introspection_cpp.hpp
[0.385s] -- Up-to-date: /home/yuqingchi/Code/ws_moveit/install/moveit_task_constructor_msgs/include/moveit_task_constructor_msgs/moveit_task_constructor_msgs/msg/detail/task_statistics__type_support.cpp
[0.385s] -- Up-to-date: /home/yuqingchi/Code/ws_moveit/install/moveit_task_constructor_msgs/include/moveit_task_constructor_msgs/moveit_task_constructor_msgs/msg/detail/stage_statistics__rosidl_typesupport_introspection_cpp.hpp
[0.385s] -- Up-to-date: /home/yuqingchi/Code/ws_moveit/install/moveit_task_constructor_msgs/include/moveit_task_constructor_msgs/moveit_task_constructor_msgs/msg/detail/sub_trajectory__rosidl_typesupport_introspection_cpp.hpp
[0.385s] -- Up-to-date: /home/yuqingchi/Code/ws_moveit/install/moveit_task_constructor_msgs/include/moveit_task_constructor_msgs/moveit_task_constructor_msgs/msg/detail/property__type_support.cpp
[0.385s] -- Up-to-date: /home/yuqingchi/Code/ws_moveit/install/moveit_task_constructor_msgs/include/moveit_task_constructor_msgs/moveit_task_constructor_msgs/msg/detail/sub_solution__type_support.cpp
[0.385s] -- Up-to-date: /home/yuqingchi/Code/ws_moveit/install/moveit_task_constructor_msgs/include/moveit_task_constructor_msgs/moveit_task_constructor_msgs/msg/detail/stage_description__type_support.cpp
[0.385s] -- Up-to-date: /home/yuqingchi/Code/ws_moveit/install/moveit_task_constructor_msgs/include/moveit_task_constructor_msgs/moveit_task_constructor_msgs/msg/detail/stage_statistics__type_support.cpp
[0.385s] -- Up-to-date: /home/yuqingchi/Code/ws_moveit/install/moveit_task_constructor_msgs/include/moveit_task_constructor_msgs/moveit_task_constructor_msgs/msg/detail/solution_info__rosidl_typesupport_introspection_cpp.hpp
[0.385s] -- Up-to-date: /home/yuqingchi/Code/ws_moveit/install/moveit_task_constructor_msgs/include/moveit_task_constructor_msgs/moveit_task_constructor_msgs/msg/detail/sub_trajectory__type_support.cpp
[0.386s] -- Up-to-date: /home/yuqingchi/Code/ws_moveit/install/moveit_task_constructor_msgs/include/moveit_task_constructor_msgs/moveit_task_constructor_msgs/msg/detail/sub_solution__rosidl_typesupport_introspection_cpp.hpp
[0.386s] -- Up-to-date: /home/yuqingchi/Code/ws_moveit/install/moveit_task_constructor_msgs/include/moveit_task_constructor_msgs/moveit_task_constructor_msgs/msg/detail/solution_info__type_support.cpp
[0.386s] -- Up-to-date: /home/yuqingchi/Code/ws_moveit/install/moveit_task_constructor_msgs/include/moveit_task_constructor_msgs/moveit_task_constructor_msgs/msg/detail/task_description__rosidl_typesupport_introspection_cpp.hpp
[0.386s] -- Up-to-date: /home/yuqingchi/Code/ws_moveit/install/moveit_task_constructor_msgs/include/moveit_task_constructor_msgs/moveit_task_constructor_msgs/msg/detail/task_statistics__rosidl_typesupport_introspection_cpp.hpp
[0.386s] -- Up-to-date: /home/yuqingchi/Code/ws_moveit/install/moveit_task_constructor_msgs/include/moveit_task_constructor_msgs/moveit_task_constructor_msgs/msg/detail/solution__rosidl_typesupport_introspection_cpp.hpp
[0.386s] -- Up-to-date: /home/yuqingchi/Code/ws_moveit/install/moveit_task_constructor_msgs/include/moveit_task_constructor_msgs/moveit_task_constructor_msgs/msg/detail/trajectory_execution_info__type_support.cpp
[0.386s] -- Up-to-date: /home/yuqingchi/Code/ws_moveit/install/moveit_task_constructor_msgs/include/moveit_task_constructor_msgs/moveit_task_constructor_msgs/msg/detail/solution__type_support.cpp
[0.386s] -- Up-to-date: /home/yuqingchi/Code/ws_moveit/install/moveit_task_constructor_msgs/include/moveit_task_constructor_msgs/moveit_task_constructor_msgs/msg/detail/stage_description__rosidl_typesupport_introspection_cpp.hpp
[0.386s] -- Up-to-date: /home/yuqingchi/Code/ws_moveit/install/moveit_task_constructor_msgs/include/moveit_task_constructor_msgs/moveit_task_constructor_msgs/srv
[0.386s] -- Up-to-date: /home/yuqingchi/Code/ws_moveit/install/moveit_task_constructor_msgs/include/moveit_task_constructor_msgs/moveit_task_constructor_msgs/srv/detail
[0.386s] -- Up-to-date: /home/yuqingchi/Code/ws_moveit/install/moveit_task_constructor_msgs/include/moveit_task_constructor_msgs/moveit_task_constructor_msgs/srv/detail/get_solution__rosidl_typesupport_introspection_cpp.hpp
[0.386s] -- Up-to-date: /home/yuqingchi/Code/ws_moveit/install/moveit_task_constructor_msgs/include/moveit_task_constructor_msgs/moveit_task_constructor_msgs/srv/detail/get_solution__type_support.cpp
[0.386s] -- Up-to-date: /home/yuqingchi/Code/ws_moveit/install/moveit_task_constructor_msgs/lib/libmoveit_task_constructor_msgs__rosidl_typesupport_introspection_cpp.so
[0.386s] -- Up-to-date: /home/yuqingchi/Code/ws_moveit/install/moveit_task_constructor_msgs/lib/libmoveit_task_constructor_msgs__rosidl_typesupport_cpp.so
[0.386s] -- Up-to-date: /home/yuqingchi/Code/ws_moveit/install/moveit_task_constructor_msgs/share/moveit_task_constructor_msgs/environment/pythonpath.sh
[0.386s] -- Up-to-date: /home/yuqingchi/Code/ws_moveit/install/moveit_task_constructor_msgs/share/moveit_task_constructor_msgs/environment/pythonpath.dsv
[0.386s] -- Up-to-date: /home/yuqingchi/Code/ws_moveit/install/moveit_task_constructor_msgs/lib/python3.12/site-packages/moveit_task_constructor_msgs-0.1.3-py3.12.egg-info
[0.386s] -- Installing: /home/yuqingchi/Code/ws_moveit/install/moveit_task_constructor_msgs/lib/python3.12/site-packages/moveit_task_constructor_msgs-0.1.3-py3.12.egg-info/PKG-INFO
[0.386s] -- Installing: /home/yuqingchi/Code/ws_moveit/install/moveit_task_constructor_msgs/lib/python3.12/site-packages/moveit_task_constructor_msgs-0.1.3-py3.12.egg-info/dependency_links.txt
[0.386s] -- Installing: /home/yuqingchi/Code/ws_moveit/install/moveit_task_constructor_msgs/lib/python3.12/site-packages/moveit_task_constructor_msgs-0.1.3-py3.12.egg-info/SOURCES.txt
[0.386s] -- Installing: /home/yuqingchi/Code/ws_moveit/install/moveit_task_constructor_msgs/lib/python3.12/site-packages/moveit_task_constructor_msgs-0.1.3-py3.12.egg-info/top_level.txt
[0.386s] -- Up-to-date: /home/yuqingchi/Code/ws_moveit/install/moveit_task_constructor_msgs/lib/python3.12/site-packages/moveit_task_constructor_msgs
[0.386s] -- Up-to-date: /home/yuqingchi/Code/ws_moveit/install/moveit_task_constructor_msgs/lib/python3.12/site-packages/moveit_task_constructor_msgs/_moveit_task_constructor_msgs_s.ep.rosidl_typesupport_introspection_c.c
[0.386s] -- Up-to-date: /home/yuqingchi/Code/ws_moveit/install/moveit_task_constructor_msgs/lib/python3.12/site-packages/moveit_task_constructor_msgs/action
[0.386s] -- Up-to-date: /home/yuqingchi/Code/ws_moveit/install/moveit_task_constructor_msgs/lib/python3.12/site-packages/moveit_task_constructor_msgs/action/_execute_task_solution_s.c
[0.386s] -- Up-to-date: /home/yuqingchi/Code/ws_moveit/install/moveit_task_constructor_msgs/lib/python3.12/site-packages/moveit_task_constructor_msgs/action/_execute_task_solution.py
[0.386s] -- Up-to-date: /home/yuqingchi/Code/ws_moveit/install/moveit_task_constructor_msgs/lib/python3.12/site-packages/moveit_task_constructor_msgs/action/__init__.py
[0.386s] -- Up-to-date: /home/yuqingchi/Code/ws_moveit/install/moveit_task_constructor_msgs/lib/python3.12/site-packages/moveit_task_constructor_msgs/msg
[0.386s] -- Up-to-date: /home/yuqingchi/Code/ws_moveit/install/moveit_task_constructor_msgs/lib/python3.12/site-packages/moveit_task_constructor_msgs/msg/_solution_s.c
[0.387s] -- Up-to-date: /home/yuqingchi/Code/ws_moveit/install/moveit_task_constructor_msgs/lib/python3.12/site-packages/moveit_task_constructor_msgs/msg/_task_description_s.c
[0.387s] -- Up-to-date: /home/yuqingchi/Code/ws_moveit/install/moveit_task_constructor_msgs/lib/python3.12/site-packages/moveit_task_constructor_msgs/msg/_stage_description_s.c
[0.387s] -- Up-to-date: /home/yuqingchi/Code/ws_moveit/install/moveit_task_constructor_msgs/lib/python3.12/site-packages/moveit_task_constructor_msgs/msg/_sub_solution.py
[0.387s] -- Up-to-date: /home/yuqingchi/Code/ws_moveit/install/moveit_task_constructor_msgs/lib/python3.12/site-packages/moveit_task_constructor_msgs/msg/_task_statistics_s.c
[0.387s] -- Up-to-date: /home/yuqingchi/Code/ws_moveit/install/moveit_task_constructor_msgs/lib/python3.12/site-packages/moveit_task_constructor_msgs/msg/_property_s.c
[0.387s] -- Up-to-date: /home/yuqingchi/Code/ws_moveit/install/moveit_task_constructor_msgs/lib/python3.12/site-packages/moveit_task_constructor_msgs/msg/_solution_info_s.c
[0.387s] -- Up-to-date: /home/yuqingchi/Code/ws_moveit/install/moveit_task_constructor_msgs/lib/python3.12/site-packages/moveit_task_constructor_msgs/msg/_trajectory_execution_info.py
[0.387s] -- Up-to-date: /home/yuqingchi/Code/ws_moveit/install/moveit_task_constructor_msgs/lib/python3.12/site-packages/moveit_task_constructor_msgs/msg/_sub_solution_s.c
[0.387s] -- Up-to-date: /home/yuqingchi/Code/ws_moveit/install/moveit_task_constructor_msgs/lib/python3.12/site-packages/moveit_task_constructor_msgs/msg/_stage_statistics.py
[0.387s] -- Up-to-date: /home/yuqingchi/Code/ws_moveit/install/moveit_task_constructor_msgs/lib/python3.12/site-packages/moveit_task_constructor_msgs/msg/_stage_description.py
[0.387s] -- Up-to-date: /home/yuqingchi/Code/ws_moveit/install/moveit_task_constructor_msgs/lib/python3.12/site-packages/moveit_task_constructor_msgs/msg/_stage_statistics_s.c
[0.387s] -- Up-to-date: /home/yuqingchi/Code/ws_moveit/install/moveit_task_constructor_msgs/lib/python3.12/site-packages/moveit_task_constructor_msgs/msg/_task_description.py
[0.387s] -- Up-to-date: /home/yuqingchi/Code/ws_moveit/install/moveit_task_constructor_msgs/lib/python3.12/site-packages/moveit_task_constructor_msgs/msg/_sub_trajectory_s.c
[0.387s] -- Up-to-date: /home/yuqingchi/Code/ws_moveit/install/moveit_task_constructor_msgs/lib/python3.12/site-packages/moveit_task_constructor_msgs/msg/_solution_info.py
[0.387s] -- Up-to-date: /home/yuqingchi/Code/ws_moveit/install/moveit_task_constructor_msgs/lib/python3.12/site-packages/moveit_task_constructor_msgs/msg/_property.py
[0.387s] -- Up-to-date: /home/yuqingchi/Code/ws_moveit/install/moveit_task_constructor_msgs/lib/python3.12/site-packages/moveit_task_constructor_msgs/msg/_task_statistics.py
[0.387s] -- Up-to-date: /home/yuqingchi/Code/ws_moveit/install/moveit_task_constructor_msgs/lib/python3.12/site-packages/moveit_task_constructor_msgs/msg/__init__.py
[0.387s] -- Up-to-date: /home/yuqingchi/Code/ws_moveit/install/moveit_task_constructor_msgs/lib/python3.12/site-packages/moveit_task_constructor_msgs/msg/_sub_trajectory.py
[0.387s] -- Up-to-date: /home/yuqingchi/Code/ws_moveit/install/moveit_task_constructor_msgs/lib/python3.12/site-packages/moveit_task_constructor_msgs/msg/_trajectory_execution_info_s.c
[0.387s] -- Up-to-date: /home/yuqingchi/Code/ws_moveit/install/moveit_task_constructor_msgs/lib/python3.12/site-packages/moveit_task_constructor_msgs/msg/_solution.py
[0.387s] -- Up-to-date: /home/yuqingchi/Code/ws_moveit/install/moveit_task_constructor_msgs/lib/python3.12/site-packages/moveit_task_constructor_msgs/moveit_task_constructor_msgs_s__rosidl_typesupport_introspection_c.so
[0.387s] -- Up-to-date: /home/yuqingchi/Code/ws_moveit/install/moveit_task_constructor_msgs/lib/python3.12/site-packages/moveit_task_constructor_msgs/_moveit_task_constructor_msgs_s.ep.rosidl_typesupport_fastrtps_c.c
[0.387s] -- Up-to-date: /home/yuqingchi/Code/ws_moveit/install/moveit_task_constructor_msgs/lib/python3.12/site-packages/moveit_task_constructor_msgs/srv
[0.387s] -- Up-to-date: /home/yuqingchi/Code/ws_moveit/install/moveit_task_constructor_msgs/lib/python3.12/site-packages/moveit_task_constructor_msgs/srv/_get_solution_s.c
[0.387s] -- Up-to-date: /home/yuqingchi/Code/ws_moveit/install/moveit_task_constructor_msgs/lib/python3.12/site-packages/moveit_task_constructor_msgs/srv/__init__.py
[0.387s] -- Up-to-date: /home/yuqingchi/Code/ws_moveit/install/moveit_task_constructor_msgs/lib/python3.12/site-packages/moveit_task_constructor_msgs/srv/_get_solution.py
[0.387s] -- Up-to-date: /home/yuqingchi/Code/ws_moveit/install/moveit_task_constructor_msgs/lib/python3.12/site-packages/moveit_task_constructor_msgs/__init__.py
[0.387s] -- Up-to-date: /home/yuqingchi/Code/ws_moveit/install/moveit_task_constructor_msgs/lib/python3.12/site-packages/moveit_task_constructor_msgs/_moveit_task_constructor_msgs_s.ep.rosidl_typesupport_c.c
[0.387s] -- Up-to-date: /home/yuqingchi/Code/ws_moveit/install/moveit_task_constructor_msgs/lib/python3.12/site-packages/moveit_task_constructor_msgs/moveit_task_constructor_msgs_s__rosidl_typesupport_c.so
[0.387s] -- Up-to-date: /home/yuqingchi/Code/ws_moveit/install/moveit_task_constructor_msgs/lib/python3.12/site-packages/moveit_task_constructor_msgs/moveit_task_constructor_msgs_s__rosidl_typesupport_fastrtps_c.so
[0.405s] Listing '/home/yuqingchi/Code/ws_moveit/install/moveit_task_constructor_msgs/lib/python3.12/site-packages/moveit_task_constructor_msgs'...
[0.405s] Listing '/home/yuqingchi/Code/ws_moveit/install/moveit_task_constructor_msgs/lib/python3.12/site-packages/moveit_task_constructor_msgs/action'...
[0.405s] Listing '/home/yuqingchi/Code/ws_moveit/install/moveit_task_constructor_msgs/lib/python3.12/site-packages/moveit_task_constructor_msgs/msg'...
[0.405s] Listing '/home/yuqingchi/Code/ws_moveit/install/moveit_task_constructor_msgs/lib/python3.12/site-packages/moveit_task_constructor_msgs/srv'...
[0.411s] -- Up-to-date: /home/yuqingchi/Code/ws_moveit/install/moveit_task_constructor_msgs/lib/python3.12/site-packages/moveit_task_constructor_msgs/moveit_task_constructor_msgs_s__rosidl_typesupport_fastrtps_c.so
[0.411s] -- Up-to-date: /home/yuqingchi/Code/ws_moveit/install/moveit_task_constructor_msgs/lib/python3.12/site-packages/moveit_task_constructor_msgs/moveit_task_constructor_msgs_s__rosidl_typesupport_introspection_c.so
[0.412s] -- Up-to-date: /home/yuqingchi/Code/ws_moveit/install/moveit_task_constructor_msgs/lib/python3.12/site-packages/moveit_task_constructor_msgs/moveit_task_constructor_msgs_s__rosidl_typesupport_c.so
[0.413s] -- Up-to-date: /home/yuqingchi/Code/ws_moveit/install/moveit_task_constructor_msgs/lib/libmoveit_task_constructor_msgs__rosidl_generator_py.so
[0.413s] -- Up-to-date: /home/yuqingchi/Code/ws_moveit/install/moveit_task_constructor_msgs/share/moveit_task_constructor_msgs/msg/Property.idl
[0.413s] -- Up-to-date: /home/yuqingchi/Code/ws_moveit/install/moveit_task_constructor_msgs/share/moveit_task_constructor_msgs/msg/Solution.idl
[0.414s] -- Up-to-date: /home/yuqingchi/Code/ws_moveit/install/moveit_task_constructor_msgs/share/moveit_task_constructor_msgs/msg/SolutionInfo.idl
[0.414s] -- Up-to-date: /home/yuqingchi/Code/ws_moveit/install/moveit_task_constructor_msgs/share/moveit_task_constructor_msgs/msg/StageDescription.idl
[0.414s] -- Up-to-date: /home/yuqingchi/Code/ws_moveit/install/moveit_task_constructor_msgs/share/moveit_task_constructor_msgs/msg/StageStatistics.idl
[0.414s] -- Up-to-date: /home/yuqingchi/Code/ws_moveit/install/moveit_task_constructor_msgs/share/moveit_task_constructor_msgs/msg/SubSolution.idl
[0.414s] -- Up-to-date: /home/yuqingchi/Code/ws_moveit/install/moveit_task_constructor_msgs/share/moveit_task_constructor_msgs/msg/SubTrajectory.idl
[0.415s] -- Up-to-date: /home/yuqingchi/Code/ws_moveit/install/moveit_task_constructor_msgs/share/moveit_task_constructor_msgs/msg/TaskDescription.idl
[0.415s] -- Up-to-date: /home/yuqingchi/Code/ws_moveit/install/moveit_task_constructor_msgs/share/moveit_task_constructor_msgs/msg/TaskStatistics.idl
[0.415s] -- Up-to-date: /home/yuqingchi/Code/ws_moveit/install/moveit_task_constructor_msgs/share/moveit_task_constructor_msgs/msg/TrajectoryExecutionInfo.idl
[0.415s] -- Up-to-date: /home/yuqingchi/Code/ws_moveit/install/moveit_task_constructor_msgs/share/moveit_task_constructor_msgs/srv/GetSolution.idl
[0.415s] -- Up-to-date: /home/yuqingchi/Code/ws_moveit/install/moveit_task_constructor_msgs/share/moveit_task_constructor_msgs/action/ExecuteTaskSolution.idl
[0.415s] -- Up-to-date: /home/yuqingchi/Code/ws_moveit/install/moveit_task_constructor_msgs/share/moveit_task_constructor_msgs/msg/Property.msg
[0.415s] -- Up-to-date: /home/yuqingchi/Code/ws_moveit/install/moveit_task_constructor_msgs/share/moveit_task_constructor_msgs/msg/Solution.msg
[0.415s] -- Up-to-date: /home/yuqingchi/Code/ws_moveit/install/moveit_task_constructor_msgs/share/moveit_task_constructor_msgs/msg/SolutionInfo.msg
[0.416s] -- Up-to-date: /home/yuqingchi/Code/ws_moveit/install/moveit_task_constructor_msgs/share/moveit_task_constructor_msgs/msg/StageDescription.msg
[0.416s] -- Up-to-date: /home/yuqingchi/Code/ws_moveit/install/moveit_task_constructor_msgs/share/moveit_task_constructor_msgs/msg/StageStatistics.msg
[0.416s] -- Up-to-date: /home/yuqingchi/Code/ws_moveit/install/moveit_task_constructor_msgs/share/moveit_task_constructor_msgs/msg/SubSolution.msg
[0.416s] -- Up-to-date: /home/yuqingchi/Code/ws_moveit/install/moveit_task_constructor_msgs/share/moveit_task_constructor_msgs/msg/SubTrajectory.msg
[0.416s] -- Up-to-date: /home/yuqingchi/Code/ws_moveit/install/moveit_task_constructor_msgs/share/moveit_task_constructor_msgs/msg/TaskDescription.msg
[0.416s] -- Up-to-date: /home/yuqingchi/Code/ws_moveit/install/moveit_task_constructor_msgs/share/moveit_task_constructor_msgs/msg/TaskStatistics.msg
[0.416s] -- Up-to-date: /home/yuqingchi/Code/ws_moveit/install/moveit_task_constructor_msgs/share/moveit_task_constructor_msgs/msg/TrajectoryExecutionInfo.msg
[0.416s] -- Up-to-date: /home/yuqingchi/Code/ws_moveit/install/moveit_task_constructor_msgs/share/moveit_task_constructor_msgs/srv/GetSolution.srv
[0.417s] -- Up-to-date: /home/yuqingchi/Code/ws_moveit/install/moveit_task_constructor_msgs/share/moveit_task_constructor_msgs/action/ExecuteTaskSolution.action
[0.417s] -- Up-to-date: /home/yuqingchi/Code/ws_moveit/install/moveit_task_constructor_msgs/share/ament_index/resource_index/package_run_dependencies/moveit_task_constructor_msgs
[0.417s] -- Up-to-date: /home/yuqingchi/Code/ws_moveit/install/moveit_task_constructor_msgs/share/ament_index/resource_index/parent_prefix_path/moveit_task_constructor_msgs
[0.417s] -- Up-to-date: /home/yuqingchi/Code/ws_moveit/install/moveit_task_constructor_msgs/share/moveit_task_constructor_msgs/environment/ament_prefix_path.sh
[0.417s] -- Up-to-date: /home/yuqingchi/Code/ws_moveit/install/moveit_task_constructor_msgs/share/moveit_task_constructor_msgs/environment/ament_prefix_path.dsv
[0.417s] -- Up-to-date: /home/yuqingchi/Code/ws_moveit/install/moveit_task_constructor_msgs/share/moveit_task_constructor_msgs/environment/path.sh
[0.417s] -- Up-to-date: /home/yuqingchi/Code/ws_moveit/install/moveit_task_constructor_msgs/share/moveit_task_constructor_msgs/environment/path.dsv
[0.418s] -- Up-to-date: /home/yuqingchi/Code/ws_moveit/install/moveit_task_constructor_msgs/share/moveit_task_constructor_msgs/local_setup.bash
[0.418s] -- Up-to-date: /home/yuqingchi/Code/ws_moveit/install/moveit_task_constructor_msgs/share/moveit_task_constructor_msgs/local_setup.sh
[0.418s] -- Up-to-date: /home/yuqingchi/Code/ws_moveit/install/moveit_task_constructor_msgs/share/moveit_task_constructor_msgs/local_setup.zsh
[0.418s] -- Up-to-date: /home/yuqingchi/Code/ws_moveit/install/moveit_task_constructor_msgs/share/moveit_task_constructor_msgs/local_setup.dsv
[0.418s] -- Installing: /home/yuqingchi/Code/ws_moveit/install/moveit_task_constructor_msgs/share/moveit_task_constructor_msgs/package.dsv
[0.419s] -- Up-to-date: /home/yuqingchi/Code/ws_moveit/install/moveit_task_constructor_msgs/share/ament_index/resource_index/packages/moveit_task_constructor_msgs
[0.419s] -- Up-to-date: /home/yuqingchi/Code/ws_moveit/install/moveit_task_constructor_msgs/share/moveit_task_constructor_msgs/cmake/export_moveit_task_constructor_msgs__rosidl_generator_cExport.cmake
[0.419s] -- Up-to-date: /home/yuqingchi/Code/ws_moveit/install/moveit_task_constructor_msgs/share/moveit_task_constructor_msgs/cmake/export_moveit_task_constructor_msgs__rosidl_generator_cExport-noconfig.cmake
[0.419s] -- Up-to-date: /home/yuqingchi/Code/ws_moveit/install/moveit_task_constructor_msgs/share/moveit_task_constructor_msgs/cmake/export_moveit_task_constructor_msgs__rosidl_typesupport_fastrtps_cExport.cmake
[0.420s] -- Up-to-date: /home/yuqingchi/Code/ws_moveit/install/moveit_task_constructor_msgs/share/moveit_task_constructor_msgs/cmake/export_moveit_task_constructor_msgs__rosidl_typesupport_fastrtps_cExport-noconfig.cmake
[0.420s] -- Up-to-date: /home/yuqingchi/Code/ws_moveit/install/moveit_task_constructor_msgs/share/moveit_task_constructor_msgs/cmake/export_moveit_task_constructor_msgs__rosidl_generator_cppExport.cmake
[0.420s] -- Up-to-date: /home/yuqingchi/Code/ws_moveit/install/moveit_task_constructor_msgs/share/moveit_task_constructor_msgs/cmake/export_moveit_task_constructor_msgs__rosidl_typesupport_fastrtps_cppExport.cmake
[0.420s] -- Up-to-date: /home/yuqingchi/Code/ws_moveit/install/moveit_task_constructor_msgs/share/moveit_task_constructor_msgs/cmake/export_moveit_task_constructor_msgs__rosidl_typesupport_fastrtps_cppExport-noconfig.cmake
[0.420s] -- Up-to-date: /home/yuqingchi/Code/ws_moveit/install/moveit_task_constructor_msgs/share/moveit_task_constructor_msgs/cmake/moveit_task_constructor_msgs__rosidl_typesupport_introspection_cExport.cmake
[0.420s] -- Up-to-date: /home/yuqingchi/Code/ws_moveit/install/moveit_task_constructor_msgs/share/moveit_task_constructor_msgs/cmake/moveit_task_constructor_msgs__rosidl_typesupport_introspection_cExport-noconfig.cmake
[0.421s] -- Up-to-date: /home/yuqingchi/Code/ws_moveit/install/moveit_task_constructor_msgs/share/moveit_task_constructor_msgs/cmake/moveit_task_constructor_msgs__rosidl_typesupport_cExport.cmake
[0.421s] -- Up-to-date: /home/yuqingchi/Code/ws_moveit/install/moveit_task_constructor_msgs/share/moveit_task_constructor_msgs/cmake/moveit_task_constructor_msgs__rosidl_typesupport_cExport-noconfig.cmake
[0.421s] -- Up-to-date: /home/yuqingchi/Code/ws_moveit/install/moveit_task_constructor_msgs/share/moveit_task_constructor_msgs/cmake/moveit_task_constructor_msgs__rosidl_typesupport_introspection_cppExport.cmake
[0.421s] -- Up-to-date: /home/yuqingchi/Code/ws_moveit/install/moveit_task_constructor_msgs/share/moveit_task_constructor_msgs/cmake/moveit_task_constructor_msgs__rosidl_typesupport_introspection_cppExport-noconfig.cmake
[0.421s] -- Up-to-date: /home/yuqingchi/Code/ws_moveit/install/moveit_task_constructor_msgs/share/moveit_task_constructor_msgs/cmake/moveit_task_constructor_msgs__rosidl_typesupport_cppExport.cmake
[0.422s] -- Up-to-date: /home/yuqingchi/Code/ws_moveit/install/moveit_task_constructor_msgs/share/moveit_task_constructor_msgs/cmake/moveit_task_constructor_msgs__rosidl_typesupport_cppExport-noconfig.cmake
[0.422s] -- Up-to-date: /home/yuqingchi/Code/ws_moveit/install/moveit_task_constructor_msgs/share/moveit_task_constructor_msgs/cmake/export_moveit_task_constructor_msgs__rosidl_generator_pyExport.cmake
[0.422s] -- Up-to-date: /home/yuqingchi/Code/ws_moveit/install/moveit_task_constructor_msgs/share/moveit_task_constructor_msgs/cmake/export_moveit_task_constructor_msgs__rosidl_generator_pyExport-noconfig.cmake
[0.422s] -- Up-to-date: /home/yuqingchi/Code/ws_moveit/install/moveit_task_constructor_msgs/share/moveit_task_constructor_msgs/cmake/rosidl_cmake-extras.cmake
[0.423s] -- Up-to-date: /home/yuqingchi/Code/ws_moveit/install/moveit_task_constructor_msgs/share/moveit_task_constructor_msgs/cmake/ament_cmake_export_dependencies-extras.cmake
[0.423s] -- Up-to-date: /home/yuqingchi/Code/ws_moveit/install/moveit_task_constructor_msgs/share/moveit_task_constructor_msgs/cmake/ament_cmake_export_include_directories-extras.cmake
[0.423s] -- Up-to-date: /home/yuqingchi/Code/ws_moveit/install/moveit_task_constructor_msgs/share/moveit_task_constructor_msgs/cmake/ament_cmake_export_libraries-extras.cmake
[0.423s] -- Up-to-date: /home/yuqingchi/Code/ws_moveit/install/moveit_task_constructor_msgs/share/moveit_task_constructor_msgs/cmake/ament_cmake_export_targets-extras.cmake
[0.423s] -- Up-to-date: /home/yuqingchi/Code/ws_moveit/install/moveit_task_constructor_msgs/share/moveit_task_constructor_msgs/cmake/rosidl_cmake_export_typesupport_targets-extras.cmake
[0.423s] -- Up-to-date: /home/yuqingchi/Code/ws_moveit/install/moveit_task_constructor_msgs/share/moveit_task_constructor_msgs/cmake/rosidl_cmake_export_typesupport_libraries-extras.cmake
[0.423s] -- Up-to-date: /home/yuqingchi/Code/ws_moveit/install/moveit_task_constructor_msgs/share/moveit_task_constructor_msgs/cmake/moveit_task_constructor_msgsConfig.cmake
[0.423s] -- Up-to-date: /home/yuqingchi/Code/ws_moveit/install/moveit_task_constructor_msgs/share/moveit_task_constructor_msgs/cmake/moveit_task_constructor_msgsConfig-version.cmake
[0.423s] -- Up-to-date: /home/yuqingchi/Code/ws_moveit/install/moveit_task_constructor_msgs/share/moveit_task_constructor_msgs/package.xml
[0.428s] Invoked command in '/home/yuqingchi/Code/ws_moveit/build/moveit_task_constructor_msgs' returned '0': AMENT_PREFIX_PATH=/home/yuqingchi/Code/ws_moveit/install/moveit_msgs:${AMENT_PREFIX_PATH} CMAKE_PREFIX_PATH=/home/yuqingchi/Code/ws_moveit/install/moveit_msgs:/opt/ros/jazzy/opt/gz_sim_vendor:/opt/ros/jazzy/opt/gz_sensors_vendor:/opt/ros/jazzy/opt/gz_physics_vendor:/opt/ros/jazzy/opt/sdformat_vendor:/opt/ros/jazzy/opt/gz_gui_vendor:/opt/ros/jazzy/opt/gz_transport_vendor:/opt/ros/jazzy/opt/gz_rendering_vendor:/opt/ros/jazzy/opt/gz_plugin_vendor:/opt/ros/jazzy/opt/gz_fuel_tools_vendor:/opt/ros/jazzy/opt/gz_msgs_vendor:/opt/ros/jazzy/opt/gz_common_vendor:/opt/ros/jazzy/opt/gz_math_vendor:/opt/ros/jazzy/opt/gz_utils_vendor:/opt/ros/jazzy/opt/gz_tools_vendor:/opt/ros/jazzy/opt/gz_ogre_next_vendor:/opt/ros/jazzy/opt/gz_dartsim_vendor:/opt/ros/jazzy/opt/gz_cmake_vendor:/opt/ros/jazzy DEBUGINFOD_URLS=https://debuginfod.ubuntu.com LD_LIBRARY_PATH=/home/yuqingchi/Code/ws_moveit/install/moveit_msgs/lib:${LD_LIBRARY_PATH} PYTHONPATH=/home/yuqingchi/Code/ws_moveit/install/moveit_msgs/lib/python3.12/site-packages:${PYTHONPATH} /usr/bin/cmake --install /home/yuqingchi/Code/ws_moveit/build/moveit_task_constructor_msgs
