[0.020s] Invoking command in '/home/yuqingchi/Code/ws_moveit/build/moveit_core': AMENT_PREFIX_PATH=/home/yuqingchi/Code/ws_moveit/install/moveit_resources_panda_moveit_config:/home/yuqingchi/Code/ws_moveit/install/moveit_resources_pr2_description:/home/yuqingchi/Code/ws_moveit/install/moveit_resources_panda_description:/home/yuqingchi/Code/ws_moveit/install/moveit_msgs:/home/yuqingchi/Code/ws_moveit/install/moveit_common:${AMENT_PREFIX_PATH} CMAKE_PREFIX_PATH=/home/yuqingchi/Code/ws_moveit/install/moveit_resources_panda_moveit_config:/home/yuqingchi/Code/ws_moveit/install/moveit_resources_pr2_description:/home/yuqingchi/Code/ws_moveit/install/moveit_resources_panda_description:/home/yuqingchi/Code/ws_moveit/install/moveit_msgs:/home/yuqingchi/Code/ws_moveit/install/moveit_common:/opt/ros/jazzy/opt/gz_math_vendor:/opt/ros/jazzy/opt/gz_utils_vendor:/opt/ros/jazzy/opt/gz_cmake_vendor:/opt/ros/jazzy DEBUGINFOD_URLS=https://debuginfod.ubuntu.com LD_LIBRARY_PATH=/home/yuqingchi/Code/ws_moveit/install/moveit_msgs/lib:${LD_LIBRARY_PATH} PYTHONPATH=/home/yuqingchi/Code/ws_moveit/install/moveit_msgs/lib/python3.12/site-packages:${PYTHONPATH} /usr/bin/cmake /home/yuqingchi/Code/ws_moveit/src/moveit2/moveit_core -DCMAKE_INSTALL_PREFIX=/home/yuqingchi/Code/ws_moveit/install/moveit_core
[0.123s] -- The CXX compiler identification is GNU 13.3.0
[0.153s] -- Detecting CXX compiler ABI info
[0.315s] -- Detecting CXX compiler ABI info - done
[0.333s] -- Check for working CXX compiler: /usr/bin/c++ - skipped
[0.334s] -- Detecting CXX compile features
[0.334s] -- Detecting CXX compile features - done
[0.336s] -- Found moveit_common: 2.14.1 (/home/yuqingchi/Code/ws_moveit/install/moveit_common/share/moveit_common/cmake)
[0.340s] -- Found ament_cmake: 2.5.4 (/opt/ros/jazzy/share/ament_cmake/cmake)
[0.556s] -- Found Python3: /usr/bin/python3 (found version "3.12.3") found components: Interpreter 
[0.868s] [0mmoveit_core: You did not request a specific build type: Choosing 'Release' for maximum performance[0m
[0.872s] -- Found angles: 1.16.0 (/opt/ros/jazzy/share/angles/cmake)
[0.937s] -- Found Bullet: /usr/lib/x86_64-linux-gnu/libBulletDynamics.so (Required is at least version "2.87") 
[0.940s] -- Found common_interfaces: 5.3.6 (/opt/ros/jazzy/share/common_interfaces/cmake)
[0.943s] -- Found eigen_stl_containers: 1.1.0 (/opt/ros/jazzy/share/eigen_stl_containers/cmake)
[0.959s] -- Found eigen3_cmake_module: 0.3.0 (/opt/ros/jazzy/share/eigen3_cmake_module/cmake)
[0.971s] -- Found Eigen3: TRUE (found version "3.4.0") 
[0.982s] -- Found generate_parameter_library: 0.5.0 (/opt/ros/jazzy/share/generate_parameter_library/cmake)
[0.988s] -- Found parameter_traits: 0.5.0 (/opt/ros/jazzy/share/parameter_traits/cmake)
[1.045s] -- Found rosidl_generator_c: 4.6.6 (/opt/ros/jazzy/share/rosidl_generator_c/cmake)
[1.066s] -- Found rosidl_generator_cpp: 4.6.6 (/opt/ros/jazzy/share/rosidl_generator_cpp/cmake)
[1.091s] -- Using all available rosidl_typesupport_c: rosidl_typesupport_fastrtps_c;rosidl_typesupport_introspection_c
[1.115s] -- Using all available rosidl_typesupport_cpp: rosidl_typesupport_fastrtps_cpp;rosidl_typesupport_introspection_cpp
[1.206s] -- Found rmw_implementation_cmake: 7.3.2 (/opt/ros/jazzy/share/rmw_implementation_cmake/cmake)
[1.209s] -- Found rmw_fastrtps_cpp: 8.4.3 (/opt/ros/jazzy/share/rmw_fastrtps_cpp/cmake)
[1.330s] -- Found OpenSSL: /usr/lib/x86_64-linux-gnu/libcrypto.so (found version "3.0.13")  
[1.359s] -- Found FastRTPS: /opt/ros/jazzy/include (Required is at least version "2.13") 
[1.402s] -- Using RMW implementation 'rmw_fastrtps_cpp' as default
[1.548s] -- Found rclcpp_lifecycle: 28.1.11 (/opt/ros/jazzy/share/rclcpp_lifecycle/cmake)
[1.584s] -- Found geometric_shapes: 2.3.2 (/opt/ros/jazzy/share/geometric_shapes/cmake)
[1.604s] -- Found Boost: /usr/lib/x86_64-linux-gnu/cmake/Boost-1.83.0/BoostConfig.cmake (found version "1.83.0") found components: filesystem 
[1.747s] -- Found kdl_parser: 2.11.0 (/opt/ros/jazzy/share/kdl_parser/cmake)
[1.756s] -- Ensuring Eigen3 include directory is part of orocos-kdl CMake target
[1.759s] -- Found moveit_msgs: 2.7.1 (/home/yuqingchi/Code/ws_moveit/install/moveit_msgs/share/moveit_msgs/cmake)
[1.975s] -- Found pluginlib: 5.4.2 (/opt/ros/jazzy/share/pluginlib/cmake)
[1.986s] -- Found srdfdom: 2.0.7 (/opt/ros/jazzy/share/srdfdom/cmake)
[2.000s] -- Found tf2_eigen: 0.36.14 (/opt/ros/jazzy/share/tf2_eigen/cmake)
[2.105s] -- Found tf2_geometry_msgs: 0.36.14 (/opt/ros/jazzy/share/tf2_geometry_msgs/cmake)
[2.116s] -- Found tf2_kdl: 0.36.14 (/opt/ros/jazzy/share/tf2_kdl/cmake)
[2.361s] -- Found Boost: /usr/lib/x86_64-linux-gnu/cmake/Boost-1.83.0/BoostConfig.cmake (found version "1.83.0") found components: chrono date_time filesystem iostreams program_options regex serialization system thread 
[2.378s] -- Performing Test COMPILER_HAS_HIDDEN_VISIBILITY
[2.570s] -- Performing Test COMPILER_HAS_HIDDEN_VISIBILITY - Success
[2.571s] -- Performing Test COMPILER_HAS_HIDDEN_INLINE_VISIBILITY
[2.757s] -- Performing Test COMPILER_HAS_HIDDEN_INLINE_VISIBILITY - Success
[2.757s] -- Performing Test COMPILER_HAS_DEPRECATED_ATTR
[2.954s] -- Performing Test COMPILER_HAS_DEPRECATED_ATTR - Success
[2.969s] -- Found ament_cmake_gtest: 2.5.4 (/opt/ros/jazzy/share/ament_cmake_gtest/cmake)
[2.974s] -- Found gtest sources under '/opt/ros/jazzy/src/gtest_vendor': C++ tests using 'Google Test' will be built
[3.053s] -- The C compiler identification is GNU 13.3.0
[3.079s] -- Detecting C compiler ABI info
[3.260s] -- Detecting C compiler ABI info - done
[3.288s] -- Check for working C compiler: /usr/bin/cc - skipped
[3.289s] -- Detecting C compile features
[3.290s] -- Detecting C compile features - done
[3.298s] -- Found Threads: TRUE  
[3.336s] -- Found gtest sources under '/opt/ros/jazzy/src/gtest_vendor': C++ tests using 'Google Test' will be built
[3.365s] -- Found gtest sources under '/opt/ros/jazzy/src/gtest_vendor': C++ tests using 'Google Test' will be built
[3.380s] -- Found ament_cmake_gtest: 2.5.4 (/opt/ros/jazzy/share/ament_cmake_gtest/cmake)
[3.381s] -- Found gtest sources under '/opt/ros/jazzy/src/gtest_vendor': C++ tests using 'Google Test' will be built
[3.391s] -- Found ament_cmake_gmock: 2.5.4 (/opt/ros/jazzy/share/ament_cmake_gmock/cmake)
[3.397s] -- Found gmock sources under '/opt/ros/jazzy/src/gmock_vendor': C++ tests using 'Google Mock' will be built
[3.402s] -- Found ament_cmake_gtest: 2.5.4 (/opt/ros/jazzy/share/ament_cmake_gtest/cmake)
[3.403s] -- Found gtest sources under '/opt/ros/jazzy/src/gtest_vendor': C++ tests using 'Google Test' will be built
[3.417s] -- Found ament_cmake_gtest: 2.5.4 (/opt/ros/jazzy/share/ament_cmake_gtest/cmake)
[3.418s] -- Found gtest sources under '/opt/ros/jazzy/src/gtest_vendor': C++ tests using 'Google Test' will be built
[3.437s] -- Found ament_cmake_gtest: 2.5.4 (/opt/ros/jazzy/share/ament_cmake_gtest/cmake)
[3.438s] -- Found gtest sources under '/opt/ros/jazzy/src/gtest_vendor': C++ tests using 'Google Test' will be built
[3.463s] -- Found ament_cmake_gtest: 2.5.4 (/opt/ros/jazzy/share/ament_cmake_gtest/cmake)
[3.464s] -- Found gtest sources under '/opt/ros/jazzy/src/gtest_vendor': C++ tests using 'Google Test' will be built
[3.479s] -- Found ament_cmake_gtest: 2.5.4 (/opt/ros/jazzy/share/ament_cmake_gtest/cmake)
[3.480s] -- Found gtest sources under '/opt/ros/jazzy/src/gtest_vendor': C++ tests using 'Google Test' will be built
[3.492s] -- Found ament_cmake_gtest: 2.5.4 (/opt/ros/jazzy/share/ament_cmake_gtest/cmake)
[3.492s] -- Found gtest sources under '/opt/ros/jazzy/src/gtest_vendor': C++ tests using 'Google Test' will be built
[3.503s] -- Found ament_cmake_google_benchmark: 2.5.4 (/opt/ros/jazzy/share/ament_cmake_google_benchmark/cmake)
[3.505s] -- Found ament_cmake_gtest: 2.5.4 (/opt/ros/jazzy/share/ament_cmake_gtest/cmake)
[3.507s] -- Found gmock sources under '/opt/ros/jazzy/src/gmock_vendor': C++ tests using 'Google Mock' will be built
[3.508s] -- Found gtest sources under '/opt/ros/jazzy/src/gtest_vendor': C++ tests using 'Google Test' will be built
[3.516s] -- Performance tests are disabled by default, so Google Benchmark tests will be skipped. To enable these tests, set the CMake variable 'AMENT_RUN_PERFORMANCE_TESTS'.
[3.520s] -- Found gtest sources under '/opt/ros/jazzy/src/gtest_vendor': C++ tests using 'Google Test' will be built
[3.529s] -- Found ament_cmake_google_benchmark: 2.5.4 (/opt/ros/jazzy/share/ament_cmake_google_benchmark/cmake)
[3.530s] -- Found ament_cmake_gtest: 2.5.4 (/opt/ros/jazzy/share/ament_cmake_gtest/cmake)
[3.532s] -- Found gtest sources under '/opt/ros/jazzy/src/gtest_vendor': C++ tests using 'Google Test' will be built
[3.537s] -- Performance tests are disabled by default, so Google Benchmark tests will be skipped. To enable these tests, set the CMake variable 'AMENT_RUN_PERFORMANCE_TESTS'.
[3.545s] -- Found ament_cmake_gtest: 2.5.4 (/opt/ros/jazzy/share/ament_cmake_gtest/cmake)
[3.545s] -- Found gtest sources under '/opt/ros/jazzy/src/gtest_vendor': C++ tests using 'Google Test' will be built
[3.564s] -- Found launch_testing_ament_cmake: 3.4.6 (/opt/ros/jazzy/share/launch_testing_ament_cmake/cmake)
[3.566s] -- Found python_cmake_module: 0.11.1 (/opt/ros/jazzy/share/python_cmake_module/cmake)
[3.780s] -- Found PythonExtra: /usr/bin/python3  
[3.793s] --  *** Building MoveIt 2.14.1 devel ***
[3.806s] -- Configuring done (3.8s)
[4.533s] -- Generating done (0.6s)
[4.691s] -- Build files have been written to: /home/yuqingchi/Code/ws_moveit/build/moveit_core
[4.752s] Invoked command in '/home/yuqingchi/Code/ws_moveit/build/moveit_core' returned '0': AMENT_PREFIX_PATH=/home/yuqingchi/Code/ws_moveit/install/moveit_resources_panda_moveit_config:/home/yuqingchi/Code/ws_moveit/install/moveit_resources_pr2_description:/home/yuqingchi/Code/ws_moveit/install/moveit_resources_panda_description:/home/yuqingchi/Code/ws_moveit/install/moveit_msgs:/home/yuqingchi/Code/ws_moveit/install/moveit_common:${AMENT_PREFIX_PATH} CMAKE_PREFIX_PATH=/home/yuqingchi/Code/ws_moveit/install/moveit_resources_panda_moveit_config:/home/yuqingchi/Code/ws_moveit/install/moveit_resources_pr2_description:/home/yuqingchi/Code/ws_moveit/install/moveit_resources_panda_description:/home/yuqingchi/Code/ws_moveit/install/moveit_msgs:/home/yuqingchi/Code/ws_moveit/install/moveit_common:/opt/ros/jazzy/opt/gz_math_vendor:/opt/ros/jazzy/opt/gz_utils_vendor:/opt/ros/jazzy/opt/gz_cmake_vendor:/opt/ros/jazzy DEBUGINFOD_URLS=https://debuginfod.ubuntu.com LD_LIBRARY_PATH=/home/yuqingchi/Code/ws_moveit/install/moveit_msgs/lib:${LD_LIBRARY_PATH} PYTHONPATH=/home/yuqingchi/Code/ws_moveit/install/moveit_msgs/lib/python3.12/site-packages:${PYTHONPATH} /usr/bin/cmake /home/yuqingchi/Code/ws_moveit/src/moveit2/moveit_core -DCMAKE_INSTALL_PREFIX=/home/yuqingchi/Code/ws_moveit/install/moveit_core
[4.753s] Invoking command in '/home/yuqingchi/Code/ws_moveit/build/moveit_core': AMENT_PREFIX_PATH=/home/yuqingchi/Code/ws_moveit/install/moveit_resources_panda_moveit_config:/home/yuqingchi/Code/ws_moveit/install/moveit_resources_pr2_description:/home/yuqingchi/Code/ws_moveit/install/moveit_resources_panda_description:/home/yuqingchi/Code/ws_moveit/install/moveit_msgs:/home/yuqingchi/Code/ws_moveit/install/moveit_common:${AMENT_PREFIX_PATH} CMAKE_PREFIX_PATH=/home/yuqingchi/Code/ws_moveit/install/moveit_resources_panda_moveit_config:/home/yuqingchi/Code/ws_moveit/install/moveit_resources_pr2_description:/home/yuqingchi/Code/ws_moveit/install/moveit_resources_panda_description:/home/yuqingchi/Code/ws_moveit/install/moveit_msgs:/home/yuqingchi/Code/ws_moveit/install/moveit_common:/opt/ros/jazzy/opt/gz_math_vendor:/opt/ros/jazzy/opt/gz_utils_vendor:/opt/ros/jazzy/opt/gz_cmake_vendor:/opt/ros/jazzy DEBUGINFOD_URLS=https://debuginfod.ubuntu.com LD_LIBRARY_PATH=/home/yuqingchi/Code/ws_moveit/install/moveit_msgs/lib:${LD_LIBRARY_PATH} PYTHONPATH=/home/yuqingchi/Code/ws_moveit/install/moveit_msgs/lib/python3.12/site-packages:${PYTHONPATH} /usr/bin/cmake --build /home/yuqingchi/Code/ws_moveit/build/moveit_core -- -j16 -l16
[4.845s] [  2%] [32mBuilding CXX object gmock/CMakeFiles/gmock.dir/src/gmock-all.cc.o[0m
[4.845s] [  2%] [32mBuilding CXX object gtest/CMakeFiles/gtest_main.dir/src/gtest_main.cc.o[0m
[4.845s] [  2%] [32mBuilding CXX object gtest/CMakeFiles/gtest.dir/src/gtest-all.cc.o[0m
[4.846s] [  2%] [34m[1mRunning `/opt/ros/jazzy/bin/generate_parameter_library_cpp /home/yuqingchi/Code/ws_moveit/build/moveit_core/online_signal_smoothing/include/moveit_core/moveit_butterworth_filter_parameters.hpp /home/yuqingchi/Code/ws_moveit/src/moveit2/moveit_core/online_signal_smoothing/src/butterworth_parameters.yaml `[0m
[4.846s] [  2%] [32mBuilding CXX object gmock/CMakeFiles/gmock.dir/opt/ros/jazzy/src/gtest_vendor/src/gtest-all.cc.o[0m
[4.855s] [  4%] [32mBuilding CXX object utils/CMakeFiles/moveit_utils.dir/src/lexical_casts.cpp.o[0m
[4.855s] [  4%] [32mBuilding CXX object gmock/CMakeFiles/gmock_main.dir/src/gmock_main.cc.o[0m
[4.855s] [  5%] [34m[1mGenerate version header[0m
[4.856s] [  6%] [32mBuilding CXX object utils/CMakeFiles/moveit_utils.dir/src/logger.cpp.o[0m
[4.856s] [  6%] [34m[1mRunning `/opt/ros/jazzy/bin/generate_parameter_library_cpp /home/yuqingchi/Code/ws_moveit/build/moveit_core/online_signal_smoothing/include/moveit_core/moveit_ruckig_filter_parameters.hpp /home/yuqingchi/Code/ws_moveit/src/moveit2/moveit_core/online_signal_smoothing/src/ruckig_filter_parameters.yaml `[0m
[4.857s] [  8%] [32mBuilding CXX object utils/CMakeFiles/moveit_utils.dir/src/rclcpp_utils.cpp.o[0m
[4.858s] [  8%] [32mBuilding CXX object utils/CMakeFiles/moveit_utils.dir/src/message_checks.cpp.o[0m
[4.858s] [  8%] [32mBuilding CXX object online_signal_smoothing/CMakeFiles/moveit_smoothing_base.dir/src/smoothing_base_class.cpp.o[0m
[4.865s] [  9%] [34m[1mRunning `/opt/ros/jazzy/bin/generate_parameter_library_cpp /home/yuqingchi/Code/ws_moveit/build/moveit_core/online_signal_smoothing/include/moveit_core/moveit_acceleration_filter_parameters.hpp /home/yuqingchi/Code/ws_moveit/src/moveit2/moveit_core/online_signal_smoothing/src/acceleration_filter_parameters.yaml `[0m
[4.913s] [ 10%] [34m[1mGenerating version.hpp[0m
[4.930s] [ 10%] Built target version_hpp
[4.974s] [ 10%] [32mBuilding CXX object version/CMakeFiles/moveit_version.dir/version.cpp.o[0m
[5.476s] [ 11%] [32m[1mLinking CXX executable moveit_version[0m
[5.622s] [ 11%] Built target moveit_version
[5.628s] [ 11%] [34m[1mCreating deprecated header file /home/yuqingchi/Code/ws_moveit/build/moveit_core/online_signal_smoothing/include/moveit_acceleration_filter_parameters.hpp[0m
[5.661s] [ 11%] Built target moveit_acceleration_filter_parameters
[5.762s] [ 12%] [32m[1mLinking CXX static library libgtest_main.a[0m
[5.795s] [ 12%] [34m[1mCreating deprecated header file /home/yuqingchi/Code/ws_moveit/build/moveit_core/online_signal_smoothing/include/moveit_butterworth_filter_parameters.hpp[0m
[5.809s] [ 12%] [34m[1mCreating deprecated header file /home/yuqingchi/Code/ws_moveit/build/moveit_core/online_signal_smoothing/include/moveit_ruckig_filter_parameters.hpp[0m
[5.825s] [ 12%] Built target moveit_butterworth_filter_parameters
[5.838s] [ 12%] Built target moveit_ruckig_filter_parameters
[5.867s] [ 12%] Built target gtest_main
[6.218s] [ 13%] [32m[1mLinking CXX static library libgmock_main.a[0m
[6.349s] [ 13%] Built target gmock_main
[8.791s] [ 14%] [32m[1mLinking CXX shared library libmoveit_smoothing_base.so[0m
[9.257s] [ 15%] [32m[1mLinking CXX shared library libmoveit_utils.so[0m
[9.389s] [ 15%] Built target moveit_smoothing_base
[9.548s] [ 15%] Built target moveit_utils
[9.593s] [ 18%] [32mBuilding CXX object exceptions/CMakeFiles/moveit_exceptions.dir/src/exceptions.cpp.o[0m
[9.593s] [ 18%] [32mBuilding CXX object transforms/CMakeFiles/moveit_transforms.dir/src/transforms.cpp.o[0m
[9.594s] [ 18%] [32mBuilding CXX object distance_field/CMakeFiles/moveit_distance_field.dir/src/find_internal_points.cpp.o[0m
[9.594s] [ 18%] [32mBuilding CXX object utils/test/CMakeFiles/logger_dut.dir/logger_dut.cpp.o[0m
[9.594s] [ 18%] [32mBuilding CXX object distance_field/CMakeFiles/moveit_distance_field.dir/src/propagation_distance_field.cpp.o[0m
[9.594s] [ 18%] [32mBuilding CXX object distance_field/CMakeFiles/moveit_distance_field.dir/src/distance_field.cpp.o[0m
[10.369s] [ 19%] [32m[1mLinking CXX shared library libmoveit_exceptions.so[0m
[10.574s] [ 19%] Built target moveit_exceptions
[10.612s] [ 20%] [32mBuilding CXX object robot_model/CMakeFiles/moveit_robot_model.dir/src/joint_model.cpp.o[0m
[10.612s] [ 20%] [32mBuilding CXX object robot_model/CMakeFiles/moveit_robot_model.dir/src/fixed_joint_model.cpp.o[0m
[10.612s] [ 20%] [32mBuilding CXX object robot_model/CMakeFiles/moveit_robot_model.dir/src/aabb.cpp.o[0m
[10.613s] [ 21%] [32mBuilding CXX object robot_model/CMakeFiles/moveit_robot_model.dir/src/joint_model_group.cpp.o[0m
[10.613s] [ 22%] [32mBuilding CXX object robot_model/CMakeFiles/moveit_robot_model.dir/src/floating_joint_model.cpp.o[0m
[10.613s] [ 22%] [32mBuilding CXX object robot_model/CMakeFiles/moveit_robot_model.dir/src/planar_joint_model.cpp.o[0m
[10.615s] [ 23%] [32mBuilding CXX object robot_model/CMakeFiles/moveit_robot_model.dir/src/link_model.cpp.o[0m
[10.623s] [ 24%] [32mBuilding CXX object robot_model/CMakeFiles/moveit_robot_model.dir/src/prismatic_joint_model.cpp.o[0m
[10.624s] [ 24%] [32mBuilding CXX object robot_model/CMakeFiles/moveit_robot_model.dir/src/revolute_joint_model.cpp.o[0m
[11.445s] [ 25%] [32mBuilding CXX object robot_model/CMakeFiles/moveit_robot_model.dir/src/robot_model.cpp.o[0m
[13.464s] [ 26%] [32m[1mLinking CXX executable logger_dut[0m
[13.747s] [ 26%] Built target logger_dut
[14.074s] [ 27%] [32m[1mLinking CXX static library libgtest.a[0m
[14.220s] [ 27%] Built target gtest
[14.492s] [ 27%] [32m[1mLinking CXX static library libgmock.a[0m
[14.605s] [ 27%] Built target gmock
[18.615s] [ 28%] [32m[1mLinking CXX shared library libmoveit_transforms.so[0m
[18.900s] [ 28%] Built target moveit_transforms
[18.953s] [ 29%] [32mBuilding CXX object transforms/CMakeFiles/test_transforms.dir/test/test_transforms.cpp.o[0m
[19.791s] [ 29%] [32m[1mLinking CXX shared library libmoveit_distance_field.so[0m
[20.077s] [ 29%] Built target moveit_distance_field
[20.115s] [ 29%] [32mBuilding CXX object distance_field/CMakeFiles/test_distance_field.dir/test/test_distance_field.cpp.o[0m
[20.118s] [ 30%] [32mBuilding CXX object distance_field/CMakeFiles/test_voxel_grid.dir/test/test_voxel_grid.cpp.o[0m
[21.130s] [ 30%] [32m[1mLinking CXX shared library libmoveit_robot_model.so[0m
[21.391s] [ 30%] Built target moveit_robot_model
[21.433s] [ 31%] [32mBuilding CXX object kinematics_base/CMakeFiles/moveit_kinematics_base.dir/src/kinematics_base.cpp.o[0m
[21.437s] [ 32%] [32mBuilding CXX object online_signal_smoothing/CMakeFiles/moveit_butterworth_filter.dir/src/butterworth_filter.cpp.o[0m
[22.032s] [ 32%] [32m[1mLinking CXX executable test_transforms[0m
[22.298s] [ 32%] Built target test_transforms
[24.280s] [ 32%] [32m[1mLinking CXX executable test_voxel_grid[0m
[24.865s] [ 32%] Built target test_voxel_grid
[27.032s] [ 32%] [32m[1mLinking CXX shared library libmoveit_kinematics_base.so[0m
[27.236s] [ 32%] Built target moveit_kinematics_base
[27.285s] [ 33%] [32mBuilding CXX object robot_state/CMakeFiles/moveit_robot_state.dir/src/conversions.cpp.o[0m
[27.285s] [ 34%] [32mBuilding CXX object robot_state/CMakeFiles/moveit_robot_state.dir/src/attached_body.cpp.o[0m
[27.285s] [ 34%] [32mBuilding CXX object utils/CMakeFiles/moveit_test_utils.dir/src/robot_model_test_utils.cpp.o[0m
[27.285s] [ 34%] [32mBuilding CXX object robot_state/CMakeFiles/moveit_robot_state.dir/src/robot_state.cpp.o[0m
[27.285s] [ 35%] [32mBuilding CXX object robot_state/CMakeFiles/moveit_robot_state.dir/src/cartesian_interpolator.cpp.o[0m
[28.202s] [ 35%] [32m[1mLinking CXX shared library libmoveit_butterworth_filter.so[0m
[28.531s] [ 35%] Built target moveit_butterworth_filter
[28.583s] [ 35%] [32mBuilding CXX object online_signal_smoothing/CMakeFiles/test_butterworth_filter.dir/test/test_butterworth_filter.cpp.o[0m
[29.760s] [ 36%] [32m[1mLinking CXX executable test_distance_field[0m
[30.329s] [ 36%] Built target test_distance_field
[35.784s] [ 37%] [32m[1mLinking CXX executable test_butterworth_filter[0m
[36.047s] [ 37%] Built target test_butterworth_filter
[46.802s] [ 38%] [32m[1mLinking CXX shared library libmoveit_test_utils.so[0m
[47.077s] [ 38%] Built target moveit_test_utils
[47.120s] [ 39%] [32mBuilding CXX object robot_model/CMakeFiles/test_robot_model.dir/test/test.cpp.o[0m
[51.631s] [ 39%] [32m[1mLinking CXX shared library libmoveit_robot_state.so[0m
[51.947s] [ 39%] Built target moveit_robot_state
[51.983s] [ 39%] [32mBuilding CXX object online_signal_smoothing/CMakeFiles/moveit_acceleration_filter.dir/src/acceleration_filter.cpp.o[0m
[51.983s] [ 40%] [32mBuilding CXX object collision_detection/CMakeFiles/moveit_collision_detection.dir/src/collision_matrix.cpp.o[0m
[51.983s] [ 41%] [32mBuilding CXX object robot_trajectory/CMakeFiles/moveit_robot_trajectory.dir/src/robot_trajectory.cpp.o[0m
[51.983s] [ 42%] [32mBuilding CXX object kinematics_metrics/CMakeFiles/moveit_kinematics_metrics.dir/src/kinematics_metrics.cpp.o[0m
[51.985s] [ 43%] [32mBuilding CXX object collision_detection/CMakeFiles/moveit_collision_detection.dir/src/allvalid/collision_env_allvalid.cpp.o[0m
[51.985s] [ 44%] [32mBuilding CXX object collision_detection/CMakeFiles/moveit_collision_detection.dir/src/collision_common.cpp.o[0m
[51.985s] [ 44%] [32mBuilding CXX object robot_state/CMakeFiles/test_aabb.dir/test/test_aabb.cpp.o[0m
[51.986s] [ 44%] [32mBuilding CXX object robot_state/CMakeFiles/test_cartesian_interpolator.dir/test/test_cartesian_interpolator.cpp.o[0m
[51.987s] [ 45%] [32mBuilding CXX object collision_detection/CMakeFiles/moveit_collision_detection.dir/src/collision_octomap_filter.cpp.o[0m
[51.987s] [ 46%] [32mBuilding CXX object robot_state/CMakeFiles/robot_state_benchmark.dir/test/robot_state_benchmark.cpp.o[0m
[51.987s] [ 46%] [32mBuilding CXX object robot_state/CMakeFiles/test_robot_state.dir/test/robot_state_test.cpp.o[0m
[51.989s] [ 47%] [32mBuilding CXX object dynamics_solver/CMakeFiles/moveit_dynamics_solver.dir/src/dynamics_solver.cpp.o[0m
[51.989s] [ 48%] [32mBuilding CXX object online_signal_smoothing/CMakeFiles/moveit_ruckig_filter.dir/src/ruckig_filter.cpp.o[0m
[51.995s] [ 48%] [32mBuilding CXX object collision_detection/CMakeFiles/moveit_collision_detection.dir/src/collision_tools.cpp.o[0m
[51.999s] [ 48%] [32mBuilding CXX object robot_state/CMakeFiles/test_robot_state_complex.dir/test/test_kinematic_complex.cpp.o[0m
[53.117s] [ 48%] [32m[1mLinking CXX executable test_robot_model[0m
[54.170s] [ 48%] Built target test_robot_model
[54.199s] [ 49%] [32mBuilding CXX object collision_detection/CMakeFiles/moveit_collision_detection.dir/src/world.cpp.o[0m
[58.804s] [ 49%] [32mBuilding CXX object collision_detection/CMakeFiles/moveit_collision_detection.dir/src/world_diff.cpp.o[0m
[59.356s] [ 50%] [32mBuilding CXX object collision_detection/CMakeFiles/moveit_collision_detection.dir/src/collision_env.cpp.o[0m
[59.460s] [ 50%] [32m[1mLinking CXX shared library libmoveit_dynamics_solver.so[0m
[60.024s] [ 50%] Built target moveit_dynamics_solver
[60.047s] [ 50%] [32mBuilding CXX object collision_detection/CMakeFiles/moveit_collision_detection.dir/src/collision_plugin_cache.cpp.o[0m
[60.056s] [ 51%] [32m[1mLinking CXX executable robot_state_benchmark[0m
[60.731s] [ 51%] Built target robot_state_benchmark
[62.337s] [ 52%] [32m[1mLinking CXX executable test_cartesian_interpolator[0m
[62.908s] [ 52%] Built target test_cartesian_interpolator
[63.278s] [ 52%] [32m[1mLinking CXX shared library libmoveit_robot_trajectory.so[0m
[63.611s] [ 52%] Built target moveit_robot_trajectory
[63.650s] [ 53%] [32mBuilding CXX object trajectory_processing/CMakeFiles/moveit_trajectory_processing.dir/src/ruckig_traj_smoothing.cpp.o[0m
[63.650s] [ 53%] [32mBuilding CXX object robot_trajectory/CMakeFiles/test_robot_trajectory.dir/test/test_robot_trajectory.cpp.o[0m
[63.650s] [ 53%] [32mBuilding CXX object trajectory_processing/CMakeFiles/moveit_trajectory_processing.dir/src/time_optimal_trajectory_generation.cpp.o[0m
[63.650s] [ 53%] [32mBuilding CXX object trajectory_processing/CMakeFiles/moveit_trajectory_processing.dir/src/trajectory_tools.cpp.o[0m
[64.663s] [ 53%] [32m[1mLinking CXX executable test_aabb[0m
[64.996s] [ 53%] [32m[1mLinking CXX shared library libmoveit_ruckig_filter.so[0m
[65.114s] [ 53%] Built target test_aabb
[65.344s] [ 53%] Built target moveit_ruckig_filter
[65.534s] [ 54%] [32m[1mLinking CXX executable test_robot_state_complex[0m
[65.972s] [ 54%] Built target test_robot_state_complex
[69.955s] [ 55%] [32m[1mLinking CXX shared library libmoveit_acceleration_filter.so[0m
[70.340s] [ 55%] Built target moveit_acceleration_filter
[70.395s] [ 56%] [32mBuilding CXX object online_signal_smoothing/CMakeFiles/test_acceleration_filter.dir/test/test_acceleration_filter.cpp.o[0m
[70.790s] [ 57%] [32m[1mLinking CXX executable test_robot_state[0m
[71.360s] [ 57%] Built target test_robot_state
[72.826s] [ 57%] [32m[1mLinking CXX shared library libmoveit_kinematics_metrics.so[0m
[73.102s] [ 57%] Built target moveit_kinematics_metrics
[74.438s] [ 58%] [32m[1mLinking CXX executable test_robot_trajectory[0m
[74.848s] [ 59%] [32m[1mLinking CXX shared library libmoveit_collision_detection.so[0m
[74.867s] [ 59%] Built target test_robot_trajectory
[75.146s] [ 59%] Built target moveit_collision_detection
[75.188s] [ 60%] [32mBuilding CXX object collision_detection_bullet/CMakeFiles/moveit_collision_detection_bullet.dir/src/bullet_integration/bullet_cast_bvh_manager.cpp.o[0m
[75.189s] [ 61%] [32mBuilding CXX object collision_detection_bullet/CMakeFiles/moveit_collision_detection_bullet.dir/src/bullet_integration/bullet_bvh_manager.cpp.o[0m
[75.189s] [ 61%] [32mBuilding CXX object collision_detection_fcl/CMakeFiles/moveit_collision_detection_fcl.dir/src/collision_env_fcl.cpp.o[0m
[75.189s] [ 63%] [32mBuilding CXX object collision_detection/CMakeFiles/test_all_valid.dir/test/test_all_valid.cpp.o[0m
[75.189s] [ 63%] [32mBuilding CXX object collision_detection_bullet/CMakeFiles/moveit_collision_detection_bullet.dir/src/bullet_integration/bullet_utils.cpp.o[0m
[75.189s] [ 63%] [32mBuilding CXX object collision_detection_fcl/CMakeFiles/moveit_collision_detection_fcl.dir/src/collision_common.cpp.o[0m
[75.189s] [ 65%] [32mBuilding CXX object collision_detection/CMakeFiles/test_world.dir/test/test_world.cpp.o[0m
[75.189s] [ 65%] [32mBuilding CXX object collision_detection/CMakeFiles/test_world_diff.dir/test/test_world_diff.cpp.o[0m
[75.189s] [ 66%] [32mBuilding CXX object collision_detection_bullet/CMakeFiles/moveit_collision_detection_bullet.dir/src/bullet_integration/bullet_discrete_bvh_manager.cpp.o[0m
[75.189s] [ 66%] [32mBuilding CXX object collision_detection_bullet/CMakeFiles/moveit_collision_detection_bullet.dir/src/collision_env_bullet.cpp.o[0m
[75.189s] [ 66%] [32mBuilding CXX object collision_detection_bullet/CMakeFiles/moveit_collision_detection_bullet.dir/src/bullet_integration/contact_checker_common.cpp.o[0m
[75.190s] [ 67%] [32mBuilding CXX object collision_detection_bullet/CMakeFiles/moveit_collision_detection_bullet.dir/src/bullet_integration/ros_bullet_utils.cpp.o[0m
[76.471s] [ 68%] [32m[1mLinking CXX shared library libmoveit_trajectory_processing.so[0m
[76.919s] [ 68%] Built target moveit_trajectory_processing
[76.991s] [ 68%] [32mBuilding CXX object trajectory_processing/CMakeFiles/test_time_optimal_trajectory_generation.dir/test/test_time_optimal_trajectory_generation.cpp.o[0m
[76.995s] [ 69%] [32mBuilding CXX object trajectory_processing/CMakeFiles/test_ruckig_traj_smoothing.dir/test/test_ruckig_traj_smoothing.cpp.o[0m
[76.995s] [ 69%] [32mBuilding CXX object trajectory_processing/CMakeFiles/robot_trajectory_benchmark.dir/test/robot_trajectory_benchmark.cpp.o[0m
[79.721s] [ 69%] [32m[1mLinking CXX executable test_world_diff[0m
[80.193s] [ 69%] [32m[1mLinking CXX executable test_acceleration_filter[0m
[80.677s] [ 69%] Built target test_world_diff
[80.800s] [ 69%] Built target test_acceleration_filter
[83.924s] [ 69%] [32m[1mLinking CXX executable test_world[0m
[84.335s] [ 69%] Built target test_world
[84.598s] [ 69%] [32m[1mLinking CXX executable test_all_valid[0m
[84.977s] [ 69%] Built target test_all_valid
[87.134s] [ 70%] [32m[1mLinking CXX executable test_ruckig_traj_smoothing[0m
[87.214s] [ 71%] [32m[1mLinking CXX shared library libmoveit_collision_detection_fcl.so[0m
[87.542s] [ 71%] [32m[1mLinking CXX shared library libmoveit_collision_detection_bullet.so[0m
[87.548s] [ 71%] Built target test_ruckig_traj_smoothing
[87.560s] [ 71%] Built target moveit_collision_detection_fcl
[87.607s] [ 71%] [32mBuilding CXX object collision_detection_fcl/CMakeFiles/test_fcl_collision_env.dir/test/test_fcl_env.cpp.o[0m
[87.607s] [ 71%] [32mBuilding CXX object collision_detection_fcl/CMakeFiles/test_fcl_collision_detection_panda.dir/test/test_fcl_collision_detection_panda.cpp.o[0m
[87.607s] [ 71%] [32mBuilding CXX object collision_detection_fcl/CMakeFiles/test_fcl_collision_detection.dir/test/test_fcl_collision_detection_pr2.cpp.o[0m
[87.608s] [ 71%] [32mBuilding CXX object kinematic_constraints/CMakeFiles/moveit_kinematic_constraints.dir/src/kinematic_constraint.cpp.o[0m
[87.608s] [ 72%] [32mBuilding CXX object kinematic_constraints/CMakeFiles/moveit_kinematic_constraints.dir/src/utils.cpp.o[0m
[87.870s] [ 72%] Built target moveit_collision_detection_bullet
[87.902s] [ 72%] [32mBuilding CXX object collision_detection_bullet/CMakeFiles/test_bullet_continuous_collision_checking.dir/test/test_bullet_continuous_collision_checking.cpp.o[0m
[87.910s] [ 73%] [32mBuilding CXX object collision_detection_bullet/CMakeFiles/test_bullet_collision_detection_panda.dir/test/test_bullet_collision_detection_panda.cpp.o[0m
[87.910s] [ 73%] [32mBuilding CXX object collision_detection_bullet/CMakeFiles/test_bullet_collision_detection.dir/test/test_bullet_collision_detection_pr2.cpp.o[0m
[88.881s] [ 74%] [32m[1mLinking CXX executable test_time_optimal_trajectory_generation[0m
[88.897s] [ 74%] [32m[1mLinking CXX executable robot_trajectory_benchmark[0m
[89.397s] [ 74%] Built target robot_trajectory_benchmark
[89.418s] [ 74%] Built target test_time_optimal_trajectory_generation
[97.080s] [ 75%] [32m[1mLinking CXX executable test_fcl_collision_env[0m
[97.632s] [ 75%] Built target test_fcl_collision_env
[97.889s] [ 76%] [32m[1mLinking CXX executable test_fcl_collision_detection_panda[0m
[98.420s] [ 76%] Built target test_fcl_collision_detection_panda
[98.447s] [ 77%] [32m[1mLinking CXX executable test_bullet_continuous_collision_checking[0m
[98.486s] [ 78%] [32m[1mLinking CXX executable test_fcl_collision_detection[0m
[98.895s] [ 78%] Built target test_bullet_continuous_collision_checking
[98.953s] [ 78%] Built target test_fcl_collision_detection
[100.073s] [ 79%] [32m[1mLinking CXX executable test_bullet_collision_detection_panda[0m
[100.482s] [ 79%] Built target test_bullet_collision_detection_panda
[101.740s] [ 80%] [32m[1mLinking CXX executable test_bullet_collision_detection[0m
[102.184s] [ 80%] Built target test_bullet_collision_detection
[103.342s] [ 80%] [32m[1mLinking CXX shared library libmoveit_kinematic_constraints.so[0m
[103.650s] [ 80%] Built target moveit_kinematic_constraints
[103.691s] [ 83%] [32mBuilding CXX object planning_scene/CMakeFiles/moveit_planning_scene.dir/src/planning_scene.cpp.o[0m
[103.691s] [ 83%] [32mBuilding CXX object kinematic_constraints/CMakeFiles/test_orientation_constraints.dir/test/test_orientation_constraints.cpp.o[0m
[103.692s] [ 83%] [32mBuilding CXX object kinematic_constraints/CMakeFiles/test_constraints.dir/test/test_constraints.cpp.o[0m
[114.233s] [ 83%] [32m[1mLinking CXX executable test_orientation_constraints[0m
[114.620s] [ 83%] Built target test_orientation_constraints
[115.431s] [ 84%] [32m[1mLinking CXX executable test_constraints[0m
[115.816s] [ 84%] Built target test_constraints
[123.960s] [ 84%] [32m[1mLinking CXX shared library libmoveit_planning_scene.so[0m
[124.280s] [ 84%] Built target moveit_planning_scene
[124.315s] [ 84%] [32mBuilding CXX object collision_detection_bullet/CMakeFiles/collision_detector_bullet_plugin.dir/src/collision_detector_bullet_plugin_loader.cpp.o[0m
[124.316s] [ 84%] [32mBuilding CXX object collision_detection_fcl/CMakeFiles/collision_detector_fcl_plugin.dir/src/collision_detector_fcl_plugin_loader.cpp.o[0m
[124.316s] [ 84%] [32mBuilding CXX object constraint_samplers/CMakeFiles/moveit_constraint_samplers.dir/src/constraint_sampler.cpp.o[0m
[124.316s] [ 85%] [32mBuilding CXX object planning_scene/CMakeFiles/test_collision_objects.dir/test/test_collision_objects.cpp.o[0m
[124.316s] [ 86%] [32mBuilding CXX object planning_scene/CMakeFiles/test_planning_scene.dir/test/test_planning_scene.cpp.o[0m
[124.316s] [ 87%] [32mBuilding CXX object planning_interface/CMakeFiles/moveit_planning_interface.dir/src/planning_response.cpp.o[0m
[124.316s] [ 89%] [32mBuilding CXX object constraint_samplers/CMakeFiles/moveit_constraint_samplers.dir/src/constraint_sampler_manager.cpp.o[0m
[124.316s] [ 89%] [32mBuilding CXX object planning_interface/CMakeFiles/moveit_planning_interface.dir/src/planning_interface.cpp.o[0m
[124.316s] [ 91%] [32mBuilding CXX object constraint_samplers/CMakeFiles/moveit_constraint_samplers.dir/src/union_constraint_sampler.cpp.o[0m
[124.316s] [ 91%] [32mBuilding CXX object planning_scene/CMakeFiles/test_multi_threaded.dir/test/test_multi_threaded.cpp.o[0m
[124.317s] [ 92%] [32mBuilding CXX object constraint_samplers/CMakeFiles/moveit_constraint_samplers.dir/src/default_constraint_samplers.cpp.o[0m
[124.319s] [ 92%] [32mBuilding CXX object collision_distance_field/CMakeFiles/moveit_collision_distance_field.dir/src/collision_common_distance_field.cpp.o[0m
[124.321s] [ 93%] [32mBuilding CXX object collision_distance_field/CMakeFiles/moveit_collision_distance_field.dir/src/collision_env_distance_field.cpp.o[0m
[124.329s] [ 93%] [32mBuilding CXX object collision_distance_field/CMakeFiles/moveit_collision_distance_field.dir/src/collision_env_hybrid.cpp.o[0m
[124.332s] [ 93%] [32mBuilding CXX object constraint_samplers/CMakeFiles/moveit_constraint_samplers.dir/src/constraint_sampler_tools.cpp.o[0m
[124.332s] [ 94%] [32mBuilding CXX object collision_distance_field/CMakeFiles/moveit_collision_distance_field.dir/src/collision_distance_field_types.cpp.o[0m
[132.699s] [ 95%] [32m[1mLinking CXX shared library libcollision_detector_bullet_plugin.so[0m
[133.010s] [ 95%] Built target collision_detector_bullet_plugin
[133.598s] [ 96%] [32m[1mLinking CXX shared library libcollision_detector_fcl_plugin.so[0m
[134.324s] [ 96%] Built target collision_detector_fcl_plugin
[135.589s] [ 96%] [32m[1mLinking CXX shared library libmoveit_planning_interface.so[0m
[135.853s] [ 96%] Built target moveit_planning_interface
[138.120s] [ 96%] [32m[1mLinking CXX executable test_multi_threaded[0m
[138.549s] [ 96%] Built target test_multi_threaded
[138.940s] [ 96%] [32m[1mLinking CXX shared library libmoveit_constraint_samplers.so[0m
[139.270s] [ 96%] Built target moveit_constraint_samplers
[139.315s] [ 98%] [32mBuilding CXX object constraint_samplers/CMakeFiles/test_constraint_samplers.dir/test/pr2_arm_ik.cpp.o[0m
[139.316s] [ 98%] [32mBuilding CXX object constraint_samplers/CMakeFiles/test_constraint_samplers.dir/test/pr2_arm_kinematics_plugin.cpp.o[0m
[139.316s] [ 98%] [32mBuilding CXX object constraint_samplers/CMakeFiles/test_constraint_samplers.dir/test/test_constraint_samplers.cpp.o[0m
[140.697s] [ 98%] [32m[1mLinking CXX executable test_collision_objects[0m
[141.110s] [ 98%] Built target test_collision_objects
[142.106s] [ 98%] [32m[1mLinking CXX executable test_planning_scene[0m
[142.542s] [ 98%] Built target test_planning_scene
[145.868s] [ 99%] [32m[1mLinking CXX shared library libmoveit_collision_distance_field.so[0m
[146.209s] [ 99%] Built target moveit_collision_distance_field
[146.250s] [100%] [32mBuilding CXX object collision_distance_field/CMakeFiles/test_collision_distance_field.dir/test/test_collision_distance_field.cpp.o[0m
[154.466s] [100%] [32m[1mLinking CXX executable test_constraint_samplers[0m
[154.916s] [100%] Built target test_constraint_samplers
[157.791s] [100%] [32m[1mLinking CXX executable test_collision_distance_field[0m
[158.184s] [100%] Built target test_collision_distance_field
[158.206s] Invoked command in '/home/yuqingchi/Code/ws_moveit/build/moveit_core' returned '0': AMENT_PREFIX_PATH=/home/yuqingchi/Code/ws_moveit/install/moveit_resources_panda_moveit_config:/home/yuqingchi/Code/ws_moveit/install/moveit_resources_pr2_description:/home/yuqingchi/Code/ws_moveit/install/moveit_resources_panda_description:/home/yuqingchi/Code/ws_moveit/install/moveit_msgs:/home/yuqingchi/Code/ws_moveit/install/moveit_common:${AMENT_PREFIX_PATH} CMAKE_PREFIX_PATH=/home/yuqingchi/Code/ws_moveit/install/moveit_resources_panda_moveit_config:/home/yuqingchi/Code/ws_moveit/install/moveit_resources_pr2_description:/home/yuqingchi/Code/ws_moveit/install/moveit_resources_panda_description:/home/yuqingchi/Code/ws_moveit/install/moveit_msgs:/home/yuqingchi/Code/ws_moveit/install/moveit_common:/opt/ros/jazzy/opt/gz_math_vendor:/opt/ros/jazzy/opt/gz_utils_vendor:/opt/ros/jazzy/opt/gz_cmake_vendor:/opt/ros/jazzy DEBUGINFOD_URLS=https://debuginfod.ubuntu.com LD_LIBRARY_PATH=/home/yuqingchi/Code/ws_moveit/install/moveit_msgs/lib:${LD_LIBRARY_PATH} PYTHONPATH=/home/yuqingchi/Code/ws_moveit/install/moveit_msgs/lib/python3.12/site-packages:${PYTHONPATH} /usr/bin/cmake --build /home/yuqingchi/Code/ws_moveit/build/moveit_core -- -j16 -l16
[158.209s] Invoking command in '/home/yuqingchi/Code/ws_moveit/build/moveit_core': AMENT_PREFIX_PATH=/home/yuqingchi/Code/ws_moveit/install/moveit_resources_panda_moveit_config:/home/yuqingchi/Code/ws_moveit/install/moveit_resources_pr2_description:/home/yuqingchi/Code/ws_moveit/install/moveit_resources_panda_description:/home/yuqingchi/Code/ws_moveit/install/moveit_msgs:/home/yuqingchi/Code/ws_moveit/install/moveit_common:${AMENT_PREFIX_PATH} CMAKE_PREFIX_PATH=/home/yuqingchi/Code/ws_moveit/install/moveit_resources_panda_moveit_config:/home/yuqingchi/Code/ws_moveit/install/moveit_resources_pr2_description:/home/yuqingchi/Code/ws_moveit/install/moveit_resources_panda_description:/home/yuqingchi/Code/ws_moveit/install/moveit_msgs:/home/yuqingchi/Code/ws_moveit/install/moveit_common:/opt/ros/jazzy/opt/gz_math_vendor:/opt/ros/jazzy/opt/gz_utils_vendor:/opt/ros/jazzy/opt/gz_cmake_vendor:/opt/ros/jazzy DEBUGINFOD_URLS=https://debuginfod.ubuntu.com LD_LIBRARY_PATH=/home/yuqingchi/Code/ws_moveit/install/moveit_msgs/lib:${LD_LIBRARY_PATH} PYTHONPATH=/home/yuqingchi/Code/ws_moveit/install/moveit_msgs/lib/python3.12/site-packages:${PYTHONPATH} /usr/bin/cmake --install /home/yuqingchi/Code/ws_moveit/build/moveit_core
[158.225s] -- Install configuration: "Release"
[158.225s] -- Installing: /home/yuqingchi/Code/ws_moveit/install/moveit_core/include/moveit_core
[158.225s] -- Installing: /home/yuqingchi/Code/ws_moveit/install/moveit_core/include/moveit_core/moveit
[158.226s] -- Installing: /home/yuqingchi/Code/ws_moveit/install/moveit_core/include/moveit_core/moveit/collision_detection_bullet
[158.226s] -- Installing: /home/yuqingchi/Code/ws_moveit/install/moveit_core/include/moveit_core/moveit/collision_detection_bullet/collision_env_bullet.hpp
[158.226s] -- Installing: /home/yuqingchi/Code/ws_moveit/install/moveit_core/include/moveit_core/moveit/collision_detection_bullet/collision_detector_bullet_plugin_loader.h
[158.226s] -- Installing: /home/yuqingchi/Code/ws_moveit/install/moveit_core/include/moveit_core/moveit/collision_detection_bullet/collision_detector_bullet_plugin_loader.hpp
[158.226s] -- Installing: /home/yuqingchi/Code/ws_moveit/install/moveit_core/include/moveit_core/moveit/collision_detection_bullet/collision_env_bullet.h
[158.227s] -- Installing: /home/yuqingchi/Code/ws_moveit/install/moveit_core/include/moveit_core/moveit/collision_detection_bullet/collision_detector_allocator_bullet.hpp
[158.227s] -- Installing: /home/yuqingchi/Code/ws_moveit/install/moveit_core/include/moveit_core/moveit/collision_detection_bullet/collision_detector_allocator_bullet.h
[158.227s] -- Installing: /home/yuqingchi/Code/ws_moveit/install/moveit_core/include/moveit_core/moveit/collision_detection_bullet/bullet_integration
[158.227s] -- Installing: /home/yuqingchi/Code/ws_moveit/install/moveit_core/include/moveit_core/moveit/collision_detection_bullet/bullet_integration/bullet_bvh_manager.h
[158.227s] -- Installing: /home/yuqingchi/Code/ws_moveit/install/moveit_core/include/moveit_core/moveit/collision_detection_bullet/bullet_integration/ros_bullet_utils.h
[158.227s] -- Installing: /home/yuqingchi/Code/ws_moveit/install/moveit_core/include/moveit_core/moveit/collision_detection_bullet/bullet_integration/bullet_utils.h
[158.228s] -- Installing: /home/yuqingchi/Code/ws_moveit/install/moveit_core/include/moveit_core/moveit/collision_detection_bullet/bullet_integration/bullet_utils.hpp
[158.228s] -- Installing: /home/yuqingchi/Code/ws_moveit/install/moveit_core/include/moveit_core/moveit/collision_detection_bullet/bullet_integration/bullet_cast_bvh_manager.h
[158.228s] -- Installing: /home/yuqingchi/Code/ws_moveit/install/moveit_core/include/moveit_core/moveit/collision_detection_bullet/bullet_integration/bullet_discrete_bvh_manager.h
[158.228s] -- Installing: /home/yuqingchi/Code/ws_moveit/install/moveit_core/include/moveit_core/moveit/collision_detection_bullet/bullet_integration/contact_checker_common.hpp
[158.228s] -- Installing: /home/yuqingchi/Code/ws_moveit/install/moveit_core/include/moveit_core/moveit/collision_detection_bullet/bullet_integration/bullet_discrete_bvh_manager.hpp
[158.228s] -- Installing: /home/yuqingchi/Code/ws_moveit/install/moveit_core/include/moveit_core/moveit/collision_detection_bullet/bullet_integration/basic_types.h
[158.229s] -- Installing: /home/yuqingchi/Code/ws_moveit/install/moveit_core/include/moveit_core/moveit/collision_detection_bullet/bullet_integration/basic_types.hpp
[158.229s] -- Installing: /home/yuqingchi/Code/ws_moveit/install/moveit_core/include/moveit_core/moveit/collision_detection_bullet/bullet_integration/bullet_cast_bvh_manager.hpp
[158.229s] -- Installing: /home/yuqingchi/Code/ws_moveit/install/moveit_core/include/moveit_core/moveit/collision_detection_bullet/bullet_integration/bullet_bvh_manager.hpp
[158.229s] -- Installing: /home/yuqingchi/Code/ws_moveit/install/moveit_core/include/moveit_core/moveit/collision_detection_bullet/bullet_integration/ros_bullet_utils.hpp
[158.229s] -- Installing: /home/yuqingchi/Code/ws_moveit/install/moveit_core/include/moveit_core/moveit/collision_detection_bullet/bullet_integration/contact_checker_common.h
[158.229s] -- Installing: /home/yuqingchi/Code/ws_moveit/install/moveit_core/include/moveit_core/moveit_collision_detection_bullet_export.h
[158.229s] -- Up-to-date: /home/yuqingchi/Code/ws_moveit/install/moveit_core/include/moveit_core
[158.229s] -- Up-to-date: /home/yuqingchi/Code/ws_moveit/install/moveit_core/include/moveit_core/moveit
[158.230s] -- Installing: /home/yuqingchi/Code/ws_moveit/install/moveit_core/include/moveit_core/moveit/collision_detection_fcl
[158.230s] -- Installing: /home/yuqingchi/Code/ws_moveit/install/moveit_core/include/moveit_core/moveit/collision_detection_fcl/collision_detector_fcl_plugin_loader.h
[158.230s] -- Installing: /home/yuqingchi/Code/ws_moveit/install/moveit_core/include/moveit_core/moveit/collision_detection_fcl/collision_detector_allocator_fcl.hpp
[158.230s] -- Installing: /home/yuqingchi/Code/ws_moveit/install/moveit_core/include/moveit_core/moveit/collision_detection_fcl/fcl_compat.hpp
[158.230s] -- Installing: /home/yuqingchi/Code/ws_moveit/install/moveit_core/include/moveit_core/moveit/collision_detection_fcl/fcl_compat.h
[158.230s] -- Installing: /home/yuqingchi/Code/ws_moveit/install/moveit_core/include/moveit_core/moveit/collision_detection_fcl/collision_detector_fcl_plugin_loader.hpp
[158.231s] -- Installing: /home/yuqingchi/Code/ws_moveit/install/moveit_core/include/moveit_core/moveit/collision_detection_fcl/collision_env_fcl.hpp
[158.231s] -- Installing: /home/yuqingchi/Code/ws_moveit/install/moveit_core/include/moveit_core/moveit/collision_detection_fcl/collision_env_fcl.h
[158.231s] -- Installing: /home/yuqingchi/Code/ws_moveit/install/moveit_core/include/moveit_core/moveit/collision_detection_fcl/collision_common.hpp
[158.231s] -- Installing: /home/yuqingchi/Code/ws_moveit/install/moveit_core/include/moveit_core/moveit/collision_detection_fcl/collision_common.h
[158.231s] -- Installing: /home/yuqingchi/Code/ws_moveit/install/moveit_core/include/moveit_core/moveit/collision_detection_fcl/collision_detector_allocator_fcl.h
[158.231s] -- Installing: /home/yuqingchi/Code/ws_moveit/install/moveit_core/include/moveit_core/moveit_collision_detection_fcl_export.h
[158.231s] -- Up-to-date: /home/yuqingchi/Code/ws_moveit/install/moveit_core/include/moveit_core
[158.232s] -- Up-to-date: /home/yuqingchi/Code/ws_moveit/install/moveit_core/include/moveit_core/moveit
[158.232s] -- Installing: /home/yuqingchi/Code/ws_moveit/install/moveit_core/include/moveit_core/moveit/collision_detection
[158.232s] -- Installing: /home/yuqingchi/Code/ws_moveit/install/moveit_core/include/moveit_core/moveit/collision_detection/collision_env.hpp
[158.232s] -- Installing: /home/yuqingchi/Code/ws_moveit/install/moveit_core/include/moveit_core/moveit/collision_detection/collision_matrix.h
[158.232s] -- Installing: /home/yuqingchi/Code/ws_moveit/install/moveit_core/include/moveit_core/moveit/collision_detection/test_collision_common_panda.hpp
[158.232s] -- Installing: /home/yuqingchi/Code/ws_moveit/install/moveit_core/include/moveit_core/moveit/collision_detection/collision_plugin.hpp
[158.232s] -- Installing: /home/yuqingchi/Code/ws_moveit/install/moveit_core/include/moveit_core/moveit/collision_detection/occupancy_map.h
[158.232s] -- Installing: /home/yuqingchi/Code/ws_moveit/install/moveit_core/include/moveit_core/moveit/collision_detection/test_collision_common_pr2.hpp
[158.232s] -- Installing: /home/yuqingchi/Code/ws_moveit/install/moveit_core/include/moveit_core/moveit/collision_detection/allvalid
[158.233s] -- Installing: /home/yuqingchi/Code/ws_moveit/install/moveit_core/include/moveit_core/moveit/collision_detection/allvalid/collision_env_allvalid.hpp
[158.233s] -- Installing: /home/yuqingchi/Code/ws_moveit/install/moveit_core/include/moveit_core/moveit/collision_detection/allvalid/collision_detector_allocator_allvalid.h
[158.233s] -- Installing: /home/yuqingchi/Code/ws_moveit/install/moveit_core/include/moveit_core/moveit/collision_detection/allvalid/collision_detector_allocator_allvalid.hpp
[158.233s] -- Installing: /home/yuqingchi/Code/ws_moveit/install/moveit_core/include/moveit_core/moveit/collision_detection/allvalid/collision_env_allvalid.h
[158.233s] -- Installing: /home/yuqingchi/Code/ws_moveit/install/moveit_core/include/moveit_core/moveit/collision_detection/collision_octomap_filter.hpp
[158.233s] -- Installing: /home/yuqingchi/Code/ws_moveit/install/moveit_core/include/moveit_core/moveit/collision_detection/collision_octomap_filter.h
[158.233s] -- Installing: /home/yuqingchi/Code/ws_moveit/install/moveit_core/include/moveit_core/moveit/collision_detection/world_diff.h
[158.233s] -- Installing: /home/yuqingchi/Code/ws_moveit/install/moveit_core/include/moveit_core/moveit/collision_detection/collision_tools.hpp
[158.234s] -- Installing: /home/yuqingchi/Code/ws_moveit/install/moveit_core/include/moveit_core/moveit/collision_detection/collision_plugin.h
[158.234s] -- Installing: /home/yuqingchi/Code/ws_moveit/install/moveit_core/include/moveit_core/moveit/collision_detection/collision_plugin_cache.h
[158.234s] -- Installing: /home/yuqingchi/Code/ws_moveit/install/moveit_core/include/moveit_core/moveit/collision_detection/occupancy_map.hpp
[158.234s] -- Installing: /home/yuqingchi/Code/ws_moveit/install/moveit_core/include/moveit_core/moveit/collision_detection/world.h
[158.234s] -- Installing: /home/yuqingchi/Code/ws_moveit/install/moveit_core/include/moveit_core/moveit/collision_detection/test_collision_common_panda.h
[158.234s] -- Installing: /home/yuqingchi/Code/ws_moveit/install/moveit_core/include/moveit_core/moveit/collision_detection/collision_detector_allocator.h
[158.234s] -- Installing: /home/yuqingchi/Code/ws_moveit/install/moveit_core/include/moveit_core/moveit/collision_detection/test_collision_common_pr2.h
[158.234s] -- Installing: /home/yuqingchi/Code/ws_moveit/install/moveit_core/include/moveit_core/moveit/collision_detection/collision_detector_allocator.hpp
[158.234s] -- Installing: /home/yuqingchi/Code/ws_moveit/install/moveit_core/include/moveit_core/moveit/collision_detection/collision_common.hpp
[158.235s] -- Installing: /home/yuqingchi/Code/ws_moveit/install/moveit_core/include/moveit_core/moveit/collision_detection/collision_common.h
[158.235s] -- Installing: /home/yuqingchi/Code/ws_moveit/install/moveit_core/include/moveit_core/moveit/collision_detection/world_diff.hpp
[158.235s] -- Installing: /home/yuqingchi/Code/ws_moveit/install/moveit_core/include/moveit_core/moveit/collision_detection/collision_plugin_cache.hpp
[158.235s] -- Installing: /home/yuqingchi/Code/ws_moveit/install/moveit_core/include/moveit_core/moveit/collision_detection/world.hpp
[158.235s] -- Installing: /home/yuqingchi/Code/ws_moveit/install/moveit_core/include/moveit_core/moveit/collision_detection/collision_matrix.hpp
[158.235s] -- Installing: /home/yuqingchi/Code/ws_moveit/install/moveit_core/include/moveit_core/moveit/collision_detection/collision_tools.h
[158.235s] -- Installing: /home/yuqingchi/Code/ws_moveit/install/moveit_core/include/moveit_core/moveit/collision_detection/collision_env.h
[158.235s] -- Installing: /home/yuqingchi/Code/ws_moveit/install/moveit_core/include/moveit_core/moveit_collision_detection_export.h
[158.235s] -- Up-to-date: /home/yuqingchi/Code/ws_moveit/install/moveit_core/include/moveit_core
[158.235s] -- Up-to-date: /home/yuqingchi/Code/ws_moveit/install/moveit_core/include/moveit_core/moveit
[158.236s] -- Installing: /home/yuqingchi/Code/ws_moveit/install/moveit_core/include/moveit_core/moveit/collision_distance_field
[158.236s] -- Installing: /home/yuqingchi/Code/ws_moveit/install/moveit_core/include/moveit_core/moveit/collision_distance_field/collision_detector_allocator_distance_field.hpp
[158.236s] -- Installing: /home/yuqingchi/Code/ws_moveit/install/moveit_core/include/moveit_core/moveit/collision_distance_field/collision_env_hybrid.hpp
[158.236s] -- Installing: /home/yuqingchi/Code/ws_moveit/install/moveit_core/include/moveit_core/moveit/collision_distance_field/collision_detector_allocator_hybrid.hpp
[158.236s] -- Installing: /home/yuqingchi/Code/ws_moveit/install/moveit_core/include/moveit_core/moveit/collision_distance_field/collision_env_distance_field.h
[158.236s] -- Installing: /home/yuqingchi/Code/ws_moveit/install/moveit_core/include/moveit_core/moveit/collision_distance_field/collision_common_distance_field.hpp
[158.236s] -- Installing: /home/yuqingchi/Code/ws_moveit/install/moveit_core/include/moveit_core/moveit/collision_distance_field/collision_detector_allocator_hybrid.h
[158.236s] -- Installing: /home/yuqingchi/Code/ws_moveit/install/moveit_core/include/moveit_core/moveit/collision_distance_field/collision_env_distance_field.hpp
[158.236s] -- Installing: /home/yuqingchi/Code/ws_moveit/install/moveit_core/include/moveit_core/moveit/collision_distance_field/collision_distance_field_types.hpp
[158.237s] -- Installing: /home/yuqingchi/Code/ws_moveit/install/moveit_core/include/moveit_core/moveit/collision_distance_field/collision_common_distance_field.h
[158.237s] -- Installing: /home/yuqingchi/Code/ws_moveit/install/moveit_core/include/moveit_core/moveit/collision_distance_field/collision_env_hybrid.h
[158.237s] -- Installing: /home/yuqingchi/Code/ws_moveit/install/moveit_core/include/moveit_core/moveit/collision_distance_field/collision_distance_field_types.h
[158.237s] -- Installing: /home/yuqingchi/Code/ws_moveit/install/moveit_core/include/moveit_core/moveit/collision_distance_field/collision_detector_allocator_distance_field.h
[158.237s] -- Installing: /home/yuqingchi/Code/ws_moveit/install/moveit_core/include/moveit_core/moveit_collision_distance_field_export.h
[158.237s] -- Up-to-date: /home/yuqingchi/Code/ws_moveit/install/moveit_core/include/moveit_core
[158.237s] -- Up-to-date: /home/yuqingchi/Code/ws_moveit/install/moveit_core/include/moveit_core/moveit
[158.237s] -- Installing: /home/yuqingchi/Code/ws_moveit/install/moveit_core/include/moveit_core/moveit/constraint_samplers
[158.238s] -- Installing: /home/yuqingchi/Code/ws_moveit/install/moveit_core/include/moveit_core/moveit/constraint_samplers/constraint_sampler_tools.h
[158.238s] -- Installing: /home/yuqingchi/Code/ws_moveit/install/moveit_core/include/moveit_core/moveit/constraint_samplers/constraint_sampler_manager.hpp
[158.238s] -- Installing: /home/yuqingchi/Code/ws_moveit/install/moveit_core/include/moveit_core/moveit/constraint_samplers/default_constraint_samplers.h
[158.238s] -- Installing: /home/yuqingchi/Code/ws_moveit/install/moveit_core/include/moveit_core/moveit/constraint_samplers/constraint_sampler_allocator.h
[158.238s] -- Installing: /home/yuqingchi/Code/ws_moveit/install/moveit_core/include/moveit_core/moveit/constraint_samplers/constraint_sampler.hpp
[158.238s] -- Installing: /home/yuqingchi/Code/ws_moveit/install/moveit_core/include/moveit_core/moveit/constraint_samplers/constraint_sampler_allocator.hpp
[158.238s] -- Installing: /home/yuqingchi/Code/ws_moveit/install/moveit_core/include/moveit_core/moveit/constraint_samplers/union_constraint_sampler.hpp
[158.238s] -- Installing: /home/yuqingchi/Code/ws_moveit/install/moveit_core/include/moveit_core/moveit/constraint_samplers/constraint_sampler_tools.hpp
[158.238s] -- Installing: /home/yuqingchi/Code/ws_moveit/install/moveit_core/include/moveit_core/moveit/constraint_samplers/constraint_sampler_manager.h
[158.238s] -- Installing: /home/yuqingchi/Code/ws_moveit/install/moveit_core/include/moveit_core/moveit/constraint_samplers/constraint_sampler.h
[158.239s] -- Installing: /home/yuqingchi/Code/ws_moveit/install/moveit_core/include/moveit_core/moveit/constraint_samplers/default_constraint_samplers.hpp
[158.239s] -- Installing: /home/yuqingchi/Code/ws_moveit/install/moveit_core/include/moveit_core/moveit/constraint_samplers/union_constraint_sampler.h
[158.239s] -- Up-to-date: /home/yuqingchi/Code/ws_moveit/install/moveit_core/include/moveit_core
[158.239s] -- Up-to-date: /home/yuqingchi/Code/ws_moveit/install/moveit_core/include/moveit_core/moveit
[158.239s] -- Installing: /home/yuqingchi/Code/ws_moveit/install/moveit_core/include/moveit_core/moveit/controller_manager
[158.239s] -- Installing: /home/yuqingchi/Code/ws_moveit/install/moveit_core/include/moveit_core/moveit/controller_manager/controller_manager.hpp
[158.239s] -- Installing: /home/yuqingchi/Code/ws_moveit/install/moveit_core/include/moveit_core/moveit/controller_manager/controller_manager.h
[158.239s] -- Up-to-date: /home/yuqingchi/Code/ws_moveit/install/moveit_core/include/moveit_core
[158.239s] -- Up-to-date: /home/yuqingchi/Code/ws_moveit/install/moveit_core/include/moveit_core/moveit
[158.240s] -- Installing: /home/yuqingchi/Code/ws_moveit/install/moveit_core/include/moveit_core/moveit/distance_field
[158.240s] -- Installing: /home/yuqingchi/Code/ws_moveit/install/moveit_core/include/moveit_core/moveit/distance_field/distance_field.h
[158.240s] -- Installing: /home/yuqingchi/Code/ws_moveit/install/moveit_core/include/moveit_core/moveit/distance_field/voxel_grid.h
[158.240s] -- Installing: /home/yuqingchi/Code/ws_moveit/install/moveit_core/include/moveit_core/moveit/distance_field/distance_field.hpp
[158.240s] -- Installing: /home/yuqingchi/Code/ws_moveit/install/moveit_core/include/moveit_core/moveit/distance_field/propagation_distance_field.hpp
[158.240s] -- Installing: /home/yuqingchi/Code/ws_moveit/install/moveit_core/include/moveit_core/moveit/distance_field/voxel_grid.hpp
[158.240s] -- Installing: /home/yuqingchi/Code/ws_moveit/install/moveit_core/include/moveit_core/moveit/distance_field/propagation_distance_field.h
[158.240s] -- Installing: /home/yuqingchi/Code/ws_moveit/install/moveit_core/include/moveit_core/moveit/distance_field/find_internal_points.h
[158.240s] -- Installing: /home/yuqingchi/Code/ws_moveit/install/moveit_core/include/moveit_core/moveit/distance_field/find_internal_points.hpp
[158.241s] -- Up-to-date: /home/yuqingchi/Code/ws_moveit/install/moveit_core/include/moveit_core
[158.241s] -- Up-to-date: /home/yuqingchi/Code/ws_moveit/install/moveit_core/include/moveit_core/moveit
[158.241s] -- Installing: /home/yuqingchi/Code/ws_moveit/install/moveit_core/include/moveit_core/moveit/dynamics_solver
[158.241s] -- Installing: /home/yuqingchi/Code/ws_moveit/install/moveit_core/include/moveit_core/moveit/dynamics_solver/dynamics_solver.hpp
[158.241s] -- Installing: /home/yuqingchi/Code/ws_moveit/install/moveit_core/include/moveit_core/moveit/dynamics_solver/dynamics_solver.h
[158.241s] -- Up-to-date: /home/yuqingchi/Code/ws_moveit/install/moveit_core/include/moveit_core
[158.241s] -- Up-to-date: /home/yuqingchi/Code/ws_moveit/install/moveit_core/include/moveit_core/moveit
[158.241s] -- Installing: /home/yuqingchi/Code/ws_moveit/install/moveit_core/include/moveit_core/moveit/exceptions
[158.242s] -- Installing: /home/yuqingchi/Code/ws_moveit/install/moveit_core/include/moveit_core/moveit/exceptions/exceptions.h
[158.242s] -- Installing: /home/yuqingchi/Code/ws_moveit/install/moveit_core/include/moveit_core/moveit/exceptions/exceptions.hpp
[158.242s] -- Up-to-date: /home/yuqingchi/Code/ws_moveit/install/moveit_core/include/moveit_core
[158.242s] -- Up-to-date: /home/yuqingchi/Code/ws_moveit/install/moveit_core/include/moveit_core/moveit
[158.242s] -- Installing: /home/yuqingchi/Code/ws_moveit/install/moveit_core/include/moveit_core/moveit/kinematic_constraints
[158.242s] -- Installing: /home/yuqingchi/Code/ws_moveit/install/moveit_core/include/moveit_core/moveit/kinematic_constraints/utils.h
[158.242s] -- Installing: /home/yuqingchi/Code/ws_moveit/install/moveit_core/include/moveit_core/moveit/kinematic_constraints/utils.hpp
[158.242s] -- Installing: /home/yuqingchi/Code/ws_moveit/install/moveit_core/include/moveit_core/moveit/kinematic_constraints/kinematic_constraint.hpp
[158.242s] -- Installing: /home/yuqingchi/Code/ws_moveit/install/moveit_core/include/moveit_core/moveit/kinematic_constraints/kinematic_constraint.h
[158.243s] -- Up-to-date: /home/yuqingchi/Code/ws_moveit/install/moveit_core/include/moveit_core
[158.243s] -- Up-to-date: /home/yuqingchi/Code/ws_moveit/install/moveit_core/include/moveit_core/moveit
[158.243s] -- Installing: /home/yuqingchi/Code/ws_moveit/install/moveit_core/include/moveit_core/moveit/kinematics_base
[158.243s] -- Installing: /home/yuqingchi/Code/ws_moveit/install/moveit_core/include/moveit_core/moveit/kinematics_base/kinematics_base.hpp
[158.243s] -- Installing: /home/yuqingchi/Code/ws_moveit/install/moveit_core/include/moveit_core/moveit/kinematics_base/kinematics_base.h
[158.243s] -- Installing: /home/yuqingchi/Code/ws_moveit/install/moveit_core/include/moveit_core/moveit_kinematics_base_export.h
[158.243s] -- Up-to-date: /home/yuqingchi/Code/ws_moveit/install/moveit_core/include/moveit_core
[158.243s] -- Up-to-date: /home/yuqingchi/Code/ws_moveit/install/moveit_core/include/moveit_core/moveit
[158.243s] -- Installing: /home/yuqingchi/Code/ws_moveit/install/moveit_core/include/moveit_core/moveit/kinematics_metrics
[158.244s] -- Installing: /home/yuqingchi/Code/ws_moveit/install/moveit_core/include/moveit_core/moveit/kinematics_metrics/kinematics_metrics.h
[158.244s] -- Installing: /home/yuqingchi/Code/ws_moveit/install/moveit_core/include/moveit_core/moveit/kinematics_metrics/kinematics_metrics.hpp
[158.244s] -- Up-to-date: /home/yuqingchi/Code/ws_moveit/install/moveit_core/include/moveit_core
[158.244s] -- Up-to-date: /home/yuqingchi/Code/ws_moveit/install/moveit_core/include/moveit_core/moveit
[158.244s] -- Installing: /home/yuqingchi/Code/ws_moveit/install/moveit_core/include/moveit_core/moveit/macros
[158.244s] -- Installing: /home/yuqingchi/Code/ws_moveit/install/moveit_core/include/moveit_core/moveit/macros/declare_ptr.hpp
[158.244s] -- Installing: /home/yuqingchi/Code/ws_moveit/install/moveit_core/include/moveit_core/moveit/macros/console_colors.hpp
[158.244s] -- Installing: /home/yuqingchi/Code/ws_moveit/install/moveit_core/include/moveit_core/moveit/macros/console_colors.h
[158.245s] -- Installing: /home/yuqingchi/Code/ws_moveit/install/moveit_core/include/moveit_core/moveit/macros/declare_ptr.h
[158.245s] -- Installing: /home/yuqingchi/Code/ws_moveit/install/moveit_core/include/moveit_core/moveit/macros/class_forward.hpp
[158.245s] -- Installing: /home/yuqingchi/Code/ws_moveit/install/moveit_core/include/moveit_core/moveit/macros/class_forward.h
[158.245s] -- Up-to-date: /home/yuqingchi/Code/ws_moveit/install/moveit_core/include/moveit_core
[158.246s] -- Installing: /home/yuqingchi/Code/ws_moveit/install/moveit_core/include/moveit_core/moveit_ruckig_filter_parameters.hpp
[158.246s] -- Installing: /home/yuqingchi/Code/ws_moveit/install/moveit_core/include/moveit_core/moveit_butterworth_filter_parameters.hpp
[158.246s] -- Installing: /home/yuqingchi/Code/ws_moveit/install/moveit_core/include/moveit_core/moveit_acceleration_filter_parameters.hpp
[158.246s] -- Up-to-date: /home/yuqingchi/Code/ws_moveit/install/moveit_core/include/moveit_core
[158.246s] -- Up-to-date: /home/yuqingchi/Code/ws_moveit/install/moveit_core/include/moveit_core/moveit_ruckig_filter_parameters.hpp
[158.246s] -- Up-to-date: /home/yuqingchi/Code/ws_moveit/install/moveit_core/include/moveit_core/moveit_butterworth_filter_parameters.hpp
[158.246s] -- Up-to-date: /home/yuqingchi/Code/ws_moveit/install/moveit_core/include/moveit_core/moveit_acceleration_filter_parameters.hpp
[158.246s] -- Up-to-date: /home/yuqingchi/Code/ws_moveit/install/moveit_core/include/moveit_core
[158.247s] -- Up-to-date: /home/yuqingchi/Code/ws_moveit/install/moveit_core/include/moveit_core/moveit_ruckig_filter_parameters.hpp
[158.247s] -- Up-to-date: /home/yuqingchi/Code/ws_moveit/install/moveit_core/include/moveit_core/moveit_butterworth_filter_parameters.hpp
[158.247s] -- Up-to-date: /home/yuqingchi/Code/ws_moveit/install/moveit_core/include/moveit_core/moveit_acceleration_filter_parameters.hpp
[158.247s] -- Up-to-date: /home/yuqingchi/Code/ws_moveit/install/moveit_core/include/moveit_core
[158.247s] -- Up-to-date: /home/yuqingchi/Code/ws_moveit/install/moveit_core/include/moveit_core/moveit
[158.247s] -- Installing: /home/yuqingchi/Code/ws_moveit/install/moveit_core/include/moveit_core/moveit/online_signal_smoothing
[158.247s] -- Installing: /home/yuqingchi/Code/ws_moveit/install/moveit_core/include/moveit_core/moveit/online_signal_smoothing/ruckig_filter.h
[158.247s] -- Installing: /home/yuqingchi/Code/ws_moveit/install/moveit_core/include/moveit_core/moveit/online_signal_smoothing/smoothing_base_class.hpp
[158.247s] -- Installing: /home/yuqingchi/Code/ws_moveit/install/moveit_core/include/moveit_core/moveit/online_signal_smoothing/smoothing_base_class.h
[158.248s] -- Installing: /home/yuqingchi/Code/ws_moveit/install/moveit_core/include/moveit_core/moveit/online_signal_smoothing/acceleration_filter.h
[158.248s] -- Installing: /home/yuqingchi/Code/ws_moveit/install/moveit_core/include/moveit_core/moveit/online_signal_smoothing/butterworth_filter.hpp
[158.248s] -- Installing: /home/yuqingchi/Code/ws_moveit/install/moveit_core/include/moveit_core/moveit/online_signal_smoothing/ruckig_filter.hpp
[158.248s] -- Installing: /home/yuqingchi/Code/ws_moveit/install/moveit_core/include/moveit_core/moveit/online_signal_smoothing/acceleration_filter.hpp
[158.248s] -- Installing: /home/yuqingchi/Code/ws_moveit/install/moveit_core/include/moveit_core/moveit/online_signal_smoothing/butterworth_filter.h
[158.248s] -- Installing: /home/yuqingchi/Code/ws_moveit/install/moveit_core/include/moveit_core/moveit_smoothing_base_export.h
[158.248s] -- Installing: /home/yuqingchi/Code/ws_moveit/install/moveit_core/include/moveit_core/moveit_acceleration_filter_export.h
[158.248s] -- Installing: /home/yuqingchi/Code/ws_moveit/install/moveit_core/include/moveit_core/moveit_butterworth_filter_export.h
[158.248s] -- Installing: /home/yuqingchi/Code/ws_moveit/install/moveit_core/include/moveit_core/moveit_ruckig_filter_export.h
[158.248s] -- Up-to-date: /home/yuqingchi/Code/ws_moveit/install/moveit_core/include/moveit_core
[158.249s] -- Up-to-date: /home/yuqingchi/Code/ws_moveit/install/moveit_core/include/moveit_core/moveit
[158.249s] -- Installing: /home/yuqingchi/Code/ws_moveit/install/moveit_core/include/moveit_core/moveit/planning_interface
[158.249s] -- Installing: /home/yuqingchi/Code/ws_moveit/install/moveit_core/include/moveit_core/moveit/planning_interface/planning_request_adapter.h
[158.249s] -- Installing: /home/yuqingchi/Code/ws_moveit/install/moveit_core/include/moveit_core/moveit/planning_interface/planning_response.h
[158.249s] -- Installing: /home/yuqingchi/Code/ws_moveit/install/moveit_core/include/moveit_core/moveit/planning_interface/planning_interface.hpp
[158.249s] -- Installing: /home/yuqingchi/Code/ws_moveit/install/moveit_core/include/moveit_core/moveit/planning_interface/planning_request.h
[158.249s] -- Installing: /home/yuqingchi/Code/ws_moveit/install/moveit_core/include/moveit_core/moveit/planning_interface/planning_response_adapter.hpp
[158.249s] -- Installing: /home/yuqingchi/Code/ws_moveit/install/moveit_core/include/moveit_core/moveit/planning_interface/planning_response_adapter.h
[158.249s] -- Installing: /home/yuqingchi/Code/ws_moveit/install/moveit_core/include/moveit_core/moveit/planning_interface/planning_interface.h
[158.250s] -- Installing: /home/yuqingchi/Code/ws_moveit/install/moveit_core/include/moveit_core/moveit/planning_interface/planning_request_adapter.hpp
[158.250s] -- Installing: /home/yuqingchi/Code/ws_moveit/install/moveit_core/include/moveit_core/moveit/planning_interface/planning_request.hpp
[158.250s] -- Installing: /home/yuqingchi/Code/ws_moveit/install/moveit_core/include/moveit_core/moveit/planning_interface/planning_response.hpp
[158.250s] -- Up-to-date: /home/yuqingchi/Code/ws_moveit/install/moveit_core/include/moveit_core
[158.250s] -- Up-to-date: /home/yuqingchi/Code/ws_moveit/install/moveit_core/include/moveit_core/moveit
[158.250s] -- Installing: /home/yuqingchi/Code/ws_moveit/install/moveit_core/include/moveit_core/moveit/planning_scene
[158.250s] -- Installing: /home/yuqingchi/Code/ws_moveit/install/moveit_core/include/moveit_core/moveit/planning_scene/planning_scene.hpp
[158.250s] -- Installing: /home/yuqingchi/Code/ws_moveit/install/moveit_core/include/moveit_core/moveit/planning_scene/planning_scene.h
[158.250s] -- Installing: /home/yuqingchi/Code/ws_moveit/install/moveit_core/include/moveit_core/moveit_planning_scene_export.h
[158.251s] -- Up-to-date: /home/yuqingchi/Code/ws_moveit/install/moveit_core/include/moveit_core
[158.251s] -- Up-to-date: /home/yuqingchi/Code/ws_moveit/install/moveit_core/include/moveit_core/moveit
[158.251s] -- Installing: /home/yuqingchi/Code/ws_moveit/install/moveit_core/include/moveit_core/moveit/robot_model
[158.251s] -- Installing: /home/yuqingchi/Code/ws_moveit/install/moveit_core/include/moveit_core/moveit/robot_model/robot_model.h
[158.251s] -- Installing: /home/yuqingchi/Code/ws_moveit/install/moveit_core/include/moveit_core/moveit/robot_model/joint_model_group.hpp
[158.251s] -- Installing: /home/yuqingchi/Code/ws_moveit/install/moveit_core/include/moveit_core/moveit/robot_model/prismatic_joint_model.h
[158.251s] -- Installing: /home/yuqingchi/Code/ws_moveit/install/moveit_core/include/moveit_core/moveit/robot_model/revolute_joint_model.h
[158.252s] -- Installing: /home/yuqingchi/Code/ws_moveit/install/moveit_core/include/moveit_core/moveit/robot_model/joint_model_group.h
[158.252s] -- Installing: /home/yuqingchi/Code/ws_moveit/install/moveit_core/include/moveit_core/moveit/robot_model/aabb.hpp
[158.252s] -- Installing: /home/yuqingchi/Code/ws_moveit/install/moveit_core/include/moveit_core/moveit/robot_model/link_model.h
[158.252s] -- Installing: /home/yuqingchi/Code/ws_moveit/install/moveit_core/include/moveit_core/moveit/robot_model/planar_joint_model.h
[158.252s] -- Installing: /home/yuqingchi/Code/ws_moveit/install/moveit_core/include/moveit_core/moveit/robot_model/planar_joint_model.hpp
[158.252s] -- Installing: /home/yuqingchi/Code/ws_moveit/install/moveit_core/include/moveit_core/moveit/robot_model/link_model.hpp
[158.252s] -- Installing: /home/yuqingchi/Code/ws_moveit/install/moveit_core/include/moveit_core/moveit/robot_model/floating_joint_model.h
[158.252s] -- Installing: /home/yuqingchi/Code/ws_moveit/install/moveit_core/include/moveit_core/moveit/robot_model/revolute_joint_model.hpp
[158.252s] -- Installing: /home/yuqingchi/Code/ws_moveit/install/moveit_core/include/moveit_core/moveit/robot_model/robot_model.hpp
[158.253s] -- Installing: /home/yuqingchi/Code/ws_moveit/install/moveit_core/include/moveit_core/moveit/robot_model/joint_model.h
[158.253s] -- Installing: /home/yuqingchi/Code/ws_moveit/install/moveit_core/include/moveit_core/moveit/robot_model/joint_model.hpp
[158.253s] -- Installing: /home/yuqingchi/Code/ws_moveit/install/moveit_core/include/moveit_core/moveit/robot_model/fixed_joint_model.h
[158.253s] -- Installing: /home/yuqingchi/Code/ws_moveit/install/moveit_core/include/moveit_core/moveit/robot_model/prismatic_joint_model.hpp
[158.253s] -- Installing: /home/yuqingchi/Code/ws_moveit/install/moveit_core/include/moveit_core/moveit/robot_model/floating_joint_model.hpp
[158.253s] -- Installing: /home/yuqingchi/Code/ws_moveit/install/moveit_core/include/moveit_core/moveit/robot_model/fixed_joint_model.hpp
[158.254s] -- Installing: /home/yuqingchi/Code/ws_moveit/install/moveit_core/include/moveit_core/moveit/robot_model/aabb.h
[158.254s] -- Up-to-date: /home/yuqingchi/Code/ws_moveit/install/moveit_core/include/moveit_core
[158.254s] -- Up-to-date: /home/yuqingchi/Code/ws_moveit/install/moveit_core/include/moveit_core/moveit
[158.254s] -- Installing: /home/yuqingchi/Code/ws_moveit/install/moveit_core/include/moveit_core/moveit/robot_state
[158.254s] -- Installing: /home/yuqingchi/Code/ws_moveit/install/moveit_core/include/moveit_core/moveit/robot_state/conversions.h
[158.254s] -- Installing: /home/yuqingchi/Code/ws_moveit/install/moveit_core/include/moveit_core/moveit/robot_state/cartesian_interpolator.hpp
[158.255s] -- Installing: /home/yuqingchi/Code/ws_moveit/install/moveit_core/include/moveit_core/moveit/robot_state/cartesian_interpolator.h
[158.255s] -- Installing: /home/yuqingchi/Code/ws_moveit/install/moveit_core/include/moveit_core/moveit/robot_state/robot_state.h
[158.255s] -- Installing: /home/yuqingchi/Code/ws_moveit/install/moveit_core/include/moveit_core/moveit/robot_state/attached_body.h
[158.255s] -- Installing: /home/yuqingchi/Code/ws_moveit/install/moveit_core/include/moveit_core/moveit/robot_state/conversions.hpp
[158.255s] -- Installing: /home/yuqingchi/Code/ws_moveit/install/moveit_core/include/moveit_core/moveit/robot_state/attached_body.hpp
[158.255s] -- Installing: /home/yuqingchi/Code/ws_moveit/install/moveit_core/include/moveit_core/moveit/robot_state/robot_state.hpp
[158.255s] -- Up-to-date: /home/yuqingchi/Code/ws_moveit/install/moveit_core/include/moveit_core
[158.256s] -- Up-to-date: /home/yuqingchi/Code/ws_moveit/install/moveit_core/include/moveit_core/moveit
[158.256s] -- Installing: /home/yuqingchi/Code/ws_moveit/install/moveit_core/include/moveit_core/moveit/robot_trajectory
[158.256s] -- Installing: /home/yuqingchi/Code/ws_moveit/install/moveit_core/include/moveit_core/moveit/robot_trajectory/robot_trajectory.h
[158.256s] -- Installing: /home/yuqingchi/Code/ws_moveit/install/moveit_core/include/moveit_core/moveit/robot_trajectory/robot_trajectory.hpp
[158.256s] -- Up-to-date: /home/yuqingchi/Code/ws_moveit/install/moveit_core/include/moveit_core
[158.256s] -- Up-to-date: /home/yuqingchi/Code/ws_moveit/install/moveit_core/include/moveit_core/moveit
[158.256s] -- Installing: /home/yuqingchi/Code/ws_moveit/install/moveit_core/include/moveit_core/moveit/trajectory_processing
[158.256s] -- Installing: /home/yuqingchi/Code/ws_moveit/install/moveit_core/include/moveit_core/moveit/trajectory_processing/time_optimal_trajectory_generation.h
[158.257s] -- Installing: /home/yuqingchi/Code/ws_moveit/install/moveit_core/include/moveit_core/moveit/trajectory_processing/ruckig_traj_smoothing.hpp
[158.257s] -- Installing: /home/yuqingchi/Code/ws_moveit/install/moveit_core/include/moveit_core/moveit/trajectory_processing/time_optimal_trajectory_generation.hpp
[158.257s] -- Installing: /home/yuqingchi/Code/ws_moveit/install/moveit_core/include/moveit_core/moveit/trajectory_processing/trajectory_tools.hpp
[158.257s] -- Installing: /home/yuqingchi/Code/ws_moveit/install/moveit_core/include/moveit_core/moveit/trajectory_processing/trajectory_tools.h
[158.257s] -- Installing: /home/yuqingchi/Code/ws_moveit/install/moveit_core/include/moveit_core/moveit/trajectory_processing/time_parameterization.h
[158.257s] -- Installing: /home/yuqingchi/Code/ws_moveit/install/moveit_core/include/moveit_core/moveit/trajectory_processing/ruckig_traj_smoothing.h
[158.257s] -- Installing: /home/yuqingchi/Code/ws_moveit/install/moveit_core/include/moveit_core/moveit/trajectory_processing/time_parameterization.hpp
[158.258s] -- Up-to-date: /home/yuqingchi/Code/ws_moveit/install/moveit_core/include/moveit_core
[158.258s] -- Up-to-date: /home/yuqingchi/Code/ws_moveit/install/moveit_core/include/moveit_core/moveit
[158.258s] -- Installing: /home/yuqingchi/Code/ws_moveit/install/moveit_core/include/moveit_core/moveit/transforms
[158.258s] -- Installing: /home/yuqingchi/Code/ws_moveit/install/moveit_core/include/moveit_core/moveit/transforms/transforms.hpp
[158.259s] -- Installing: /home/yuqingchi/Code/ws_moveit/install/moveit_core/include/moveit_core/moveit/transforms/transforms.h
[158.259s] -- Up-to-date: /home/yuqingchi/Code/ws_moveit/install/moveit_core/include/moveit_core
[158.259s] -- Up-to-date: /home/yuqingchi/Code/ws_moveit/install/moveit_core/include/moveit_core/moveit
[158.259s] -- Installing: /home/yuqingchi/Code/ws_moveit/install/moveit_core/include/moveit_core/moveit/utils
[158.259s] -- Installing: /home/yuqingchi/Code/ws_moveit/install/moveit_core/include/moveit_core/moveit/utils/moveit_error_code.h
[158.259s] -- Installing: /home/yuqingchi/Code/ws_moveit/install/moveit_core/include/moveit_core/moveit/utils/lexical_casts.hpp
[158.259s] -- Installing: /home/yuqingchi/Code/ws_moveit/install/moveit_core/include/moveit_core/moveit/utils/lexical_casts.h
[158.259s] -- Installing: /home/yuqingchi/Code/ws_moveit/install/moveit_core/include/moveit_core/moveit/utils/rclcpp_utils.hpp
[158.259s] -- Installing: /home/yuqingchi/Code/ws_moveit/install/moveit_core/include/moveit_core/moveit/utils/logger.hpp
[158.260s] -- Installing: /home/yuqingchi/Code/ws_moveit/install/moveit_core/include/moveit_core/moveit/utils/logger.h
[158.260s] -- Installing: /home/yuqingchi/Code/ws_moveit/install/moveit_core/include/moveit_core/moveit/utils/robot_model_test_utils.hpp
[158.260s] -- Installing: /home/yuqingchi/Code/ws_moveit/install/moveit_core/include/moveit_core/moveit/utils/message_checks.hpp
[158.260s] -- Installing: /home/yuqingchi/Code/ws_moveit/install/moveit_core/include/moveit_core/moveit/utils/rclcpp_utils.h
[158.260s] -- Installing: /home/yuqingchi/Code/ws_moveit/install/moveit_core/include/moveit_core/moveit/utils/eigen_test_utils.h
[158.260s] -- Installing: /home/yuqingchi/Code/ws_moveit/install/moveit_core/include/moveit_core/moveit/utils/eigen_test_utils.hpp
[158.260s] -- Installing: /home/yuqingchi/Code/ws_moveit/install/moveit_core/include/moveit_core/moveit/utils/robot_model_test_utils.h
[158.260s] -- Installing: /home/yuqingchi/Code/ws_moveit/install/moveit_core/include/moveit_core/moveit/utils/message_checks.h
[158.260s] -- Installing: /home/yuqingchi/Code/ws_moveit/install/moveit_core/include/moveit_core/moveit/utils/moveit_error_code.hpp
[158.260s] -- Installing: /home/yuqingchi/Code/ws_moveit/install/moveit_core/lib/moveit_core/logger_dut
[158.261s] -- Set non-toolchain portion of runtime path of "/home/yuqingchi/Code/ws_moveit/install/moveit_core/lib/moveit_core/logger_dut" to ""
[158.261s] -- Installing: /home/yuqingchi/Code/ws_moveit/install/moveit_core/include/moveit_core/moveit/version.hpp
[158.262s] -- Installing: /home/yuqingchi/Code/ws_moveit/install/moveit_core/bin/moveit_version
[158.262s] -- Installing: /home/yuqingchi/Code/ws_moveit/install/moveit_core/lib/libmoveit_collision_detection.so.2.14.1
[158.263s] -- Set non-toolchain portion of runtime path of "/home/yuqingchi/Code/ws_moveit/install/moveit_core/lib/libmoveit_collision_detection.so.2.14.1" to ""
[158.264s] -- Installing: /home/yuqingchi/Code/ws_moveit/install/moveit_core/lib/libmoveit_collision_detection.so
[158.264s] -- Installing: /home/yuqingchi/Code/ws_moveit/install/moveit_core/lib/libmoveit_collision_detection_bullet.so.2.14.1
[158.265s] -- Set non-toolchain portion of runtime path of "/home/yuqingchi/Code/ws_moveit/install/moveit_core/lib/libmoveit_collision_detection_bullet.so.2.14.1" to ""
[158.265s] -- Installing: /home/yuqingchi/Code/ws_moveit/install/moveit_core/lib/libmoveit_collision_detection_bullet.so
[158.265s] -- Installing: /home/yuqingchi/Code/ws_moveit/install/moveit_core/lib/libmoveit_collision_detection_fcl.so.2.14.1
[158.266s] -- Set non-toolchain portion of runtime path of "/home/yuqingchi/Code/ws_moveit/install/moveit_core/lib/libmoveit_collision_detection_fcl.so.2.14.1" to ""
[158.266s] -- Installing: /home/yuqingchi/Code/ws_moveit/install/moveit_core/lib/libmoveit_collision_detection_fcl.so
[158.266s] -- Installing: /home/yuqingchi/Code/ws_moveit/install/moveit_core/lib/libmoveit_collision_distance_field.so.2.14.1
[158.267s] -- Set non-toolchain portion of runtime path of "/home/yuqingchi/Code/ws_moveit/install/moveit_core/lib/libmoveit_collision_distance_field.so.2.14.1" to ""
[158.267s] -- Installing: /home/yuqingchi/Code/ws_moveit/install/moveit_core/lib/libmoveit_collision_distance_field.so
[158.267s] -- Installing: /home/yuqingchi/Code/ws_moveit/install/moveit_core/lib/libmoveit_constraint_samplers.so.2.14.1
[158.268s] -- Set non-toolchain portion of runtime path of "/home/yuqingchi/Code/ws_moveit/install/moveit_core/lib/libmoveit_constraint_samplers.so.2.14.1" to ""
[158.268s] -- Installing: /home/yuqingchi/Code/ws_moveit/install/moveit_core/lib/libmoveit_constraint_samplers.so
[158.268s] -- Installing: /home/yuqingchi/Code/ws_moveit/install/moveit_core/lib/libmoveit_distance_field.so.2.14.1
[158.269s] -- Set non-toolchain portion of runtime path of "/home/yuqingchi/Code/ws_moveit/install/moveit_core/lib/libmoveit_distance_field.so.2.14.1" to ""
[158.269s] -- Installing: /home/yuqingchi/Code/ws_moveit/install/moveit_core/lib/libmoveit_distance_field.so
[158.269s] -- Installing: /home/yuqingchi/Code/ws_moveit/install/moveit_core/lib/libmoveit_dynamics_solver.so.2.14.1
[158.269s] -- Set non-toolchain portion of runtime path of "/home/yuqingchi/Code/ws_moveit/install/moveit_core/lib/libmoveit_dynamics_solver.so.2.14.1" to ""
[158.270s] -- Installing: /home/yuqingchi/Code/ws_moveit/install/moveit_core/lib/libmoveit_dynamics_solver.so
[158.270s] -- Installing: /home/yuqingchi/Code/ws_moveit/install/moveit_core/lib/libmoveit_exceptions.so.2.14.1
[158.270s] -- Set non-toolchain portion of runtime path of "/home/yuqingchi/Code/ws_moveit/install/moveit_core/lib/libmoveit_exceptions.so.2.14.1" to ""
[158.270s] -- Installing: /home/yuqingchi/Code/ws_moveit/install/moveit_core/lib/libmoveit_exceptions.so
[158.270s] -- Installing: /home/yuqingchi/Code/ws_moveit/install/moveit_core/lib/libmoveit_kinematic_constraints.so.2.14.1
[158.271s] -- Set non-toolchain portion of runtime path of "/home/yuqingchi/Code/ws_moveit/install/moveit_core/lib/libmoveit_kinematic_constraints.so.2.14.1" to ""
[158.271s] -- Installing: /home/yuqingchi/Code/ws_moveit/install/moveit_core/lib/libmoveit_kinematic_constraints.so
[158.271s] -- Installing: /home/yuqingchi/Code/ws_moveit/install/moveit_core/lib/libmoveit_kinematics_base.so
[158.272s] -- Set non-toolchain portion of runtime path of "/home/yuqingchi/Code/ws_moveit/install/moveit_core/lib/libmoveit_kinematics_base.so" to ""
[158.272s] -- Installing: /home/yuqingchi/Code/ws_moveit/install/moveit_core/lib/libmoveit_kinematics_metrics.so.2.14.1
[158.273s] -- Set non-toolchain portion of runtime path of "/home/yuqingchi/Code/ws_moveit/install/moveit_core/lib/libmoveit_kinematics_metrics.so.2.14.1" to ""
[158.273s] -- Installing: /home/yuqingchi/Code/ws_moveit/install/moveit_core/lib/libmoveit_kinematics_metrics.so
[158.273s] -- Installing: /home/yuqingchi/Code/ws_moveit/install/moveit_core/lib/libmoveit_planning_interface.so.2.14.1
[158.273s] -- Set non-toolchain portion of runtime path of "/home/yuqingchi/Code/ws_moveit/install/moveit_core/lib/libmoveit_planning_interface.so.2.14.1" to ""
[158.273s] -- Installing: /home/yuqingchi/Code/ws_moveit/install/moveit_core/lib/libmoveit_planning_interface.so
[158.274s] -- Installing: /home/yuqingchi/Code/ws_moveit/install/moveit_core/lib/libmoveit_planning_scene.so.2.14.1
[158.275s] -- Set non-toolchain portion of runtime path of "/home/yuqingchi/Code/ws_moveit/install/moveit_core/lib/libmoveit_planning_scene.so.2.14.1" to ""
[158.275s] -- Installing: /home/yuqingchi/Code/ws_moveit/install/moveit_core/lib/libmoveit_planning_scene.so
[158.275s] -- Installing: /home/yuqingchi/Code/ws_moveit/install/moveit_core/lib/libmoveit_robot_model.so.2.14.1
[158.276s] -- Set non-toolchain portion of runtime path of "/home/yuqingchi/Code/ws_moveit/install/moveit_core/lib/libmoveit_robot_model.so.2.14.1" to ""
[158.276s] -- Installing: /home/yuqingchi/Code/ws_moveit/install/moveit_core/lib/libmoveit_robot_model.so
[158.276s] -- Installing: /home/yuqingchi/Code/ws_moveit/install/moveit_core/lib/libmoveit_robot_state.so.2.14.1
[158.277s] -- Set non-toolchain portion of runtime path of "/home/yuqingchi/Code/ws_moveit/install/moveit_core/lib/libmoveit_robot_state.so.2.14.1" to ""
[158.277s] -- Installing: /home/yuqingchi/Code/ws_moveit/install/moveit_core/lib/libmoveit_robot_state.so
[158.277s] -- Installing: /home/yuqingchi/Code/ws_moveit/install/moveit_core/lib/libmoveit_robot_trajectory.so.2.14.1
[158.278s] -- Set non-toolchain portion of runtime path of "/home/yuqingchi/Code/ws_moveit/install/moveit_core/lib/libmoveit_robot_trajectory.so.2.14.1" to ""
[158.278s] -- Installing: /home/yuqingchi/Code/ws_moveit/install/moveit_core/lib/libmoveit_robot_trajectory.so
[158.278s] -- Installing: /home/yuqingchi/Code/ws_moveit/install/moveit_core/lib/libmoveit_smoothing_base.so.2.14.1
[158.278s] -- Set non-toolchain portion of runtime path of "/home/yuqingchi/Code/ws_moveit/install/moveit_core/lib/libmoveit_smoothing_base.so.2.14.1" to ""
[158.278s] -- Installing: /home/yuqingchi/Code/ws_moveit/install/moveit_core/lib/libmoveit_smoothing_base.so
[158.278s] -- Installing: /home/yuqingchi/Code/ws_moveit/install/moveit_core/lib/libmoveit_test_utils.so.2.14.1
[158.279s] -- Set non-toolchain portion of runtime path of "/home/yuqingchi/Code/ws_moveit/install/moveit_core/lib/libmoveit_test_utils.so.2.14.1" to ""
[158.280s] -- Installing: /home/yuqingchi/Code/ws_moveit/install/moveit_core/lib/libmoveit_test_utils.so
[158.280s] -- Installing: /home/yuqingchi/Code/ws_moveit/install/moveit_core/lib/libmoveit_trajectory_processing.so.2.14.1
[158.280s] -- Set non-toolchain portion of runtime path of "/home/yuqingchi/Code/ws_moveit/install/moveit_core/lib/libmoveit_trajectory_processing.so.2.14.1" to ""
[158.280s] -- Installing: /home/yuqingchi/Code/ws_moveit/install/moveit_core/lib/libmoveit_trajectory_processing.so
[158.281s] -- Installing: /home/yuqingchi/Code/ws_moveit/install/moveit_core/lib/libmoveit_transforms.so.2.14.1
[158.281s] -- Set non-toolchain portion of runtime path of "/home/yuqingchi/Code/ws_moveit/install/moveit_core/lib/libmoveit_transforms.so.2.14.1" to ""
[158.281s] -- Installing: /home/yuqingchi/Code/ws_moveit/install/moveit_core/lib/libmoveit_transforms.so
[158.281s] -- Installing: /home/yuqingchi/Code/ws_moveit/install/moveit_core/lib/libmoveit_utils.so.2.14.1
[158.281s] -- Set non-toolchain portion of runtime path of "/home/yuqingchi/Code/ws_moveit/install/moveit_core/lib/libmoveit_utils.so.2.14.1" to ""
[158.282s] -- Installing: /home/yuqingchi/Code/ws_moveit/install/moveit_core/lib/libmoveit_utils.so
[158.282s] -- Installing: /home/yuqingchi/Code/ws_moveit/install/moveit_core/lib/libcollision_detector_bullet_plugin.so.2.14.1
[158.282s] -- Set non-toolchain portion of runtime path of "/home/yuqingchi/Code/ws_moveit/install/moveit_core/lib/libcollision_detector_bullet_plugin.so.2.14.1" to ""
[158.282s] -- Installing: /home/yuqingchi/Code/ws_moveit/install/moveit_core/lib/libcollision_detector_bullet_plugin.so
[158.282s] -- Installing: /home/yuqingchi/Code/ws_moveit/install/moveit_core/lib/libcollision_detector_fcl_plugin.so.2.14.1
[158.283s] -- Set non-toolchain portion of runtime path of "/home/yuqingchi/Code/ws_moveit/install/moveit_core/lib/libcollision_detector_fcl_plugin.so.2.14.1" to ""
[158.283s] -- Installing: /home/yuqingchi/Code/ws_moveit/install/moveit_core/lib/libcollision_detector_fcl_plugin.so
[158.283s] -- Installing: /home/yuqingchi/Code/ws_moveit/install/moveit_core/lib/libmoveit_acceleration_filter.so.2.14.1
[158.283s] -- Set non-toolchain portion of runtime path of "/home/yuqingchi/Code/ws_moveit/install/moveit_core/lib/libmoveit_acceleration_filter.so.2.14.1" to ""
[158.283s] -- Installing: /home/yuqingchi/Code/ws_moveit/install/moveit_core/lib/libmoveit_acceleration_filter.so
[158.283s] -- Installing: /home/yuqingchi/Code/ws_moveit/install/moveit_core/lib/libmoveit_butterworth_filter.so.2.14.1
[158.284s] -- Set non-toolchain portion of runtime path of "/home/yuqingchi/Code/ws_moveit/install/moveit_core/lib/libmoveit_butterworth_filter.so.2.14.1" to ""
[158.284s] -- Installing: /home/yuqingchi/Code/ws_moveit/install/moveit_core/lib/libmoveit_butterworth_filter.so
[158.284s] -- Installing: /home/yuqingchi/Code/ws_moveit/install/moveit_core/lib/libmoveit_ruckig_filter.so.2.14.1
[158.284s] -- Set non-toolchain portion of runtime path of "/home/yuqingchi/Code/ws_moveit/install/moveit_core/lib/libmoveit_ruckig_filter.so.2.14.1" to ""
[158.285s] -- Installing: /home/yuqingchi/Code/ws_moveit/install/moveit_core/lib/libmoveit_ruckig_filter.so
[158.285s] -- Installing: /home/yuqingchi/Code/ws_moveit/install/moveit_core/share/moveit_core/environment/library_path.sh
[158.285s] -- Installing: /home/yuqingchi/Code/ws_moveit/install/moveit_core/share/moveit_core/environment/library_path.dsv
[158.285s] -- Installing: /home/yuqingchi/Code/ws_moveit/install/moveit_core/share/moveit_core/collision_detector_fcl_description.xml
[158.285s] -- Installing: /home/yuqingchi/Code/ws_moveit/install/moveit_core/share/moveit_core/collision_detector_bullet_description.xml
[158.285s] -- Installing: /home/yuqingchi/Code/ws_moveit/install/moveit_core/share/moveit_core/filter_plugin_acceleration.xml
[158.285s] -- Installing: /home/yuqingchi/Code/ws_moveit/install/moveit_core/share/moveit_core/filter_plugin_butterworth.xml
[158.286s] -- Installing: /home/yuqingchi/Code/ws_moveit/install/moveit_core/share/moveit_core/filter_plugin_ruckig.xml
[158.286s] -- Installing: /home/yuqingchi/Code/ws_moveit/install/moveit_core/share/ament_index/resource_index/package_run_dependencies/moveit_core
[158.286s] -- Installing: /home/yuqingchi/Code/ws_moveit/install/moveit_core/share/ament_index/resource_index/parent_prefix_path/moveit_core
[158.286s] -- Installing: /home/yuqingchi/Code/ws_moveit/install/moveit_core/share/moveit_core/environment/ament_prefix_path.sh
[158.286s] -- Installing: /home/yuqingchi/Code/ws_moveit/install/moveit_core/share/moveit_core/environment/ament_prefix_path.dsv
[158.286s] -- Installing: /home/yuqingchi/Code/ws_moveit/install/moveit_core/share/moveit_core/environment/path.sh
[158.287s] -- Installing: /home/yuqingchi/Code/ws_moveit/install/moveit_core/share/moveit_core/environment/path.dsv
[158.287s] -- Installing: /home/yuqingchi/Code/ws_moveit/install/moveit_core/share/moveit_core/local_setup.bash
[158.287s] -- Installing: /home/yuqingchi/Code/ws_moveit/install/moveit_core/share/moveit_core/local_setup.sh
[158.287s] -- Installing: /home/yuqingchi/Code/ws_moveit/install/moveit_core/share/moveit_core/local_setup.zsh
[158.287s] -- Installing: /home/yuqingchi/Code/ws_moveit/install/moveit_core/share/moveit_core/local_setup.dsv
[158.287s] -- Installing: /home/yuqingchi/Code/ws_moveit/install/moveit_core/share/moveit_core/package.dsv
[158.288s] -- Installing: /home/yuqingchi/Code/ws_moveit/install/moveit_core/share/ament_index/resource_index/packages/moveit_core
[158.288s] -- Installing: /home/yuqingchi/Code/ws_moveit/install/moveit_core/share/ament_index/resource_index/moveit_core__pluginlib__plugin/moveit_core
[158.288s] -- Installing: /home/yuqingchi/Code/ws_moveit/install/moveit_core/share/moveit_core/cmake/moveit_coreTargetsExport.cmake
[158.288s] -- Installing: /home/yuqingchi/Code/ws_moveit/install/moveit_core/share/moveit_core/cmake/moveit_coreTargetsExport-release.cmake
[158.288s] -- Installing: /home/yuqingchi/Code/ws_moveit/install/moveit_core/share/moveit_core/cmake/ConfigExtras.cmake
[158.288s] -- Installing: /home/yuqingchi/Code/ws_moveit/install/moveit_core/share/moveit_core/cmake/ament_cmake_export_targets-extras.cmake
[158.289s] -- Installing: /home/yuqingchi/Code/ws_moveit/install/moveit_core/share/moveit_core/cmake/ament_cmake_export_dependencies-extras.cmake
[158.289s] -- Installing: /home/yuqingchi/Code/ws_moveit/install/moveit_core/share/moveit_core/cmake/moveit_coreConfig.cmake
[158.290s] -- Installing: /home/yuqingchi/Code/ws_moveit/install/moveit_core/share/moveit_core/cmake/moveit_coreConfig-version.cmake
[158.290s] -- Installing: /home/yuqingchi/Code/ws_moveit/install/moveit_core/share/moveit_core/package.xml
[158.294s] Invoked command in '/home/yuqingchi/Code/ws_moveit/build/moveit_core' returned '0': AMENT_PREFIX_PATH=/home/yuqingchi/Code/ws_moveit/install/moveit_resources_panda_moveit_config:/home/yuqingchi/Code/ws_moveit/install/moveit_resources_pr2_description:/home/yuqingchi/Code/ws_moveit/install/moveit_resources_panda_description:/home/yuqingchi/Code/ws_moveit/install/moveit_msgs:/home/yuqingchi/Code/ws_moveit/install/moveit_common:${AMENT_PREFIX_PATH} CMAKE_PREFIX_PATH=/home/yuqingchi/Code/ws_moveit/install/moveit_resources_panda_moveit_config:/home/yuqingchi/Code/ws_moveit/install/moveit_resources_pr2_description:/home/yuqingchi/Code/ws_moveit/install/moveit_resources_panda_description:/home/yuqingchi/Code/ws_moveit/install/moveit_msgs:/home/yuqingchi/Code/ws_moveit/install/moveit_common:/opt/ros/jazzy/opt/gz_math_vendor:/opt/ros/jazzy/opt/gz_utils_vendor:/opt/ros/jazzy/opt/gz_cmake_vendor:/opt/ros/jazzy DEBUGINFOD_URLS=https://debuginfod.ubuntu.com LD_LIBRARY_PATH=/home/yuqingchi/Code/ws_moveit/install/moveit_msgs/lib:${LD_LIBRARY_PATH} PYTHONPATH=/home/yuqingchi/Code/ws_moveit/install/moveit_msgs/lib/python3.12/site-packages:${PYTHONPATH} /usr/bin/cmake --install /home/yuqingchi/Code/ws_moveit/build/moveit_core
