[0.012s] Invoking command in '/home/yuqingchi/Code/ws_moveit/build/robotiq_driver': AMENT_PREFIX_PATH=/home/yuqingchi/Code/ws_moveit/install/serial:${AMENT_PREFIX_PATH} CMAKE_PREFIX_PATH=/home/yuqingchi/Code/ws_moveit/install/serial:/opt/ros/jazzy/opt/gz_math_vendor:/opt/ros/jazzy/opt/gz_utils_vendor:/opt/ros/jazzy/opt/gz_cmake_vendor:/opt/ros/jazzy DEBUGINFOD_URLS=https://debuginfod.ubuntu.com LD_LIBRARY_PATH=/home/yuqingchi/Code/ws_moveit/install/serial/lib:${LD_LIBRARY_PATH} /usr/bin/cmake /home/yuqingchi/Code/ws_moveit/src/ros2_robotiq_gripper/robotiq_driver -DCMAKE_INSTALL_PREFIX=/home/yuqingchi/Code/ws_moveit/install/robotiq_driver
[0.121s] -- The CXX compiler identification is GNU 13.3.0
[0.153s] -- Detecting CXX compiler ABI info
[0.316s] -- Detecting CXX compiler ABI info - done
[0.334s] -- Check for working CXX compiler: /usr/bin/c++ - skipped
[0.334s] -- Detecting CXX compile features
[0.335s] -- Detecting CXX compile features - done
[0.342s] -- Found ament_cmake: 2.5.4 (/opt/ros/jazzy/share/ament_cmake/cmake)
[0.588s] -- Found Python3: /usr/bin/python3 (found version "3.12.3") found components: Interpreter 
[0.757s] -- Found hardware_interface: 4.35.0 (/opt/ros/jazzy/share/hardware_interface/cmake)
[0.829s] -- Found rosidl_generator_c: 4.6.6 (/opt/ros/jazzy/share/rosidl_generator_c/cmake)
[0.849s] -- Found rosidl_generator_cpp: 4.6.6 (/opt/ros/jazzy/share/rosidl_generator_cpp/cmake)
[0.873s] -- Using all available rosidl_typesupport_c: rosidl_typesupport_fastrtps_c;rosidl_typesupport_introspection_c
[0.899s] -- Using all available rosidl_typesupport_cpp: rosidl_typesupport_fastrtps_cpp;rosidl_typesupport_introspection_cpp
[1.124s] -- Found TinyXML2 via Config file: /usr/lib/x86_64-linux-gnu/cmake/tinyxml2
[1.171s] -- Found rmw_implementation_cmake: 7.3.2 (/opt/ros/jazzy/share/rmw_implementation_cmake/cmake)
[1.174s] -- Found rmw_fastrtps_cpp: 8.4.3 (/opt/ros/jazzy/share/rmw_fastrtps_cpp/cmake)
[1.198s] -- Found TinyXML2 via Config file: /usr/lib/x86_64-linux-gnu/cmake/tinyxml2
[1.288s] -- Found OpenSSL: /usr/lib/x86_64-linux-gnu/libcrypto.so (found version "3.0.13")  
[1.293s] -- Found TinyXML2 via Config file: /usr/lib/x86_64-linux-gnu/cmake/tinyxml2
[1.324s] -- Found FastRTPS: /opt/ros/jazzy/include (Required is at least version "2.13") 
[1.330s] -- Found TinyXML2 via Config file: /usr/lib/x86_64-linux-gnu/cmake/tinyxml2
[1.345s] -- Found TinyXML2 via Config file: /usr/lib/x86_64-linux-gnu/cmake/tinyxml2
[1.366s] -- Using RMW implementation 'rmw_fastrtps_cpp' as default
[1.832s] -- Found serial: 1.2.1 (/home/yuqingchi/Code/ws_moveit/install/serial/share/serial/cmake)
[1.857s] -- Found ament_cmake_gtest: 2.5.4 (/opt/ros/jazzy/share/ament_cmake_gtest/cmake)
[1.860s] -- Found ament_cmake_gmock: 2.5.4 (/opt/ros/jazzy/share/ament_cmake_gmock/cmake)
[1.863s] -- Found ament_lint_auto: 0.17.3 (/opt/ros/jazzy/share/ament_lint_auto/cmake)
[2.074s] -- Found gmock sources under '/opt/ros/jazzy/src/gmock_vendor': C++ tests using 'Google Mock' will be built
[2.153s] -- The C compiler identification is GNU 13.3.0
[2.181s] -- Detecting C compiler ABI info
[2.353s] -- Detecting C compiler ABI info - done
[2.376s] -- Check for working C compiler: /usr/bin/cc - skipped
[2.376s] -- Detecting C compile features
[2.376s] -- Detecting C compile features - done
[2.382s] -- Found gtest sources under '/opt/ros/jazzy/src/gtest_vendor': C++ tests using 'Google Test' will be built
[2.541s] -- Configuring done (2.5s)
[2.687s] -- Generating done (0.1s)
[2.716s] -- Build files have been written to: /home/yuqingchi/Code/ws_moveit/build/robotiq_driver
[2.739s] Invoked command in '/home/yuqingchi/Code/ws_moveit/build/robotiq_driver' returned '0': AMENT_PREFIX_PATH=/home/yuqingchi/Code/ws_moveit/install/serial:${AMENT_PREFIX_PATH} CMAKE_PREFIX_PATH=/home/yuqingchi/Code/ws_moveit/install/serial:/opt/ros/jazzy/opt/gz_math_vendor:/opt/ros/jazzy/opt/gz_utils_vendor:/opt/ros/jazzy/opt/gz_cmake_vendor:/opt/ros/jazzy DEBUGINFOD_URLS=https://debuginfod.ubuntu.com LD_LIBRARY_PATH=/home/yuqingchi/Code/ws_moveit/install/serial/lib:${LD_LIBRARY_PATH} /usr/bin/cmake /home/yuqingchi/Code/ws_moveit/src/ros2_robotiq_gripper/robotiq_driver -DCMAKE_INSTALL_PREFIX=/home/yuqingchi/Code/ws_moveit/install/robotiq_driver
[2.741s] Invoking command in '/home/yuqingchi/Code/ws_moveit/build/robotiq_driver': AMENT_PREFIX_PATH=/home/yuqingchi/Code/ws_moveit/install/serial:${AMENT_PREFIX_PATH} CMAKE_PREFIX_PATH=/home/yuqingchi/Code/ws_moveit/install/serial:/opt/ros/jazzy/opt/gz_math_vendor:/opt/ros/jazzy/opt/gz_utils_vendor:/opt/ros/jazzy/opt/gz_cmake_vendor:/opt/ros/jazzy DEBUGINFOD_URLS=https://debuginfod.ubuntu.com LD_LIBRARY_PATH=/home/yuqingchi/Code/ws_moveit/install/serial/lib:${LD_LIBRARY_PATH} /usr/bin/cmake --build /home/yuqingchi/Code/ws_moveit/build/robotiq_driver -- -j16 -l16
[2.844s] [  8%] [32mBuilding CXX object CMakeFiles/robotiq_driver.dir/src/default_driver.cpp.o[0m
[2.844s] [  8%] [32mBuilding CXX object CMakeFiles/robotiq_driver.dir/src/crc_utils.cpp.o[0m
[2.844s] [ 12%] [32mBuilding CXX object CMakeFiles/robotiq_driver.dir/src/hardware_interface.cpp.o[0m
[2.844s] [ 16%] [32mBuilding CXX object CMakeFiles/robotiq_driver.dir/src/fake/fake_driver.cpp.o[0m
[2.845s] [ 20%] [32mBuilding CXX object CMakeFiles/robotiq_driver.dir/src/default_serial.cpp.o[0m
[2.847s] [ 25%] [32mBuilding CXX object gmock/CMakeFiles/gmock.dir/opt/ros/jazzy/src/gtest_vendor/src/gtest-all.cc.o[0m
[2.848s] [ 37%] [32mBuilding CXX object CMakeFiles/robotiq_driver.dir/src/data_utils.cpp.o[0m
[2.848s] [ 37%] [32mBuilding CXX object gmock/CMakeFiles/gmock.dir/src/gmock-all.cc.o[0m
[2.848s] [ 37%] [32mBuilding CXX object gmock/CMakeFiles/gmock_main.dir/src/gmock_main.cc.o[0m
[2.857s] [ 41%] [32mBuilding CXX object CMakeFiles/robotiq_driver.dir/src/default_serial_factory.cpp.o[0m
[2.860s] [ 45%] [32mBuilding CXX object CMakeFiles/robotiq_driver.dir/src/default_driver_factory.cpp.o[0m
[4.285s] [ 50%] [32m[1mLinking CXX static library libgmock_main.a[0m
[4.414s] [ 50%] Built target gmock_main
[5.797s] [01m[K/home/yuqingchi/Code/ws_moveit/src/ros2_robotiq_gripper/robotiq_driver/src/hardware_interface.cpp:[m[K In member function ‘[01m[Kvirtual hardware_interface::CallbackReturn robotiq_driver::RobotiqGripperHardwareInterface::[01;32m[Kon_init[m[K(const hardware_interface::HardwareInfo&)[m[K’:
[5.798s] [01m[K/home/yuqingchi/Code/ws_moveit/src/ros2_robotiq_gripper/robotiq_driver/src/hardware_interface.cpp:79:51:[m[K [01;35m[Kwarning: [m[K‘[01m[Kvirtual rclcpp_lifecycle::node_interfaces::LifecycleNodeInterface::CallbackReturn hardware_interface::SystemInterface::[01;32m[Kon_init[m[K(const hardware_interface::HardwareInfo&)[m[K’ is deprecated: Use on_init(const HardwareComponentInterfaceParams & params) instead. [[01;35m[K]8;;https://gcc.gnu.org/onlinedocs/gcc/Warning-Options.html#index-Wdeprecated-declarations-Wdeprecated-declarations]8;;[m[K]
[5.798s]    79 |   if ([01;35m[Khardware_interface::SystemInterface::on_init(info)[m[K != CallbackReturn::SUCCESS)
[5.798s]       |       [01;35m[K~~~~~~~~~~~~~~~~~~~~~~~~~~~~~~~~~~~~~~~~~~~~^~~~~~[m[K
[5.798s] In file included from [01m[K/home/yuqingchi/Code/ws_moveit/src/ros2_robotiq_gripper/robotiq_driver/include/robotiq_driver/hardware_interface.hpp:44[m[K,
[5.798s]                  from [01m[K/home/yuqingchi/Code/ws_moveit/src/ros2_robotiq_gripper/robotiq_driver/src/hardware_interface.cpp:36[m[K:
[5.798s] [01m[K/opt/ros/jazzy/include/hardware_interface/hardware_interface/system_interface.hpp:243:26:[m[K [01;36m[Knote: [m[Kdeclared here
[5.799s]   243 |   virtual CallbackReturn [01;36m[Kon_init[m[K(const HardwareInfo & hardware_info)
[5.799s]       |                          [01;36m[K^~~~~~~[m[K
[6.963s] [ 54%] [32m[1mLinking CXX static library libgmock.a[0m
[7.142s] [ 54%] Built target gmock
[8.850s] [ 58%] [32m[1mLinking CXX shared library librobotiq_driver.so[0m
[9.187s] [ 58%] Built target robotiq_driver
[9.227s] [ 79%] [32mBuilding CXX object tests/CMakeFiles/test_robotiq_gripper_hardware_interface.dir/test_robotiq_gripper_hardware_interface.cpp.o[0m
[9.228s] [ 79%] [32mBuilding CXX object tests/CMakeFiles/test_data_utils.dir/test_data_utils.cpp.o[0m
[9.228s] [ 79%] [32mBuilding CXX object tests/CMakeFiles/test_default_driver_factory.dir/test_default_driver_factory.cpp.o[0m
[9.228s] [ 79%] [32mBuilding CXX object tests/CMakeFiles/test_crc_utils.dir/test_crc_utils.cpp.o[0m
[9.228s] [ 79%] [32mBuilding CXX object tests/CMakeFiles/test_default_serial_factory.dir/test_default_serial_factory.cpp.o[0m
[10.381s] [ 83%] [32m[1mLinking CXX executable test_crc_utils[0m
[10.413s] [ 87%] [32m[1mLinking CXX executable test_data_utils[0m
[10.799s] [ 87%] Built target test_crc_utils
[10.829s] [ 87%] Built target test_data_utils
[12.148s] [ 91%] [32m[1mLinking CXX executable test_default_serial_factory[0m
[12.595s] [ 91%] Built target test_default_serial_factory
[13.734s] [ 95%] [32m[1mLinking CXX executable test_default_driver_factory[0m
[14.157s] [ 95%] Built target test_default_driver_factory
[14.189s] [100%] [32m[1mLinking CXX executable test_robotiq_gripper_hardware_interface[0m
[14.550s] [100%] Built target test_robotiq_gripper_hardware_interface
[14.572s] Invoked command in '/home/yuqingchi/Code/ws_moveit/build/robotiq_driver' returned '0': AMENT_PREFIX_PATH=/home/yuqingchi/Code/ws_moveit/install/serial:${AMENT_PREFIX_PATH} CMAKE_PREFIX_PATH=/home/yuqingchi/Code/ws_moveit/install/serial:/opt/ros/jazzy/opt/gz_math_vendor:/opt/ros/jazzy/opt/gz_utils_vendor:/opt/ros/jazzy/opt/gz_cmake_vendor:/opt/ros/jazzy DEBUGINFOD_URLS=https://debuginfod.ubuntu.com LD_LIBRARY_PATH=/home/yuqingchi/Code/ws_moveit/install/serial/lib:${LD_LIBRARY_PATH} /usr/bin/cmake --build /home/yuqingchi/Code/ws_moveit/build/robotiq_driver -- -j16 -l16
[14.575s] Invoking command in '/home/yuqingchi/Code/ws_moveit/build/robotiq_driver': AMENT_PREFIX_PATH=/home/yuqingchi/Code/ws_moveit/install/serial:${AMENT_PREFIX_PATH} CMAKE_PREFIX_PATH=/home/yuqingchi/Code/ws_moveit/install/serial:/opt/ros/jazzy/opt/gz_math_vendor:/opt/ros/jazzy/opt/gz_utils_vendor:/opt/ros/jazzy/opt/gz_cmake_vendor:/opt/ros/jazzy DEBUGINFOD_URLS=https://debuginfod.ubuntu.com LD_LIBRARY_PATH=/home/yuqingchi/Code/ws_moveit/install/serial/lib:${LD_LIBRARY_PATH} /usr/bin/cmake --install /home/yuqingchi/Code/ws_moveit/build/robotiq_driver
[14.589s] -- Install configuration: ""
[14.590s] -- Installing: /home/yuqingchi/Code/ws_moveit/install/robotiq_driver/share/robotiq_driver/hardware_interface_plugin.xml
[14.590s] -- Installing: /home/yuqingchi/Code/ws_moveit/install/robotiq_driver/share/robotiq_driver/environment/library_path.sh
[14.591s] -- Installing: /home/yuqingchi/Code/ws_moveit/install/robotiq_driver/share/robotiq_driver/environment/library_path.dsv
[14.591s] -- Installing: /home/yuqingchi/Code/ws_moveit/install/robotiq_driver/include
[14.591s] -- Installing: /home/yuqingchi/Code/ws_moveit/install/robotiq_driver/include/robotiq_driver
[14.591s] -- Installing: /home/yuqingchi/Code/ws_moveit/install/robotiq_driver/include/robotiq_driver/default_serial_factory.hpp
[14.591s] -- Installing: /home/yuqingchi/Code/ws_moveit/install/robotiq_driver/include/robotiq_driver/default_serial.hpp
[14.591s] -- Installing: /home/yuqingchi/Code/ws_moveit/install/robotiq_driver/include/robotiq_driver/default_driver.hpp
[14.592s] -- Installing: /home/yuqingchi/Code/ws_moveit/install/robotiq_driver/include/robotiq_driver/default_driver_factory.hpp
[14.592s] -- Installing: /home/yuqingchi/Code/ws_moveit/install/robotiq_driver/include/robotiq_driver/driver_factory.hpp
[14.592s] -- Installing: /home/yuqingchi/Code/ws_moveit/install/robotiq_driver/include/robotiq_driver/fake
[14.592s] -- Installing: /home/yuqingchi/Code/ws_moveit/install/robotiq_driver/include/robotiq_driver/fake/fake_driver.hpp
[14.592s] -- Installing: /home/yuqingchi/Code/ws_moveit/install/robotiq_driver/include/robotiq_driver/serial.hpp
[14.593s] -- Installing: /home/yuqingchi/Code/ws_moveit/install/robotiq_driver/include/robotiq_driver/driver_exception.hpp
[14.593s] -- Installing: /home/yuqingchi/Code/ws_moveit/install/robotiq_driver/include/robotiq_driver/serial_factory.hpp
[14.593s] -- Installing: /home/yuqingchi/Code/ws_moveit/install/robotiq_driver/include/robotiq_driver/visibility_control.hpp
[14.593s] -- Installing: /home/yuqingchi/Code/ws_moveit/install/robotiq_driver/include/robotiq_driver/hardware_interface.hpp
[14.593s] -- Installing: /home/yuqingchi/Code/ws_moveit/install/robotiq_driver/include/robotiq_driver/crc_utils.hpp
[14.593s] -- Installing: /home/yuqingchi/Code/ws_moveit/install/robotiq_driver/include/robotiq_driver/data_utils.hpp
[14.593s] -- Installing: /home/yuqingchi/Code/ws_moveit/install/robotiq_driver/include/robotiq_driver/driver.hpp
[14.593s] -- Installing: /home/yuqingchi/Code/ws_moveit/install/robotiq_driver/lib/librobotiq_driver.so
[14.596s] -- Set non-toolchain portion of runtime path of "/home/yuqingchi/Code/ws_moveit/install/robotiq_driver/lib/librobotiq_driver.so" to ""
[14.597s] -- Installing: /home/yuqingchi/Code/ws_moveit/install/robotiq_driver/share/ament_index/resource_index/package_run_dependencies/robotiq_driver
[14.597s] -- Installing: /home/yuqingchi/Code/ws_moveit/install/robotiq_driver/share/ament_index/resource_index/parent_prefix_path/robotiq_driver
[14.597s] -- Installing: /home/yuqingchi/Code/ws_moveit/install/robotiq_driver/share/robotiq_driver/environment/ament_prefix_path.sh
[14.598s] -- Installing: /home/yuqingchi/Code/ws_moveit/install/robotiq_driver/share/robotiq_driver/environment/ament_prefix_path.dsv
[14.598s] -- Installing: /home/yuqingchi/Code/ws_moveit/install/robotiq_driver/share/robotiq_driver/environment/path.sh
[14.598s] -- Installing: /home/yuqingchi/Code/ws_moveit/install/robotiq_driver/share/robotiq_driver/environment/path.dsv
[14.598s] -- Installing: /home/yuqingchi/Code/ws_moveit/install/robotiq_driver/share/robotiq_driver/local_setup.bash
[14.598s] -- Installing: /home/yuqingchi/Code/ws_moveit/install/robotiq_driver/share/robotiq_driver/local_setup.sh
[14.599s] -- Installing: /home/yuqingchi/Code/ws_moveit/install/robotiq_driver/share/robotiq_driver/local_setup.zsh
[14.599s] -- Installing: /home/yuqingchi/Code/ws_moveit/install/robotiq_driver/share/robotiq_driver/local_setup.dsv
[14.599s] -- Installing: /home/yuqingchi/Code/ws_moveit/install/robotiq_driver/share/robotiq_driver/package.dsv
[14.599s] -- Installing: /home/yuqingchi/Code/ws_moveit/install/robotiq_driver/share/ament_index/resource_index/packages/robotiq_driver
[14.599s] -- Installing: /home/yuqingchi/Code/ws_moveit/install/robotiq_driver/share/ament_index/resource_index/hardware_interface__pluginlib__plugin/robotiq_driver
[14.600s] -- Installing: /home/yuqingchi/Code/ws_moveit/install/robotiq_driver/share/robotiq_driver/cmake/robotiq_driver_targetsExport.cmake
[14.600s] -- Installing: /home/yuqingchi/Code/ws_moveit/install/robotiq_driver/share/robotiq_driver/cmake/robotiq_driver_targetsExport-noconfig.cmake
[14.600s] -- Installing: /home/yuqingchi/Code/ws_moveit/install/robotiq_driver/share/robotiq_driver/cmake/ament_cmake_export_targets-extras.cmake
[14.600s] -- Installing: /home/yuqingchi/Code/ws_moveit/install/robotiq_driver/share/robotiq_driver/cmake/ament_cmake_export_dependencies-extras.cmake
[14.601s] -- Installing: /home/yuqingchi/Code/ws_moveit/install/robotiq_driver/share/robotiq_driver/cmake/ament_cmake_export_include_directories-extras.cmake
[14.601s] -- Installing: /home/yuqingchi/Code/ws_moveit/install/robotiq_driver/share/robotiq_driver/cmake/ament_cmake_export_libraries-extras.cmake
[14.601s] -- Installing: /home/yuqingchi/Code/ws_moveit/install/robotiq_driver/share/robotiq_driver/cmake/robotiq_driverConfig.cmake
[14.601s] -- Installing: /home/yuqingchi/Code/ws_moveit/install/robotiq_driver/share/robotiq_driver/cmake/robotiq_driverConfig-version.cmake
[14.601s] -- Installing: /home/yuqingchi/Code/ws_moveit/install/robotiq_driver/share/robotiq_driver/package.xml
[14.605s] Invoked command in '/home/yuqingchi/Code/ws_moveit/build/robotiq_driver' returned '0': AMENT_PREFIX_PATH=/home/yuqingchi/Code/ws_moveit/install/serial:${AMENT_PREFIX_PATH} CMAKE_PREFIX_PATH=/home/yuqingchi/Code/ws_moveit/install/serial:/opt/ros/jazzy/opt/gz_math_vendor:/opt/ros/jazzy/opt/gz_utils_vendor:/opt/ros/jazzy/opt/gz_cmake_vendor:/opt/ros/jazzy DEBUGINFOD_URLS=https://debuginfod.ubuntu.com LD_LIBRARY_PATH=/home/yuqingchi/Code/ws_moveit/install/serial/lib:${LD_LIBRARY_PATH} /usr/bin/cmake --install /home/yuqingchi/Code/ws_moveit/build/robotiq_driver
