[0.010s] Invoking command in '/home/yuqingchi/Code/ws_moveit/build/serial': CMAKE_PREFIX_PATH=${CMAKE_PREFIX_PATH}:/opt/ros/jazzy DEBUGINFOD_URLS=https://debuginfod.ubuntu.com /usr/bin/cmake /home/yuqingchi/Code/ws_moveit/src/serial -DCMAKE_INSTALL_PREFIX=/home/yuqingchi/Code/ws_moveit/install/serial
[0.112s] -- The C compiler identification is GNU 13.3.0
[0.204s] -- The CXX compiler identification is GNU 13.3.0
[0.234s] -- Detecting C compiler ABI info
[0.391s] -- Detecting C compiler ABI info - done
[0.406s] -- Check for working C compiler: /usr/bin/cc - skipped
[0.406s] -- Detecting C compile features
[0.407s] -- Detecting C compile features - done
[0.423s] -- Detecting CXX compiler ABI info
[0.580s] -- Detecting CXX compiler ABI info - done
[0.600s] -- Check for working CXX compiler: /usr/bin/c++ - skipped
[0.601s] -- Detecting CXX compile features
[0.602s] -- Detecting CXX compile features - done
[0.605s] -- Found ament_cmake: 2.5.4 (/opt/ros/jazzy/share/ament_cmake/cmake)
[0.850s] -- Found Python3: /usr/bin/python3 (found version "3.12.3") found components: Interpreter 
[1.148s] -- Configuring done (1.1s)
[1.155s] -- Generating done (0.0s)
[1.159s] -- Build files have been written to: /home/yuqingchi/Code/ws_moveit/build/serial
[1.169s] Invoked command in '/home/yuqingchi/Code/ws_moveit/build/serial' returned '0': CMAKE_PREFIX_PATH=${CMAKE_PREFIX_PATH}:/opt/ros/jazzy DEBUGINFOD_URLS=https://debuginfod.ubuntu.com /usr/bin/cmake /home/yuqingchi/Code/ws_moveit/src/serial -DCMAKE_INSTALL_PREFIX=/home/yuqingchi/Code/ws_moveit/install/serial
[1.172s] Invoking command in '/home/yuqingchi/Code/ws_moveit/build/serial': CMAKE_PREFIX_PATH=${CMAKE_PREFIX_PATH}:/opt/ros/jazzy DEBUGINFOD_URLS=https://debuginfod.ubuntu.com /usr/bin/cmake --build /home/yuqingchi/Code/ws_moveit/build/serial -- -j16 -l16
[1.259s] [ 50%] [32mBuilding CXX object CMakeFiles/serial.dir/src/impl/unix.cc.o[0m
[1.259s] [ 50%] [32mBuilding CXX object CMakeFiles/serial.dir/src/serial.cc.o[0m
[1.260s] [ 75%] [32mBuilding CXX object CMakeFiles/serial.dir/src/impl/list_ports/list_ports_linux.cc.o[0m
[1.776s] [100%] [32m[1mLinking CXX static library libserial.a[0m
[1.881s] [100%] Built target serial
[1.903s] Invoked command in '/home/yuqingchi/Code/ws_moveit/build/serial' returned '0': CMAKE_PREFIX_PATH=${CMAKE_PREFIX_PATH}:/opt/ros/jazzy DEBUGINFOD_URLS=https://debuginfod.ubuntu.com /usr/bin/cmake --build /home/yuqingchi/Code/ws_moveit/build/serial -- -j16 -l16
[1.905s] Invoking command in '/home/yuqingchi/Code/ws_moveit/build/serial': CMAKE_PREFIX_PATH=${CMAKE_PREFIX_PATH}:/opt/ros/jazzy DEBUGINFOD_URLS=https://debuginfod.ubuntu.com /usr/bin/cmake --install /home/yuqingchi/Code/ws_moveit/build/serial
[1.921s] -- Install configuration: ""
[1.922s] -- Installing: /home/yuqingchi/Code/ws_moveit/install/serial/lib/libserial.a
[1.923s] -- Installing: /home/yuqingchi/Code/ws_moveit/install/serial/include
[1.923s] -- Installing: /home/yuqingchi/Code/ws_moveit/install/serial/include/serial
[1.923s] -- Installing: /home/yuqingchi/Code/ws_moveit/install/serial/include/serial/impl
[1.923s] -- Installing: /home/yuqingchi/Code/ws_moveit/install/serial/include/serial/impl/win.h
[1.923s] -- Installing: /home/yuqingchi/Code/ws_moveit/install/serial/include/serial/impl/unix.h
[1.923s] -- Installing: /home/yuqingchi/Code/ws_moveit/install/serial/include/serial/serial.h
[1.924s] -- Installing: /home/yuqingchi/Code/ws_moveit/install/serial/include/serial/v8stdint.h
[1.924s] -- Installing: /home/yuqingchi/Code/ws_moveit/install/serial/share/serial/environment/library_path.sh
[1.924s] -- Installing: /home/yuqingchi/Code/ws_moveit/install/serial/share/serial/environment/library_path.dsv
[1.924s] -- Installing: /home/yuqingchi/Code/ws_moveit/install/serial/share/ament_index/resource_index/package_run_dependencies/serial
[1.924s] -- Installing: /home/yuqingchi/Code/ws_moveit/install/serial/share/ament_index/resource_index/parent_prefix_path/serial
[1.925s] -- Installing: /home/yuqingchi/Code/ws_moveit/install/serial/share/serial/environment/ament_prefix_path.sh
[1.925s] -- Installing: /home/yuqingchi/Code/ws_moveit/install/serial/share/serial/environment/ament_prefix_path.dsv
[1.925s] -- Installing: /home/yuqingchi/Code/ws_moveit/install/serial/share/serial/environment/path.sh
[1.925s] -- Installing: /home/yuqingchi/Code/ws_moveit/install/serial/share/serial/environment/path.dsv
[1.925s] -- Installing: /home/yuqingchi/Code/ws_moveit/install/serial/share/serial/local_setup.bash
[1.925s] -- Installing: /home/yuqingchi/Code/ws_moveit/install/serial/share/serial/local_setup.sh
[1.926s] -- Installing: /home/yuqingchi/Code/ws_moveit/install/serial/share/serial/local_setup.zsh
[1.926s] -- Installing: /home/yuqingchi/Code/ws_moveit/install/serial/share/serial/local_setup.dsv
[1.926s] -- Installing: /home/yuqingchi/Code/ws_moveit/install/serial/share/serial/package.dsv
[1.926s] -- Installing: /home/yuqingchi/Code/ws_moveit/install/serial/share/ament_index/resource_index/packages/serial
[1.926s] -- Installing: /home/yuqingchi/Code/ws_moveit/install/serial/share/serial/cmake/export_serialExport.cmake
[1.927s] -- Installing: /home/yuqingchi/Code/ws_moveit/install/serial/share/serial/cmake/export_serialExport-noconfig.cmake
[1.927s] -- Installing: /home/yuqingchi/Code/ws_moveit/install/serial/share/serial/cmake/ament_cmake_export_include_directories-extras.cmake
[1.927s] -- Installing: /home/yuqingchi/Code/ws_moveit/install/serial/share/serial/cmake/ament_cmake_export_libraries-extras.cmake
[1.927s] -- Installing: /home/yuqingchi/Code/ws_moveit/install/serial/share/serial/cmake/ament_cmake_export_targets-extras.cmake
[1.927s] -- Installing: /home/yuqingchi/Code/ws_moveit/install/serial/share/serial/cmake/serialConfig.cmake
[1.927s] -- Installing: /home/yuqingchi/Code/ws_moveit/install/serial/share/serial/cmake/serialConfig-version.cmake
[1.928s] -- Installing: /home/yuqingchi/Code/ws_moveit/install/serial/share/serial/package.xml
[1.931s] Invoked command in '/home/yuqingchi/Code/ws_moveit/build/serial' returned '0': CMAKE_PREFIX_PATH=${CMAKE_PREFIX_PATH}:/opt/ros/jazzy DEBUGINFOD_URLS=https://debuginfod.ubuntu.com /usr/bin/cmake --install /home/yuqingchi/Code/ws_moveit/build/serial
