[0.028s] Invoking command in '/home/yuqingchi/Code/ws_moveit/build/moveit_ros_occupancy_map_monitor': AMENT_PREFIX_PATH=/home/yuqingchi/Code/ws_moveit/install/moveit_core:/home/yuqingchi/Code/ws_moveit/install/moveit_resources_panda_moveit_config:/home/yuqingchi/Code/ws_moveit/install/moveit_resources_pr2_description:/home/yuqingchi/Code/ws_moveit/install/moveit_resources_panda_description:/home/yuqingchi/Code/ws_moveit/install/moveit_msgs:/home/yuqingchi/Code/ws_moveit/install/moveit_common:${AMENT_PREFIX_PATH} CMAKE_PREFIX_PATH=/home/yuqingchi/Code/ws_moveit/install/moveit_core:/home/yuqingchi/Code/ws_moveit/install/moveit_resources_panda_moveit_config:/home/yuqingchi/Code/ws_moveit/install/moveit_resources_pr2_description:/home/yuqingchi/Code/ws_moveit/install/moveit_resources_panda_description:/home/yuqingchi/Code/ws_moveit/install/moveit_msgs:/home/yuqingchi/Code/ws_moveit/install/moveit_common:/opt/ros/jazzy/opt/gz_math_vendor:/opt/ros/jazzy/opt/gz_utils_vendor:/opt/ros/jazzy/opt/gz_cmake_vendor:/opt/ros/jazzy DEBUGINFOD_URLS=https://debuginfod.ubuntu.com LD_LIBRARY_PATH=/home/yuqingchi/Code/ws_moveit/install/moveit_core/lib:/home/yuqingchi/Code/ws_moveit/install/moveit_msgs/lib:${LD_LIBRARY_PATH} PATH=/home/yuqingchi/Code/ws_moveit/install/moveit_core/bin:${PATH} PYTHONPATH=/home/yuqingchi/Code/ws_moveit/install/moveit_msgs/lib/python3.12/site-packages:${PYTHONPATH} /usr/bin/cmake /home/yuqingchi/Code/ws_moveit/src/moveit2/moveit_ros/occupancy_map_monitor -DCMAKE_INSTALL_PREFIX=/home/yuqingchi/Code/ws_moveit/install/moveit_ros_occupancy_map_monitor
[0.155s] -- The CXX compiler identification is GNU 13.3.0
[0.192s] -- Detecting CXX compiler ABI info
[0.361s] -- Detecting CXX compiler ABI info - done
[0.381s] -- Check for working CXX compiler: /usr/bin/c++ - skipped
[0.381s] -- Detecting CXX compile features
[0.382s] -- Detecting CXX compile features - done
[0.384s] -- Found moveit_common: 2.14.1 (/home/yuqingchi/Code/ws_moveit/install/moveit_common/share/moveit_common/cmake)
[0.388s] -- Found ament_cmake: 2.5.4 (/opt/ros/jazzy/share/ament_cmake/cmake)
[0.644s] -- Found Python3: /usr/bin/python3 (found version "3.12.3") found components: Interpreter 
[0.977s] [0mmoveit_ros_occupancy_map_monitor: You did not request a specific build type: Choosing 'Release' for maximum performance[0m
[0.977s] -- Found moveit_core: 2.14.1 (/home/yuqingchi/Code/ws_moveit/install/moveit_core/share/moveit_core/cmake)
[1.259s] -- Found Boost: /usr/lib/x86_64-linux-gnu/cmake/Boost-1.83.0/BoostConfig.cmake (found version "1.83.0") found components: chrono date_time filesystem iostreams program_options regex serialization system thread 
[1.388s] -- Found parameter_traits: 0.5.0 (/opt/ros/jazzy/share/parameter_traits/cmake)
[1.443s] -- Found rosidl_generator_c: 4.6.6 (/opt/ros/jazzy/share/rosidl_generator_c/cmake)
[1.458s] -- Found rosidl_generator_cpp: 4.6.6 (/opt/ros/jazzy/share/rosidl_generator_cpp/cmake)
[1.475s] -- Using all available rosidl_typesupport_c: rosidl_typesupport_fastrtps_c;rosidl_typesupport_introspection_c
[1.494s] -- Using all available rosidl_typesupport_cpp: rosidl_typesupport_fastrtps_cpp;rosidl_typesupport_introspection_cpp
[1.579s] -- Found rmw_implementation_cmake: 7.3.2 (/opt/ros/jazzy/share/rmw_implementation_cmake/cmake)
[1.582s] -- Found rmw_fastrtps_cpp: 8.4.3 (/opt/ros/jazzy/share/rmw_fastrtps_cpp/cmake)
[1.706s] -- Found OpenSSL: /usr/lib/x86_64-linux-gnu/libcrypto.so (found version "3.0.13")  
[1.770s] -- Found FastRTPS: /opt/ros/jazzy/include (Required is at least version "2.13") 
[1.821s] -- Using RMW implementation 'rmw_fastrtps_cpp' as default
[1.918s] -- Found rclcpp_lifecycle: 28.1.11 (/opt/ros/jazzy/share/rclcpp_lifecycle/cmake)
[1.960s] -- Found Boost: /usr/lib/x86_64-linux-gnu/cmake/Boost-1.83.0/BoostConfig.cmake (found version "1.83.0") found components: filesystem 
[2.046s] -- Found Eigen3: TRUE (found version "3.4.0") 
[2.046s] -- Ensuring Eigen3 include directory is part of orocos-kdl CMake target
[2.228s] -- Found ament_cmake_gmock: 2.5.4 (/opt/ros/jazzy/share/ament_cmake_gmock/cmake)
[2.229s] -- Found gmock sources under '/opt/ros/jazzy/src/gmock_vendor': C++ tests using 'Google Mock' will be built
[2.303s] -- The C compiler identification is GNU 13.3.0
[2.325s] -- Detecting C compiler ABI info
[2.534s] -- Detecting C compiler ABI info - done
[2.562s] -- Check for working C compiler: /usr/bin/cc - skipped
[2.563s] -- Detecting C compile features
[2.565s] -- Detecting C compile features - done
[2.578s] -- Found ament_cmake_gtest: 2.5.4 (/opt/ros/jazzy/share/ament_cmake_gtest/cmake)
[2.581s] -- Found gtest sources under '/opt/ros/jazzy/src/gtest_vendor': C++ tests using 'Google Test' will be built
[2.612s] -- Configuring done (2.6s)
[2.681s] -- Generating done (0.0s)
[2.694s] -- Build files have been written to: /home/yuqingchi/Code/ws_moveit/build/moveit_ros_occupancy_map_monitor
[2.719s] Invoked command in '/home/yuqingchi/Code/ws_moveit/build/moveit_ros_occupancy_map_monitor' returned '0': AMENT_PREFIX_PATH=/home/yuqingchi/Code/ws_moveit/install/moveit_core:/home/yuqingchi/Code/ws_moveit/install/moveit_resources_panda_moveit_config:/home/yuqingchi/Code/ws_moveit/install/moveit_resources_pr2_description:/home/yuqingchi/Code/ws_moveit/install/moveit_resources_panda_description:/home/yuqingchi/Code/ws_moveit/install/moveit_msgs:/home/yuqingchi/Code/ws_moveit/install/moveit_common:${AMENT_PREFIX_PATH} CMAKE_PREFIX_PATH=/home/yuqingchi/Code/ws_moveit/install/moveit_core:/home/yuqingchi/Code/ws_moveit/install/moveit_resources_panda_moveit_config:/home/yuqingchi/Code/ws_moveit/install/moveit_resources_pr2_description:/home/yuqingchi/Code/ws_moveit/install/moveit_resources_panda_description:/home/yuqingchi/Code/ws_moveit/install/moveit_msgs:/home/yuqingchi/Code/ws_moveit/install/moveit_common:/opt/ros/jazzy/opt/gz_math_vendor:/opt/ros/jazzy/opt/gz_utils_vendor:/opt/ros/jazzy/opt/gz_cmake_vendor:/opt/ros/jazzy DEBUGINFOD_URLS=https://debuginfod.ubuntu.com LD_LIBRARY_PATH=/home/yuqingchi/Code/ws_moveit/install/moveit_core/lib:/home/yuqingchi/Code/ws_moveit/install/moveit_msgs/lib:${LD_LIBRARY_PATH} PATH=/home/yuqingchi/Code/ws_moveit/install/moveit_core/bin:${PATH} PYTHONPATH=/home/yuqingchi/Code/ws_moveit/install/moveit_msgs/lib/python3.12/site-packages:${PYTHONPATH} /usr/bin/cmake /home/yuqingchi/Code/ws_moveit/src/moveit2/moveit_ros/occupancy_map_monitor -DCMAKE_INSTALL_PREFIX=/home/yuqingchi/Code/ws_moveit/install/moveit_ros_occupancy_map_monitor
[2.720s] Invoking command in '/home/yuqingchi/Code/ws_moveit/build/moveit_ros_occupancy_map_monitor': AMENT_PREFIX_PATH=/home/yuqingchi/Code/ws_moveit/install/moveit_core:/home/yuqingchi/Code/ws_moveit/install/moveit_resources_panda_moveit_config:/home/yuqingchi/Code/ws_moveit/install/moveit_resources_pr2_description:/home/yuqingchi/Code/ws_moveit/install/moveit_resources_panda_description:/home/yuqingchi/Code/ws_moveit/install/moveit_msgs:/home/yuqingchi/Code/ws_moveit/install/moveit_common:${AMENT_PREFIX_PATH} CMAKE_PREFIX_PATH=/home/yuqingchi/Code/ws_moveit/install/moveit_core:/home/yuqingchi/Code/ws_moveit/install/moveit_resources_panda_moveit_config:/home/yuqingchi/Code/ws_moveit/install/moveit_resources_pr2_description:/home/yuqingchi/Code/ws_moveit/install/moveit_resources_panda_description:/home/yuqingchi/Code/ws_moveit/install/moveit_msgs:/home/yuqingchi/Code/ws_moveit/install/moveit_common:/opt/ros/jazzy/opt/gz_math_vendor:/opt/ros/jazzy/opt/gz_utils_vendor:/opt/ros/jazzy/opt/gz_cmake_vendor:/opt/ros/jazzy DEBUGINFOD_URLS=https://debuginfod.ubuntu.com LD_LIBRARY_PATH=/home/yuqingchi/Code/ws_moveit/install/moveit_core/lib:/home/yuqingchi/Code/ws_moveit/install/moveit_msgs/lib:${LD_LIBRARY_PATH} PATH=/home/yuqingchi/Code/ws_moveit/install/moveit_core/bin:${PATH} PYTHONPATH=/home/yuqingchi/Code/ws_moveit/install/moveit_msgs/lib/python3.12/site-packages:${PYTHONPATH} /usr/bin/cmake --build /home/yuqingchi/Code/ws_moveit/build/moveit_ros_occupancy_map_monitor -- -j16 -l16
[2.817s] [  7%] [32mBuilding CXX object gmock/CMakeFiles/gmock_main.dir/src/gmock_main.cc.o[0m
[2.817s] [ 23%] [32mBuilding CXX object gmock/CMakeFiles/gmock.dir/src/gmock-all.cc.o[0m
[2.817s] [ 23%] [32mBuilding CXX object gmock/CMakeFiles/gmock.dir/opt/ros/jazzy/src/gtest_vendor/src/gtest-all.cc.o[0m
[2.817s] [ 30%] [32mBuilding CXX object CMakeFiles/moveit_ros_occupancy_map_monitor.dir/src/occupancy_map_monitor.cpp.o[0m
[2.817s] [ 38%] [32mBuilding CXX object CMakeFiles/moveit_ros_occupancy_map_monitor.dir/src/occupancy_map_monitor_middleware_handle.cpp.o[0m
[2.818s] [ 46%] [32mBuilding CXX object CMakeFiles/moveit_ros_occupancy_map_monitor.dir/src/occupancy_map_updater.cpp.o[0m
[3.956s] [ 53%] [32m[1mLinking CXX static library libgmock_main.a[0m
[4.091s] [ 53%] Built target gmock_main
[12.604s] [ 61%] [32m[1mLinking CXX static library libgmock.a[0m
[12.729s] [ 61%] Built target gmock
[15.102s] [ 69%] [32m[1mLinking CXX shared library libmoveit_ros_occupancy_map_monitor.so[0m
[15.548s] [ 69%] Built target moveit_ros_occupancy_map_monitor
[15.587s] [ 76%] [32mBuilding CXX object CMakeFiles/occupancy_map_monitor_tests.dir/test/occupancy_map_monitor_tests.cpp.o[0m
[15.588s] [ 84%] [32mBuilding CXX object CMakeFiles/moveit_ros_occupancy_map_server.dir/src/occupancy_map_server.cpp.o[0m
[24.123s] [ 92%] [32m[1mLinking CXX executable occupancy_map_monitor_tests[0m
[24.504s] [ 92%] Built target occupancy_map_monitor_tests
[29.831s] [100%] [32m[1mLinking CXX executable moveit_ros_occupancy_map_server[0m
[30.187s] [100%] Built target moveit_ros_occupancy_map_server
[30.211s] Invoked command in '/home/yuqingchi/Code/ws_moveit/build/moveit_ros_occupancy_map_monitor' returned '0': AMENT_PREFIX_PATH=/home/yuqingchi/Code/ws_moveit/install/moveit_core:/home/yuqingchi/Code/ws_moveit/install/moveit_resources_panda_moveit_config:/home/yuqingchi/Code/ws_moveit/install/moveit_resources_pr2_description:/home/yuqingchi/Code/ws_moveit/install/moveit_resources_panda_description:/home/yuqingchi/Code/ws_moveit/install/moveit_msgs:/home/yuqingchi/Code/ws_moveit/install/moveit_common:${AMENT_PREFIX_PATH} CMAKE_PREFIX_PATH=/home/yuqingchi/Code/ws_moveit/install/moveit_core:/home/yuqingchi/Code/ws_moveit/install/moveit_resources_panda_moveit_config:/home/yuqingchi/Code/ws_moveit/install/moveit_resources_pr2_description:/home/yuqingchi/Code/ws_moveit/install/moveit_resources_panda_description:/home/yuqingchi/Code/ws_moveit/install/moveit_msgs:/home/yuqingchi/Code/ws_moveit/install/moveit_common:/opt/ros/jazzy/opt/gz_math_vendor:/opt/ros/jazzy/opt/gz_utils_vendor:/opt/ros/jazzy/opt/gz_cmake_vendor:/opt/ros/jazzy DEBUGINFOD_URLS=https://debuginfod.ubuntu.com LD_LIBRARY_PATH=/home/yuqingchi/Code/ws_moveit/install/moveit_core/lib:/home/yuqingchi/Code/ws_moveit/install/moveit_msgs/lib:${LD_LIBRARY_PATH} PATH=/home/yuqingchi/Code/ws_moveit/install/moveit_core/bin:${PATH} PYTHONPATH=/home/yuqingchi/Code/ws_moveit/install/moveit_msgs/lib/python3.12/site-packages:${PYTHONPATH} /usr/bin/cmake --build /home/yuqingchi/Code/ws_moveit/build/moveit_ros_occupancy_map_monitor -- -j16 -l16
[30.214s] Invoking command in '/home/yuqingchi/Code/ws_moveit/build/moveit_ros_occupancy_map_monitor': AMENT_PREFIX_PATH=/home/yuqingchi/Code/ws_moveit/install/moveit_core:/home/yuqingchi/Code/ws_moveit/install/moveit_resources_panda_moveit_config:/home/yuqingchi/Code/ws_moveit/install/moveit_resources_pr2_description:/home/yuqingchi/Code/ws_moveit/install/moveit_resources_panda_description:/home/yuqingchi/Code/ws_moveit/install/moveit_msgs:/home/yuqingchi/Code/ws_moveit/install/moveit_common:${AMENT_PREFIX_PATH} CMAKE_PREFIX_PATH=/home/yuqingchi/Code/ws_moveit/install/moveit_core:/home/yuqingchi/Code/ws_moveit/install/moveit_resources_panda_moveit_config:/home/yuqingchi/Code/ws_moveit/install/moveit_resources_pr2_description:/home/yuqingchi/Code/ws_moveit/install/moveit_resources_panda_description:/home/yuqingchi/Code/ws_moveit/install/moveit_msgs:/home/yuqingchi/Code/ws_moveit/install/moveit_common:/opt/ros/jazzy/opt/gz_math_vendor:/opt/ros/jazzy/opt/gz_utils_vendor:/opt/ros/jazzy/opt/gz_cmake_vendor:/opt/ros/jazzy DEBUGINFOD_URLS=https://debuginfod.ubuntu.com LD_LIBRARY_PATH=/home/yuqingchi/Code/ws_moveit/install/moveit_core/lib:/home/yuqingchi/Code/ws_moveit/install/moveit_msgs/lib:${LD_LIBRARY_PATH} PATH=/home/yuqingchi/Code/ws_moveit/install/moveit_core/bin:${PATH} PYTHONPATH=/home/yuqingchi/Code/ws_moveit/install/moveit_msgs/lib/python3.12/site-packages:${PYTHONPATH} /usr/bin/cmake --install /home/yuqingchi/Code/ws_moveit/build/moveit_ros_occupancy_map_monitor
[30.227s] -- Install configuration: "Release"
[30.228s] -- Installing: /home/yuqingchi/Code/ws_moveit/install/moveit_ros_occupancy_map_monitor/lib/libmoveit_ros_occupancy_map_monitor.so.2.14.1
[30.229s] -- Set non-toolchain portion of runtime path of "/home/yuqingchi/Code/ws_moveit/install/moveit_ros_occupancy_map_monitor/lib/libmoveit_ros_occupancy_map_monitor.so.2.14.1" to ""
[30.229s] -- Installing: /home/yuqingchi/Code/ws_moveit/install/moveit_ros_occupancy_map_monitor/lib/libmoveit_ros_occupancy_map_monitor.so
[30.230s] -- Installing: /home/yuqingchi/Code/ws_moveit/install/moveit_ros_occupancy_map_monitor/lib/moveit_ros_occupancy_map_monitor/moveit_ros_occupancy_map_server
[30.232s] -- Set non-toolchain portion of runtime path of "/home/yuqingchi/Code/ws_moveit/install/moveit_ros_occupancy_map_monitor/lib/moveit_ros_occupancy_map_monitor/moveit_ros_occupancy_map_server" to ""
[30.232s] -- Installing: /home/yuqingchi/Code/ws_moveit/install/moveit_ros_occupancy_map_monitor/include/moveit_ros_occupancy_map_monitor
[30.232s] -- Installing: /home/yuqingchi/Code/ws_moveit/install/moveit_ros_occupancy_map_monitor/include/moveit_ros_occupancy_map_monitor/moveit
[30.232s] -- Installing: /home/yuqingchi/Code/ws_moveit/install/moveit_ros_occupancy_map_monitor/include/moveit_ros_occupancy_map_monitor/moveit/occupancy_map_monitor
[30.233s] -- Installing: /home/yuqingchi/Code/ws_moveit/install/moveit_ros_occupancy_map_monitor/include/moveit_ros_occupancy_map_monitor/moveit/occupancy_map_monitor/occupancy_map_monitor_middleware_handle.h
[30.233s] -- Installing: /home/yuqingchi/Code/ws_moveit/install/moveit_ros_occupancy_map_monitor/include/moveit_ros_occupancy_map_monitor/moveit/occupancy_map_monitor/occupancy_map_updater.hpp
[30.233s] -- Installing: /home/yuqingchi/Code/ws_moveit/install/moveit_ros_occupancy_map_monitor/include/moveit_ros_occupancy_map_monitor/moveit/occupancy_map_monitor/occupancy_map_updater.h
[30.234s] -- Installing: /home/yuqingchi/Code/ws_moveit/install/moveit_ros_occupancy_map_monitor/include/moveit_ros_occupancy_map_monitor/moveit/occupancy_map_monitor/occupancy_map_monitor.h
[30.234s] -- Installing: /home/yuqingchi/Code/ws_moveit/install/moveit_ros_occupancy_map_monitor/include/moveit_ros_occupancy_map_monitor/moveit/occupancy_map_monitor/occupancy_map_monitor.hpp
[30.234s] -- Installing: /home/yuqingchi/Code/ws_moveit/install/moveit_ros_occupancy_map_monitor/include/moveit_ros_occupancy_map_monitor/moveit/occupancy_map_monitor/occupancy_map_monitor_middleware_handle.hpp
[30.234s] -- Installing: /home/yuqingchi/Code/ws_moveit/install/moveit_ros_occupancy_map_monitor/share/moveit_ros_occupancy_map_monitor/environment/library_path.sh
[30.234s] -- Installing: /home/yuqingchi/Code/ws_moveit/install/moveit_ros_occupancy_map_monitor/share/moveit_ros_occupancy_map_monitor/environment/library_path.dsv
[30.235s] -- Installing: /home/yuqingchi/Code/ws_moveit/install/moveit_ros_occupancy_map_monitor/share/ament_index/resource_index/package_run_dependencies/moveit_ros_occupancy_map_monitor
[30.235s] -- Installing: /home/yuqingchi/Code/ws_moveit/install/moveit_ros_occupancy_map_monitor/share/ament_index/resource_index/parent_prefix_path/moveit_ros_occupancy_map_monitor
[30.235s] -- Installing: /home/yuqingchi/Code/ws_moveit/install/moveit_ros_occupancy_map_monitor/share/moveit_ros_occupancy_map_monitor/environment/ament_prefix_path.sh
[30.236s] -- Installing: /home/yuqingchi/Code/ws_moveit/install/moveit_ros_occupancy_map_monitor/share/moveit_ros_occupancy_map_monitor/environment/ament_prefix_path.dsv
[30.236s] -- Installing: /home/yuqingchi/Code/ws_moveit/install/moveit_ros_occupancy_map_monitor/share/moveit_ros_occupancy_map_monitor/environment/path.sh
[30.236s] -- Installing: /home/yuqingchi/Code/ws_moveit/install/moveit_ros_occupancy_map_monitor/share/moveit_ros_occupancy_map_monitor/environment/path.dsv
[30.236s] -- Installing: /home/yuqingchi/Code/ws_moveit/install/moveit_ros_occupancy_map_monitor/share/moveit_ros_occupancy_map_monitor/local_setup.bash
[30.236s] -- Installing: /home/yuqingchi/Code/ws_moveit/install/moveit_ros_occupancy_map_monitor/share/moveit_ros_occupancy_map_monitor/local_setup.sh
[30.237s] -- Installing: /home/yuqingchi/Code/ws_moveit/install/moveit_ros_occupancy_map_monitor/share/moveit_ros_occupancy_map_monitor/local_setup.zsh
[30.237s] -- Installing: /home/yuqingchi/Code/ws_moveit/install/moveit_ros_occupancy_map_monitor/share/moveit_ros_occupancy_map_monitor/local_setup.dsv
[30.237s] -- Installing: /home/yuqingchi/Code/ws_moveit/install/moveit_ros_occupancy_map_monitor/share/moveit_ros_occupancy_map_monitor/package.dsv
[30.238s] -- Installing: /home/yuqingchi/Code/ws_moveit/install/moveit_ros_occupancy_map_monitor/share/ament_index/resource_index/packages/moveit_ros_occupancy_map_monitor
[30.238s] -- Installing: /home/yuqingchi/Code/ws_moveit/install/moveit_ros_occupancy_map_monitor/share/moveit_ros_occupancy_map_monitor/cmake/moveit_ros_occupancy_map_monitorTargetsExport.cmake
[30.238s] -- Installing: /home/yuqingchi/Code/ws_moveit/install/moveit_ros_occupancy_map_monitor/share/moveit_ros_occupancy_map_monitor/cmake/moveit_ros_occupancy_map_monitorTargetsExport-release.cmake
[30.238s] -- Installing: /home/yuqingchi/Code/ws_moveit/install/moveit_ros_occupancy_map_monitor/share/moveit_ros_occupancy_map_monitor/cmake/ament_cmake_export_targets-extras.cmake
[30.238s] -- Installing: /home/yuqingchi/Code/ws_moveit/install/moveit_ros_occupancy_map_monitor/share/moveit_ros_occupancy_map_monitor/cmake/ament_cmake_export_dependencies-extras.cmake
[30.238s] -- Installing: /home/yuqingchi/Code/ws_moveit/install/moveit_ros_occupancy_map_monitor/share/moveit_ros_occupancy_map_monitor/cmake/moveit_ros_occupancy_map_monitorConfig.cmake
[30.239s] -- Installing: /home/yuqingchi/Code/ws_moveit/install/moveit_ros_occupancy_map_monitor/share/moveit_ros_occupancy_map_monitor/cmake/moveit_ros_occupancy_map_monitorConfig-version.cmake
[30.239s] -- Installing: /home/yuqingchi/Code/ws_moveit/install/moveit_ros_occupancy_map_monitor/share/moveit_ros_occupancy_map_monitor/package.xml
[30.242s] Invoked command in '/home/yuqingchi/Code/ws_moveit/build/moveit_ros_occupancy_map_monitor' returned '0': AMENT_PREFIX_PATH=/home/yuqingchi/Code/ws_moveit/install/moveit_core:/home/yuqingchi/Code/ws_moveit/install/moveit_resources_panda_moveit_config:/home/yuqingchi/Code/ws_moveit/install/moveit_resources_pr2_description:/home/yuqingchi/Code/ws_moveit/install/moveit_resources_panda_description:/home/yuqingchi/Code/ws_moveit/install/moveit_msgs:/home/yuqingchi/Code/ws_moveit/install/moveit_common:${AMENT_PREFIX_PATH} CMAKE_PREFIX_PATH=/home/yuqingchi/Code/ws_moveit/install/moveit_core:/home/yuqingchi/Code/ws_moveit/install/moveit_resources_panda_moveit_config:/home/yuqingchi/Code/ws_moveit/install/moveit_resources_pr2_description:/home/yuqingchi/Code/ws_moveit/install/moveit_resources_panda_description:/home/yuqingchi/Code/ws_moveit/install/moveit_msgs:/home/yuqingchi/Code/ws_moveit/install/moveit_common:/opt/ros/jazzy/opt/gz_math_vendor:/opt/ros/jazzy/opt/gz_utils_vendor:/opt/ros/jazzy/opt/gz_cmake_vendor:/opt/ros/jazzy DEBUGINFOD_URLS=https://debuginfod.ubuntu.com LD_LIBRARY_PATH=/home/yuqingchi/Code/ws_moveit/install/moveit_core/lib:/home/yuqingchi/Code/ws_moveit/install/moveit_msgs/lib:${LD_LIBRARY_PATH} PATH=/home/yuqingchi/Code/ws_moveit/install/moveit_core/bin:${PATH} PYTHONPATH=/home/yuqingchi/Code/ws_moveit/install/moveit_msgs/lib/python3.12/site-packages:${PYTHONPATH} /usr/bin/cmake --install /home/yuqingchi/Code/ws_moveit/build/moveit_ros_occupancy_map_monitor
