[0.053s] Invoking command in '/home/yuqingchi/Code/ws_moveit/build/moveit_py': AMENT_PREFIX_PATH=/home/yuqingchi/Code/ws_moveit/install/moveit_ros_planning_interface:/home/yuqingchi/Code/ws_moveit/install/moveit_ros_move_group:/home/yuqingchi/Code/ws_moveit/install/moveit_ros_warehouse:/home/yuqingchi/Code/ws_moveit/install/moveit_kinematics:/home/yuqingchi/Code/ws_moveit/install/moveit_ros_planning:/home/yuqingchi/Code/ws_moveit/install/moveit_simple_controller_manager:/home/yuqingchi/Code/ws_moveit/install/moveit_ros_occupancy_map_monitor:/home/yuqingchi/Code/ws_moveit/install/moveit_core:/home/yuqingchi/Code/ws_moveit/install/moveit_resources_panda_moveit_config:/home/yuqingchi/Code/ws_moveit/install/moveit_resources_fanuc_moveit_config:/home/yuqingchi/Code/ws_moveit/install/moveit_resources_pr2_description:/home/yuqingchi/Code/ws_moveit/install/moveit_resources_panda_description:/home/yuqingchi/Code/ws_moveit/install/moveit_resources_fanuc_description:/home/yuqingchi/Code/ws_moveit/install/moveit_msgs:/home/yuqingchi/Code/ws_moveit/install/moveit_configs_utils:/home/yuqingchi/Code/ws_moveit/install/moveit_common:${AMENT_PREFIX_PATH} CMAKE_PREFIX_PATH=/home/yuqingchi/Code/ws_moveit/install/moveit_ros_planning_interface:/home/yuqingchi/Code/ws_moveit/install/moveit_ros_move_group:/home/yuqingchi/Code/ws_moveit/install/moveit_ros_warehouse:/home/yuqingchi/Code/ws_moveit/install/moveit_kinematics:/home/yuqingchi/Code/ws_moveit/install/moveit_ros_planning:/home/yuqingchi/Code/ws_moveit/install/moveit_simple_controller_manager:/home/yuqingchi/Code/ws_moveit/install/moveit_ros_occupancy_map_monitor:/home/yuqingchi/Code/ws_moveit/install/moveit_core:/home/yuqingchi/Code/ws_moveit/install/moveit_resources_panda_moveit_config:/home/yuqingchi/Code/ws_moveit/install/moveit_resources_fanuc_moveit_config:/home/yuqingchi/Code/ws_moveit/install/moveit_resources_pr2_description:/home/yuqingchi/Code/ws_moveit/install/moveit_resources_panda_description:/home/yuqingchi/Code/ws_moveit/install/moveit_resources_fanuc_description:/home/yuqingchi/Code/ws_moveit/install/moveit_msgs:/home/yuqingchi/Code/ws_moveit/install/moveit_common:/opt/ros/jazzy/opt/gz_math_vendor:/opt/ros/jazzy/opt/gz_utils_vendor:/opt/ros/jazzy/opt/gz_cmake_vendor:/opt/ros/jazzy DEBUGINFOD_URLS=https://debuginfod.ubuntu.com LD_LIBRARY_PATH=/home/yuqingchi/Code/ws_moveit/install/moveit_ros_planning_interface/lib:/home/yuqingchi/Code/ws_moveit/install/moveit_ros_move_group/lib:/home/yuqingchi/Code/ws_moveit/install/moveit_ros_warehouse/lib:/home/yuqingchi/Code/ws_moveit/install/moveit_kinematics/lib:/home/yuqingchi/Code/ws_moveit/install/moveit_ros_planning/lib:/home/yuqingchi/Code/ws_moveit/install/moveit_simple_controller_manager/lib:/home/yuqingchi/Code/ws_moveit/install/moveit_ros_occupancy_map_monitor/lib:/home/yuqingchi/Code/ws_moveit/install/moveit_core/lib:/home/yuqingchi/Code/ws_moveit/install/moveit_msgs/lib:${LD_LIBRARY_PATH} PATH=/home/yuqingchi/Code/ws_moveit/install/moveit_core/bin:${PATH} PYTHONPATH=/home/yuqingchi/Code/ws_moveit/install/moveit_msgs/lib/python3.12/site-packages:/home/yuqingchi/Code/ws_moveit/install/moveit_configs_utils/lib/python3.12/site-packages:${PYTHONPATH} /usr/bin/cmake /home/yuqingchi/Code/ws_moveit/src/moveit2/moveit_py -DCMAKE_INSTALL_PREFIX=/home/yuqingchi/Code/ws_moveit/install/moveit_py
[0.147s] -- The C compiler identification is GNU 13.3.0
[0.236s] -- The CXX compiler identification is GNU 13.3.0
[0.264s] -- Detecting C compiler ABI info
[0.409s] -- Detecting C compiler ABI info - done
[0.426s] -- Check for working C compiler: /usr/bin/cc - skipped
[0.427s] -- Detecting C compile features
[0.427s] -- Detecting C compile features - done
[0.442s] -- Detecting CXX compiler ABI info
[0.605s] -- Detecting CXX compiler ABI info - done
[0.624s] -- Check for working CXX compiler: /usr/bin/c++ - skipped
[0.624s] -- Detecting CXX compile features
[0.625s] -- Detecting CXX compile features - done
[0.631s] -- Found ament_cmake: 2.5.4 (/opt/ros/jazzy/share/ament_cmake/cmake)
[0.874s] -- Found Python3: /usr/bin/python3 (found version "3.12.3") found components: Interpreter 
[1.060s] -- Found rclcpp: 28.1.11 (/opt/ros/jazzy/share/rclcpp/cmake)
[1.138s] -- Found rosidl_generator_c: 4.6.6 (/opt/ros/jazzy/share/rosidl_generator_c/cmake)
[1.163s] -- Found rosidl_generator_cpp: 4.6.6 (/opt/ros/jazzy/share/rosidl_generator_cpp/cmake)
[1.192s] -- Using all available rosidl_typesupport_c: rosidl_typesupport_fastrtps_c;rosidl_typesupport_introspection_c
[1.219s] -- Using all available rosidl_typesupport_cpp: rosidl_typesupport_fastrtps_cpp;rosidl_typesupport_introspection_cpp
[1.317s] -- Found rmw_implementation_cmake: 7.3.2 (/opt/ros/jazzy/share/rmw_implementation_cmake/cmake)
[1.321s] -- Found rmw_fastrtps_cpp: 8.4.3 (/opt/ros/jazzy/share/rmw_fastrtps_cpp/cmake)
[1.444s] -- Found OpenSSL: /usr/lib/x86_64-linux-gnu/libcrypto.so (found version "3.0.13")  
[1.483s] -- Found FastRTPS: /opt/ros/jazzy/include (Required is at least version "2.13") 
[1.528s] -- Using RMW implementation 'rmw_fastrtps_cpp' as default
[1.671s] -- Found rclpy: 7.1.5 (/opt/ros/jazzy/share/rclpy/cmake)
[1.673s] -- Found geometry_msgs: 5.3.6 (/opt/ros/jazzy/share/geometry_msgs/cmake)
[1.710s] -- Found moveit_ros_planning: 2.14.1 (/home/yuqingchi/Code/ws_moveit/install/moveit_ros_planning/share/moveit_ros_planning/cmake)
[1.910s] -- Found Boost: /usr/lib/x86_64-linux-gnu/cmake/Boost-1.83.0/BoostConfig.cmake (found version "1.83.0") found components: system filesystem date_time program_options thread chrono 
[1.947s] -- Found parameter_traits: 0.5.0 (/opt/ros/jazzy/share/parameter_traits/cmake)
[1.975s] -- Found rclcpp_lifecycle: 28.1.11 (/opt/ros/jazzy/share/rclcpp_lifecycle/cmake)
[2.075s] -- Found Boost: /usr/lib/x86_64-linux-gnu/cmake/Boost-1.83.0/BoostConfig.cmake (found version "1.83.0") found components: chrono date_time filesystem iostreams program_options regex serialization system thread 
[2.151s] -- Found Boost: /usr/lib/x86_64-linux-gnu/cmake/Boost-1.83.0/BoostConfig.cmake (found version "1.83.0") found components: filesystem 
[2.277s] -- Found Eigen3: TRUE (found version "3.4.0") 
[2.277s] -- Ensuring Eigen3 include directory is part of orocos-kdl CMake target
[2.721s] -- Found moveit_ros_planning_interface: 2.14.1 (/home/yuqingchi/Code/ws_moveit/install/moveit_ros_planning_interface/share/moveit_ros_planning_interface/cmake)
[2.727s] -- Found Boost: /usr/lib/x86_64-linux-gnu/cmake/Boost-1.83.0/BoostConfig.cmake (found version "1.83.0") found components: date_time filesystem program_options system thread 
[2.745s] -- Found Boost: /usr/lib/x86_64-linux-gnu/cmake/Boost-1.83.0/BoostConfig.cmake (found version "1.83.0") found components: thread system filesystem regex date_time program_options 
[2.776s] -- Found Boost: /usr/lib/x86_64-linux-gnu/cmake/Boost-1.83.0/BoostConfig.cmake (found version "1.83.0") found components: system filesystem date_time program_options thread 
[3.201s] -- Found Python3: /usr/bin/python3 (found version "3.12.3") found components: Interpreter Development Development.Module Development.Embed 
[3.214s] -- Found pybind11_vendor: 3.1.3 (/opt/ros/jazzy/share/pybind11_vendor/cmake)
[3.300s] -- Performing Test HAS_FLTO
[3.542s] -- Performing Test HAS_FLTO - Success
[3.543s] -- Found pybind11: /usr/include (found version "2.11.1")
[3.733s] -- Found ament_cmake_pytest: 2.5.4 (/opt/ros/jazzy/share/ament_cmake_pytest/cmake)
[5.003s] -- Configuring done (4.9s)
[5.071s] -- Generating done (0.0s)
[5.083s] -- Build files have been written to: /home/yuqingchi/Code/ws_moveit/build/moveit_py
[5.107s] Invoked command in '/home/yuqingchi/Code/ws_moveit/build/moveit_py' returned '0': AMENT_PREFIX_PATH=/home/yuqingchi/Code/ws_moveit/install/moveit_ros_planning_interface:/home/yuqingchi/Code/ws_moveit/install/moveit_ros_move_group:/home/yuqingchi/Code/ws_moveit/install/moveit_ros_warehouse:/home/yuqingchi/Code/ws_moveit/install/moveit_kinematics:/home/yuqingchi/Code/ws_moveit/install/moveit_ros_planning:/home/yuqingchi/Code/ws_moveit/install/moveit_simple_controller_manager:/home/yuqingchi/Code/ws_moveit/install/moveit_ros_occupancy_map_monitor:/home/yuqingchi/Code/ws_moveit/install/moveit_core:/home/yuqingchi/Code/ws_moveit/install/moveit_resources_panda_moveit_config:/home/yuqingchi/Code/ws_moveit/install/moveit_resources_fanuc_moveit_config:/home/yuqingchi/Code/ws_moveit/install/moveit_resources_pr2_description:/home/yuqingchi/Code/ws_moveit/install/moveit_resources_panda_description:/home/yuqingchi/Code/ws_moveit/install/moveit_resources_fanuc_description:/home/yuqingchi/Code/ws_moveit/install/moveit_msgs:/home/yuqingchi/Code/ws_moveit/install/moveit_configs_utils:/home/yuqingchi/Code/ws_moveit/install/moveit_common:${AMENT_PREFIX_PATH} CMAKE_PREFIX_PATH=/home/yuqingchi/Code/ws_moveit/install/moveit_ros_planning_interface:/home/yuqingchi/Code/ws_moveit/install/moveit_ros_move_group:/home/yuqingchi/Code/ws_moveit/install/moveit_ros_warehouse:/home/yuqingchi/Code/ws_moveit/install/moveit_kinematics:/home/yuqingchi/Code/ws_moveit/install/moveit_ros_planning:/home/yuqingchi/Code/ws_moveit/install/moveit_simple_controller_manager:/home/yuqingchi/Code/ws_moveit/install/moveit_ros_occupancy_map_monitor:/home/yuqingchi/Code/ws_moveit/install/moveit_core:/home/yuqingchi/Code/ws_moveit/install/moveit_resources_panda_moveit_config:/home/yuqingchi/Code/ws_moveit/install/moveit_resources_fanuc_moveit_config:/home/yuqingchi/Code/ws_moveit/install/moveit_resources_pr2_description:/home/yuqingchi/Code/ws_moveit/install/moveit_resources_panda_description:/home/yuqingchi/Code/ws_moveit/install/moveit_resources_fanuc_description:/home/yuqingchi/Code/ws_moveit/install/moveit_msgs:/home/yuqingchi/Code/ws_moveit/install/moveit_common:/opt/ros/jazzy/opt/gz_math_vendor:/opt/ros/jazzy/opt/gz_utils_vendor:/opt/ros/jazzy/opt/gz_cmake_vendor:/opt/ros/jazzy DEBUGINFOD_URLS=https://debuginfod.ubuntu.com LD_LIBRARY_PATH=/home/yuqingchi/Code/ws_moveit/install/moveit_ros_planning_interface/lib:/home/yuqingchi/Code/ws_moveit/install/moveit_ros_move_group/lib:/home/yuqingchi/Code/ws_moveit/install/moveit_ros_warehouse/lib:/home/yuqingchi/Code/ws_moveit/install/moveit_kinematics/lib:/home/yuqingchi/Code/ws_moveit/install/moveit_ros_planning/lib:/home/yuqingchi/Code/ws_moveit/install/moveit_simple_controller_manager/lib:/home/yuqingchi/Code/ws_moveit/install/moveit_ros_occupancy_map_monitor/lib:/home/yuqingchi/Code/ws_moveit/install/moveit_core/lib:/home/yuqingchi/Code/ws_moveit/install/moveit_msgs/lib:${LD_LIBRARY_PATH} PATH=/home/yuqingchi/Code/ws_moveit/install/moveit_core/bin:${PATH} PYTHONPATH=/home/yuqingchi/Code/ws_moveit/install/moveit_msgs/lib/python3.12/site-packages:/home/yuqingchi/Code/ws_moveit/install/moveit_configs_utils/lib/python3.12/site-packages:${PYTHONPATH} /usr/bin/cmake /home/yuqingchi/Code/ws_moveit/src/moveit2/moveit_py -DCMAKE_INSTALL_PREFIX=/home/yuqingchi/Code/ws_moveit/install/moveit_py
[5.112s] Invoking command in '/home/yuqingchi/Code/ws_moveit/build/moveit_py': AMENT_PREFIX_PATH=/home/yuqingchi/Code/ws_moveit/install/moveit_ros_planning_interface:/home/yuqingchi/Code/ws_moveit/install/moveit_ros_move_group:/home/yuqingchi/Code/ws_moveit/install/moveit_ros_warehouse:/home/yuqingchi/Code/ws_moveit/install/moveit_kinematics:/home/yuqingchi/Code/ws_moveit/install/moveit_ros_planning:/home/yuqingchi/Code/ws_moveit/install/moveit_simple_controller_manager:/home/yuqingchi/Code/ws_moveit/install/moveit_ros_occupancy_map_monitor:/home/yuqingchi/Code/ws_moveit/install/moveit_core:/home/yuqingchi/Code/ws_moveit/install/moveit_resources_panda_moveit_config:/home/yuqingchi/Code/ws_moveit/install/moveit_resources_fanuc_moveit_config:/home/yuqingchi/Code/ws_moveit/install/moveit_resources_pr2_description:/home/yuqingchi/Code/ws_moveit/install/moveit_resources_panda_description:/home/yuqingchi/Code/ws_moveit/install/moveit_resources_fanuc_description:/home/yuqingchi/Code/ws_moveit/install/moveit_msgs:/home/yuqingchi/Code/ws_moveit/install/moveit_configs_utils:/home/yuqingchi/Code/ws_moveit/install/moveit_common:${AMENT_PREFIX_PATH} CMAKE_PREFIX_PATH=/home/yuqingchi/Code/ws_moveit/install/moveit_ros_planning_interface:/home/yuqingchi/Code/ws_moveit/install/moveit_ros_move_group:/home/yuqingchi/Code/ws_moveit/install/moveit_ros_warehouse:/home/yuqingchi/Code/ws_moveit/install/moveit_kinematics:/home/yuqingchi/Code/ws_moveit/install/moveit_ros_planning:/home/yuqingchi/Code/ws_moveit/install/moveit_simple_controller_manager:/home/yuqingchi/Code/ws_moveit/install/moveit_ros_occupancy_map_monitor:/home/yuqingchi/Code/ws_moveit/install/moveit_core:/home/yuqingchi/Code/ws_moveit/install/moveit_resources_panda_moveit_config:/home/yuqingchi/Code/ws_moveit/install/moveit_resources_fanuc_moveit_config:/home/yuqingchi/Code/ws_moveit/install/moveit_resources_pr2_description:/home/yuqingchi/Code/ws_moveit/install/moveit_resources_panda_description:/home/yuqingchi/Code/ws_moveit/install/moveit_resources_fanuc_description:/home/yuqingchi/Code/ws_moveit/install/moveit_msgs:/home/yuqingchi/Code/ws_moveit/install/moveit_common:/opt/ros/jazzy/opt/gz_math_vendor:/opt/ros/jazzy/opt/gz_utils_vendor:/opt/ros/jazzy/opt/gz_cmake_vendor:/opt/ros/jazzy DEBUGINFOD_URLS=https://debuginfod.ubuntu.com LD_LIBRARY_PATH=/home/yuqingchi/Code/ws_moveit/install/moveit_ros_planning_interface/lib:/home/yuqingchi/Code/ws_moveit/install/moveit_ros_move_group/lib:/home/yuqingchi/Code/ws_moveit/install/moveit_ros_warehouse/lib:/home/yuqingchi/Code/ws_moveit/install/moveit_kinematics/lib:/home/yuqingchi/Code/ws_moveit/install/moveit_ros_planning/lib:/home/yuqingchi/Code/ws_moveit/install/moveit_simple_controller_manager/lib:/home/yuqingchi/Code/ws_moveit/install/moveit_ros_occupancy_map_monitor/lib:/home/yuqingchi/Code/ws_moveit/install/moveit_core/lib:/home/yuqingchi/Code/ws_moveit/install/moveit_msgs/lib:${LD_LIBRARY_PATH} PATH=/home/yuqingchi/Code/ws_moveit/install/moveit_core/bin:${PATH} PYTHONPATH=/home/yuqingchi/Code/ws_moveit/install/moveit_msgs/lib/python3.12/site-packages:/home/yuqingchi/Code/ws_moveit/install/moveit_configs_utils/lib/python3.12/site-packages:${PYTHONPATH} /usr/bin/cmake --build /home/yuqingchi/Code/ws_moveit/build/moveit_py -- -j16 -l16
[5.215s] [  8%] [32mBuilding CXX object src/moveit/moveit_py_utils/CMakeFiles/moveit_py_utils.dir/src/ros_msg_typecasters.cpp.o[0m
[5.215s] [  8%] [32mBuilding CXX object src/moveit/moveit_py_utils/CMakeFiles/moveit_py_utils.dir/src/copy_ros_msg.cpp.o[0m
[5.233s] [  8%] Built target ament_cmake_python_copy_moveit
[5.545s] running egg_info
[5.546s] creating moveit.egg-info
[5.569s] writing moveit.egg-info/PKG-INFO
[5.570s] writing dependency_links to moveit.egg-info/dependency_links.txt
[5.570s] writing top-level names to moveit.egg-info/top_level.txt
[5.570s] writing manifest file 'moveit.egg-info/SOURCES.txt'
[5.637s] reading manifest file 'moveit.egg-info/SOURCES.txt'
[5.638s] writing manifest file 'moveit.egg-info/SOURCES.txt'
[5.677s] [  8%] Built target ament_cmake_python_build_moveit_egg
[10.539s] [ 12%] [32m[1mLinking CXX shared library libmoveit_py_utils.so[0m
[11.235s] [ 12%] Built target moveit_py_utils
[11.272s] [ 29%] [32mBuilding CXX object CMakeFiles/core.dir/src/moveit/moveit_core/planning_interface/planning_response.cpp.o[0m
[11.273s] [ 29%] [32mBuilding CXX object CMakeFiles/planning.dir/src/moveit/moveit_ros/moveit_cpp/moveit_cpp.cpp.o[0m
[11.275s] [ 29%] [32mBuilding CXX object CMakeFiles/planning.dir/src/moveit/moveit_ros/moveit_cpp/planning_component.cpp.o[0m
[11.275s] [ 29%] [32mBuilding CXX object CMakeFiles/core.dir/src/moveit/moveit_core/kinematic_constraints/utils.cpp.o[0m
[11.275s] [ 37%] [32mBuilding CXX object CMakeFiles/core.dir/src/moveit/moveit_core/robot_model/joint_model_group.cpp.o[0m
[11.275s] [ 37%] [32mBuilding CXX object CMakeFiles/core.dir/src/moveit/moveit_core/robot_model/joint_model.cpp.o[0m
[11.275s] [ 45%] [32mBuilding CXX object CMakeFiles/core.dir/src/moveit/core.cpp.o[0m
[11.275s] [ 45%] [32mBuilding CXX object CMakeFiles/core.dir/src/moveit/moveit_core/collision_detection/collision_common.cpp.o[0m
[11.275s] [ 50%] [32mBuilding CXX object CMakeFiles/core.dir/src/moveit/moveit_core/collision_detection/collision_matrix.cpp.o[0m
[11.275s] [ 58%] [32mBuilding CXX object CMakeFiles/planning.dir/src/moveit/planning.cpp.o[0m
[11.275s] [ 58%] [32mBuilding CXX object CMakeFiles/core.dir/src/moveit/moveit_core/collision_detection/world.cpp.o[0m
[11.276s] [ 62%] [32mBuilding CXX object CMakeFiles/core.dir/src/moveit/moveit_core/controller_manager/controller_manager.cpp.o[0m
[11.278s] [ 66%] [32mBuilding CXX object CMakeFiles/core.dir/src/moveit/moveit_core/transforms/transforms.cpp.o[0m
[11.290s] [ 70%] [32mBuilding CXX object CMakeFiles/core.dir/src/moveit/moveit_core/planning_scene/planning_scene.cpp.o[0m
[11.290s] [ 75%] [32mBuilding CXX object CMakeFiles/planning.dir/src/moveit/moveit_ros/trajectory_execution_manager/trajectory_execution_manager.cpp.o[0m
[11.290s] [ 79%] [32mBuilding CXX object CMakeFiles/planning.dir/src/moveit/moveit_ros/planning_scene_monitor/planning_scene_monitor.cpp.o[0m
[15.627s] [ 83%] [32mBuilding CXX object CMakeFiles/core.dir/src/moveit/moveit_core/robot_model/robot_model.cpp.o[0m
[16.033s] [ 87%] [32mBuilding CXX object CMakeFiles/core.dir/src/moveit/moveit_core/robot_state/robot_state.cpp.o[0m
[17.096s] [ 91%] [32mBuilding CXX object CMakeFiles/core.dir/src/moveit/moveit_core/robot_trajectory/robot_trajectory.cpp.o[0m
[31.316s] [ 95%] [32m[1mLinking CXX shared module test_moveit/core.cpython-312-x86_64-linux-gnu.so[0m
[31.458s] [100%] [32m[1mLinking CXX shared module test_moveit/planning.cpython-312-x86_64-linux-gnu.so[0m
[32.902s] [01m[Klto-wrapper:[m[K [01;35m[Kwarning: [m[Kusing serial compilation of 2 LTRANS jobs
[32.902s] [01m[Klto-wrapper:[m[K [01;36m[Knote: [m[Ksee the ]8;;https://gcc.gnu.org/onlinedocs/gcc/Optimize-Options.html#index-flto‘[01m[K-flto[m[K’ option documentation]8;; for more information
[33.363s] [01m[Klto-wrapper:[m[K [01;35m[Kwarning: [m[Kusing serial compilation of 3 LTRANS jobs
[33.364s] [01m[Klto-wrapper:[m[K [01;36m[Knote: [m[Ksee the ]8;;https://gcc.gnu.org/onlinedocs/gcc/Optimize-Options.html#index-flto‘[01m[K-flto[m[K’ option documentation]8;; for more information
[38.814s] [100%] Built target planning
[41.615s] [100%] Built target core
[41.640s] Invoked command in '/home/yuqingchi/Code/ws_moveit/build/moveit_py' returned '0': AMENT_PREFIX_PATH=/home/yuqingchi/Code/ws_moveit/install/moveit_ros_planning_interface:/home/yuqingchi/Code/ws_moveit/install/moveit_ros_move_group:/home/yuqingchi/Code/ws_moveit/install/moveit_ros_warehouse:/home/yuqingchi/Code/ws_moveit/install/moveit_kinematics:/home/yuqingchi/Code/ws_moveit/install/moveit_ros_planning:/home/yuqingchi/Code/ws_moveit/install/moveit_simple_controller_manager:/home/yuqingchi/Code/ws_moveit/install/moveit_ros_occupancy_map_monitor:/home/yuqingchi/Code/ws_moveit/install/moveit_core:/home/yuqingchi/Code/ws_moveit/install/moveit_resources_panda_moveit_config:/home/yuqingchi/Code/ws_moveit/install/moveit_resources_fanuc_moveit_config:/home/yuqingchi/Code/ws_moveit/install/moveit_resources_pr2_description:/home/yuqingchi/Code/ws_moveit/install/moveit_resources_panda_description:/home/yuqingchi/Code/ws_moveit/install/moveit_resources_fanuc_description:/home/yuqingchi/Code/ws_moveit/install/moveit_msgs:/home/yuqingchi/Code/ws_moveit/install/moveit_configs_utils:/home/yuqingchi/Code/ws_moveit/install/moveit_common:${AMENT_PREFIX_PATH} CMAKE_PREFIX_PATH=/home/yuqingchi/Code/ws_moveit/install/moveit_ros_planning_interface:/home/yuqingchi/Code/ws_moveit/install/moveit_ros_move_group:/home/yuqingchi/Code/ws_moveit/install/moveit_ros_warehouse:/home/yuqingchi/Code/ws_moveit/install/moveit_kinematics:/home/yuqingchi/Code/ws_moveit/install/moveit_ros_planning:/home/yuqingchi/Code/ws_moveit/install/moveit_simple_controller_manager:/home/yuqingchi/Code/ws_moveit/install/moveit_ros_occupancy_map_monitor:/home/yuqingchi/Code/ws_moveit/install/moveit_core:/home/yuqingchi/Code/ws_moveit/install/moveit_resources_panda_moveit_config:/home/yuqingchi/Code/ws_moveit/install/moveit_resources_fanuc_moveit_config:/home/yuqingchi/Code/ws_moveit/install/moveit_resources_pr2_description:/home/yuqingchi/Code/ws_moveit/install/moveit_resources_panda_description:/home/yuqingchi/Code/ws_moveit/install/moveit_resources_fanuc_description:/home/yuqingchi/Code/ws_moveit/install/moveit_msgs:/home/yuqingchi/Code/ws_moveit/install/moveit_common:/opt/ros/jazzy/opt/gz_math_vendor:/opt/ros/jazzy/opt/gz_utils_vendor:/opt/ros/jazzy/opt/gz_cmake_vendor:/opt/ros/jazzy DEBUGINFOD_URLS=https://debuginfod.ubuntu.com LD_LIBRARY_PATH=/home/yuqingchi/Code/ws_moveit/install/moveit_ros_planning_interface/lib:/home/yuqingchi/Code/ws_moveit/install/moveit_ros_move_group/lib:/home/yuqingchi/Code/ws_moveit/install/moveit_ros_warehouse/lib:/home/yuqingchi/Code/ws_moveit/install/moveit_kinematics/lib:/home/yuqingchi/Code/ws_moveit/install/moveit_ros_planning/lib:/home/yuqingchi/Code/ws_moveit/install/moveit_simple_controller_manager/lib:/home/yuqingchi/Code/ws_moveit/install/moveit_ros_occupancy_map_monitor/lib:/home/yuqingchi/Code/ws_moveit/install/moveit_core/lib:/home/yuqingchi/Code/ws_moveit/install/moveit_msgs/lib:${LD_LIBRARY_PATH} PATH=/home/yuqingchi/Code/ws_moveit/install/moveit_core/bin:${PATH} PYTHONPATH=/home/yuqingchi/Code/ws_moveit/install/moveit_msgs/lib/python3.12/site-packages:/home/yuqingchi/Code/ws_moveit/install/moveit_configs_utils/lib/python3.12/site-packages:${PYTHONPATH} /usr/bin/cmake --build /home/yuqingchi/Code/ws_moveit/build/moveit_py -- -j16 -l16
[41.645s] Invoking command in '/home/yuqingchi/Code/ws_moveit/build/moveit_py': AMENT_PREFIX_PATH=/home/yuqingchi/Code/ws_moveit/install/moveit_ros_planning_interface:/home/yuqingchi/Code/ws_moveit/install/moveit_ros_move_group:/home/yuqingchi/Code/ws_moveit/install/moveit_ros_warehouse:/home/yuqingchi/Code/ws_moveit/install/moveit_kinematics:/home/yuqingchi/Code/ws_moveit/install/moveit_ros_planning:/home/yuqingchi/Code/ws_moveit/install/moveit_simple_controller_manager:/home/yuqingchi/Code/ws_moveit/install/moveit_ros_occupancy_map_monitor:/home/yuqingchi/Code/ws_moveit/install/moveit_core:/home/yuqingchi/Code/ws_moveit/install/moveit_resources_panda_moveit_config:/home/yuqingchi/Code/ws_moveit/install/moveit_resources_fanuc_moveit_config:/home/yuqingchi/Code/ws_moveit/install/moveit_resources_pr2_description:/home/yuqingchi/Code/ws_moveit/install/moveit_resources_panda_description:/home/yuqingchi/Code/ws_moveit/install/moveit_resources_fanuc_description:/home/yuqingchi/Code/ws_moveit/install/moveit_msgs:/home/yuqingchi/Code/ws_moveit/install/moveit_configs_utils:/home/yuqingchi/Code/ws_moveit/install/moveit_common:${AMENT_PREFIX_PATH} CMAKE_PREFIX_PATH=/home/yuqingchi/Code/ws_moveit/install/moveit_ros_planning_interface:/home/yuqingchi/Code/ws_moveit/install/moveit_ros_move_group:/home/yuqingchi/Code/ws_moveit/install/moveit_ros_warehouse:/home/yuqingchi/Code/ws_moveit/install/moveit_kinematics:/home/yuqingchi/Code/ws_moveit/install/moveit_ros_planning:/home/yuqingchi/Code/ws_moveit/install/moveit_simple_controller_manager:/home/yuqingchi/Code/ws_moveit/install/moveit_ros_occupancy_map_monitor:/home/yuqingchi/Code/ws_moveit/install/moveit_core:/home/yuqingchi/Code/ws_moveit/install/moveit_resources_panda_moveit_config:/home/yuqingchi/Code/ws_moveit/install/moveit_resources_fanuc_moveit_config:/home/yuqingchi/Code/ws_moveit/install/moveit_resources_pr2_description:/home/yuqingchi/Code/ws_moveit/install/moveit_resources_panda_description:/home/yuqingchi/Code/ws_moveit/install/moveit_resources_fanuc_description:/home/yuqingchi/Code/ws_moveit/install/moveit_msgs:/home/yuqingchi/Code/ws_moveit/install/moveit_common:/opt/ros/jazzy/opt/gz_math_vendor:/opt/ros/jazzy/opt/gz_utils_vendor:/opt/ros/jazzy/opt/gz_cmake_vendor:/opt/ros/jazzy DEBUGINFOD_URLS=https://debuginfod.ubuntu.com LD_LIBRARY_PATH=/home/yuqingchi/Code/ws_moveit/install/moveit_ros_planning_interface/lib:/home/yuqingchi/Code/ws_moveit/install/moveit_ros_move_group/lib:/home/yuqingchi/Code/ws_moveit/install/moveit_ros_warehouse/lib:/home/yuqingchi/Code/ws_moveit/install/moveit_kinematics/lib:/home/yuqingchi/Code/ws_moveit/install/moveit_ros_planning/lib:/home/yuqingchi/Code/ws_moveit/install/moveit_simple_controller_manager/lib:/home/yuqingchi/Code/ws_moveit/install/moveit_ros_occupancy_map_monitor/lib:/home/yuqingchi/Code/ws_moveit/install/moveit_core/lib:/home/yuqingchi/Code/ws_moveit/install/moveit_msgs/lib:${LD_LIBRARY_PATH} PATH=/home/yuqingchi/Code/ws_moveit/install/moveit_core/bin:${PATH} PYTHONPATH=/home/yuqingchi/Code/ws_moveit/install/moveit_msgs/lib/python3.12/site-packages:/home/yuqingchi/Code/ws_moveit/install/moveit_configs_utils/lib/python3.12/site-packages:${PYTHONPATH} /usr/bin/cmake --install /home/yuqingchi/Code/ws_moveit/build/moveit_py
[41.662s] -- Install configuration: ""
[41.662s] -- Installing: /home/yuqingchi/Code/ws_moveit/install/moveit_py/lib/libmoveit_py_utils.so.
[41.664s] -- Set non-toolchain portion of runtime path of "/home/yuqingchi/Code/ws_moveit/install/moveit_py/lib/libmoveit_py_utils.so." to ""
[41.664s] -- Installing: /home/yuqingchi/Code/ws_moveit/install/moveit_py/lib/libmoveit_py_utils.so
[41.665s] -- Installing: /home/yuqingchi/Code/ws_moveit/install/moveit_py/include/moveit_py
[41.665s] -- Installing: /home/yuqingchi/Code/ws_moveit/install/moveit_py/include/moveit_py/moveit_py
[41.665s] -- Installing: /home/yuqingchi/Code/ws_moveit/install/moveit_py/include/moveit_py/moveit_py/moveit_py_utils
[41.665s] -- Installing: /home/yuqingchi/Code/ws_moveit/install/moveit_py/include/moveit_py/moveit_py/moveit_py_utils/ros_msg_typecasters.h
[41.665s] -- Installing: /home/yuqingchi/Code/ws_moveit/install/moveit_py/include/moveit_py/moveit_py/moveit_py_utils/copy_ros_msg.h
[41.666s] -- Installing: /home/yuqingchi/Code/ws_moveit/install/moveit_py/include/moveit_py/moveit_py/moveit_py_utils/ros_msg_typecasters.hpp
[41.666s] -- Installing: /home/yuqingchi/Code/ws_moveit/install/moveit_py/include/moveit_py/moveit_py/moveit_py_utils/rclpy_time_typecaster.hpp
[41.666s] -- Installing: /home/yuqingchi/Code/ws_moveit/install/moveit_py/include/moveit_py/moveit_py/moveit_py_utils/copy_ros_msg.hpp
[41.666s] -- Installing: /home/yuqingchi/Code/ws_moveit/install/moveit_py/share/moveit_py/environment/pythonpath.sh
[41.666s] -- Installing: /home/yuqingchi/Code/ws_moveit/install/moveit_py/share/moveit_py/environment/pythonpath.dsv
[41.666s] -- Installing: /home/yuqingchi/Code/ws_moveit/install/moveit_py/lib/python3.12/site-packages/moveit-2.14.1-py3.12.egg-info
[41.667s] -- Installing: /home/yuqingchi/Code/ws_moveit/install/moveit_py/lib/python3.12/site-packages/moveit-2.14.1-py3.12.egg-info/PKG-INFO
[41.667s] -- Installing: /home/yuqingchi/Code/ws_moveit/install/moveit_py/lib/python3.12/site-packages/moveit-2.14.1-py3.12.egg-info/dependency_links.txt
[41.667s] -- Installing: /home/yuqingchi/Code/ws_moveit/install/moveit_py/lib/python3.12/site-packages/moveit-2.14.1-py3.12.egg-info/SOURCES.txt
[41.667s] -- Installing: /home/yuqingchi/Code/ws_moveit/install/moveit_py/lib/python3.12/site-packages/moveit-2.14.1-py3.12.egg-info/top_level.txt
[41.667s] -- Installing: /home/yuqingchi/Code/ws_moveit/install/moveit_py/lib/python3.12/site-packages/moveit
[41.667s] -- Installing: /home/yuqingchi/Code/ws_moveit/install/moveit_py/lib/python3.12/site-packages/moveit/planning.pyi
[41.667s] -- Installing: /home/yuqingchi/Code/ws_moveit/install/moveit_py/lib/python3.12/site-packages/moveit/servo_client
[41.667s] -- Installing: /home/yuqingchi/Code/ws_moveit/install/moveit_py/lib/python3.12/site-packages/moveit/servo_client/__init__.pyi
[41.667s] -- Installing: /home/yuqingchi/Code/ws_moveit/install/moveit_py/lib/python3.12/site-packages/moveit/servo_client/teleop.py
[41.668s] -- Installing: /home/yuqingchi/Code/ws_moveit/install/moveit_py/lib/python3.12/site-packages/moveit/servo_client/__init__.py
[41.668s] -- Installing: /home/yuqingchi/Code/ws_moveit/install/moveit_py/lib/python3.12/site-packages/moveit/servo_client/teleop.pyi
[41.668s] -- Installing: /home/yuqingchi/Code/ws_moveit/install/moveit_py/lib/python3.12/site-packages/moveit/servo_client/devices
[41.668s] -- Installing: /home/yuqingchi/Code/ws_moveit/install/moveit_py/lib/python3.12/site-packages/moveit/servo_client/devices/ps4_dualshock.pyi
[41.668s] -- Installing: /home/yuqingchi/Code/ws_moveit/install/moveit_py/lib/python3.12/site-packages/moveit/servo_client/devices/__init__.pyi
[41.668s] -- Installing: /home/yuqingchi/Code/ws_moveit/install/moveit_py/lib/python3.12/site-packages/moveit/servo_client/devices/ps4_dualshock.py
[41.668s] -- Installing: /home/yuqingchi/Code/ws_moveit/install/moveit_py/lib/python3.12/site-packages/moveit/servo_client/devices/__init__.py
[41.668s] -- Installing: /home/yuqingchi/Code/ws_moveit/install/moveit_py/lib/python3.12/site-packages/moveit/servo_client/README.md
[41.668s] -- Installing: /home/yuqingchi/Code/ws_moveit/install/moveit_py/lib/python3.12/site-packages/moveit/py.typed
[41.669s] -- Installing: /home/yuqingchi/Code/ws_moveit/install/moveit_py/lib/python3.12/site-packages/moveit/core
[41.669s] -- Installing: /home/yuqingchi/Code/ws_moveit/install/moveit_py/lib/python3.12/site-packages/moveit/core/__init__.pyi
[41.669s] -- Installing: /home/yuqingchi/Code/ws_moveit/install/moveit_py/lib/python3.12/site-packages/moveit/core/planning_scene.pyi
[41.669s] -- Installing: /home/yuqingchi/Code/ws_moveit/install/moveit_py/lib/python3.12/site-packages/moveit/core/kinematic_constraints.pyi
[41.669s] -- Installing: /home/yuqingchi/Code/ws_moveit/install/moveit_py/lib/python3.12/site-packages/moveit/core/collision_detection.pyi
[41.669s] -- Installing: /home/yuqingchi/Code/ws_moveit/install/moveit_py/lib/python3.12/site-packages/moveit/core/controller_manager.pyi
[41.669s] -- Installing: /home/yuqingchi/Code/ws_moveit/install/moveit_py/lib/python3.12/site-packages/moveit/core/planning_interface.pyi
[41.669s] -- Installing: /home/yuqingchi/Code/ws_moveit/install/moveit_py/lib/python3.12/site-packages/moveit/core/robot_state.pyi
[41.670s] -- Installing: /home/yuqingchi/Code/ws_moveit/install/moveit_py/lib/python3.12/site-packages/moveit/core/robot_model.pyi
[41.670s] -- Installing: /home/yuqingchi/Code/ws_moveit/install/moveit_py/lib/python3.12/site-packages/moveit/core/robot_trajectory.pyi
[41.670s] -- Installing: /home/yuqingchi/Code/ws_moveit/install/moveit_py/lib/python3.12/site-packages/moveit/policies
[41.670s] -- Installing: /home/yuqingchi/Code/ws_moveit/install/moveit_py/lib/python3.12/site-packages/moveit/policies/__init__.pyi
[41.670s] -- Installing: /home/yuqingchi/Code/ws_moveit/install/moveit_py/lib/python3.12/site-packages/moveit/policies/policy.pyi
[41.670s] -- Installing: /home/yuqingchi/Code/ws_moveit/install/moveit_py/lib/python3.12/site-packages/moveit/policies/policy.py
[41.670s] -- Installing: /home/yuqingchi/Code/ws_moveit/install/moveit_py/lib/python3.12/site-packages/moveit/policies/__init__.py
[41.671s] -- Installing: /home/yuqingchi/Code/ws_moveit/install/moveit_py/lib/python3.12/site-packages/moveit/utils.pyi
[41.671s] -- Installing: /home/yuqingchi/Code/ws_moveit/install/moveit_py/lib/python3.12/site-packages/moveit/utils.py
[41.671s] -- Installing: /home/yuqingchi/Code/ws_moveit/install/moveit_py/lib/python3.12/site-packages/moveit/__init__.py
[41.671s] -- Installing: /home/yuqingchi/Code/ws_moveit/install/moveit_py/lib/python3.12/site-packages/moveit/README.md
[41.738s] Listing '/home/yuqingchi/Code/ws_moveit/install/moveit_py/lib/python3.12/site-packages/moveit'...
[41.738s] Compiling '/home/yuqingchi/Code/ws_moveit/install/moveit_py/lib/python3.12/site-packages/moveit/__init__.py'...
[41.738s] Listing '/home/yuqingchi/Code/ws_moveit/install/moveit_py/lib/python3.12/site-packages/moveit/core'...
[41.738s] Listing '/home/yuqingchi/Code/ws_moveit/install/moveit_py/lib/python3.12/site-packages/moveit/policies'...
[41.738s] Compiling '/home/yuqingchi/Code/ws_moveit/install/moveit_py/lib/python3.12/site-packages/moveit/policies/__init__.py'...
[41.738s] Compiling '/home/yuqingchi/Code/ws_moveit/install/moveit_py/lib/python3.12/site-packages/moveit/policies/policy.py'...
[41.738s] Listing '/home/yuqingchi/Code/ws_moveit/install/moveit_py/lib/python3.12/site-packages/moveit/servo_client'...
[41.738s] Compiling '/home/yuqingchi/Code/ws_moveit/install/moveit_py/lib/python3.12/site-packages/moveit/servo_client/__init__.py'...
[41.738s] Listing '/home/yuqingchi/Code/ws_moveit/install/moveit_py/lib/python3.12/site-packages/moveit/servo_client/devices'...
[41.738s] Compiling '/home/yuqingchi/Code/ws_moveit/install/moveit_py/lib/python3.12/site-packages/moveit/servo_client/devices/__init__.py'...
[41.739s] Compiling '/home/yuqingchi/Code/ws_moveit/install/moveit_py/lib/python3.12/site-packages/moveit/servo_client/devices/ps4_dualshock.py'...
[41.739s] Compiling '/home/yuqingchi/Code/ws_moveit/install/moveit_py/lib/python3.12/site-packages/moveit/servo_client/teleop.py'...
[41.739s] Compiling '/home/yuqingchi/Code/ws_moveit/install/moveit_py/lib/python3.12/site-packages/moveit/utils.py'...
[41.747s] -- Installing: /home/yuqingchi/Code/ws_moveit/install/moveit_py/lib/python3.12/site-packages/moveit/core.cpython-312-x86_64-linux-gnu.so
[41.750s] -- Set non-toolchain portion of runtime path of "/home/yuqingchi/Code/ws_moveit/install/moveit_py/lib/python3.12/site-packages/moveit/core.cpython-312-x86_64-linux-gnu.so" to ""
[41.751s] -- Installing: /home/yuqingchi/Code/ws_moveit/install/moveit_py/lib/python3.12/site-packages/moveit/planning.cpython-312-x86_64-linux-gnu.so
[41.753s] -- Set non-toolchain portion of runtime path of "/home/yuqingchi/Code/ws_moveit/install/moveit_py/lib/python3.12/site-packages/moveit/planning.cpython-312-x86_64-linux-gnu.so" to ""
[41.753s] -- Installing: /home/yuqingchi/Code/ws_moveit/install/moveit_py/share/moveit_py/environment/library_path.sh
[41.754s] -- Installing: /home/yuqingchi/Code/ws_moveit/install/moveit_py/share/moveit_py/environment/library_path.dsv
[41.754s] -- Installing: /home/yuqingchi/Code/ws_moveit/install/moveit_py/share/ament_index/resource_index/package_run_dependencies/moveit_py
[41.754s] -- Installing: /home/yuqingchi/Code/ws_moveit/install/moveit_py/share/ament_index/resource_index/parent_prefix_path/moveit_py
[41.754s] -- Installing: /home/yuqingchi/Code/ws_moveit/install/moveit_py/share/moveit_py/environment/ament_prefix_path.sh
[41.754s] -- Installing: /home/yuqingchi/Code/ws_moveit/install/moveit_py/share/moveit_py/environment/ament_prefix_path.dsv
[41.754s] -- Installing: /home/yuqingchi/Code/ws_moveit/install/moveit_py/share/moveit_py/environment/path.sh
[41.755s] -- Installing: /home/yuqingchi/Code/ws_moveit/install/moveit_py/share/moveit_py/environment/path.dsv
[41.755s] -- Installing: /home/yuqingchi/Code/ws_moveit/install/moveit_py/share/moveit_py/local_setup.bash
[41.755s] -- Installing: /home/yuqingchi/Code/ws_moveit/install/moveit_py/share/moveit_py/local_setup.sh
[41.755s] -- Installing: /home/yuqingchi/Code/ws_moveit/install/moveit_py/share/moveit_py/local_setup.zsh
[41.756s] -- Installing: /home/yuqingchi/Code/ws_moveit/install/moveit_py/share/moveit_py/local_setup.dsv
[41.756s] -- Installing: /home/yuqingchi/Code/ws_moveit/install/moveit_py/share/moveit_py/package.dsv
[41.756s] -- Installing: /home/yuqingchi/Code/ws_moveit/install/moveit_py/share/ament_index/resource_index/packages/moveit_py
[41.756s] -- Installing: /home/yuqingchi/Code/ws_moveit/install/moveit_py/share/moveit_py/cmake/moveit_py_utilsTargetsExport.cmake
[41.756s] -- Installing: /home/yuqingchi/Code/ws_moveit/install/moveit_py/share/moveit_py/cmake/moveit_py_utilsTargetsExport-noconfig.cmake
[41.756s] -- Installing: /home/yuqingchi/Code/ws_moveit/install/moveit_py/share/moveit_py/cmake/ament_cmake_export_targets-extras.cmake
[41.756s] -- Installing: /home/yuqingchi/Code/ws_moveit/install/moveit_py/share/moveit_py/cmake/ament_cmake_export_dependencies-extras.cmake
[41.756s] -- Installing: /home/yuqingchi/Code/ws_moveit/install/moveit_py/share/moveit_py/cmake/moveit_pyConfig.cmake
[41.757s] -- Installing: /home/yuqingchi/Code/ws_moveit/install/moveit_py/share/moveit_py/cmake/moveit_pyConfig-version.cmake
[41.757s] -- Installing: /home/yuqingchi/Code/ws_moveit/install/moveit_py/share/moveit_py/package.xml
[41.762s] Invoked command in '/home/yuqingchi/Code/ws_moveit/build/moveit_py' returned '0': AMENT_PREFIX_PATH=/home/yuqingchi/Code/ws_moveit/install/moveit_ros_planning_interface:/home/yuqingchi/Code/ws_moveit/install/moveit_ros_move_group:/home/yuqingchi/Code/ws_moveit/install/moveit_ros_warehouse:/home/yuqingchi/Code/ws_moveit/install/moveit_kinematics:/home/yuqingchi/Code/ws_moveit/install/moveit_ros_planning:/home/yuqingchi/Code/ws_moveit/install/moveit_simple_controller_manager:/home/yuqingchi/Code/ws_moveit/install/moveit_ros_occupancy_map_monitor:/home/yuqingchi/Code/ws_moveit/install/moveit_core:/home/yuqingchi/Code/ws_moveit/install/moveit_resources_panda_moveit_config:/home/yuqingchi/Code/ws_moveit/install/moveit_resources_fanuc_moveit_config:/home/yuqingchi/Code/ws_moveit/install/moveit_resources_pr2_description:/home/yuqingchi/Code/ws_moveit/install/moveit_resources_panda_description:/home/yuqingchi/Code/ws_moveit/install/moveit_resources_fanuc_description:/home/yuqingchi/Code/ws_moveit/install/moveit_msgs:/home/yuqingchi/Code/ws_moveit/install/moveit_configs_utils:/home/yuqingchi/Code/ws_moveit/install/moveit_common:${AMENT_PREFIX_PATH} CMAKE_PREFIX_PATH=/home/yuqingchi/Code/ws_moveit/install/moveit_ros_planning_interface:/home/yuqingchi/Code/ws_moveit/install/moveit_ros_move_group:/home/yuqingchi/Code/ws_moveit/install/moveit_ros_warehouse:/home/yuqingchi/Code/ws_moveit/install/moveit_kinematics:/home/yuqingchi/Code/ws_moveit/install/moveit_ros_planning:/home/yuqingchi/Code/ws_moveit/install/moveit_simple_controller_manager:/home/yuqingchi/Code/ws_moveit/install/moveit_ros_occupancy_map_monitor:/home/yuqingchi/Code/ws_moveit/install/moveit_core:/home/yuqingchi/Code/ws_moveit/install/moveit_resources_panda_moveit_config:/home/yuqingchi/Code/ws_moveit/install/moveit_resources_fanuc_moveit_config:/home/yuqingchi/Code/ws_moveit/install/moveit_resources_pr2_description:/home/yuqingchi/Code/ws_moveit/install/moveit_resources_panda_description:/home/yuqingchi/Code/ws_moveit/install/moveit_resources_fanuc_description:/home/yuqingchi/Code/ws_moveit/install/moveit_msgs:/home/yuqingchi/Code/ws_moveit/install/moveit_common:/opt/ros/jazzy/opt/gz_math_vendor:/opt/ros/jazzy/opt/gz_utils_vendor:/opt/ros/jazzy/opt/gz_cmake_vendor:/opt/ros/jazzy DEBUGINFOD_URLS=https://debuginfod.ubuntu.com LD_LIBRARY_PATH=/home/yuqingchi/Code/ws_moveit/install/moveit_ros_planning_interface/lib:/home/yuqingchi/Code/ws_moveit/install/moveit_ros_move_group/lib:/home/yuqingchi/Code/ws_moveit/install/moveit_ros_warehouse/lib:/home/yuqingchi/Code/ws_moveit/install/moveit_kinematics/lib:/home/yuqingchi/Code/ws_moveit/install/moveit_ros_planning/lib:/home/yuqingchi/Code/ws_moveit/install/moveit_simple_controller_manager/lib:/home/yuqingchi/Code/ws_moveit/install/moveit_ros_occupancy_map_monitor/lib:/home/yuqingchi/Code/ws_moveit/install/moveit_core/lib:/home/yuqingchi/Code/ws_moveit/install/moveit_msgs/lib:${LD_LIBRARY_PATH} PATH=/home/yuqingchi/Code/ws_moveit/install/moveit_core/bin:${PATH} PYTHONPATH=/home/yuqingchi/Code/ws_moveit/install/moveit_msgs/lib/python3.12/site-packages:/home/yuqingchi/Code/ws_moveit/install/moveit_configs_utils/lib/python3.12/site-packages:${PYTHONPATH} /usr/bin/cmake --install /home/yuqingchi/Code/ws_moveit/build/moveit_py
