[0.057s] Invoking command in '/home/yuqingchi/Code/ws_moveit/build/rviz_marker_tools': AMENT_PREFIX_PATH=/home/yuqingchi/Code/ws_moveit/install/moveit_common:${AMENT_PREFIX_PATH} CMAKE_PREFIX_PATH=/home/yuqingchi/Code/ws_moveit/install/moveit_common:/opt/ros/jazzy/opt/gz_sim_vendor:/opt/ros/jazzy/opt/gz_sensors_vendor:/opt/ros/jazzy/opt/gz_physics_vendor:/opt/ros/jazzy/opt/sdformat_vendor:/opt/ros/jazzy/opt/gz_gui_vendor:/opt/ros/jazzy/opt/gz_transport_vendor:/opt/ros/jazzy/opt/gz_rendering_vendor:/opt/ros/jazzy/opt/gz_plugin_vendor:/opt/ros/jazzy/opt/gz_fuel_tools_vendor:/opt/ros/jazzy/opt/gz_msgs_vendor:/opt/ros/jazzy/opt/gz_common_vendor:/opt/ros/jazzy/opt/gz_math_vendor:/opt/ros/jazzy/opt/gz_utils_vendor:/opt/ros/jazzy/opt/gz_tools_vendor:/opt/ros/jazzy/opt/gz_ogre_next_vendor:/opt/ros/jazzy/opt/gz_dartsim_vendor:/opt/ros/jazzy/opt/gz_cmake_vendor:/opt/ros/jazzy DEBUGINFOD_URLS=https://debuginfod.ubuntu.com /usr/bin/cmake --build /home/yuqingchi/Code/ws_moveit/build/rviz_marker_tools -- -j16 -l16
[0.116s] [100%] Built target rviz_marker_tools
[0.132s] Invoked command in '/home/yuqingchi/Code/ws_moveit/build/rviz_marker_tools' returned '0': AMENT_PREFIX_PATH=/home/yuqingchi/Code/ws_moveit/install/moveit_common:${AMENT_PREFIX_PATH} CMAKE_PREFIX_PATH=/home/yuqingchi/Code/ws_moveit/install/moveit_common:/opt/ros/jazzy/opt/gz_sim_vendor:/opt/ros/jazzy/opt/gz_sensors_vendor:/opt/ros/jazzy/opt/gz_physics_vendor:/opt/ros/jazzy/opt/sdformat_vendor:/opt/ros/jazzy/opt/gz_gui_vendor:/opt/ros/jazzy/opt/gz_transport_vendor:/opt/ros/jazzy/opt/gz_rendering_vendor:/opt/ros/jazzy/opt/gz_plugin_vendor:/opt/ros/jazzy/opt/gz_fuel_tools_vendor:/opt/ros/jazzy/opt/gz_msgs_vendor:/opt/ros/jazzy/opt/gz_common_vendor:/opt/ros/jazzy/opt/gz_math_vendor:/opt/ros/jazzy/opt/gz_utils_vendor:/opt/ros/jazzy/opt/gz_tools_vendor:/opt/ros/jazzy/opt/gz_ogre_next_vendor:/opt/ros/jazzy/opt/gz_dartsim_vendor:/opt/ros/jazzy/opt/gz_cmake_vendor:/opt/ros/jazzy DEBUGINFOD_URLS=https://debuginfod.ubuntu.com /usr/bin/cmake --build /home/yuqingchi/Code/ws_moveit/build/rviz_marker_tools -- -j16 -l16
[0.134s] Invoking command in '/home/yuqingchi/Code/ws_moveit/build/rviz_marker_tools': AMENT_PREFIX_PATH=/home/yuqingchi/Code/ws_moveit/install/moveit_common:${AMENT_PREFIX_PATH} CMAKE_PREFIX_PATH=/home/yuqingchi/Code/ws_moveit/install/moveit_common:/opt/ros/jazzy/opt/gz_sim_vendor:/opt/ros/jazzy/opt/gz_sensors_vendor:/opt/ros/jazzy/opt/gz_physics_vendor:/opt/ros/jazzy/opt/sdformat_vendor:/opt/ros/jazzy/opt/gz_gui_vendor:/opt/ros/jazzy/opt/gz_transport_vendor:/opt/ros/jazzy/opt/gz_rendering_vendor:/opt/ros/jazzy/opt/gz_plugin_vendor:/opt/ros/jazzy/opt/gz_fuel_tools_vendor:/opt/ros/jazzy/opt/gz_msgs_vendor:/opt/ros/jazzy/opt/gz_common_vendor:/opt/ros/jazzy/opt/gz_math_vendor:/opt/ros/jazzy/opt/gz_utils_vendor:/opt/ros/jazzy/opt/gz_tools_vendor:/opt/ros/jazzy/opt/gz_ogre_next_vendor:/opt/ros/jazzy/opt/gz_dartsim_vendor:/opt/ros/jazzy/opt/gz_cmake_vendor:/opt/ros/jazzy DEBUGINFOD_URLS=https://debuginfod.ubuntu.com /usr/bin/cmake --install /home/yuqingchi/Code/ws_moveit/build/rviz_marker_tools
[0.143s] -- Install configuration: "Release"
[0.143s] -- Up-to-date: /home/yuqingchi/Code/ws_moveit/install/rviz_marker_tools/include
[0.144s] -- Up-to-date: /home/yuqingchi/Code/ws_moveit/install/rviz_marker_tools/include/rviz_marker_tools
[0.144s] -- Up-to-date: /home/yuqingchi/Code/ws_moveit/install/rviz_marker_tools/include/rviz_marker_tools/marker_creation.h
[0.144s] -- Up-to-date: /home/yuqingchi/Code/ws_moveit/install/rviz_marker_tools/lib/librviz_marker_tools.so
[0.144s] -- Up-to-date: /home/yuqingchi/Code/ws_moveit/install/rviz_marker_tools/share/rviz_marker_tools/environment/library_path.sh
[0.144s] -- Up-to-date: /home/yuqingchi/Code/ws_moveit/install/rviz_marker_tools/share/rviz_marker_tools/environment/library_path.dsv
[0.144s] -- Up-to-date: /home/yuqingchi/Code/ws_moveit/install/rviz_marker_tools/share/ament_index/resource_index/package_run_dependencies/rviz_marker_tools
[0.144s] -- Up-to-date: /home/yuqingchi/Code/ws_moveit/install/rviz_marker_tools/share/ament_index/resource_index/parent_prefix_path/rviz_marker_tools
[0.144s] -- Up-to-date: /home/yuqingchi/Code/ws_moveit/install/rviz_marker_tools/share/rviz_marker_tools/environment/ament_prefix_path.sh
[0.144s] -- Up-to-date: /home/yuqingchi/Code/ws_moveit/install/rviz_marker_tools/share/rviz_marker_tools/environment/ament_prefix_path.dsv
[0.144s] -- Up-to-date: /home/yuqingchi/Code/ws_moveit/install/rviz_marker_tools/share/rviz_marker_tools/environment/path.sh
[0.144s] -- Up-to-date: /home/yuqingchi/Code/ws_moveit/install/rviz_marker_tools/share/rviz_marker_tools/environment/path.dsv
[0.144s] -- Up-to-date: /home/yuqingchi/Code/ws_moveit/install/rviz_marker_tools/share/rviz_marker_tools/local_setup.bash
[0.144s] -- Up-to-date: /home/yuqingchi/Code/ws_moveit/install/rviz_marker_tools/share/rviz_marker_tools/local_setup.sh
[0.144s] -- Up-to-date: /home/yuqingchi/Code/ws_moveit/install/rviz_marker_tools/share/rviz_marker_tools/local_setup.zsh
[0.144s] -- Up-to-date: /home/yuqingchi/Code/ws_moveit/install/rviz_marker_tools/share/rviz_marker_tools/local_setup.dsv
[0.144s] -- Installing: /home/yuqingchi/Code/ws_moveit/install/rviz_marker_tools/share/rviz_marker_tools/package.dsv
[0.144s] -- Up-to-date: /home/yuqingchi/Code/ws_moveit/install/rviz_marker_tools/share/ament_index/resource_index/packages/rviz_marker_tools
[0.145s] -- Up-to-date: /home/yuqingchi/Code/ws_moveit/install/rviz_marker_tools/share/rviz_marker_tools/cmake/rviz_marker_toolsTargetsExport.cmake
[0.145s] -- Up-to-date: /home/yuqingchi/Code/ws_moveit/install/rviz_marker_tools/share/rviz_marker_tools/cmake/rviz_marker_toolsTargetsExport-release.cmake
[0.145s] -- Up-to-date: /home/yuqingchi/Code/ws_moveit/install/rviz_marker_tools/share/rviz_marker_tools/cmake/ament_cmake_export_targets-extras.cmake
[0.145s] -- Up-to-date: /home/yuqingchi/Code/ws_moveit/install/rviz_marker_tools/share/rviz_marker_tools/cmake/ament_cmake_export_dependencies-extras.cmake
[0.145s] -- Up-to-date: /home/yuqingchi/Code/ws_moveit/install/rviz_marker_tools/share/rviz_marker_tools/cmake/rviz_marker_toolsConfig.cmake
[0.145s] -- Up-to-date: /home/yuqingchi/Code/ws_moveit/install/rviz_marker_tools/share/rviz_marker_tools/cmake/rviz_marker_toolsConfig-version.cmake
[0.145s] -- Up-to-date: /home/yuqingchi/Code/ws_moveit/install/rviz_marker_tools/share/rviz_marker_tools/package.xml
[0.159s] Invoked command in '/home/yuqingchi/Code/ws_moveit/build/rviz_marker_tools' returned '0': AMENT_PREFIX_PATH=/home/yuqingchi/Code/ws_moveit/install/moveit_common:${AMENT_PREFIX_PATH} CMAKE_PREFIX_PATH=/home/yuqingchi/Code/ws_moveit/install/moveit_common:/opt/ros/jazzy/opt/gz_sim_vendor:/opt/ros/jazzy/opt/gz_sensors_vendor:/opt/ros/jazzy/opt/gz_physics_vendor:/opt/ros/jazzy/opt/sdformat_vendor:/opt/ros/jazzy/opt/gz_gui_vendor:/opt/ros/jazzy/opt/gz_transport_vendor:/opt/ros/jazzy/opt/gz_rendering_vendor:/opt/ros/jazzy/opt/gz_plugin_vendor:/opt/ros/jazzy/opt/gz_fuel_tools_vendor:/opt/ros/jazzy/opt/gz_msgs_vendor:/opt/ros/jazzy/opt/gz_common_vendor:/opt/ros/jazzy/opt/gz_math_vendor:/opt/ros/jazzy/opt/gz_utils_vendor:/opt/ros/jazzy/opt/gz_tools_vendor:/opt/ros/jazzy/opt/gz_ogre_next_vendor:/opt/ros/jazzy/opt/gz_dartsim_vendor:/opt/ros/jazzy/opt/gz_cmake_vendor:/opt/ros/jazzy DEBUGINFOD_URLS=https://debuginfod.ubuntu.com /usr/bin/cmake --install /home/yuqingchi/Code/ws_moveit/build/rviz_marker_tools
