[0.177s] Invoking command in '/home/yuqingchi/Code/ws_moveit/build/serial': CMAKE_PREFIX_PATH=${CMAKE_PREFIX_PATH}:/opt/ros/jazzy DEBUGINFOD_URLS=https://debuginfod.ubuntu.com /usr/bin/cmake --build /home/yuqingchi/Code/ws_moveit/build/serial -- -j16 -l16
[0.241s] [100%] Built target serial
[0.281s] Invoked command in '/home/yuqingchi/Code/ws_moveit/build/serial' returned '0': CMAKE_PREFIX_PATH=${CMAKE_PREFIX_PATH}:/opt/ros/jazzy DEBUGINFOD_URLS=https://debuginfod.ubuntu.com /usr/bin/cmake --build /home/yuqingchi/Code/ws_moveit/build/serial -- -j16 -l16
[0.282s] Invoking command in '/home/yuqingchi/Code/ws_moveit/build/serial': CMAKE_PREFIX_PATH=${CMAKE_PREFIX_PATH}:/opt/ros/jazzy DEBUGINFOD_URLS=https://debuginfod.ubuntu.com /usr/bin/cmake --install /home/yuqingchi/Code/ws_moveit/build/serial
[0.295s] -- Install configuration: ""
[0.295s] -- Up-to-date: /home/yuqingchi/Code/ws_moveit/install/serial/lib/libserial.a
[0.295s] -- Up-to-date: /home/yuqingchi/Code/ws_moveit/install/serial/include
[0.295s] -- Up-to-date: /home/yuqingchi/Code/ws_moveit/install/serial/include/serial
[0.295s] -- Up-to-date: /home/yuqingchi/Code/ws_moveit/install/serial/include/serial/impl
[0.295s] -- Up-to-date: /home/yuqingchi/Code/ws_moveit/install/serial/include/serial/impl/win.h
[0.295s] -- Up-to-date: /home/yuqingchi/Code/ws_moveit/install/serial/include/serial/impl/unix.h
[0.295s] -- Up-to-date: /home/yuqingchi/Code/ws_moveit/install/serial/include/serial/serial.h
[0.295s] -- Up-to-date: /home/yuqingchi/Code/ws_moveit/install/serial/include/serial/v8stdint.h
[0.295s] -- Up-to-date: /home/yuqingchi/Code/ws_moveit/install/serial/share/serial/environment/library_path.sh
[0.295s] -- Up-to-date: /home/yuqingchi/Code/ws_moveit/install/serial/share/serial/environment/library_path.dsv
[0.295s] -- Up-to-date: /home/yuqingchi/Code/ws_moveit/install/serial/share/ament_index/resource_index/package_run_dependencies/serial
[0.295s] -- Up-to-date: /home/yuqingchi/Code/ws_moveit/install/serial/share/ament_index/resource_index/parent_prefix_path/serial
[0.295s] -- Up-to-date: /home/yuqingchi/Code/ws_moveit/install/serial/share/serial/environment/ament_prefix_path.sh
[0.295s] -- Up-to-date: /home/yuqingchi/Code/ws_moveit/install/serial/share/serial/environment/ament_prefix_path.dsv
[0.295s] -- Up-to-date: /home/yuqingchi/Code/ws_moveit/install/serial/share/serial/environment/path.sh
[0.295s] -- Up-to-date: /home/yuqingchi/Code/ws_moveit/install/serial/share/serial/environment/path.dsv
[0.295s] -- Up-to-date: /home/yuqingchi/Code/ws_moveit/install/serial/share/serial/local_setup.bash
[0.295s] -- Up-to-date: /home/yuqingchi/Code/ws_moveit/install/serial/share/serial/local_setup.sh
[0.295s] -- Up-to-date: /home/yuqingchi/Code/ws_moveit/install/serial/share/serial/local_setup.zsh
[0.296s] -- Up-to-date: /home/yuqingchi/Code/ws_moveit/install/serial/share/serial/local_setup.dsv
[0.296s] -- Up-to-date: /home/yuqingchi/Code/ws_moveit/install/serial/share/serial/package.dsv
[0.296s] -- Up-to-date: /home/yuqingchi/Code/ws_moveit/install/serial/share/ament_index/resource_index/packages/serial
[0.296s] -- Up-to-date: /home/yuqingchi/Code/ws_moveit/install/serial/share/serial/cmake/export_serialExport.cmake
[0.296s] -- Up-to-date: /home/yuqingchi/Code/ws_moveit/install/serial/share/serial/cmake/export_serialExport-noconfig.cmake
[0.296s] -- Up-to-date: /home/yuqingchi/Code/ws_moveit/install/serial/share/serial/cmake/ament_cmake_export_include_directories-extras.cmake
[0.296s] -- Up-to-date: /home/yuqingchi/Code/ws_moveit/install/serial/share/serial/cmake/ament_cmake_export_libraries-extras.cmake
[0.296s] -- Up-to-date: /home/yuqingchi/Code/ws_moveit/install/serial/share/serial/cmake/ament_cmake_export_targets-extras.cmake
[0.296s] -- Up-to-date: /home/yuqingchi/Code/ws_moveit/install/serial/share/serial/cmake/serialConfig.cmake
[0.296s] -- Up-to-date: /home/yuqingchi/Code/ws_moveit/install/serial/share/serial/cmake/serialConfig-version.cmake
[0.296s] -- Up-to-date: /home/yuqingchi/Code/ws_moveit/install/serial/share/serial/package.xml
[0.334s] Invoked command in '/home/yuqingchi/Code/ws_moveit/build/serial' returned '0': CMAKE_PREFIX_PATH=${CMAKE_PREFIX_PATH}:/opt/ros/jazzy DEBUGINFOD_URLS=https://debuginfod.ubuntu.com /usr/bin/cmake --install /home/yuqingchi/Code/ws_moveit/build/serial
