[0.009s] Invoking command in '/home/yuqingchi/Code/ws_moveit/build/moveit_common': CMAKE_PREFIX_PATH=${CMAKE_PREFIX_PATH}:/opt/ros/jazzy DEBUGINFOD_URLS=https://debuginfod.ubuntu.com /usr/bin/cmake /home/yuqingchi/Code/ws_moveit/src/moveit2/moveit_common -DCMAKE_INSTALL_PREFIX=/home/yuqingchi/Code/ws_moveit/install/moveit_common
[0.050s] -- Found ament_cmake: 2.5.4 (/opt/ros/jazzy/share/ament_cmake/cmake)
[0.314s] -- Found Python3: /usr/bin/python3 (found version "3.12.3") found components: Interpreter 
[0.606s] -- Configuring done (0.6s)
[0.610s] -- Generating done (0.0s)
[0.613s] -- Build files have been written to: /home/yuqingchi/Code/ws_moveit/build/moveit_common
[0.619s] Invoked command in '/home/yuqingchi/Code/ws_moveit/build/moveit_common' returned '0': CMAKE_PREFIX_PATH=${CMAKE_PREFIX_PATH}:/opt/ros/jazzy DEBUGINFOD_URLS=https://debuginfod.ubuntu.com /usr/bin/cmake /home/yuqingchi/Code/ws_moveit/src/moveit2/moveit_common -DCMAKE_INSTALL_PREFIX=/home/yuqingchi/Code/ws_moveit/install/moveit_common
[0.621s] Invoking command in '/home/yuqingchi/Code/ws_moveit/build/moveit_common': CMAKE_PREFIX_PATH=${CMAKE_PREFIX_PATH}:/opt/ros/jazzy DEBUGINFOD_URLS=https://debuginfod.ubuntu.com /usr/bin/cmake --build /home/yuqingchi/Code/ws_moveit/build/moveit_common -- -j16 -l16
[0.691s] Invoked command in '/home/yuqingchi/Code/ws_moveit/build/moveit_common' returned '0': CMAKE_PREFIX_PATH=${CMAKE_PREFIX_PATH}:/opt/ros/jazzy DEBUGINFOD_URLS=https://debuginfod.ubuntu.com /usr/bin/cmake --build /home/yuqingchi/Code/ws_moveit/build/moveit_common -- -j16 -l16
[0.693s] Invoking command in '/home/yuqingchi/Code/ws_moveit/build/moveit_common': CMAKE_PREFIX_PATH=${CMAKE_PREFIX_PATH}:/opt/ros/jazzy DEBUGINFOD_URLS=https://debuginfod.ubuntu.com /usr/bin/cmake --install /home/yuqingchi/Code/ws_moveit/build/moveit_common
[0.708s] -- Install configuration: ""
[0.708s] -- Installing: /home/yuqingchi/Code/ws_moveit/install/moveit_common/share/ament_index/resource_index/package_run_dependencies/moveit_common
[0.708s] -- Installing: /home/yuqingchi/Code/ws_moveit/install/moveit_common/share/ament_index/resource_index/parent_prefix_path/moveit_common
[0.709s] -- Installing: /home/yuqingchi/Code/ws_moveit/install/moveit_common/share/moveit_common/environment/ament_prefix_path.sh
[0.709s] -- Installing: /home/yuqingchi/Code/ws_moveit/install/moveit_common/share/moveit_common/environment/ament_prefix_path.dsv
[0.709s] -- Installing: /home/yuqingchi/Code/ws_moveit/install/moveit_common/share/moveit_common/environment/path.sh
[0.709s] -- Installing: /home/yuqingchi/Code/ws_moveit/install/moveit_common/share/moveit_common/environment/path.dsv
[0.709s] -- Installing: /home/yuqingchi/Code/ws_moveit/install/moveit_common/share/moveit_common/local_setup.bash
[0.709s] -- Installing: /home/yuqingchi/Code/ws_moveit/install/moveit_common/share/moveit_common/local_setup.sh
[0.710s] -- Installing: /home/yuqingchi/Code/ws_moveit/install/moveit_common/share/moveit_common/local_setup.zsh
[0.710s] -- Installing: /home/yuqingchi/Code/ws_moveit/install/moveit_common/share/moveit_common/local_setup.dsv
[0.710s] -- Installing: /home/yuqingchi/Code/ws_moveit/install/moveit_common/share/moveit_common/package.dsv
[0.710s] -- Installing: /home/yuqingchi/Code/ws_moveit/install/moveit_common/share/ament_index/resource_index/packages/moveit_common
[0.711s] -- Installing: /home/yuqingchi/Code/ws_moveit/install/moveit_common/share/moveit_common/cmake/moveit_common-extras.cmake
[0.711s] -- Installing: /home/yuqingchi/Code/ws_moveit/install/moveit_common/share/moveit_common/cmake/moveit_commonConfig.cmake
[0.711s] -- Installing: /home/yuqingchi/Code/ws_moveit/install/moveit_common/share/moveit_common/cmake/moveit_commonConfig-version.cmake
[0.711s] -- Installing: /home/yuqingchi/Code/ws_moveit/install/moveit_common/share/moveit_common/package.xml
[0.711s] -- Up-to-date: /home/yuqingchi/Code/ws_moveit/install/moveit_common/share/moveit_common/cmake
[0.711s] -- Installing: /home/yuqingchi/Code/ws_moveit/install/moveit_common/share/moveit_common/cmake/moveit_package.cmake
[0.715s] Invoked command in '/home/yuqingchi/Code/ws_moveit/build/moveit_common' returned '0': CMAKE_PREFIX_PATH=${CMAKE_PREFIX_PATH}:/opt/ros/jazzy DEBUGINFOD_URLS=https://debuginfod.ubuntu.com /usr/bin/cmake --install /home/yuqingchi/Code/ws_moveit/build/moveit_common
